<?xml version="1.0" encoding="UTF-8"?>
<testsuites name="Item detail test" time="1308.73" tests="43" failures="0" errors="0">
   <testsuite name="Item detail test" tests="43" failures="0" errors="0" time="1308.73" timestamp="2021-03-12 16:26:52" hostname="Lexoter - DESKTOP-IJBB9BE" id="Test Suites/Item detail test">
      <properties>
         <property name="deviceName" value=""/>
         <property name="devicePlatform" value=""/>
         <property name="logFolder" value="K:\\Work\\GitHub\\find-item-detail-test_v2\\Reports\\20210312_162638\\Item detail test\\20210312_162638"/>
         <property name="logFiles" value="K:\\Work\\GitHub\\find-item-detail-test_v2\\Reports\\20210312_162638\\Item detail test\\20210312_162638\\execution0.log"/>
         <property name="attachments" value=""/>
         <property name="hostName" value="Lexoter - DESKTOP-IJBB9BE"/>
         <property name="os" value="Windows 10 64bit"/>
         <property name="katalonVersion" value="7.7.0.205"/>
         <property name="browser" value="Chrome 89.0.4389.82"/>
         <property name="hostAddress" value="192.168.56.1"/>
         <property name="sessionId" value="5d18ae36e9acec1bd14cc120c84ce5bd"/>
         <property name="seleniumVersion" value="3.141.59"/>
         <property name="proxyInformation" value="ProxyInformation { proxyOption=NO_PROXY, proxyServerType=HTTP, username=, password=********, proxyServerAddress=, proxyServerPort=0, executionList=&quot;&quot;, isApplyToDesiredCapabilities=true }"/>
         <property name="platform" value="Windows 10"/>
      </properties>
      <testcase name="Test Cases/Custom Item Details/TEST CASE/TC_DETAILS_UI_001" time="17.342" classname="Test Cases/Custom Item Details/TEST CASE/TC_DETAILS_UI_001" status="PASSED">
         <system-out><![CDATA[2021-03-12 16:26:52 - [TEST_CASE][PASSED] - Test Cases/Custom Item Details/TEST CASE/TC_DETAILS_UI_001: Test Cases/Custom Item Details/TEST CASE/TC_DETAILS_UI_001

2021-03-12 16:26:52 - [TEST_STEP][PASSED] - callTestCase(findTestCase("Custom Item Details/UTILITIES/OPEN_BROWSER"), [:], STOP_ON_FAILURE): Call Test Case 'Test Cases/Custom Item Details/UTILITIES/OPEN_BROWSER' successfully

2021-03-12 16:26:52 - [TEST_CASE][PASSED] - Test Cases/Custom Item Details/UTILITIES/OPEN_BROWSER: Test Cases/Custom Item Details/UTILITIES/OPEN_BROWSER

2021-03-12 16:26:52 - [TEST_STEP][PASSED] - openBrowser("https://gdasandbox.test-arcadier.com/user/Item/Detail/itemAllCategories/6f43f390-e834-4bbf-acab-1306c6de728f"): Browser is opened with url: 'https://gdasandbox.test-arcadier.com/user/Item/Detail/itemAllCategories/6f43f390-e834-4bbf-acab-1306c6de728f'

2021-03-12 16:26:53 - [MESSAGE][INFO] - Starting 'Chrome' driver

2021-03-12 16:26:53 - [MESSAGE][INFO] - Action delay is set to 0 milliseconds

2021-03-12 16:27:08 - [MESSAGE][PASSED] - Browser is opened with url: 'https://gdasandbox.test-arcadier.com/user/Item/Detail/itemAllCategories/6f43f390-e834-4bbf-acab-1306c6de728f'

2021-03-12 16:27:08 - [MESSAGE][PASSED] - Call Test Case 'Test Cases/Custom Item Details/UTILITIES/OPEN_BROWSER' successfully

2021-03-12 16:27:08 - [TEST_STEP][PASSED] - waitForElementVisible(findTestObject("Item Details Objects/Page_diagnostics/div.item-details"), 0): Object 'Object Repository/Item Details Objects/Page_diagnostics/div.item-details' is visible

2021-03-12 16:27:08 - [MESSAGE][WARNING] - Timeout '0' is invalid. Using default page load timeout: '30'

2021-03-12 16:27:08 - [MESSAGE][PASSED] - Object 'Object Repository/Item Details Objects/Page_diagnostics/div.item-details' is visible

2021-03-12 16:27:08 - [TEST_STEP][PASSED] - callTestCase(findTestCase("Custom Item Details/UTILITIES/CLOSE_BROWSER"), [:], STOP_ON_FAILURE): Call Test Case 'Test Cases/Custom Item Details/UTILITIES/CLOSE_BROWSER' successfully

2021-03-12 16:27:08 - [TEST_CASE][PASSED] - Test Cases/Custom Item Details/UTILITIES/CLOSE_BROWSER: Test Cases/Custom Item Details/UTILITIES/CLOSE_BROWSER

2021-03-12 16:27:09 - [TEST_STEP][PASSED] - closeBrowser(): Browser is closed

2021-03-12 16:27:09 - [MESSAGE][PASSED] - Browser is closed

2021-03-12 16:27:09 - [MESSAGE][PASSED] - Call Test Case 'Test Cases/Custom Item Details/UTILITIES/CLOSE_BROWSER' successfully]]></system-out>
         <system-err><![CDATA[]]></system-err>
      </testcase>
      <testcase name="Test Cases/Custom Item Details/TEST CASE/TC_DETAILS_UI_002" time="14.862" classname="Test Cases/Custom Item Details/TEST CASE/TC_DETAILS_UI_002" status="PASSED">
         <system-out><![CDATA[2021-03-12 16:27:09 - [TEST_CASE][PASSED] - Test Cases/Custom Item Details/TEST CASE/TC_DETAILS_UI_002: Test Cases/Custom Item Details/TEST CASE/TC_DETAILS_UI_002

2021-03-12 16:27:09 - [TEST_STEP][PASSED] - callTestCase(findTestCase("Custom Item Details/UTILITIES/OPEN_BROWSER"), [:], STOP_ON_FAILURE): Call Test Case 'Test Cases/Custom Item Details/UTILITIES/OPEN_BROWSER' successfully

2021-03-12 16:27:09 - [TEST_CASE][PASSED] - Test Cases/Custom Item Details/UTILITIES/OPEN_BROWSER: Test Cases/Custom Item Details/UTILITIES/OPEN_BROWSER

2021-03-12 16:27:09 - [TEST_STEP][PASSED] - openBrowser("https://gdasandbox.test-arcadier.com/user/Item/Detail/itemAllCategories/6f43f390-e834-4bbf-acab-1306c6de728f"): Browser is opened with url: 'https://gdasandbox.test-arcadier.com/user/Item/Detail/itemAllCategories/6f43f390-e834-4bbf-acab-1306c6de728f'

2021-03-12 16:27:09 - [MESSAGE][INFO] - Starting 'Chrome' driver

2021-03-12 16:27:09 - [MESSAGE][INFO] - Action delay is set to 0 milliseconds

2021-03-12 16:27:22 - [MESSAGE][PASSED] - Browser is opened with url: 'https://gdasandbox.test-arcadier.com/user/Item/Detail/itemAllCategories/6f43f390-e834-4bbf-acab-1306c6de728f'

2021-03-12 16:27:22 - [MESSAGE][PASSED] - Call Test Case 'Test Cases/Custom Item Details/UTILITIES/OPEN_BROWSER' successfully

2021-03-12 16:27:22 - [TEST_STEP][PASSED] - waitForElementVisible(findTestObject("Item Details Objects/Page_diagnostics/div.item-detail-right"), 0): Object 'Object Repository/Item Details Objects/Page_diagnostics/div.item-detail-right' is visible

2021-03-12 16:27:23 - [MESSAGE][WARNING] - Timeout '0' is invalid. Using default page load timeout: '30'

2021-03-12 16:27:23 - [MESSAGE][PASSED] - Object 'Object Repository/Item Details Objects/Page_diagnostics/div.item-detail-right' is visible

2021-03-12 16:27:23 - [TEST_STEP][PASSED] - callTestCase(findTestCase("Custom Item Details/UTILITIES/CLOSE_BROWSER"), [:], STOP_ON_FAILURE): Call Test Case 'Test Cases/Custom Item Details/UTILITIES/CLOSE_BROWSER' successfully

2021-03-12 16:27:23 - [TEST_CASE][PASSED] - Test Cases/Custom Item Details/UTILITIES/CLOSE_BROWSER: Test Cases/Custom Item Details/UTILITIES/CLOSE_BROWSER

2021-03-12 16:27:23 - [TEST_STEP][PASSED] - closeBrowser(): Browser is closed

2021-03-12 16:27:24 - [MESSAGE][PASSED] - Browser is closed

2021-03-12 16:27:24 - [MESSAGE][PASSED] - Call Test Case 'Test Cases/Custom Item Details/UTILITIES/CLOSE_BROWSER' successfully]]></system-out>
         <system-err><![CDATA[]]></system-err>
      </testcase>
      <testcase name="Test Cases/Custom Item Details/TEST CASE/TC_DETAILS_UI_003" time="14.454" classname="Test Cases/Custom Item Details/TEST CASE/TC_DETAILS_UI_003" status="PASSED">
         <system-out><![CDATA[2021-03-12 16:27:24 - [TEST_CASE][PASSED] - Test Cases/Custom Item Details/TEST CASE/TC_DETAILS_UI_003: Test Cases/Custom Item Details/TEST CASE/TC_DETAILS_UI_003

2021-03-12 16:27:24 - [TEST_STEP][PASSED] - callTestCase(findTestCase("Custom Item Details/UTILITIES/OPEN_BROWSER"), [:], STOP_ON_FAILURE): Call Test Case 'Test Cases/Custom Item Details/UTILITIES/OPEN_BROWSER' successfully

2021-03-12 16:27:24 - [TEST_CASE][PASSED] - Test Cases/Custom Item Details/UTILITIES/OPEN_BROWSER: Test Cases/Custom Item Details/UTILITIES/OPEN_BROWSER

2021-03-12 16:27:24 - [TEST_STEP][PASSED] - openBrowser("https://gdasandbox.test-arcadier.com/user/Item/Detail/itemAllCategories/6f43f390-e834-4bbf-acab-1306c6de728f"): Browser is opened with url: 'https://gdasandbox.test-arcadier.com/user/Item/Detail/itemAllCategories/6f43f390-e834-4bbf-acab-1306c6de728f'

2021-03-12 16:27:24 - [MESSAGE][INFO] - Starting 'Chrome' driver

2021-03-12 16:27:24 - [MESSAGE][INFO] - Action delay is set to 0 milliseconds

2021-03-12 16:27:37 - [MESSAGE][PASSED] - Browser is opened with url: 'https://gdasandbox.test-arcadier.com/user/Item/Detail/itemAllCategories/6f43f390-e834-4bbf-acab-1306c6de728f'

2021-03-12 16:27:37 - [MESSAGE][PASSED] - Call Test Case 'Test Cases/Custom Item Details/UTILITIES/OPEN_BROWSER' successfully

2021-03-12 16:27:37 - [TEST_STEP][PASSED] - waitForElementVisible(findTestObject("Item Details Objects/Page_diagnostics/img.Item"), 0): Object 'Object Repository/Item Details Objects/Page_diagnostics/img.Item' is visible

2021-03-12 16:27:37 - [MESSAGE][WARNING] - Timeout '0' is invalid. Using default page load timeout: '30'

2021-03-12 16:27:38 - [MESSAGE][PASSED] - Object 'Object Repository/Item Details Objects/Page_diagnostics/img.Item' is visible

2021-03-12 16:27:38 - [TEST_STEP][PASSED] - callTestCase(findTestCase("Custom Item Details/UTILITIES/CLOSE_BROWSER"), [:], STOP_ON_FAILURE): Call Test Case 'Test Cases/Custom Item Details/UTILITIES/CLOSE_BROWSER' successfully

2021-03-12 16:27:38 - [TEST_CASE][PASSED] - Test Cases/Custom Item Details/UTILITIES/CLOSE_BROWSER: Test Cases/Custom Item Details/UTILITIES/CLOSE_BROWSER

2021-03-12 16:27:38 - [TEST_STEP][PASSED] - closeBrowser(): Browser is closed

2021-03-12 16:27:39 - [MESSAGE][PASSED] - Browser is closed

2021-03-12 16:27:39 - [MESSAGE][PASSED] - Call Test Case 'Test Cases/Custom Item Details/UTILITIES/CLOSE_BROWSER' successfully]]></system-out>
         <system-err><![CDATA[]]></system-err>
      </testcase>
      <testcase name="Test Cases/Custom Item Details/TEST CASE/TC_DETAILS_UI_004" time="15.514" classname="Test Cases/Custom Item Details/TEST CASE/TC_DETAILS_UI_004" status="PASSED">
         <system-out><![CDATA[2021-03-12 16:27:39 - [TEST_CASE][PASSED] - Test Cases/Custom Item Details/TEST CASE/TC_DETAILS_UI_004: Test Cases/Custom Item Details/TEST CASE/TC_DETAILS_UI_004

2021-03-12 16:27:39 - [TEST_STEP][PASSED] - callTestCase(findTestCase("Custom Item Details/UTILITIES/OPEN_BROWSER"), [:], STOP_ON_FAILURE): Call Test Case 'Test Cases/Custom Item Details/UTILITIES/OPEN_BROWSER' successfully

2021-03-12 16:27:39 - [TEST_CASE][PASSED] - Test Cases/Custom Item Details/UTILITIES/OPEN_BROWSER: Test Cases/Custom Item Details/UTILITIES/OPEN_BROWSER

2021-03-12 16:27:39 - [TEST_STEP][PASSED] - openBrowser("https://gdasandbox.test-arcadier.com/user/Item/Detail/itemAllCategories/6f43f390-e834-4bbf-acab-1306c6de728f"): Browser is opened with url: 'https://gdasandbox.test-arcadier.com/user/Item/Detail/itemAllCategories/6f43f390-e834-4bbf-acab-1306c6de728f'

2021-03-12 16:27:39 - [MESSAGE][INFO] - Starting 'Chrome' driver

2021-03-12 16:27:39 - [MESSAGE][INFO] - Action delay is set to 0 milliseconds

2021-03-12 16:27:52 - [MESSAGE][PASSED] - Browser is opened with url: 'https://gdasandbox.test-arcadier.com/user/Item/Detail/itemAllCategories/6f43f390-e834-4bbf-acab-1306c6de728f'

2021-03-12 16:27:52 - [MESSAGE][PASSED] - Call Test Case 'Test Cases/Custom Item Details/UTILITIES/OPEN_BROWSER' successfully

2021-03-12 16:27:52 - [TEST_STEP][PASSED] - waitForElementVisible(findTestObject("Item Details Objects/Page_diagnostics/div.merchant-name2"), 0): Object 'Object Repository/Item Details Objects/Page_diagnostics/div.merchant-name2' is visible

2021-03-12 16:27:52 - [MESSAGE][WARNING] - Timeout '0' is invalid. Using default page load timeout: '30'

2021-03-12 16:27:53 - [MESSAGE][PASSED] - Object 'Object Repository/Item Details Objects/Page_diagnostics/div.merchant-name2' is visible

2021-03-12 16:27:53 - [TEST_STEP][PASSED] - callTestCase(findTestCase("Custom Item Details/UTILITIES/CLOSE_BROWSER"), [:], STOP_ON_FAILURE): Call Test Case 'Test Cases/Custom Item Details/UTILITIES/CLOSE_BROWSER' successfully

2021-03-12 16:27:53 - [TEST_CASE][PASSED] - Test Cases/Custom Item Details/UTILITIES/CLOSE_BROWSER: Test Cases/Custom Item Details/UTILITIES/CLOSE_BROWSER

2021-03-12 16:27:53 - [TEST_STEP][PASSED] - closeBrowser(): Browser is closed

2021-03-12 16:27:54 - [MESSAGE][PASSED] - Browser is closed

2021-03-12 16:27:54 - [MESSAGE][PASSED] - Call Test Case 'Test Cases/Custom Item Details/UTILITIES/CLOSE_BROWSER' successfully]]></system-out>
         <system-err><![CDATA[]]></system-err>
      </testcase>
      <testcase name="Test Cases/Custom Item Details/TEST CASE/TC_DETAILS_UI_005" time="15.631" classname="Test Cases/Custom Item Details/TEST CASE/TC_DETAILS_UI_005" status="PASSED">
         <system-out><![CDATA[2021-03-12 16:27:54 - [TEST_CASE][PASSED] - Test Cases/Custom Item Details/TEST CASE/TC_DETAILS_UI_005: Test Cases/Custom Item Details/TEST CASE/TC_DETAILS_UI_005

2021-03-12 16:27:54 - [TEST_STEP][PASSED] - callTestCase(findTestCase("Custom Item Details/UTILITIES/OPEN_BROWSER"), [:], STOP_ON_FAILURE): Call Test Case 'Test Cases/Custom Item Details/UTILITIES/OPEN_BROWSER' successfully

2021-03-12 16:27:54 - [TEST_CASE][PASSED] - Test Cases/Custom Item Details/UTILITIES/OPEN_BROWSER: Test Cases/Custom Item Details/UTILITIES/OPEN_BROWSER

2021-03-12 16:27:54 - [TEST_STEP][PASSED] - openBrowser("https://gdasandbox.test-arcadier.com/user/Item/Detail/itemAllCategories/6f43f390-e834-4bbf-acab-1306c6de728f"): Browser is opened with url: 'https://gdasandbox.test-arcadier.com/user/Item/Detail/itemAllCategories/6f43f390-e834-4bbf-acab-1306c6de728f'

2021-03-12 16:27:54 - [MESSAGE][INFO] - Starting 'Chrome' driver

2021-03-12 16:27:54 - [MESSAGE][INFO] - Action delay is set to 0 milliseconds

2021-03-12 16:28:08 - [MESSAGE][PASSED] - Browser is opened with url: 'https://gdasandbox.test-arcadier.com/user/Item/Detail/itemAllCategories/6f43f390-e834-4bbf-acab-1306c6de728f'

2021-03-12 16:28:08 - [MESSAGE][PASSED] - Call Test Case 'Test Cases/Custom Item Details/UTILITIES/OPEN_BROWSER' successfully

2021-03-12 16:28:08 - [TEST_STEP][PASSED] - waitForElementVisible(findTestObject("Item Details Objects/Page_diagnostics/Merchant_name"), 0): Object 'Object Repository/Item Details Objects/Page_diagnostics/Merchant_name' is visible

2021-03-12 16:28:08 - [MESSAGE][WARNING] - Timeout '0' is invalid. Using default page load timeout: '30'

2021-03-12 16:28:09 - [MESSAGE][PASSED] - Object 'Object Repository/Item Details Objects/Page_diagnostics/Merchant_name' is visible

2021-03-12 16:28:09 - [TEST_STEP][PASSED] - verifyElementClickable(findTestObject("Item Details Objects/Page_diagnostics/Merchant_name")): Object 'Object Repository/Item Details Objects/Page_diagnostics/Merchant_name' is clickable

2021-03-12 16:28:09 - [MESSAGE][PASSED] - Object 'Object Repository/Item Details Objects/Page_diagnostics/Merchant_name' is clickable

2021-03-12 16:28:09 - [TEST_STEP][PASSED] - callTestCase(findTestCase("Custom Item Details/UTILITIES/CLOSE_BROWSER"), [:], STOP_ON_FAILURE): Call Test Case 'Test Cases/Custom Item Details/UTILITIES/CLOSE_BROWSER' successfully

2021-03-12 16:28:09 - [TEST_CASE][PASSED] - Test Cases/Custom Item Details/UTILITIES/CLOSE_BROWSER: Test Cases/Custom Item Details/UTILITIES/CLOSE_BROWSER

2021-03-12 16:28:09 - [TEST_STEP][PASSED] - closeBrowser(): Browser is closed

2021-03-12 16:28:10 - [MESSAGE][PASSED] - Browser is closed

2021-03-12 16:28:10 - [MESSAGE][PASSED] - Call Test Case 'Test Cases/Custom Item Details/UTILITIES/CLOSE_BROWSER' successfully]]></system-out>
         <system-err><![CDATA[]]></system-err>
      </testcase>
      <testcase name="Test Cases/Custom Item Details/TEST CASE/TC_DETAILS_UI_006" time="16.271" classname="Test Cases/Custom Item Details/TEST CASE/TC_DETAILS_UI_006" status="PASSED">
         <system-out><![CDATA[2021-03-12 16:28:10 - [TEST_CASE][PASSED] - Test Cases/Custom Item Details/TEST CASE/TC_DETAILS_UI_006: Test Cases/Custom Item Details/TEST CASE/TC_DETAILS_UI_006

2021-03-12 16:28:10 - [TEST_STEP][PASSED] - callTestCase(findTestCase("Custom Item Details/UTILITIES/OPEN_BROWSER"), [:], STOP_ON_FAILURE): Call Test Case 'Test Cases/Custom Item Details/UTILITIES/OPEN_BROWSER' successfully

2021-03-12 16:28:10 - [TEST_CASE][PASSED] - Test Cases/Custom Item Details/UTILITIES/OPEN_BROWSER: Test Cases/Custom Item Details/UTILITIES/OPEN_BROWSER

2021-03-12 16:28:10 - [TEST_STEP][PASSED] - openBrowser("https://gdasandbox.test-arcadier.com/user/Item/Detail/itemAllCategories/6f43f390-e834-4bbf-acab-1306c6de728f"): Browser is opened with url: 'https://gdasandbox.test-arcadier.com/user/Item/Detail/itemAllCategories/6f43f390-e834-4bbf-acab-1306c6de728f'

2021-03-12 16:28:10 - [MESSAGE][INFO] - Starting 'Chrome' driver

2021-03-12 16:28:10 - [MESSAGE][INFO] - Action delay is set to 0 milliseconds

2021-03-12 16:28:23 - [MESSAGE][PASSED] - Browser is opened with url: 'https://gdasandbox.test-arcadier.com/user/Item/Detail/itemAllCategories/6f43f390-e834-4bbf-acab-1306c6de728f'

2021-03-12 16:28:23 - [MESSAGE][PASSED] - Call Test Case 'Test Cases/Custom Item Details/UTILITIES/OPEN_BROWSER' successfully

2021-03-12 16:28:23 - [TEST_STEP][PASSED] - waitForElementVisible(findTestObject("Item Details Objects/Page_diagnostics/a_Contact_seller_btn"), 0): Object 'Object Repository/Item Details Objects/Page_diagnostics/a_Contact_seller_btn' is visible

2021-03-12 16:28:23 - [MESSAGE][WARNING] - Timeout '0' is invalid. Using default page load timeout: '30'

2021-03-12 16:28:24 - [MESSAGE][PASSED] - Object 'Object Repository/Item Details Objects/Page_diagnostics/a_Contact_seller_btn' is visible

2021-03-12 16:28:24 - [TEST_STEP][PASSED] - verifyElementClickable(findTestObject("Item Details Objects/Page_diagnostics/a_Contact_seller_btn")): Object 'Object Repository/Item Details Objects/Page_diagnostics/a_Contact_seller_btn' is clickable

2021-03-12 16:28:25 - [MESSAGE][PASSED] - Object 'Object Repository/Item Details Objects/Page_diagnostics/a_Contact_seller_btn' is clickable

2021-03-12 16:28:25 - [TEST_STEP][PASSED] - verifyElementText(findTestObject("Item Details Objects/Page_diagnostics/a_Contact_seller_btn"), "CONTACT SELLER"): Actual text and expected text of test object 'Object Repository/Item Details Objects/Page_diagnostics/a_Contact_seller_btn' are matched.

2021-03-12 16:28:25 - [MESSAGE][PASSED] - Actual text and expected text of test object 'Object Repository/Item Details Objects/Page_diagnostics/a_Contact_seller_btn' are matched.

2021-03-12 16:28:25 - [TEST_STEP][PASSED] - callTestCase(findTestCase("Custom Item Details/UTILITIES/CLOSE_BROWSER"), [:], STOP_ON_FAILURE): Call Test Case 'Test Cases/Custom Item Details/UTILITIES/CLOSE_BROWSER' successfully

2021-03-12 16:28:25 - [TEST_CASE][PASSED] - Test Cases/Custom Item Details/UTILITIES/CLOSE_BROWSER: Test Cases/Custom Item Details/UTILITIES/CLOSE_BROWSER

2021-03-12 16:28:25 - [TEST_STEP][PASSED] - closeBrowser(): Browser is closed

2021-03-12 16:28:26 - [MESSAGE][PASSED] - Browser is closed

2021-03-12 16:28:26 - [MESSAGE][PASSED] - Call Test Case 'Test Cases/Custom Item Details/UTILITIES/CLOSE_BROWSER' successfully]]></system-out>
         <system-err><![CDATA[]]></system-err>
      </testcase>
      <testcase name="Test Cases/Custom Item Details/TEST CASE/TC_DETAILS_UI_007" time="14.389" classname="Test Cases/Custom Item Details/TEST CASE/TC_DETAILS_UI_007" status="PASSED">
         <system-out><![CDATA[2021-03-12 16:28:26 - [TEST_CASE][PASSED] - Test Cases/Custom Item Details/TEST CASE/TC_DETAILS_UI_007: Test Cases/Custom Item Details/TEST CASE/TC_DETAILS_UI_007

2021-03-12 16:28:26 - [TEST_STEP][PASSED] - callTestCase(findTestCase("Custom Item Details/UTILITIES/OPEN_BROWSER"), [:], STOP_ON_FAILURE): Call Test Case 'Test Cases/Custom Item Details/UTILITIES/OPEN_BROWSER' successfully

2021-03-12 16:28:26 - [TEST_CASE][PASSED] - Test Cases/Custom Item Details/UTILITIES/OPEN_BROWSER: Test Cases/Custom Item Details/UTILITIES/OPEN_BROWSER

2021-03-12 16:28:26 - [TEST_STEP][PASSED] - openBrowser("https://gdasandbox.test-arcadier.com/user/Item/Detail/itemAllCategories/6f43f390-e834-4bbf-acab-1306c6de728f"): Browser is opened with url: 'https://gdasandbox.test-arcadier.com/user/Item/Detail/itemAllCategories/6f43f390-e834-4bbf-acab-1306c6de728f'

2021-03-12 16:28:26 - [MESSAGE][INFO] - Starting 'Chrome' driver

2021-03-12 16:28:26 - [MESSAGE][INFO] - Action delay is set to 0 milliseconds

2021-03-12 16:28:39 - [MESSAGE][PASSED] - Browser is opened with url: 'https://gdasandbox.test-arcadier.com/user/Item/Detail/itemAllCategories/6f43f390-e834-4bbf-acab-1306c6de728f'

2021-03-12 16:28:39 - [MESSAGE][PASSED] - Call Test Case 'Test Cases/Custom Item Details/UTILITIES/OPEN_BROWSER' successfully

2021-03-12 16:28:39 - [TEST_STEP][PASSED] - waitForElementVisible(findTestObject("Item Details Objects/Page_diagnostics/div.item-detail-left"), 0): Object 'Object Repository/Item Details Objects/Page_diagnostics/div.item-detail-left' is visible

2021-03-12 16:28:39 - [MESSAGE][WARNING] - Timeout '0' is invalid. Using default page load timeout: '30'

2021-03-12 16:28:40 - [MESSAGE][PASSED] - Object 'Object Repository/Item Details Objects/Page_diagnostics/div.item-detail-left' is visible

2021-03-12 16:28:40 - [TEST_STEP][PASSED] - callTestCase(findTestCase("Custom Item Details/UTILITIES/CLOSE_BROWSER"), [:], STOP_ON_FAILURE): Call Test Case 'Test Cases/Custom Item Details/UTILITIES/CLOSE_BROWSER' successfully

2021-03-12 16:28:40 - [TEST_CASE][PASSED] - Test Cases/Custom Item Details/UTILITIES/CLOSE_BROWSER: Test Cases/Custom Item Details/UTILITIES/CLOSE_BROWSER

2021-03-12 16:28:40 - [TEST_STEP][PASSED] - closeBrowser(): Browser is closed

2021-03-12 16:28:40 - [MESSAGE][PASSED] - Browser is closed

2021-03-12 16:28:40 - [MESSAGE][PASSED] - Call Test Case 'Test Cases/Custom Item Details/UTILITIES/CLOSE_BROWSER' successfully]]></system-out>
         <system-err><![CDATA[]]></system-err>
      </testcase>
      <testcase name="Test Cases/Custom Item Details/TEST CASE/TC_DETAILS_UI_008" time="14.37" classname="Test Cases/Custom Item Details/TEST CASE/TC_DETAILS_UI_008" status="PASSED">
         <system-out><![CDATA[2021-03-12 16:28:40 - [TEST_CASE][PASSED] - Test Cases/Custom Item Details/TEST CASE/TC_DETAILS_UI_008: Test Cases/Custom Item Details/TEST CASE/TC_DETAILS_UI_008

2021-03-12 16:28:40 - [TEST_STEP][PASSED] - callTestCase(findTestCase("Custom Item Details/UTILITIES/OPEN_BROWSER"), [:], STOP_ON_FAILURE): Call Test Case 'Test Cases/Custom Item Details/UTILITIES/OPEN_BROWSER' successfully

2021-03-12 16:28:41 - [TEST_CASE][PASSED] - Test Cases/Custom Item Details/UTILITIES/OPEN_BROWSER: Test Cases/Custom Item Details/UTILITIES/OPEN_BROWSER

2021-03-12 16:28:41 - [TEST_STEP][PASSED] - openBrowser("https://gdasandbox.test-arcadier.com/user/Item/Detail/itemAllCategories/6f43f390-e834-4bbf-acab-1306c6de728f"): Browser is opened with url: 'https://gdasandbox.test-arcadier.com/user/Item/Detail/itemAllCategories/6f43f390-e834-4bbf-acab-1306c6de728f'

2021-03-12 16:28:41 - [MESSAGE][INFO] - Starting 'Chrome' driver

2021-03-12 16:28:41 - [MESSAGE][INFO] - Action delay is set to 0 milliseconds

2021-03-12 16:28:53 - [MESSAGE][PASSED] - Browser is opened with url: 'https://gdasandbox.test-arcadier.com/user/Item/Detail/itemAllCategories/6f43f390-e834-4bbf-acab-1306c6de728f'

2021-03-12 16:28:53 - [MESSAGE][PASSED] - Call Test Case 'Test Cases/Custom Item Details/UTILITIES/OPEN_BROWSER' successfully

2021-03-12 16:28:53 - [TEST_STEP][PASSED] - waitForElementVisible(findTestObject("Item Details Objects/Page_diagnostics/div_itemDetailName"), 0): Object 'Object Repository/Item Details Objects/Page_diagnostics/div_itemDetailName' is visible

2021-03-12 16:28:53 - [MESSAGE][WARNING] - Timeout '0' is invalid. Using default page load timeout: '30'

2021-03-12 16:28:54 - [MESSAGE][PASSED] - Object 'Object Repository/Item Details Objects/Page_diagnostics/div_itemDetailName' is visible

2021-03-12 16:28:54 - [TEST_STEP][PASSED] - callTestCase(findTestCase("Custom Item Details/UTILITIES/CLOSE_BROWSER"), [:], STOP_ON_FAILURE): Call Test Case 'Test Cases/Custom Item Details/UTILITIES/CLOSE_BROWSER' successfully

2021-03-12 16:28:54 - [TEST_CASE][PASSED] - Test Cases/Custom Item Details/UTILITIES/CLOSE_BROWSER: Test Cases/Custom Item Details/UTILITIES/CLOSE_BROWSER

2021-03-12 16:28:54 - [TEST_STEP][PASSED] - closeBrowser(): Browser is closed

2021-03-12 16:28:55 - [MESSAGE][PASSED] - Browser is closed

2021-03-12 16:28:55 - [MESSAGE][PASSED] - Call Test Case 'Test Cases/Custom Item Details/UTILITIES/CLOSE_BROWSER' successfully]]></system-out>
         <system-err><![CDATA[]]></system-err>
      </testcase>
      <testcase name="Test Cases/Custom Item Details/TEST CASE/TC_DETAILS_UI_009" time="14.413" classname="Test Cases/Custom Item Details/TEST CASE/TC_DETAILS_UI_009" status="PASSED">
         <system-out><![CDATA[2021-03-12 16:28:55 - [TEST_CASE][PASSED] - Test Cases/Custom Item Details/TEST CASE/TC_DETAILS_UI_009: Test Cases/Custom Item Details/TEST CASE/TC_DETAILS_UI_009

2021-03-12 16:28:55 - [TEST_STEP][PASSED] - callTestCase(findTestCase("Custom Item Details/UTILITIES/OPEN_BROWSER"), [:], STOP_ON_FAILURE): Call Test Case 'Test Cases/Custom Item Details/UTILITIES/OPEN_BROWSER' successfully

2021-03-12 16:28:55 - [TEST_CASE][PASSED] - Test Cases/Custom Item Details/UTILITIES/OPEN_BROWSER: Test Cases/Custom Item Details/UTILITIES/OPEN_BROWSER

2021-03-12 16:28:55 - [TEST_STEP][PASSED] - openBrowser("https://gdasandbox.test-arcadier.com/user/Item/Detail/itemAllCategories/6f43f390-e834-4bbf-acab-1306c6de728f"): Browser is opened with url: 'https://gdasandbox.test-arcadier.com/user/Item/Detail/itemAllCategories/6f43f390-e834-4bbf-acab-1306c6de728f'

2021-03-12 16:28:55 - [MESSAGE][INFO] - Starting 'Chrome' driver

2021-03-12 16:28:55 - [MESSAGE][INFO] - Action delay is set to 0 milliseconds

2021-03-12 16:29:08 - [MESSAGE][PASSED] - Browser is opened with url: 'https://gdasandbox.test-arcadier.com/user/Item/Detail/itemAllCategories/6f43f390-e834-4bbf-acab-1306c6de728f'

2021-03-12 16:29:08 - [MESSAGE][PASSED] - Call Test Case 'Test Cases/Custom Item Details/UTILITIES/OPEN_BROWSER' successfully

2021-03-12 16:29:08 - [TEST_STEP][PASSED] - waitForElementVisible(findTestObject("Item Details Objects/Page_diagnostics/div.item-id"), 0): Object 'Object Repository/Item Details Objects/Page_diagnostics/div.item-id' is visible

2021-03-12 16:29:08 - [MESSAGE][WARNING] - Timeout '0' is invalid. Using default page load timeout: '30'

2021-03-12 16:29:08 - [MESSAGE][PASSED] - Object 'Object Repository/Item Details Objects/Page_diagnostics/div.item-id' is visible

2021-03-12 16:29:08 - [TEST_STEP][PASSED] - callTestCase(findTestCase("Custom Item Details/UTILITIES/CLOSE_BROWSER"), [:], STOP_ON_FAILURE): Call Test Case 'Test Cases/Custom Item Details/UTILITIES/CLOSE_BROWSER' successfully

2021-03-12 16:29:08 - [TEST_CASE][PASSED] - Test Cases/Custom Item Details/UTILITIES/CLOSE_BROWSER: Test Cases/Custom Item Details/UTILITIES/CLOSE_BROWSER

2021-03-12 16:29:09 - [TEST_STEP][PASSED] - closeBrowser(): Browser is closed

2021-03-12 16:29:09 - [MESSAGE][PASSED] - Browser is closed

2021-03-12 16:29:09 - [MESSAGE][PASSED] - Call Test Case 'Test Cases/Custom Item Details/UTILITIES/CLOSE_BROWSER' successfully]]></system-out>
         <system-err><![CDATA[]]></system-err>
      </testcase>
      <testcase name="Test Cases/Custom Item Details/TEST CASE/TC_DETAILS_UI_010" time="15.414" classname="Test Cases/Custom Item Details/TEST CASE/TC_DETAILS_UI_010" status="PASSED">
         <system-out><![CDATA[2021-03-12 16:29:09 - [TEST_CASE][PASSED] - Test Cases/Custom Item Details/TEST CASE/TC_DETAILS_UI_010: Test Cases/Custom Item Details/TEST CASE/TC_DETAILS_UI_010

2021-03-12 16:29:09 - [TEST_STEP][PASSED] - callTestCase(findTestCase("Custom Item Details/UTILITIES/OPEN_BROWSER"), [:], STOP_ON_FAILURE): Call Test Case 'Test Cases/Custom Item Details/UTILITIES/OPEN_BROWSER' successfully

2021-03-12 16:29:09 - [TEST_CASE][PASSED] - Test Cases/Custom Item Details/UTILITIES/OPEN_BROWSER: Test Cases/Custom Item Details/UTILITIES/OPEN_BROWSER

2021-03-12 16:29:09 - [TEST_STEP][PASSED] - openBrowser("https://gdasandbox.test-arcadier.com/user/Item/Detail/itemAllCategories/6f43f390-e834-4bbf-acab-1306c6de728f"): Browser is opened with url: 'https://gdasandbox.test-arcadier.com/user/Item/Detail/itemAllCategories/6f43f390-e834-4bbf-acab-1306c6de728f'

2021-03-12 16:29:09 - [MESSAGE][INFO] - Starting 'Chrome' driver

2021-03-12 16:29:09 - [MESSAGE][INFO] - Action delay is set to 0 milliseconds

2021-03-12 16:29:23 - [MESSAGE][PASSED] - Browser is opened with url: 'https://gdasandbox.test-arcadier.com/user/Item/Detail/itemAllCategories/6f43f390-e834-4bbf-acab-1306c6de728f'

2021-03-12 16:29:23 - [MESSAGE][PASSED] - Call Test Case 'Test Cases/Custom Item Details/UTILITIES/OPEN_BROWSER' successfully

2021-03-12 16:29:23 - [TEST_STEP][PASSED] - waitForElementVisible(findTestObject("Item Details Objects/Page_diagnostics/div.new-button-area"), 0): Object 'Object Repository/Item Details Objects/Page_diagnostics/div.new-button-area' is visible

2021-03-12 16:29:23 - [MESSAGE][WARNING] - Timeout '0' is invalid. Using default page load timeout: '30'

2021-03-12 16:29:24 - [MESSAGE][PASSED] - Object 'Object Repository/Item Details Objects/Page_diagnostics/div.new-button-area' is visible

2021-03-12 16:29:24 - [TEST_STEP][PASSED] - callTestCase(findTestCase("Custom Item Details/UTILITIES/CLOSE_BROWSER"), [:], STOP_ON_FAILURE): Call Test Case 'Test Cases/Custom Item Details/UTILITIES/CLOSE_BROWSER' successfully

2021-03-12 16:29:24 - [TEST_CASE][PASSED] - Test Cases/Custom Item Details/UTILITIES/CLOSE_BROWSER: Test Cases/Custom Item Details/UTILITIES/CLOSE_BROWSER

2021-03-12 16:29:24 - [TEST_STEP][PASSED] - closeBrowser(): Browser is closed

2021-03-12 16:29:25 - [MESSAGE][PASSED] - Browser is closed

2021-03-12 16:29:25 - [MESSAGE][PASSED] - Call Test Case 'Test Cases/Custom Item Details/UTILITIES/CLOSE_BROWSER' successfully]]></system-out>
         <system-err><![CDATA[]]></system-err>
      </testcase>
      <testcase name="Test Cases/Custom Item Details/TEST CASE/TC_DETAILS_UI_011" time="76.564" classname="Test Cases/Custom Item Details/TEST CASE/TC_DETAILS_UI_011" status="PASSED">
         <system-out><![CDATA[2021-03-12 16:29:25 - [TEST_CASE][PASSED] - Test Cases/Custom Item Details/TEST CASE/TC_DETAILS_UI_011: Test Cases/Custom Item Details/TEST CASE/TC_DETAILS_UI_011

2021-03-12 16:29:25 - [TEST_STEP][PASSED] - callTestCase(findTestCase("Custom Item Details/UTILITIES/OPEN_BROWSER"), [:], STOP_ON_FAILURE): Call Test Case 'Test Cases/Custom Item Details/UTILITIES/OPEN_BROWSER' successfully

2021-03-12 16:29:25 - [TEST_CASE][PASSED] - Test Cases/Custom Item Details/UTILITIES/OPEN_BROWSER: Test Cases/Custom Item Details/UTILITIES/OPEN_BROWSER

2021-03-12 16:29:25 - [TEST_STEP][PASSED] - openBrowser("https://gdasandbox.test-arcadier.com/user/Item/Detail/itemAllCategories/6f43f390-e834-4bbf-acab-1306c6de728f"): Browser is opened with url: 'https://gdasandbox.test-arcadier.com/user/Item/Detail/itemAllCategories/6f43f390-e834-4bbf-acab-1306c6de728f'

2021-03-12 16:29:25 - [MESSAGE][INFO] - Starting 'Chrome' driver

2021-03-12 16:29:25 - [MESSAGE][INFO] - Action delay is set to 0 milliseconds

2021-03-12 16:29:38 - [MESSAGE][PASSED] - Browser is opened with url: 'https://gdasandbox.test-arcadier.com/user/Item/Detail/itemAllCategories/6f43f390-e834-4bbf-acab-1306c6de728f'

2021-03-12 16:29:38 - [MESSAGE][PASSED] - Call Test Case 'Test Cases/Custom Item Details/UTILITIES/OPEN_BROWSER' successfully

2021-03-12 16:29:38 - [TEST_STEP][PASSED] - waitForElementVisible(findTestObject("Item Details Objects/Page_diagnostics/div.item-price-text"), 0): Object 'Object Repository/Item Details Objects/Page_diagnostics/div.item-price-text' is not visible after 30 second(s)

2021-03-12 16:29:38 - [MESSAGE][WARNING] - Timeout '0' is invalid. Using default page load timeout: '30'

2021-03-12 16:30:10 - [MESSAGE][INFO] - Unable to find the element located by 'By.cssSelector: div.item-price-text'. Please recheck the objects properties to make sure the desired element is located. 

2021-03-12 16:30:10 - [MESSAGE][WARNING] - [SELF-HEALING] Failed to find element with id 'Object Repository/Item Details Objects/Page_diagnostics/div.item-price-text'. Try using Self-healing.

2021-03-12 16:30:10 - [MESSAGE][INFO] - [SELF-HEALING] Screenshot: K:/Work/GitHub/find-item-detail-test_v2/Reports/Self-healing/Object Repository/Item Details Objects/Page_diagnostics/div.item-price-text_XPATH.png

2021-03-12 16:30:10 - [MESSAGE][WARNING] - [SELF-HEALING] The current locator of test object 'Object Repository/Item Details Objects/Page_diagnostics/div.item-price-text' was broken. Propose an alternative one: '(.//*[normalize-space(text()) and normalize-space(.)='CONTACT SELLER'])[2]/following::div[2]'.

2021-03-12 16:30:40 - [MESSAGE][WARNING] - Object 'Object Repository/Item Details Objects/Page_diagnostics/div.item-price-text' is not visible after 30 second(s)

2021-03-12 16:30:40 - [TEST_STEP][PASSED] - callTestCase(findTestCase("Custom Item Details/UTILITIES/CLOSE_BROWSER"), [:], STOP_ON_FAILURE): Call Test Case 'Test Cases/Custom Item Details/UTILITIES/CLOSE_BROWSER' successfully

2021-03-12 16:30:40 - [TEST_CASE][PASSED] - Test Cases/Custom Item Details/UTILITIES/CLOSE_BROWSER: Test Cases/Custom Item Details/UTILITIES/CLOSE_BROWSER

2021-03-12 16:30:40 - [TEST_STEP][PASSED] - closeBrowser(): Browser is closed

2021-03-12 16:30:41 - [MESSAGE][PASSED] - Browser is closed

2021-03-12 16:30:41 - [MESSAGE][PASSED] - Call Test Case 'Test Cases/Custom Item Details/UTILITIES/CLOSE_BROWSER' successfully]]></system-out>
         <system-err><![CDATA[]]></system-err>
      </testcase>
      <testcase name="Test Cases/Custom Item Details/TEST CASE/TC_DETAILS_UI_012" time="18.475" classname="Test Cases/Custom Item Details/TEST CASE/TC_DETAILS_UI_012" status="PASSED">
         <system-out><![CDATA[2021-03-12 16:30:41 - [TEST_CASE][PASSED] - Test Cases/Custom Item Details/TEST CASE/TC_DETAILS_UI_012: Test Cases/Custom Item Details/TEST CASE/TC_DETAILS_UI_012

2021-03-12 16:30:41 - [TEST_STEP][PASSED] - callTestCase(findTestCase("Custom Item Details/UTILITIES/OPEN_BROWSER"), [:], STOP_ON_FAILURE): Call Test Case 'Test Cases/Custom Item Details/UTILITIES/OPEN_BROWSER' successfully

2021-03-12 16:30:41 - [TEST_CASE][PASSED] - Test Cases/Custom Item Details/UTILITIES/OPEN_BROWSER: Test Cases/Custom Item Details/UTILITIES/OPEN_BROWSER

2021-03-12 16:30:41 - [TEST_STEP][PASSED] - openBrowser("https://gdasandbox.test-arcadier.com/user/Item/Detail/itemAllCategories/6f43f390-e834-4bbf-acab-1306c6de728f"): Browser is opened with url: 'https://gdasandbox.test-arcadier.com/user/Item/Detail/itemAllCategories/6f43f390-e834-4bbf-acab-1306c6de728f'

2021-03-12 16:30:41 - [MESSAGE][INFO] - Starting 'Chrome' driver

2021-03-12 16:30:41 - [MESSAGE][INFO] - Action delay is set to 0 milliseconds

2021-03-12 16:30:56 - [MESSAGE][PASSED] - Browser is opened with url: 'https://gdasandbox.test-arcadier.com/user/Item/Detail/itemAllCategories/6f43f390-e834-4bbf-acab-1306c6de728f'

2021-03-12 16:30:56 - [MESSAGE][PASSED] - Call Test Case 'Test Cases/Custom Item Details/UTILITIES/OPEN_BROWSER' successfully

2021-03-12 16:30:56 - [TEST_STEP][PASSED] - waitForElementVisible(findTestObject("Item Details Objects/Page_diagnostics/btn_Procure_from_other_Agencies"), 0): Object 'Object Repository/Item Details Objects/Page_diagnostics/btn_Procure_from_other_Agencies' is visible

2021-03-12 16:30:56 - [MESSAGE][WARNING] - Timeout '0' is invalid. Using default page load timeout: '30'

2021-03-12 16:30:57 - [MESSAGE][PASSED] - Object 'Object Repository/Item Details Objects/Page_diagnostics/btn_Procure_from_other_Agencies' is visible

2021-03-12 16:30:57 - [TEST_STEP][PASSED] - verifyElementClickable(findTestObject("Item Details Objects/Page_diagnostics/btn_Procure_from_other_Agencies")): Object 'Object Repository/Item Details Objects/Page_diagnostics/btn_Procure_from_other_Agencies' is clickable

2021-03-12 16:30:57 - [MESSAGE][PASSED] - Object 'Object Repository/Item Details Objects/Page_diagnostics/btn_Procure_from_other_Agencies' is clickable

2021-03-12 16:30:57 - [TEST_STEP][PASSED] - verifyElementText(findTestObject("Item Details Objects/Page_diagnostics/btn_Procure_from_other_Agencies"), "PROCURE FROM OTHER AGENCIES"): Actual text and expected text of test object 'Object Repository/Item Details Objects/Page_diagnostics/btn_Procure_from_other_Agencies' are matched.

2021-03-12 16:30:57 - [MESSAGE][PASSED] - Actual text and expected text of test object 'Object Repository/Item Details Objects/Page_diagnostics/btn_Procure_from_other_Agencies' are matched.

2021-03-12 16:30:57 - [TEST_STEP][PASSED] - click(findTestObject("Item Details Objects/Page_diagnostics/a_Accept Cookies")): Object: 'Object Repository/Item Details Objects/Page_diagnostics/a_Accept Cookies' is clicked on

2021-03-12 16:30:58 - [MESSAGE][PASSED] - Object: 'Object Repository/Item Details Objects/Page_diagnostics/a_Accept Cookies' is clicked on

2021-03-12 16:30:58 - [TEST_STEP][PASSED] - click(findTestObject("Item Details Objects/Page_diagnostics/btn_Procure_from_other_Agencies")): Object: 'Object Repository/Item Details Objects/Page_diagnostics/btn_Procure_from_other_Agencies' is clicked on

2021-03-12 16:30:59 - [MESSAGE][PASSED] - Object: 'Object Repository/Item Details Objects/Page_diagnostics/btn_Procure_from_other_Agencies' is clicked on

2021-03-12 16:30:59 - [TEST_STEP][PASSED] - callTestCase(findTestCase("Custom Item Details/UTILITIES/CLOSE_BROWSER"), [:], STOP_ON_FAILURE): Call Test Case 'Test Cases/Custom Item Details/UTILITIES/CLOSE_BROWSER' successfully

2021-03-12 16:30:59 - [TEST_CASE][PASSED] - Test Cases/Custom Item Details/UTILITIES/CLOSE_BROWSER: Test Cases/Custom Item Details/UTILITIES/CLOSE_BROWSER

2021-03-12 16:30:59 - [TEST_STEP][PASSED] - closeBrowser(): Browser is closed

2021-03-12 16:31:00 - [MESSAGE][PASSED] - Browser is closed

2021-03-12 16:31:00 - [MESSAGE][PASSED] - Call Test Case 'Test Cases/Custom Item Details/UTILITIES/CLOSE_BROWSER' successfully]]></system-out>
         <system-err><![CDATA[]]></system-err>
      </testcase>
      <testcase name="Test Cases/Custom Item Details/TEST CASE/TC_DETAILS_UI_014" time="16.381" classname="Test Cases/Custom Item Details/TEST CASE/TC_DETAILS_UI_014" status="PASSED">
         <system-out><![CDATA[2021-03-12 16:31:00 - [TEST_CASE][PASSED] - Test Cases/Custom Item Details/TEST CASE/TC_DETAILS_UI_014: Test Cases/Custom Item Details/TEST CASE/TC_DETAILS_UI_014

2021-03-12 16:31:00 - [TEST_STEP][PASSED] - callTestCase(findTestCase("Custom Item Details/UTILITIES/OPEN_BROWSER"), [:], STOP_ON_FAILURE): Call Test Case 'Test Cases/Custom Item Details/UTILITIES/OPEN_BROWSER' successfully

2021-03-12 16:31:00 - [TEST_CASE][PASSED] - Test Cases/Custom Item Details/UTILITIES/OPEN_BROWSER: Test Cases/Custom Item Details/UTILITIES/OPEN_BROWSER

2021-03-12 16:31:00 - [TEST_STEP][PASSED] - openBrowser("https://gdasandbox.test-arcadier.com/user/Item/Detail/itemAllCategories/6f43f390-e834-4bbf-acab-1306c6de728f"): Browser is opened with url: 'https://gdasandbox.test-arcadier.com/user/Item/Detail/itemAllCategories/6f43f390-e834-4bbf-acab-1306c6de728f'

2021-03-12 16:31:00 - [MESSAGE][INFO] - Starting 'Chrome' driver

2021-03-12 16:31:00 - [MESSAGE][INFO] - Action delay is set to 0 milliseconds

2021-03-12 16:31:15 - [MESSAGE][PASSED] - Browser is opened with url: 'https://gdasandbox.test-arcadier.com/user/Item/Detail/itemAllCategories/6f43f390-e834-4bbf-acab-1306c6de728f'

2021-03-12 16:31:15 - [MESSAGE][PASSED] - Call Test Case 'Test Cases/Custom Item Details/UTILITIES/OPEN_BROWSER' successfully

2021-03-12 16:31:15 - [TEST_STEP][PASSED] - waitForElementPresent(findTestObject("Item Details Objects/Page_diagnostics/btn_Procure_grey"), 0): Object 'Object Repository/Item Details Objects/Page_diagnostics/btn_Procure_grey' is present

2021-03-12 16:31:15 - [MESSAGE][WARNING] - Timeout '0' is invalid. Using default page load timeout: '30'

2021-03-12 16:31:15 - [MESSAGE][PASSED] - Object 'Object Repository/Item Details Objects/Page_diagnostics/btn_Procure_grey' is present

2021-03-12 16:31:15 - [TEST_STEP][PASSED] - callTestCase(findTestCase("Custom Item Details/UTILITIES/CLOSE_BROWSER"), [:], STOP_ON_FAILURE): Call Test Case 'Test Cases/Custom Item Details/UTILITIES/CLOSE_BROWSER' successfully

2021-03-12 16:31:15 - [TEST_CASE][PASSED] - Test Cases/Custom Item Details/UTILITIES/CLOSE_BROWSER: Test Cases/Custom Item Details/UTILITIES/CLOSE_BROWSER

2021-03-12 16:31:15 - [TEST_STEP][PASSED] - closeBrowser(): Browser is closed

2021-03-12 16:31:16 - [MESSAGE][PASSED] - Browser is closed

2021-03-12 16:31:16 - [MESSAGE][PASSED] - Call Test Case 'Test Cases/Custom Item Details/UTILITIES/CLOSE_BROWSER' successfully]]></system-out>
         <system-err><![CDATA[]]></system-err>
      </testcase>
      <testcase name="Test Cases/Custom Item Details/TEST CASE/TC_DETAILS_UI_015" time="16.625" classname="Test Cases/Custom Item Details/TEST CASE/TC_DETAILS_UI_015" status="PASSED">
         <system-out><![CDATA[2021-03-12 16:31:16 - [TEST_CASE][PASSED] - Test Cases/Custom Item Details/TEST CASE/TC_DETAILS_UI_015: Test Cases/Custom Item Details/TEST CASE/TC_DETAILS_UI_015

2021-03-12 16:31:16 - [TEST_STEP][PASSED] - callTestCase(findTestCase("Custom Item Details/UTILITIES/OPEN_BROWSER"), [:], STOP_ON_FAILURE): Call Test Case 'Test Cases/Custom Item Details/UTILITIES/OPEN_BROWSER' successfully

2021-03-12 16:31:16 - [TEST_CASE][PASSED] - Test Cases/Custom Item Details/UTILITIES/OPEN_BROWSER: Test Cases/Custom Item Details/UTILITIES/OPEN_BROWSER

2021-03-12 16:31:16 - [TEST_STEP][PASSED] - openBrowser("https://gdasandbox.test-arcadier.com/user/Item/Detail/itemAllCategories/6f43f390-e834-4bbf-acab-1306c6de728f"): Browser is opened with url: 'https://gdasandbox.test-arcadier.com/user/Item/Detail/itemAllCategories/6f43f390-e834-4bbf-acab-1306c6de728f'

2021-03-12 16:31:16 - [MESSAGE][INFO] - Starting 'Chrome' driver

2021-03-12 16:31:16 - [MESSAGE][INFO] - Action delay is set to 0 milliseconds

2021-03-12 16:31:29 - [MESSAGE][PASSED] - Browser is opened with url: 'https://gdasandbox.test-arcadier.com/user/Item/Detail/itemAllCategories/6f43f390-e834-4bbf-acab-1306c6de728f'

2021-03-12 16:31:29 - [MESSAGE][PASSED] - Call Test Case 'Test Cases/Custom Item Details/UTILITIES/OPEN_BROWSER' successfully

2021-03-12 16:31:29 - [TEST_STEP][PASSED] - waitForElementVisible(findTestObject("Item Details Objects/Page_diagnostics/a_Accept Cookies"), 0): Object 'Object Repository/Item Details Objects/Page_diagnostics/a_Accept Cookies' is visible

2021-03-12 16:31:29 - [MESSAGE][WARNING] - Timeout '0' is invalid. Using default page load timeout: '30'

2021-03-12 16:31:30 - [MESSAGE][PASSED] - Object 'Object Repository/Item Details Objects/Page_diagnostics/a_Accept Cookies' is visible

2021-03-12 16:31:30 - [TEST_STEP][PASSED] - click(findTestObject("Item Details Objects/Page_diagnostics/a_Accept Cookies"), STOP_ON_FAILURE): Object: 'Object Repository/Item Details Objects/Page_diagnostics/a_Accept Cookies' is clicked on

2021-03-12 16:31:30 - [MESSAGE][PASSED] - Object: 'Object Repository/Item Details Objects/Page_diagnostics/a_Accept Cookies' is clicked on

2021-03-12 16:31:30 - [TEST_STEP][PASSED] - waitForElementVisible(findTestObject("Item Details Objects/Page_diagnostics/div_Description"), 0): Object 'Object Repository/Item Details Objects/Page_diagnostics/div_Description' is visible

2021-03-12 16:31:30 - [MESSAGE][WARNING] - Timeout '0' is invalid. Using default page load timeout: '30'

2021-03-12 16:31:31 - [MESSAGE][PASSED] - Object 'Object Repository/Item Details Objects/Page_diagnostics/div_Description' is visible

2021-03-12 16:31:31 - [TEST_STEP][PASSED] - verifyElementClickable(findTestObject("Item Details Objects/Page_diagnostics/div_Description")): Object 'Object Repository/Item Details Objects/Page_diagnostics/div_Description' is clickable

2021-03-12 16:31:31 - [MESSAGE][PASSED] - Object 'Object Repository/Item Details Objects/Page_diagnostics/div_Description' is clickable

2021-03-12 16:31:31 - [TEST_STEP][PASSED] - verifyElementText(findTestObject("Item Details Objects/Page_diagnostics/div_Description"), "Description"): Actual text and expected text of test object 'Object Repository/Item Details Objects/Page_diagnostics/div_Description' are matched.

2021-03-12 16:31:31 - [MESSAGE][PASSED] - Actual text and expected text of test object 'Object Repository/Item Details Objects/Page_diagnostics/div_Description' are matched.

2021-03-12 16:31:31 - [TEST_STEP][PASSED] - click(findTestObject("Item Details Objects/Page_diagnostics/div_Description")): Object: 'Object Repository/Item Details Objects/Page_diagnostics/div_Description' is clicked on

2021-03-12 16:31:32 - [MESSAGE][PASSED] - Object: 'Object Repository/Item Details Objects/Page_diagnostics/div_Description' is clicked on

2021-03-12 16:31:32 - [TEST_STEP][PASSED] - callTestCase(findTestCase("Custom Item Details/UTILITIES/CLOSE_BROWSER"), [:], STOP_ON_FAILURE): Call Test Case 'Test Cases/Custom Item Details/UTILITIES/CLOSE_BROWSER' successfully

2021-03-12 16:31:32 - [TEST_CASE][PASSED] - Test Cases/Custom Item Details/UTILITIES/CLOSE_BROWSER: Test Cases/Custom Item Details/UTILITIES/CLOSE_BROWSER

2021-03-12 16:31:32 - [TEST_STEP][PASSED] - closeBrowser(): Browser is closed

2021-03-12 16:31:33 - [MESSAGE][PASSED] - Browser is closed

2021-03-12 16:31:33 - [MESSAGE][PASSED] - Call Test Case 'Test Cases/Custom Item Details/UTILITIES/CLOSE_BROWSER' successfully]]></system-out>
         <system-err><![CDATA[]]></system-err>
      </testcase>
      <testcase name="Test Cases/Custom Item Details/TEST CASE/TC_DETAILS_UI_016" time="16.94" classname="Test Cases/Custom Item Details/TEST CASE/TC_DETAILS_UI_016" status="PASSED">
         <system-out><![CDATA[2021-03-12 16:31:33 - [TEST_CASE][PASSED] - Test Cases/Custom Item Details/TEST CASE/TC_DETAILS_UI_016: Test Cases/Custom Item Details/TEST CASE/TC_DETAILS_UI_016

2021-03-12 16:31:33 - [TEST_STEP][PASSED] - callTestCase(findTestCase("Custom Item Details/UTILITIES/OPEN_BROWSER"), [:], STOP_ON_FAILURE): Call Test Case 'Test Cases/Custom Item Details/UTILITIES/OPEN_BROWSER' successfully

2021-03-12 16:31:33 - [TEST_CASE][PASSED] - Test Cases/Custom Item Details/UTILITIES/OPEN_BROWSER: Test Cases/Custom Item Details/UTILITIES/OPEN_BROWSER

2021-03-12 16:31:33 - [TEST_STEP][PASSED] - openBrowser("https://gdasandbox.test-arcadier.com/user/Item/Detail/itemAllCategories/6f43f390-e834-4bbf-acab-1306c6de728f"): Browser is opened with url: 'https://gdasandbox.test-arcadier.com/user/Item/Detail/itemAllCategories/6f43f390-e834-4bbf-acab-1306c6de728f'

2021-03-12 16:31:33 - [MESSAGE][INFO] - Starting 'Chrome' driver

2021-03-12 16:31:33 - [MESSAGE][INFO] - Action delay is set to 0 milliseconds

2021-03-12 16:31:46 - [MESSAGE][PASSED] - Browser is opened with url: 'https://gdasandbox.test-arcadier.com/user/Item/Detail/itemAllCategories/6f43f390-e834-4bbf-acab-1306c6de728f'

2021-03-12 16:31:46 - [MESSAGE][PASSED] - Call Test Case 'Test Cases/Custom Item Details/UTILITIES/OPEN_BROWSER' successfully

2021-03-12 16:31:46 - [TEST_STEP][PASSED] - waitForElementVisible(findTestObject("Item Details Objects/Page_diagnostics/a_Accept Cookies"), 0): Object 'Object Repository/Item Details Objects/Page_diagnostics/a_Accept Cookies' is visible

2021-03-12 16:31:46 - [MESSAGE][WARNING] - Timeout '0' is invalid. Using default page load timeout: '30'

2021-03-12 16:31:47 - [MESSAGE][PASSED] - Object 'Object Repository/Item Details Objects/Page_diagnostics/a_Accept Cookies' is visible

2021-03-12 16:31:47 - [TEST_STEP][PASSED] - click(findTestObject("Item Details Objects/Page_diagnostics/a_Accept Cookies"), STOP_ON_FAILURE): Object: 'Object Repository/Item Details Objects/Page_diagnostics/a_Accept Cookies' is clicked on

2021-03-12 16:31:47 - [MESSAGE][PASSED] - Object: 'Object Repository/Item Details Objects/Page_diagnostics/a_Accept Cookies' is clicked on

2021-03-12 16:31:47 - [TEST_STEP][PASSED] - waitForElementVisible(findTestObject("Item Details Objects/Page_diagnostics/div_Technical Specifications"), 0): Object 'Object Repository/Item Details Objects/Page_diagnostics/div_Technical Specifications' is visible

2021-03-12 16:31:47 - [MESSAGE][WARNING] - Timeout '0' is invalid. Using default page load timeout: '30'

2021-03-12 16:31:48 - [MESSAGE][PASSED] - Object 'Object Repository/Item Details Objects/Page_diagnostics/div_Technical Specifications' is visible

2021-03-12 16:31:48 - [TEST_STEP][PASSED] - verifyElementClickable(findTestObject("Item Details Objects/Page_diagnostics/div_Technical Specifications")): Object 'Object Repository/Item Details Objects/Page_diagnostics/div_Technical Specifications' is clickable

2021-03-12 16:31:48 - [MESSAGE][PASSED] - Object 'Object Repository/Item Details Objects/Page_diagnostics/div_Technical Specifications' is clickable

2021-03-12 16:31:48 - [TEST_STEP][PASSED] - verifyElementText(findTestObject("Item Details Objects/Page_diagnostics/div_Technical Specifications"), "Technical Specifications"): Actual text and expected text of test object 'Object Repository/Item Details Objects/Page_diagnostics/div_Technical Specifications' are matched.

2021-03-12 16:31:48 - [MESSAGE][PASSED] - Actual text and expected text of test object 'Object Repository/Item Details Objects/Page_diagnostics/div_Technical Specifications' are matched.

2021-03-12 16:31:48 - [TEST_STEP][PASSED] - click(findTestObject("Item Details Objects/Page_diagnostics/div_Technical Specifications")): Object: 'Object Repository/Item Details Objects/Page_diagnostics/div_Technical Specifications' is clicked on

2021-03-12 16:31:49 - [MESSAGE][PASSED] - Object: 'Object Repository/Item Details Objects/Page_diagnostics/div_Technical Specifications' is clicked on

2021-03-12 16:31:49 - [TEST_STEP][PASSED] - callTestCase(findTestCase("Custom Item Details/UTILITIES/CLOSE_BROWSER"), [:], STOP_ON_FAILURE): Call Test Case 'Test Cases/Custom Item Details/UTILITIES/CLOSE_BROWSER' successfully

2021-03-12 16:31:49 - [TEST_CASE][PASSED] - Test Cases/Custom Item Details/UTILITIES/CLOSE_BROWSER: Test Cases/Custom Item Details/UTILITIES/CLOSE_BROWSER

2021-03-12 16:31:49 - [TEST_STEP][PASSED] - closeBrowser(): Browser is closed

2021-03-12 16:31:50 - [MESSAGE][PASSED] - Browser is closed

2021-03-12 16:31:50 - [MESSAGE][PASSED] - Call Test Case 'Test Cases/Custom Item Details/UTILITIES/CLOSE_BROWSER' successfully]]></system-out>
         <system-err><![CDATA[]]></system-err>
      </testcase>
      <testcase name="Test Cases/Custom Item Details/TEST CASE/TC_DETAILS_UI_017" time="16.953" classname="Test Cases/Custom Item Details/TEST CASE/TC_DETAILS_UI_017" status="PASSED">
         <system-out><![CDATA[2021-03-12 16:31:50 - [TEST_CASE][PASSED] - Test Cases/Custom Item Details/TEST CASE/TC_DETAILS_UI_017: Test Cases/Custom Item Details/TEST CASE/TC_DETAILS_UI_017

2021-03-12 16:31:50 - [TEST_STEP][PASSED] - callTestCase(findTestCase("Custom Item Details/UTILITIES/OPEN_BROWSER"), [:], STOP_ON_FAILURE): Call Test Case 'Test Cases/Custom Item Details/UTILITIES/OPEN_BROWSER' successfully

2021-03-12 16:31:50 - [TEST_CASE][PASSED] - Test Cases/Custom Item Details/UTILITIES/OPEN_BROWSER: Test Cases/Custom Item Details/UTILITIES/OPEN_BROWSER

2021-03-12 16:31:50 - [TEST_STEP][PASSED] - openBrowser("https://gdasandbox.test-arcadier.com/user/Item/Detail/itemAllCategories/6f43f390-e834-4bbf-acab-1306c6de728f"): Browser is opened with url: 'https://gdasandbox.test-arcadier.com/user/Item/Detail/itemAllCategories/6f43f390-e834-4bbf-acab-1306c6de728f'

2021-03-12 16:31:50 - [MESSAGE][INFO] - Starting 'Chrome' driver

2021-03-12 16:31:50 - [MESSAGE][INFO] - Action delay is set to 0 milliseconds

2021-03-12 16:32:02 - [MESSAGE][PASSED] - Browser is opened with url: 'https://gdasandbox.test-arcadier.com/user/Item/Detail/itemAllCategories/6f43f390-e834-4bbf-acab-1306c6de728f'

2021-03-12 16:32:02 - [MESSAGE][PASSED] - Call Test Case 'Test Cases/Custom Item Details/UTILITIES/OPEN_BROWSER' successfully

2021-03-12 16:32:02 - [TEST_STEP][PASSED] - waitForElementVisible(findTestObject("Item Details Objects/Page_diagnostics/a_Accept Cookies"), 0): Object 'Object Repository/Item Details Objects/Page_diagnostics/a_Accept Cookies' is visible

2021-03-12 16:32:02 - [MESSAGE][WARNING] - Timeout '0' is invalid. Using default page load timeout: '30'

2021-03-12 16:32:03 - [MESSAGE][PASSED] - Object 'Object Repository/Item Details Objects/Page_diagnostics/a_Accept Cookies' is visible

2021-03-12 16:32:03 - [TEST_STEP][PASSED] - click(findTestObject("Item Details Objects/Page_diagnostics/a_Accept Cookies")): Object: 'Object Repository/Item Details Objects/Page_diagnostics/a_Accept Cookies' is clicked on

2021-03-12 16:32:04 - [MESSAGE][PASSED] - Object: 'Object Repository/Item Details Objects/Page_diagnostics/a_Accept Cookies' is clicked on

2021-03-12 16:32:04 - [TEST_STEP][PASSED] - waitForElementVisible(findTestObject("Item Details Objects/Page_diagnostics/div_Product_Attributes"), 0): Object 'Object Repository/Item Details Objects/Page_diagnostics/div_Product_Attributes' is visible

2021-03-12 16:32:04 - [MESSAGE][WARNING] - Timeout '0' is invalid. Using default page load timeout: '30'

2021-03-12 16:32:05 - [MESSAGE][PASSED] - Object 'Object Repository/Item Details Objects/Page_diagnostics/div_Product_Attributes' is visible

2021-03-12 16:32:05 - [TEST_STEP][PASSED] - verifyElementClickable(findTestObject("Item Details Objects/Page_diagnostics/div_Product_Attributes")): Object 'Object Repository/Item Details Objects/Page_diagnostics/div_Product_Attributes' is clickable

2021-03-12 16:32:05 - [MESSAGE][PASSED] - Object 'Object Repository/Item Details Objects/Page_diagnostics/div_Product_Attributes' is clickable

2021-03-12 16:32:05 - [TEST_STEP][PASSED] - verifyElementText(findTestObject("Item Details Objects/Page_diagnostics/div_Product_Attributes"), "Product Attributes"): Actual text and expected text of test object 'Object Repository/Item Details Objects/Page_diagnostics/div_Product_Attributes' are matched.

2021-03-12 16:32:05 - [MESSAGE][PASSED] - Actual text and expected text of test object 'Object Repository/Item Details Objects/Page_diagnostics/div_Product_Attributes' are matched.

2021-03-12 16:32:05 - [TEST_STEP][PASSED] - click(findTestObject("Item Details Objects/Page_diagnostics/div_Product_Attributes")): Object: 'Object Repository/Item Details Objects/Page_diagnostics/div_Product_Attributes' is clicked on

2021-03-12 16:32:06 - [MESSAGE][PASSED] - Object: 'Object Repository/Item Details Objects/Page_diagnostics/div_Product_Attributes' is clicked on

2021-03-12 16:32:06 - [TEST_STEP][PASSED] - callTestCase(findTestCase("Custom Item Details/UTILITIES/CLOSE_BROWSER"), [:], STOP_ON_FAILURE): Call Test Case 'Test Cases/Custom Item Details/UTILITIES/CLOSE_BROWSER' successfully

2021-03-12 16:32:06 - [TEST_CASE][PASSED] - Test Cases/Custom Item Details/UTILITIES/CLOSE_BROWSER: Test Cases/Custom Item Details/UTILITIES/CLOSE_BROWSER

2021-03-12 16:32:06 - [TEST_STEP][PASSED] - closeBrowser(): Browser is closed

2021-03-12 16:32:06 - [MESSAGE][PASSED] - Browser is closed

2021-03-12 16:32:06 - [MESSAGE][PASSED] - Call Test Case 'Test Cases/Custom Item Details/UTILITIES/CLOSE_BROWSER' successfully]]></system-out>
         <system-err><![CDATA[]]></system-err>
      </testcase>
      <testcase name="Test Cases/Custom Item Details/TEST CASE/TC_DETAILS_UI_018" time="16.693" classname="Test Cases/Custom Item Details/TEST CASE/TC_DETAILS_UI_018" status="PASSED">
         <system-out><![CDATA[2021-03-12 16:32:07 - [TEST_CASE][PASSED] - Test Cases/Custom Item Details/TEST CASE/TC_DETAILS_UI_018: Test Cases/Custom Item Details/TEST CASE/TC_DETAILS_UI_018

2021-03-12 16:32:07 - [TEST_STEP][PASSED] - callTestCase(findTestCase("Custom Item Details/UTILITIES/OPEN_BROWSER"), [:], STOP_ON_FAILURE): Call Test Case 'Test Cases/Custom Item Details/UTILITIES/OPEN_BROWSER' successfully

2021-03-12 16:32:07 - [TEST_CASE][PASSED] - Test Cases/Custom Item Details/UTILITIES/OPEN_BROWSER: Test Cases/Custom Item Details/UTILITIES/OPEN_BROWSER

2021-03-12 16:32:07 - [TEST_STEP][PASSED] - openBrowser("https://gdasandbox.test-arcadier.com/user/Item/Detail/itemAllCategories/6f43f390-e834-4bbf-acab-1306c6de728f"): Browser is opened with url: 'https://gdasandbox.test-arcadier.com/user/Item/Detail/itemAllCategories/6f43f390-e834-4bbf-acab-1306c6de728f'

2021-03-12 16:32:07 - [MESSAGE][INFO] - Starting 'Chrome' driver

2021-03-12 16:32:07 - [MESSAGE][INFO] - Action delay is set to 0 milliseconds

2021-03-12 16:32:20 - [MESSAGE][PASSED] - Browser is opened with url: 'https://gdasandbox.test-arcadier.com/user/Item/Detail/itemAllCategories/6f43f390-e834-4bbf-acab-1306c6de728f'

2021-03-12 16:32:20 - [MESSAGE][PASSED] - Call Test Case 'Test Cases/Custom Item Details/UTILITIES/OPEN_BROWSER' successfully

2021-03-12 16:32:20 - [TEST_STEP][PASSED] - waitForElementVisible(findTestObject("Item Details Objects/Page_diagnostics/a_Accept Cookies"), 0): Object 'Object Repository/Item Details Objects/Page_diagnostics/a_Accept Cookies' is visible

2021-03-12 16:32:20 - [MESSAGE][WARNING] - Timeout '0' is invalid. Using default page load timeout: '30'

2021-03-12 16:32:20 - [MESSAGE][PASSED] - Object 'Object Repository/Item Details Objects/Page_diagnostics/a_Accept Cookies' is visible

2021-03-12 16:32:20 - [TEST_STEP][PASSED] - click(findTestObject("Item Details Objects/Page_diagnostics/a_Accept Cookies")): Object: 'Object Repository/Item Details Objects/Page_diagnostics/a_Accept Cookies' is clicked on

2021-03-12 16:32:21 - [MESSAGE][PASSED] - Object: 'Object Repository/Item Details Objects/Page_diagnostics/a_Accept Cookies' is clicked on

2021-03-12 16:32:21 - [TEST_STEP][PASSED] - waitForElementVisible(findTestObject("Item Details Objects/Page_diagnostics/div_Manufacture_Information"), 0): Object 'Object Repository/Item Details Objects/Page_diagnostics/div_Manufacture_Information' is visible

2021-03-12 16:32:21 - [MESSAGE][WARNING] - Timeout '0' is invalid. Using default page load timeout: '30'

2021-03-12 16:32:21 - [MESSAGE][PASSED] - Object 'Object Repository/Item Details Objects/Page_diagnostics/div_Manufacture_Information' is visible

2021-03-12 16:32:21 - [TEST_STEP][PASSED] - verifyElementClickable(findTestObject("Item Details Objects/Page_diagnostics/div_Manufacture_Information")): Object 'Object Repository/Item Details Objects/Page_diagnostics/div_Manufacture_Information' is clickable

2021-03-12 16:32:22 - [MESSAGE][PASSED] - Object 'Object Repository/Item Details Objects/Page_diagnostics/div_Manufacture_Information' is clickable

2021-03-12 16:32:22 - [TEST_STEP][PASSED] - verifyElementText(findTestObject("Item Details Objects/Page_diagnostics/div_Manufacture_Information"), "Manufacture Information"): Actual text and expected text of test object 'Object Repository/Item Details Objects/Page_diagnostics/div_Manufacture_Information' are matched.

2021-03-12 16:32:22 - [MESSAGE][PASSED] - Actual text and expected text of test object 'Object Repository/Item Details Objects/Page_diagnostics/div_Manufacture_Information' are matched.

2021-03-12 16:32:22 - [TEST_STEP][PASSED] - click(findTestObject("Item Details Objects/Page_diagnostics/div_Manufacture_Information")): Object: 'Object Repository/Item Details Objects/Page_diagnostics/div_Manufacture_Information' is clicked on

2021-03-12 16:32:23 - [MESSAGE][PASSED] - Object: 'Object Repository/Item Details Objects/Page_diagnostics/div_Manufacture_Information' is clicked on

2021-03-12 16:32:23 - [TEST_STEP][PASSED] - callTestCase(findTestCase("Custom Item Details/UTILITIES/CLOSE_BROWSER"), [:], STOP_ON_FAILURE): Call Test Case 'Test Cases/Custom Item Details/UTILITIES/CLOSE_BROWSER' successfully

2021-03-12 16:32:23 - [TEST_CASE][PASSED] - Test Cases/Custom Item Details/UTILITIES/CLOSE_BROWSER: Test Cases/Custom Item Details/UTILITIES/CLOSE_BROWSER

2021-03-12 16:32:23 - [TEST_STEP][PASSED] - closeBrowser(): Browser is closed

2021-03-12 16:32:23 - [MESSAGE][PASSED] - Browser is closed

2021-03-12 16:32:23 - [MESSAGE][PASSED] - Call Test Case 'Test Cases/Custom Item Details/UTILITIES/CLOSE_BROWSER' successfully]]></system-out>
         <system-err><![CDATA[]]></system-err>
      </testcase>
      <testcase name="Test Cases/Custom Item Details/TEST CASE/TC_DETAILS_UI_019" time="18.49" classname="Test Cases/Custom Item Details/TEST CASE/TC_DETAILS_UI_019" status="PASSED">
         <system-out><![CDATA[2021-03-12 16:32:23 - [TEST_CASE][PASSED] - Test Cases/Custom Item Details/TEST CASE/TC_DETAILS_UI_019: Test Cases/Custom Item Details/TEST CASE/TC_DETAILS_UI_019

2021-03-12 16:32:23 - [TEST_STEP][PASSED] - callTestCase(findTestCase("Custom Item Details/UTILITIES/OPEN_BROWSER"), [:], STOP_ON_FAILURE): Call Test Case 'Test Cases/Custom Item Details/UTILITIES/OPEN_BROWSER' successfully

2021-03-12 16:32:23 - [TEST_CASE][PASSED] - Test Cases/Custom Item Details/UTILITIES/OPEN_BROWSER: Test Cases/Custom Item Details/UTILITIES/OPEN_BROWSER

2021-03-12 16:32:23 - [TEST_STEP][PASSED] - openBrowser("https://gdasandbox.test-arcadier.com/user/Item/Detail/itemAllCategories/6f43f390-e834-4bbf-acab-1306c6de728f"): Browser is opened with url: 'https://gdasandbox.test-arcadier.com/user/Item/Detail/itemAllCategories/6f43f390-e834-4bbf-acab-1306c6de728f'

2021-03-12 16:32:23 - [MESSAGE][INFO] - Starting 'Chrome' driver

2021-03-12 16:32:23 - [MESSAGE][INFO] - Action delay is set to 0 milliseconds

2021-03-12 16:32:39 - [MESSAGE][PASSED] - Browser is opened with url: 'https://gdasandbox.test-arcadier.com/user/Item/Detail/itemAllCategories/6f43f390-e834-4bbf-acab-1306c6de728f'

2021-03-12 16:32:39 - [MESSAGE][PASSED] - Call Test Case 'Test Cases/Custom Item Details/UTILITIES/OPEN_BROWSER' successfully

2021-03-12 16:32:39 - [TEST_STEP][PASSED] - waitForElementVisible(findTestObject("Item Details Objects/Page_diagnostics/a_Accept Cookies"), 0): Object 'Object Repository/Item Details Objects/Page_diagnostics/a_Accept Cookies' is visible

2021-03-12 16:32:39 - [MESSAGE][WARNING] - Timeout '0' is invalid. Using default page load timeout: '30'

2021-03-12 16:32:39 - [MESSAGE][PASSED] - Object 'Object Repository/Item Details Objects/Page_diagnostics/a_Accept Cookies' is visible

2021-03-12 16:32:39 - [TEST_STEP][PASSED] - click(findTestObject("Item Details Objects/Page_diagnostics/a_Accept Cookies")): Object: 'Object Repository/Item Details Objects/Page_diagnostics/a_Accept Cookies' is clicked on

2021-03-12 16:32:39 - [MESSAGE][PASSED] - Object: 'Object Repository/Item Details Objects/Page_diagnostics/a_Accept Cookies' is clicked on

2021-03-12 16:32:39 - [TEST_STEP][PASSED] - waitForElementVisible(findTestObject("Item Details Objects/Page_diagnostics/div_Regulatory_Approval"), 0): Object 'Object Repository/Item Details Objects/Page_diagnostics/div_Regulatory_Approval' is visible

2021-03-12 16:32:40 - [MESSAGE][WARNING] - Timeout '0' is invalid. Using default page load timeout: '30'

2021-03-12 16:32:40 - [MESSAGE][PASSED] - Object 'Object Repository/Item Details Objects/Page_diagnostics/div_Regulatory_Approval' is visible

2021-03-12 16:32:40 - [TEST_STEP][PASSED] - verifyElementClickable(findTestObject("Item Details Objects/Page_diagnostics/div_Regulatory_Approval")): Object 'Object Repository/Item Details Objects/Page_diagnostics/div_Regulatory_Approval' is clickable

2021-03-12 16:32:40 - [MESSAGE][PASSED] - Object 'Object Repository/Item Details Objects/Page_diagnostics/div_Regulatory_Approval' is clickable

2021-03-12 16:32:40 - [TEST_STEP][PASSED] - verifyElementText(findTestObject("Item Details Objects/Page_diagnostics/div_Regulatory_Approval"), "Regulatory Approval"): Actual text and expected text of test object 'Object Repository/Item Details Objects/Page_diagnostics/div_Regulatory_Approval' are matched.

2021-03-12 16:32:40 - [MESSAGE][PASSED] - Actual text and expected text of test object 'Object Repository/Item Details Objects/Page_diagnostics/div_Regulatory_Approval' are matched.

2021-03-12 16:32:40 - [TEST_STEP][PASSED] - click(findTestObject("Item Details Objects/Page_diagnostics/div_Regulatory_Approval")): Object: 'Object Repository/Item Details Objects/Page_diagnostics/div_Regulatory_Approval' is clicked on

2021-03-12 16:32:41 - [MESSAGE][PASSED] - Object: 'Object Repository/Item Details Objects/Page_diagnostics/div_Regulatory_Approval' is clicked on

2021-03-12 16:32:41 - [TEST_STEP][PASSED] - callTestCase(findTestCase("Custom Item Details/UTILITIES/CLOSE_BROWSER"), [:], STOP_ON_FAILURE): Call Test Case 'Test Cases/Custom Item Details/UTILITIES/CLOSE_BROWSER' successfully

2021-03-12 16:32:41 - [TEST_CASE][PASSED] - Test Cases/Custom Item Details/UTILITIES/CLOSE_BROWSER: Test Cases/Custom Item Details/UTILITIES/CLOSE_BROWSER

2021-03-12 16:32:41 - [TEST_STEP][PASSED] - closeBrowser(): Browser is closed

2021-03-12 16:32:42 - [MESSAGE][PASSED] - Browser is closed

2021-03-12 16:32:42 - [MESSAGE][PASSED] - Call Test Case 'Test Cases/Custom Item Details/UTILITIES/CLOSE_BROWSER' successfully]]></system-out>
         <system-err><![CDATA[]]></system-err>
      </testcase>
      <testcase name="Test Cases/Custom Item Details/TEST CASE/TC_DETAILS_UI_019" time="16.269" classname="Test Cases/Custom Item Details/TEST CASE/TC_DETAILS_UI_019" status="PASSED">
         <system-out><![CDATA[2021-03-12 16:32:42 - [TEST_CASE][PASSED] - Test Cases/Custom Item Details/TEST CASE/TC_DETAILS_UI_019: Test Cases/Custom Item Details/TEST CASE/TC_DETAILS_UI_019

2021-03-12 16:32:42 - [TEST_STEP][PASSED] - callTestCase(findTestCase("Custom Item Details/UTILITIES/OPEN_BROWSER"), [:], STOP_ON_FAILURE): Call Test Case 'Test Cases/Custom Item Details/UTILITIES/OPEN_BROWSER' successfully

2021-03-12 16:32:42 - [TEST_CASE][PASSED] - Test Cases/Custom Item Details/UTILITIES/OPEN_BROWSER: Test Cases/Custom Item Details/UTILITIES/OPEN_BROWSER

2021-03-12 16:32:42 - [TEST_STEP][PASSED] - openBrowser("https://gdasandbox.test-arcadier.com/user/Item/Detail/itemAllCategories/6f43f390-e834-4bbf-acab-1306c6de728f"): Browser is opened with url: 'https://gdasandbox.test-arcadier.com/user/Item/Detail/itemAllCategories/6f43f390-e834-4bbf-acab-1306c6de728f'

2021-03-12 16:32:42 - [MESSAGE][INFO] - Starting 'Chrome' driver

2021-03-12 16:32:42 - [MESSAGE][INFO] - Action delay is set to 0 milliseconds

2021-03-12 16:32:54 - [MESSAGE][PASSED] - Browser is opened with url: 'https://gdasandbox.test-arcadier.com/user/Item/Detail/itemAllCategories/6f43f390-e834-4bbf-acab-1306c6de728f'

2021-03-12 16:32:54 - [MESSAGE][PASSED] - Call Test Case 'Test Cases/Custom Item Details/UTILITIES/OPEN_BROWSER' successfully

2021-03-12 16:32:54 - [TEST_STEP][PASSED] - waitForElementVisible(findTestObject("Item Details Objects/Page_diagnostics/a_Accept Cookies"), 0): Object 'Object Repository/Item Details Objects/Page_diagnostics/a_Accept Cookies' is visible

2021-03-12 16:32:54 - [MESSAGE][WARNING] - Timeout '0' is invalid. Using default page load timeout: '30'

2021-03-12 16:32:55 - [MESSAGE][PASSED] - Object 'Object Repository/Item Details Objects/Page_diagnostics/a_Accept Cookies' is visible

2021-03-12 16:32:55 - [TEST_STEP][PASSED] - click(findTestObject("Item Details Objects/Page_diagnostics/a_Accept Cookies")): Object: 'Object Repository/Item Details Objects/Page_diagnostics/a_Accept Cookies' is clicked on

2021-03-12 16:32:56 - [MESSAGE][PASSED] - Object: 'Object Repository/Item Details Objects/Page_diagnostics/a_Accept Cookies' is clicked on

2021-03-12 16:32:56 - [TEST_STEP][PASSED] - waitForElementVisible(findTestObject("Item Details Objects/Page_diagnostics/div_Regulatory_Approval"), 0): Object 'Object Repository/Item Details Objects/Page_diagnostics/div_Regulatory_Approval' is visible

2021-03-12 16:32:56 - [MESSAGE][WARNING] - Timeout '0' is invalid. Using default page load timeout: '30'

2021-03-12 16:32:56 - [MESSAGE][PASSED] - Object 'Object Repository/Item Details Objects/Page_diagnostics/div_Regulatory_Approval' is visible

2021-03-12 16:32:56 - [TEST_STEP][PASSED] - verifyElementClickable(findTestObject("Item Details Objects/Page_diagnostics/div_Regulatory_Approval")): Object 'Object Repository/Item Details Objects/Page_diagnostics/div_Regulatory_Approval' is clickable

2021-03-12 16:32:56 - [MESSAGE][PASSED] - Object 'Object Repository/Item Details Objects/Page_diagnostics/div_Regulatory_Approval' is clickable

2021-03-12 16:32:56 - [TEST_STEP][PASSED] - verifyElementText(findTestObject("Item Details Objects/Page_diagnostics/div_Regulatory_Approval"), "Regulatory Approval"): Actual text and expected text of test object 'Object Repository/Item Details Objects/Page_diagnostics/div_Regulatory_Approval' are matched.

2021-03-12 16:32:57 - [MESSAGE][PASSED] - Actual text and expected text of test object 'Object Repository/Item Details Objects/Page_diagnostics/div_Regulatory_Approval' are matched.

2021-03-12 16:32:57 - [TEST_STEP][PASSED] - click(findTestObject("Item Details Objects/Page_diagnostics/div_Regulatory_Approval")): Object: 'Object Repository/Item Details Objects/Page_diagnostics/div_Regulatory_Approval' is clicked on

2021-03-12 16:32:57 - [MESSAGE][PASSED] - Object: 'Object Repository/Item Details Objects/Page_diagnostics/div_Regulatory_Approval' is clicked on

2021-03-12 16:32:57 - [TEST_STEP][PASSED] - callTestCase(findTestCase("Custom Item Details/UTILITIES/CLOSE_BROWSER"), [:], STOP_ON_FAILURE): Call Test Case 'Test Cases/Custom Item Details/UTILITIES/CLOSE_BROWSER' successfully

2021-03-12 16:32:57 - [TEST_CASE][PASSED] - Test Cases/Custom Item Details/UTILITIES/CLOSE_BROWSER: Test Cases/Custom Item Details/UTILITIES/CLOSE_BROWSER

2021-03-12 16:32:57 - [TEST_STEP][PASSED] - closeBrowser(): Browser is closed

2021-03-12 16:32:58 - [MESSAGE][PASSED] - Browser is closed

2021-03-12 16:32:58 - [MESSAGE][PASSED] - Call Test Case 'Test Cases/Custom Item Details/UTILITIES/CLOSE_BROWSER' successfully]]></system-out>
         <system-err><![CDATA[]]></system-err>
      </testcase>
      <testcase name="Test Cases/Custom Item Details/TEST CASE/TC_DETAILS_UI_020" time="17.708" classname="Test Cases/Custom Item Details/TEST CASE/TC_DETAILS_UI_020" status="PASSED">
         <system-out><![CDATA[2021-03-12 16:32:58 - [TEST_CASE][PASSED] - Test Cases/Custom Item Details/TEST CASE/TC_DETAILS_UI_020: Test Cases/Custom Item Details/TEST CASE/TC_DETAILS_UI_020

2021-03-12 16:32:58 - [TEST_STEP][PASSED] - callTestCase(findTestCase("Custom Item Details/UTILITIES/OPEN_BROWSER"), [:], STOP_ON_FAILURE): Call Test Case 'Test Cases/Custom Item Details/UTILITIES/OPEN_BROWSER' successfully

2021-03-12 16:32:58 - [TEST_CASE][PASSED] - Test Cases/Custom Item Details/UTILITIES/OPEN_BROWSER: Test Cases/Custom Item Details/UTILITIES/OPEN_BROWSER

2021-03-12 16:32:58 - [TEST_STEP][PASSED] - openBrowser("https://gdasandbox.test-arcadier.com/user/Item/Detail/itemAllCategories/6f43f390-e834-4bbf-acab-1306c6de728f"): Browser is opened with url: 'https://gdasandbox.test-arcadier.com/user/Item/Detail/itemAllCategories/6f43f390-e834-4bbf-acab-1306c6de728f'

2021-03-12 16:32:58 - [MESSAGE][INFO] - Starting 'Chrome' driver

2021-03-12 16:32:58 - [MESSAGE][INFO] - Action delay is set to 0 milliseconds

2021-03-12 16:33:11 - [MESSAGE][PASSED] - Browser is opened with url: 'https://gdasandbox.test-arcadier.com/user/Item/Detail/itemAllCategories/6f43f390-e834-4bbf-acab-1306c6de728f'

2021-03-12 16:33:11 - [MESSAGE][PASSED] - Call Test Case 'Test Cases/Custom Item Details/UTILITIES/OPEN_BROWSER' successfully

2021-03-12 16:33:11 - [TEST_STEP][PASSED] - waitForElementVisible(findTestObject("Item Details Objects/Page_diagnostics/a_Accept Cookies"), 0): Object 'Object Repository/Item Details Objects/Page_diagnostics/a_Accept Cookies' is visible

2021-03-12 16:33:11 - [MESSAGE][WARNING] - Timeout '0' is invalid. Using default page load timeout: '30'

2021-03-12 16:33:12 - [MESSAGE][PASSED] - Object 'Object Repository/Item Details Objects/Page_diagnostics/a_Accept Cookies' is visible

2021-03-12 16:33:12 - [TEST_STEP][PASSED] - click(findTestObject("Item Details Objects/Page_diagnostics/a_Accept Cookies")): Object: 'Object Repository/Item Details Objects/Page_diagnostics/a_Accept Cookies' is clicked on

2021-03-12 16:33:12 - [MESSAGE][PASSED] - Object: 'Object Repository/Item Details Objects/Page_diagnostics/a_Accept Cookies' is clicked on

2021-03-12 16:33:12 - [TEST_STEP][PASSED] - waitForElementVisible(findTestObject("Item Details Objects/Page_diagnostics/a_Procure_from_other_Agencies"), 0): Object 'Object Repository/Item Details Objects/Page_diagnostics/a_Procure_from_other_Agencies' is visible

2021-03-12 16:33:12 - [MESSAGE][WARNING] - Timeout '0' is invalid. Using default page load timeout: '30'

2021-03-12 16:33:13 - [MESSAGE][PASSED] - Object 'Object Repository/Item Details Objects/Page_diagnostics/a_Procure_from_other_Agencies' is visible

2021-03-12 16:33:13 - [TEST_STEP][PASSED] - verifyElementClickable(findTestObject("Item Details Objects/Page_diagnostics/a_Procure_from_other_Agencies")): Object 'Object Repository/Item Details Objects/Page_diagnostics/a_Procure_from_other_Agencies' is clickable

2021-03-12 16:33:13 - [MESSAGE][PASSED] - Object 'Object Repository/Item Details Objects/Page_diagnostics/a_Procure_from_other_Agencies' is clickable

2021-03-12 16:33:13 - [TEST_STEP][PASSED] - click(findTestObject("Item Details Objects/Page_diagnostics/a_Procure_from_other_Agencies")): Object: 'Object Repository/Item Details Objects/Page_diagnostics/a_Procure_from_other_Agencies' is clicked on

2021-03-12 16:33:15 - [MESSAGE][PASSED] - Object: 'Object Repository/Item Details Objects/Page_diagnostics/a_Procure_from_other_Agencies' is clicked on

2021-03-12 16:33:15 - [TEST_STEP][PASSED] - verifyElementPresent(findTestObject("Login Page/Page_diagnostics/div_Login_Page"), 0): Object 'Object Repository/Login Page/Page_diagnostics/div_Login_Page' is present

2021-03-12 16:33:15 - [MESSAGE][WARNING] - Timeout '0' is invalid. Using default page load timeout: '30'

2021-03-12 16:33:15 - [MESSAGE][PASSED] - Object 'Object Repository/Login Page/Page_diagnostics/div_Login_Page' is present

2021-03-12 16:33:15 - [TEST_STEP][PASSED] - callTestCase(findTestCase("Custom Item Details/UTILITIES/CLOSE_BROWSER"), [:], STOP_ON_FAILURE): Call Test Case 'Test Cases/Custom Item Details/UTILITIES/CLOSE_BROWSER' successfully

2021-03-12 16:33:15 - [TEST_CASE][PASSED] - Test Cases/Custom Item Details/UTILITIES/CLOSE_BROWSER: Test Cases/Custom Item Details/UTILITIES/CLOSE_BROWSER

2021-03-12 16:33:15 - [TEST_STEP][PASSED] - closeBrowser(): Browser is closed

2021-03-12 16:33:16 - [MESSAGE][PASSED] - Browser is closed

2021-03-12 16:33:16 - [MESSAGE][PASSED] - Call Test Case 'Test Cases/Custom Item Details/UTILITIES/CLOSE_BROWSER' successfully]]></system-out>
         <system-err><![CDATA[]]></system-err>
      </testcase>
      <testcase name="Test Cases/Custom Item Details/TEST CASE/TC_DETAILS_UI_021" time="19.506" classname="Test Cases/Custom Item Details/TEST CASE/TC_DETAILS_UI_021" status="PASSED">
         <system-out><![CDATA[2021-03-12 16:33:16 - [TEST_CASE][PASSED] - Test Cases/Custom Item Details/TEST CASE/TC_DETAILS_UI_021: Test Cases/Custom Item Details/TEST CASE/TC_DETAILS_UI_021

2021-03-12 16:33:16 - [TEST_STEP][PASSED] - callTestCase(findTestCase("Custom Item Details/UTILITIES/OPEN_BROWSER"), [:], STOP_ON_FAILURE): Call Test Case 'Test Cases/Custom Item Details/UTILITIES/OPEN_BROWSER' successfully

2021-03-12 16:33:16 - [TEST_CASE][PASSED] - Test Cases/Custom Item Details/UTILITIES/OPEN_BROWSER: Test Cases/Custom Item Details/UTILITIES/OPEN_BROWSER

2021-03-12 16:33:16 - [TEST_STEP][PASSED] - openBrowser("https://gdasandbox.test-arcadier.com/user/Item/Detail/itemAllCategories/6f43f390-e834-4bbf-acab-1306c6de728f"): Browser is opened with url: 'https://gdasandbox.test-arcadier.com/user/Item/Detail/itemAllCategories/6f43f390-e834-4bbf-acab-1306c6de728f'

2021-03-12 16:33:16 - [MESSAGE][INFO] - Starting 'Chrome' driver

2021-03-12 16:33:16 - [MESSAGE][INFO] - Action delay is set to 0 milliseconds

2021-03-12 16:33:28 - [MESSAGE][PASSED] - Browser is opened with url: 'https://gdasandbox.test-arcadier.com/user/Item/Detail/itemAllCategories/6f43f390-e834-4bbf-acab-1306c6de728f'

2021-03-12 16:33:28 - [MESSAGE][PASSED] - Call Test Case 'Test Cases/Custom Item Details/UTILITIES/OPEN_BROWSER' successfully

2021-03-12 16:33:28 - [TEST_STEP][PASSED] - callTestCase(findTestCase("Custom Item Details/UTILITIES/ITEM_DETAIL_PAGE"), [:], STOP_ON_FAILURE): Call Test Case 'Test Cases/Custom Item Details/UTILITIES/ITEM_DETAIL_PAGE' successfully

2021-03-12 16:33:28 - [TEST_CASE][PASSED] - Test Cases/Custom Item Details/UTILITIES/ITEM_DETAIL_PAGE: Test Cases/Custom Item Details/UTILITIES/ITEM_DETAIL_PAGE

2021-03-12 16:33:29 - [TEST_STEP][PASSED] - navigateToUrl("https://gdasandbox.test-arcadier.com/user/item/detail/gdaagencyfind/59fde34e-4dcb-44b5-bdcd-2bde962c0cb5"): Navigate to 'https://gdasandbox.test-arcadier.com/user/item/detail/gdaagencyfind/59fde34e-4dcb-44b5-bdcd-2bde962c0cb5' successfully

2021-03-12 16:33:30 - [MESSAGE][PASSED] - Navigate to 'https://gdasandbox.test-arcadier.com/user/item/detail/gdaagencyfind/59fde34e-4dcb-44b5-bdcd-2bde962c0cb5' successfully

2021-03-12 16:33:30 - [MESSAGE][PASSED] - Call Test Case 'Test Cases/Custom Item Details/UTILITIES/ITEM_DETAIL_PAGE' successfully

2021-03-12 16:33:30 - [TEST_STEP][PASSED] - waitForElementVisible(findTestObject("Item Details Objects/Page_diagnostics/a_Accept Cookies"), 0): Object 'Object Repository/Item Details Objects/Page_diagnostics/a_Accept Cookies' is visible

2021-03-12 16:33:30 - [MESSAGE][WARNING] - Timeout '0' is invalid. Using default page load timeout: '30'

2021-03-12 16:33:31 - [MESSAGE][PASSED] - Object 'Object Repository/Item Details Objects/Page_diagnostics/a_Accept Cookies' is visible

2021-03-12 16:33:31 - [TEST_STEP][PASSED] - click(findTestObject("Item Details Objects/Page_diagnostics/a_Accept Cookies")): Object: 'Object Repository/Item Details Objects/Page_diagnostics/a_Accept Cookies' is clicked on

2021-03-12 16:33:32 - [MESSAGE][PASSED] - Object: 'Object Repository/Item Details Objects/Page_diagnostics/a_Accept Cookies' is clicked on

2021-03-12 16:33:32 - [TEST_STEP][PASSED] - waitForElementVisible(findTestObject("Item Details Objects/Page_diagnostics/a_Procure_Directly_From_Seller"), 0): Object 'Object Repository/Item Details Objects/Page_diagnostics/a_Procure_Directly_From_Seller' is visible

2021-03-12 16:33:32 - [MESSAGE][WARNING] - Timeout '0' is invalid. Using default page load timeout: '30'

2021-03-12 16:33:32 - [MESSAGE][PASSED] - Object 'Object Repository/Item Details Objects/Page_diagnostics/a_Procure_Directly_From_Seller' is visible

2021-03-12 16:33:32 - [TEST_STEP][PASSED] - verifyElementClickable(findTestObject("Item Details Objects/Page_diagnostics/a_Procure_Directly_From_Seller")): Object 'Object Repository/Item Details Objects/Page_diagnostics/a_Procure_Directly_From_Seller' is clickable

2021-03-12 16:33:32 - [MESSAGE][PASSED] - Object 'Object Repository/Item Details Objects/Page_diagnostics/a_Procure_Directly_From_Seller' is clickable

2021-03-12 16:33:32 - [TEST_STEP][PASSED] - click(findTestObject("Item Details Objects/Page_diagnostics/a_Procure_Directly_From_Seller")): Object: 'Object Repository/Item Details Objects/Page_diagnostics/a_Procure_Directly_From_Seller' is clicked on

2021-03-12 16:33:34 - [MESSAGE][PASSED] - Object: 'Object Repository/Item Details Objects/Page_diagnostics/a_Procure_Directly_From_Seller' is clicked on

2021-03-12 16:33:34 - [TEST_STEP][PASSED] - verifyElementPresent(findTestObject("Login Page/Page_diagnostics/div_Login_Page"), 0): Object 'Object Repository/Login Page/Page_diagnostics/div_Login_Page' is present

2021-03-12 16:33:34 - [MESSAGE][WARNING] - Timeout '0' is invalid. Using default page load timeout: '30'

2021-03-12 16:33:34 - [MESSAGE][PASSED] - Object 'Object Repository/Login Page/Page_diagnostics/div_Login_Page' is present

2021-03-12 16:33:34 - [TEST_STEP][PASSED] - callTestCase(findTestCase("Custom Item Details/UTILITIES/CLOSE_BROWSER"), [:], STOP_ON_FAILURE): Call Test Case 'Test Cases/Custom Item Details/UTILITIES/CLOSE_BROWSER' successfully

2021-03-12 16:33:35 - [TEST_CASE][PASSED] - Test Cases/Custom Item Details/UTILITIES/CLOSE_BROWSER: Test Cases/Custom Item Details/UTILITIES/CLOSE_BROWSER

2021-03-12 16:33:35 - [TEST_STEP][PASSED] - closeBrowser(): Browser is closed

2021-03-12 16:33:35 - [MESSAGE][PASSED] - Browser is closed

2021-03-12 16:33:35 - [MESSAGE][PASSED] - Call Test Case 'Test Cases/Custom Item Details/UTILITIES/CLOSE_BROWSER' successfully]]></system-out>
         <system-err><![CDATA[]]></system-err>
      </testcase>
      <testcase name="Test Cases/Custom Item Details/TEST CASE/TC_DETAILS_UI_022" time="28.27" classname="Test Cases/Custom Item Details/TEST CASE/TC_DETAILS_UI_022" status="PASSED">
         <system-out><![CDATA[2021-03-12 16:33:35 - [TEST_CASE][PASSED] - Test Cases/Custom Item Details/TEST CASE/TC_DETAILS_UI_022: Test Cases/Custom Item Details/TEST CASE/TC_DETAILS_UI_022

2021-03-12 16:33:35 - [TEST_STEP][PASSED] - callTestCase(findTestCase("Custom Item Details/UTILITIES/OPEN_BROWSER"), [:], STOP_ON_FAILURE): Call Test Case 'Test Cases/Custom Item Details/UTILITIES/OPEN_BROWSER' successfully

2021-03-12 16:33:35 - [TEST_CASE][PASSED] - Test Cases/Custom Item Details/UTILITIES/OPEN_BROWSER: Test Cases/Custom Item Details/UTILITIES/OPEN_BROWSER

2021-03-12 16:33:35 - [TEST_STEP][PASSED] - openBrowser("https://gdasandbox.test-arcadier.com/user/Item/Detail/itemAllCategories/6f43f390-e834-4bbf-acab-1306c6de728f"): Browser is opened with url: 'https://gdasandbox.test-arcadier.com/user/Item/Detail/itemAllCategories/6f43f390-e834-4bbf-acab-1306c6de728f'

2021-03-12 16:33:35 - [MESSAGE][INFO] - Starting 'Chrome' driver

2021-03-12 16:33:35 - [MESSAGE][INFO] - Action delay is set to 0 milliseconds

2021-03-12 16:33:48 - [MESSAGE][PASSED] - Browser is opened with url: 'https://gdasandbox.test-arcadier.com/user/Item/Detail/itemAllCategories/6f43f390-e834-4bbf-acab-1306c6de728f'

2021-03-12 16:33:48 - [MESSAGE][PASSED] - Call Test Case 'Test Cases/Custom Item Details/UTILITIES/OPEN_BROWSER' successfully

2021-03-12 16:33:48 - [TEST_STEP][PASSED] - waitForElementVisible(findTestObject("Item Details Objects/Page_diagnostics/a_Accept Cookies"), 0): Object 'Object Repository/Item Details Objects/Page_diagnostics/a_Accept Cookies' is visible

2021-03-12 16:33:48 - [MESSAGE][WARNING] - Timeout '0' is invalid. Using default page load timeout: '30'

2021-03-12 16:33:48 - [MESSAGE][PASSED] - Object 'Object Repository/Item Details Objects/Page_diagnostics/a_Accept Cookies' is visible

2021-03-12 16:33:48 - [TEST_STEP][PASSED] - click(findTestObject("Item Details Objects/Page_diagnostics/a_Accept Cookies")): Object: 'Object Repository/Item Details Objects/Page_diagnostics/a_Accept Cookies' is clicked on

2021-03-12 16:33:49 - [MESSAGE][PASSED] - Object: 'Object Repository/Item Details Objects/Page_diagnostics/a_Accept Cookies' is clicked on

2021-03-12 16:33:49 - [TEST_STEP][PASSED] - waitForElementVisible(findTestObject("Item Details Objects/Page_diagnostics/a_Procure_Directly_From_Seller"), 0): Object 'Object Repository/Item Details Objects/Page_diagnostics/a_Procure_Directly_From_Seller' is visible

2021-03-12 16:33:49 - [MESSAGE][WARNING] - Timeout '0' is invalid. Using default page load timeout: '30'

2021-03-12 16:33:49 - [MESSAGE][PASSED] - Object 'Object Repository/Item Details Objects/Page_diagnostics/a_Procure_Directly_From_Seller' is visible

2021-03-12 16:33:49 - [TEST_STEP][PASSED] - click(findTestObject("Item Details Objects/Page_diagnostics/a_Procure_Directly_From_Seller")): Object: 'Object Repository/Item Details Objects/Page_diagnostics/a_Procure_Directly_From_Seller' is clicked on

2021-03-12 16:33:50 - [MESSAGE][PASSED] - Object: 'Object Repository/Item Details Objects/Page_diagnostics/a_Procure_Directly_From_Seller' is clicked on

2021-03-12 16:33:50 - [TEST_STEP][PASSED] - verifyElementPresent(findTestObject("Login Page/Page_diagnostics/div_Login_Page"), 0): Object 'Object Repository/Login Page/Page_diagnostics/div_Login_Page' is present

2021-03-12 16:33:50 - [MESSAGE][WARNING] - Timeout '0' is invalid. Using default page load timeout: '30'

2021-03-12 16:33:51 - [MESSAGE][PASSED] - Object 'Object Repository/Login Page/Page_diagnostics/div_Login_Page' is present

2021-03-12 16:33:51 - [TEST_STEP][PASSED] - callTestCase(findTestCase("Custom Item Details/UTILITIES/LOGIN"), [:], STOP_ON_FAILURE): Call Test Case 'Test Cases/Custom Item Details/UTILITIES/LOGIN' successfully

2021-03-12 16:33:51 - [TEST_CASE][PASSED] - Test Cases/Custom Item Details/UTILITIES/LOGIN: Test Cases/Custom Item Details/UTILITIES/LOGIN

2021-03-12 16:33:51 - [TEST_STEP][PASSED] - click(findTestObject("Login Page/Page_diagnostics/a_Sign_In_as_ Buyer")): Object: 'Object Repository/Login Page/Page_diagnostics/a_Sign_In_as_ Buyer' is clicked on

2021-03-12 16:33:51 - [MESSAGE][PASSED] - Object: 'Object Repository/Login Page/Page_diagnostics/a_Sign_In_as_ Buyer' is clicked on

2021-03-12 16:33:51 - [TEST_STEP][PASSED] - setText(findTestObject("Login Page/Page_diagnostics/input_EmailUsername"), "admin"): Text 'admin' is set on object 'Object Repository/Login Page/Page_diagnostics/input_EmailUsername'

2021-03-12 16:33:52 - [MESSAGE][PASSED] - Text 'admin' is set on object 'Object Repository/Login Page/Page_diagnostics/input_EmailUsername'

2021-03-12 16:33:52 - [TEST_STEP][PASSED] - setText(findTestObject("Login Page/Page_diagnostics/input_Password"), "Diagnostics123!"): Text 'Diagnostics123!' is set on object 'Object Repository/Login Page/Page_diagnostics/input_Password'

2021-03-12 16:33:53 - [MESSAGE][PASSED] - Text 'Diagnostics123!' is set on object 'Object Repository/Login Page/Page_diagnostics/input_Password'

2021-03-12 16:33:53 - [TEST_STEP][PASSED] - click(findTestObject("Login Page/Page_diagnostics/input_Login-Submit")): Object: 'Object Repository/Login Page/Page_diagnostics/input_Login-Submit' is clicked on

2021-03-12 16:33:59 - [MESSAGE][PASSED] - Object: 'Object Repository/Login Page/Page_diagnostics/input_Login-Submit' is clicked on

2021-03-12 16:33:59 - [MESSAGE][PASSED] - Call Test Case 'Test Cases/Custom Item Details/UTILITIES/LOGIN' successfully

2021-03-12 16:33:59 - [TEST_STEP][PASSED] - callTestCase(findTestCase("Custom Item Details/UTILITIES/ITEM_DETAIL_PAGE"), [:], STOP_ON_FAILURE): Call Test Case 'Test Cases/Custom Item Details/UTILITIES/ITEM_DETAIL_PAGE' successfully

2021-03-12 16:33:59 - [TEST_CASE][PASSED] - Test Cases/Custom Item Details/UTILITIES/ITEM_DETAIL_PAGE: Test Cases/Custom Item Details/UTILITIES/ITEM_DETAIL_PAGE

2021-03-12 16:33:59 - [TEST_STEP][PASSED] - navigateToUrl("https://gdasandbox.test-arcadier.com/user/item/detail/gdaagencyfind/59fde34e-4dcb-44b5-bdcd-2bde962c0cb5"): Navigate to 'https://gdasandbox.test-arcadier.com/user/item/detail/gdaagencyfind/59fde34e-4dcb-44b5-bdcd-2bde962c0cb5' successfully

2021-03-12 16:34:00 - [MESSAGE][PASSED] - Navigate to 'https://gdasandbox.test-arcadier.com/user/item/detail/gdaagencyfind/59fde34e-4dcb-44b5-bdcd-2bde962c0cb5' successfully

2021-03-12 16:34:00 - [MESSAGE][PASSED] - Call Test Case 'Test Cases/Custom Item Details/UTILITIES/ITEM_DETAIL_PAGE' successfully

2021-03-12 16:34:00 - [TEST_STEP][PASSED] - click(findTestObject("Item Details Objects/Page_diagnostics/a_Procure_from_other_Agencies")): Object: 'Object Repository/Item Details Objects/Page_diagnostics/a_Procure_from_other_Agencies' is clicked on

2021-03-12 16:34:02 - [MESSAGE][PASSED] - Object: 'Object Repository/Item Details Objects/Page_diagnostics/a_Procure_from_other_Agencies' is clicked on

2021-03-12 16:34:02 - [TEST_STEP][PASSED] - verifyElementVisible(findTestObject("Item Details Objects/Page_diagnostics/div_Jotform")): Object 'Object Repository/Item Details Objects/Page_diagnostics/div_Jotform' is visible

2021-03-12 16:34:03 - [MESSAGE][PASSED] - Object 'Object Repository/Item Details Objects/Page_diagnostics/div_Jotform' is visible

2021-03-12 16:34:03 - [TEST_STEP][PASSED] - callTestCase(findTestCase("Custom Item Details/UTILITIES/CLOSE_BROWSER"), [:], STOP_ON_FAILURE): Call Test Case 'Test Cases/Custom Item Details/UTILITIES/CLOSE_BROWSER' successfully

2021-03-12 16:34:03 - [TEST_CASE][PASSED] - Test Cases/Custom Item Details/UTILITIES/CLOSE_BROWSER: Test Cases/Custom Item Details/UTILITIES/CLOSE_BROWSER

2021-03-12 16:34:03 - [TEST_STEP][PASSED] - closeBrowser(): Browser is closed

2021-03-12 16:34:03 - [MESSAGE][PASSED] - Browser is closed

2021-03-12 16:34:03 - [MESSAGE][PASSED] - Call Test Case 'Test Cases/Custom Item Details/UTILITIES/CLOSE_BROWSER' successfully]]></system-out>
         <system-err><![CDATA[]]></system-err>
      </testcase>
      <testcase name="Test Cases/Custom Item Details/TEST CASE/TC_DETAILS_UI_023" time="30.216" classname="Test Cases/Custom Item Details/TEST CASE/TC_DETAILS_UI_023" status="PASSED">
         <system-out><![CDATA[2021-03-12 16:34:03 - [TEST_CASE][PASSED] - Test Cases/Custom Item Details/TEST CASE/TC_DETAILS_UI_023: Test Cases/Custom Item Details/TEST CASE/TC_DETAILS_UI_023

2021-03-12 16:34:04 - [TEST_STEP][PASSED] - callTestCase(findTestCase("Custom Item Details/UTILITIES/OPEN_BROWSER"), [:], STOP_ON_FAILURE): Call Test Case 'Test Cases/Custom Item Details/UTILITIES/OPEN_BROWSER' successfully

2021-03-12 16:34:04 - [TEST_CASE][PASSED] - Test Cases/Custom Item Details/UTILITIES/OPEN_BROWSER: Test Cases/Custom Item Details/UTILITIES/OPEN_BROWSER

2021-03-12 16:34:04 - [TEST_STEP][PASSED] - openBrowser("https://gdasandbox.test-arcadier.com/user/Item/Detail/itemAllCategories/6f43f390-e834-4bbf-acab-1306c6de728f"): Browser is opened with url: 'https://gdasandbox.test-arcadier.com/user/Item/Detail/itemAllCategories/6f43f390-e834-4bbf-acab-1306c6de728f'

2021-03-12 16:34:04 - [MESSAGE][INFO] - Starting 'Chrome' driver

2021-03-12 16:34:04 - [MESSAGE][INFO] - Action delay is set to 0 milliseconds

2021-03-12 16:34:16 - [MESSAGE][PASSED] - Browser is opened with url: 'https://gdasandbox.test-arcadier.com/user/Item/Detail/itemAllCategories/6f43f390-e834-4bbf-acab-1306c6de728f'

2021-03-12 16:34:16 - [MESSAGE][PASSED] - Call Test Case 'Test Cases/Custom Item Details/UTILITIES/OPEN_BROWSER' successfully

2021-03-12 16:34:16 - [TEST_STEP][PASSED] - waitForElementVisible(findTestObject("Item Details Objects/Page_diagnostics/a_Accept Cookies"), 0): Object 'Object Repository/Item Details Objects/Page_diagnostics/a_Accept Cookies' is visible

2021-03-12 16:34:16 - [MESSAGE][WARNING] - Timeout '0' is invalid. Using default page load timeout: '30'

2021-03-12 16:34:18 - [MESSAGE][PASSED] - Object 'Object Repository/Item Details Objects/Page_diagnostics/a_Accept Cookies' is visible

2021-03-12 16:34:18 - [TEST_STEP][PASSED] - click(findTestObject("Item Details Objects/Page_diagnostics/a_Accept Cookies")): Object: 'Object Repository/Item Details Objects/Page_diagnostics/a_Accept Cookies' is clicked on

2021-03-12 16:34:18 - [MESSAGE][PASSED] - Object: 'Object Repository/Item Details Objects/Page_diagnostics/a_Accept Cookies' is clicked on

2021-03-12 16:34:18 - [TEST_STEP][PASSED] - waitForElementVisible(findTestObject("Item Details Objects/Page_diagnostics/a_Procure_Directly_From_Seller"), 0): Object 'Object Repository/Item Details Objects/Page_diagnostics/a_Procure_Directly_From_Seller' is visible

2021-03-12 16:34:18 - [MESSAGE][WARNING] - Timeout '0' is invalid. Using default page load timeout: '30'

2021-03-12 16:34:19 - [MESSAGE][PASSED] - Object 'Object Repository/Item Details Objects/Page_diagnostics/a_Procure_Directly_From_Seller' is visible

2021-03-12 16:34:19 - [TEST_STEP][PASSED] - click(findTestObject("Item Details Objects/Page_diagnostics/a_Procure_Directly_From_Seller")): Object: 'Object Repository/Item Details Objects/Page_diagnostics/a_Procure_Directly_From_Seller' is clicked on

2021-03-12 16:34:20 - [MESSAGE][PASSED] - Object: 'Object Repository/Item Details Objects/Page_diagnostics/a_Procure_Directly_From_Seller' is clicked on

2021-03-12 16:34:20 - [TEST_STEP][PASSED] - verifyElementPresent(findTestObject("Login Page/Page_diagnostics/div_Login_Page"), 0): Object 'Object Repository/Login Page/Page_diagnostics/div_Login_Page' is present

2021-03-12 16:34:20 - [MESSAGE][WARNING] - Timeout '0' is invalid. Using default page load timeout: '30'

2021-03-12 16:34:20 - [MESSAGE][PASSED] - Object 'Object Repository/Login Page/Page_diagnostics/div_Login_Page' is present

2021-03-12 16:34:20 - [TEST_STEP][PASSED] - callTestCase(findTestCase("Custom Item Details/UTILITIES/LOGIN"), [:], STOP_ON_FAILURE): Call Test Case 'Test Cases/Custom Item Details/UTILITIES/LOGIN' successfully

2021-03-12 16:34:20 - [TEST_CASE][PASSED] - Test Cases/Custom Item Details/UTILITIES/LOGIN: Test Cases/Custom Item Details/UTILITIES/LOGIN

2021-03-12 16:34:20 - [TEST_STEP][PASSED] - click(findTestObject("Login Page/Page_diagnostics/a_Sign_In_as_ Buyer")): Object: 'Object Repository/Login Page/Page_diagnostics/a_Sign_In_as_ Buyer' is clicked on

2021-03-12 16:34:21 - [MESSAGE][PASSED] - Object: 'Object Repository/Login Page/Page_diagnostics/a_Sign_In_as_ Buyer' is clicked on

2021-03-12 16:34:21 - [TEST_STEP][PASSED] - setText(findTestObject("Login Page/Page_diagnostics/input_EmailUsername"), "admin"): Text 'admin' is set on object 'Object Repository/Login Page/Page_diagnostics/input_EmailUsername'

2021-03-12 16:34:21 - [MESSAGE][PASSED] - Text 'admin' is set on object 'Object Repository/Login Page/Page_diagnostics/input_EmailUsername'

2021-03-12 16:34:21 - [TEST_STEP][PASSED] - setText(findTestObject("Login Page/Page_diagnostics/input_Password"), "Diagnostics123!"): Text 'Diagnostics123!' is set on object 'Object Repository/Login Page/Page_diagnostics/input_Password'

2021-03-12 16:34:22 - [MESSAGE][PASSED] - Text 'Diagnostics123!' is set on object 'Object Repository/Login Page/Page_diagnostics/input_Password'

2021-03-12 16:34:22 - [TEST_STEP][PASSED] - click(findTestObject("Login Page/Page_diagnostics/input_Login-Submit")): Object: 'Object Repository/Login Page/Page_diagnostics/input_Login-Submit' is clicked on

2021-03-12 16:34:28 - [MESSAGE][PASSED] - Object: 'Object Repository/Login Page/Page_diagnostics/input_Login-Submit' is clicked on

2021-03-12 16:34:28 - [MESSAGE][PASSED] - Call Test Case 'Test Cases/Custom Item Details/UTILITIES/LOGIN' successfully

2021-03-12 16:34:28 - [TEST_STEP][PASSED] - callTestCase(findTestCase("Custom Item Details/UTILITIES/ITEM_DETAIL_PAGE"), [:], STOP_ON_FAILURE): Call Test Case 'Test Cases/Custom Item Details/UTILITIES/ITEM_DETAIL_PAGE' successfully

2021-03-12 16:34:28 - [TEST_CASE][PASSED] - Test Cases/Custom Item Details/UTILITIES/ITEM_DETAIL_PAGE: Test Cases/Custom Item Details/UTILITIES/ITEM_DETAIL_PAGE

2021-03-12 16:34:28 - [TEST_STEP][PASSED] - navigateToUrl("https://gdasandbox.test-arcadier.com/user/item/detail/gdaagencyfind/59fde34e-4dcb-44b5-bdcd-2bde962c0cb5"): Navigate to 'https://gdasandbox.test-arcadier.com/user/item/detail/gdaagencyfind/59fde34e-4dcb-44b5-bdcd-2bde962c0cb5' successfully

2021-03-12 16:34:29 - [MESSAGE][PASSED] - Navigate to 'https://gdasandbox.test-arcadier.com/user/item/detail/gdaagencyfind/59fde34e-4dcb-44b5-bdcd-2bde962c0cb5' successfully

2021-03-12 16:34:29 - [MESSAGE][PASSED] - Call Test Case 'Test Cases/Custom Item Details/UTILITIES/ITEM_DETAIL_PAGE' successfully

2021-03-12 16:34:29 - [TEST_STEP][PASSED] - click(findTestObject("Item Details Objects/Page_diagnostics/a_Procure_Directly_From_Seller")): Object: 'Object Repository/Item Details Objects/Page_diagnostics/a_Procure_Directly_From_Seller' is clicked on

2021-03-12 16:34:31 - [MESSAGE][PASSED] - Object: 'Object Repository/Item Details Objects/Page_diagnostics/a_Procure_Directly_From_Seller' is clicked on

2021-03-12 16:34:31 - [TEST_STEP][PASSED] - verifyElementPresent(findTestObject("Cart/Page_diagnostics/div_VIEW_CART_Area"), 0): Object 'Object Repository/Cart/Page_diagnostics/div_VIEW_CART_Area' is present

2021-03-12 16:34:31 - [MESSAGE][WARNING] - Timeout '0' is invalid. Using default page load timeout: '30'

2021-03-12 16:34:32 - [MESSAGE][PASSED] - Object 'Object Repository/Cart/Page_diagnostics/div_VIEW_CART_Area' is present

2021-03-12 16:34:32 - [TEST_STEP][PASSED] - mouseOver(findTestObject("Item Details Objects/Page_diagnostics/a_Cart_visible-xs")): Object: 'Object Repository/Item Details Objects/Page_diagnostics/a_Cart_visible-xs' is hovered

2021-03-12 16:34:33 - [MESSAGE][PASSED] - Object: 'Object Repository/Item Details Objects/Page_diagnostics/a_Cart_visible-xs' is hovered

2021-03-12 16:34:33 - [TEST_STEP][PASSED] - callTestCase(findTestCase("Custom Item Details/UTILITIES/CLOSE_BROWSER"), [:], STOP_ON_FAILURE): Call Test Case 'Test Cases/Custom Item Details/UTILITIES/CLOSE_BROWSER' successfully

2021-03-12 16:34:33 - [TEST_CASE][PASSED] - Test Cases/Custom Item Details/UTILITIES/CLOSE_BROWSER: Test Cases/Custom Item Details/UTILITIES/CLOSE_BROWSER

2021-03-12 16:34:33 - [TEST_STEP][PASSED] - closeBrowser(): Browser is closed

2021-03-12 16:34:34 - [MESSAGE][PASSED] - Browser is closed

2021-03-12 16:34:34 - [MESSAGE][PASSED] - Call Test Case 'Test Cases/Custom Item Details/UTILITIES/CLOSE_BROWSER' successfully]]></system-out>
         <system-err><![CDATA[]]></system-err>
      </testcase>
      <testcase name="Test Cases/Custom Item Details/TEST CASE/TC_DETAILS_UI_024" time="45.541" classname="Test Cases/Custom Item Details/TEST CASE/TC_DETAILS_UI_024" status="PASSED">
         <system-out><![CDATA[2021-03-12 16:34:34 - [TEST_CASE][PASSED] - Test Cases/Custom Item Details/TEST CASE/TC_DETAILS_UI_024: Test Cases/Custom Item Details/TEST CASE/TC_DETAILS_UI_024

2021-03-12 16:34:34 - [TEST_STEP][PASSED] - callTestCase(findTestCase("Custom Item Details/UTILITIES/OPEN_BROWSER"), [:], STOP_ON_FAILURE): Call Test Case 'Test Cases/Custom Item Details/UTILITIES/OPEN_BROWSER' successfully

2021-03-12 16:34:34 - [TEST_CASE][PASSED] - Test Cases/Custom Item Details/UTILITIES/OPEN_BROWSER: Test Cases/Custom Item Details/UTILITIES/OPEN_BROWSER

2021-03-12 16:34:34 - [TEST_STEP][PASSED] - openBrowser("https://gdasandbox.test-arcadier.com/user/Item/Detail/itemAllCategories/6f43f390-e834-4bbf-acab-1306c6de728f"): Browser is opened with url: 'https://gdasandbox.test-arcadier.com/user/Item/Detail/itemAllCategories/6f43f390-e834-4bbf-acab-1306c6de728f'

2021-03-12 16:34:34 - [MESSAGE][INFO] - Starting 'Chrome' driver

2021-03-12 16:34:34 - [MESSAGE][INFO] - Action delay is set to 0 milliseconds

2021-03-12 16:34:46 - [MESSAGE][PASSED] - Browser is opened with url: 'https://gdasandbox.test-arcadier.com/user/Item/Detail/itemAllCategories/6f43f390-e834-4bbf-acab-1306c6de728f'

2021-03-12 16:34:46 - [MESSAGE][PASSED] - Call Test Case 'Test Cases/Custom Item Details/UTILITIES/OPEN_BROWSER' successfully

2021-03-12 16:34:46 - [TEST_STEP][PASSED] - waitForElementVisible(findTestObject("Item Details Objects/Page_diagnostics/a_Accept Cookies"), 0): Object 'Object Repository/Item Details Objects/Page_diagnostics/a_Accept Cookies' is visible

2021-03-12 16:34:46 - [MESSAGE][WARNING] - Timeout '0' is invalid. Using default page load timeout: '30'

2021-03-12 16:34:48 - [MESSAGE][PASSED] - Object 'Object Repository/Item Details Objects/Page_diagnostics/a_Accept Cookies' is visible

2021-03-12 16:34:48 - [TEST_STEP][PASSED] - click(findTestObject("Item Details Objects/Page_diagnostics/a_Accept Cookies")): Object: 'Object Repository/Item Details Objects/Page_diagnostics/a_Accept Cookies' is clicked on

2021-03-12 16:34:48 - [MESSAGE][PASSED] - Object: 'Object Repository/Item Details Objects/Page_diagnostics/a_Accept Cookies' is clicked on

2021-03-12 16:34:48 - [TEST_STEP][PASSED] - waitForElementVisible(findTestObject("Item Details Objects/Page_diagnostics/Page_diagnostics/span_Independent_evaluation"), 0): Object 'Object Repository/Item Details Objects/Page_diagnostics/Page_diagnostics/span_Independent_evaluation' is not visible after 30 second(s)

2021-03-12 16:34:48 - [MESSAGE][WARNING] - Timeout '0' is invalid. Using default page load timeout: '30'

2021-03-12 16:35:18 - [MESSAGE][WARNING] - Object 'Object Repository/Item Details Objects/Page_diagnostics/Page_diagnostics/span_Independent_evaluation' is not visible after 30 second(s)

2021-03-12 16:35:18 - [TEST_STEP][PASSED] - verifyElementPresent(findTestObject("Item Details Objects/Page_diagnostics/Page_diagnostics/span_Independent_evaluation"), 0): Object 'Object Repository/Item Details Objects/Page_diagnostics/Page_diagnostics/span_Independent_evaluation' is present

2021-03-12 16:35:18 - [MESSAGE][WARNING] - Timeout '0' is invalid. Using default page load timeout: '30'

2021-03-12 16:35:19 - [MESSAGE][PASSED] - Object 'Object Repository/Item Details Objects/Page_diagnostics/Page_diagnostics/span_Independent_evaluation' is present

2021-03-12 16:35:19 - [TEST_STEP][PASSED] - callTestCase(findTestCase("Custom Item Details/UTILITIES/CLOSE_BROWSER"), [:], STOP_ON_FAILURE): Call Test Case 'Test Cases/Custom Item Details/UTILITIES/CLOSE_BROWSER' successfully

2021-03-12 16:35:19 - [TEST_CASE][PASSED] - Test Cases/Custom Item Details/UTILITIES/CLOSE_BROWSER: Test Cases/Custom Item Details/UTILITIES/CLOSE_BROWSER

2021-03-12 16:35:19 - [TEST_STEP][PASSED] - closeBrowser(): Browser is closed

2021-03-12 16:35:19 - [MESSAGE][PASSED] - Browser is closed

2021-03-12 16:35:19 - [MESSAGE][PASSED] - Call Test Case 'Test Cases/Custom Item Details/UTILITIES/CLOSE_BROWSER' successfully]]></system-out>
         <system-err><![CDATA[]]></system-err>
      </testcase>
      <testcase name="Test Cases/Custom Item Details/TEST CASE/TC_DETAILS_UI_025" time="45.75" classname="Test Cases/Custom Item Details/TEST CASE/TC_DETAILS_UI_025" status="PASSED">
         <system-out><![CDATA[2021-03-12 16:35:19 - [TEST_CASE][PASSED] - Test Cases/Custom Item Details/TEST CASE/TC_DETAILS_UI_025: Test Cases/Custom Item Details/TEST CASE/TC_DETAILS_UI_025

2021-03-12 16:35:19 - [TEST_STEP][PASSED] - callTestCase(findTestCase("Custom Item Details/UTILITIES/OPEN_BROWSER"), [:], STOP_ON_FAILURE): Call Test Case 'Test Cases/Custom Item Details/UTILITIES/OPEN_BROWSER' successfully

2021-03-12 16:35:19 - [TEST_CASE][PASSED] - Test Cases/Custom Item Details/UTILITIES/OPEN_BROWSER: Test Cases/Custom Item Details/UTILITIES/OPEN_BROWSER

2021-03-12 16:35:19 - [TEST_STEP][PASSED] - openBrowser("https://gdasandbox.test-arcadier.com/user/Item/Detail/itemAllCategories/6f43f390-e834-4bbf-acab-1306c6de728f"): Browser is opened with url: 'https://gdasandbox.test-arcadier.com/user/Item/Detail/itemAllCategories/6f43f390-e834-4bbf-acab-1306c6de728f'

2021-03-12 16:35:19 - [MESSAGE][INFO] - Starting 'Chrome' driver

2021-03-12 16:35:19 - [MESSAGE][INFO] - Action delay is set to 0 milliseconds

2021-03-12 16:35:32 - [MESSAGE][PASSED] - Browser is opened with url: 'https://gdasandbox.test-arcadier.com/user/Item/Detail/itemAllCategories/6f43f390-e834-4bbf-acab-1306c6de728f'

2021-03-12 16:35:32 - [MESSAGE][PASSED] - Call Test Case 'Test Cases/Custom Item Details/UTILITIES/OPEN_BROWSER' successfully

2021-03-12 16:35:32 - [TEST_STEP][PASSED] - waitForElementVisible(findTestObject("Item Details Objects/Page_diagnostics/a_Accept Cookies"), 0): Object 'Object Repository/Item Details Objects/Page_diagnostics/a_Accept Cookies' is visible

2021-03-12 16:35:32 - [MESSAGE][WARNING] - Timeout '0' is invalid. Using default page load timeout: '30'

2021-03-12 16:35:33 - [MESSAGE][PASSED] - Object 'Object Repository/Item Details Objects/Page_diagnostics/a_Accept Cookies' is visible

2021-03-12 16:35:33 - [TEST_STEP][PASSED] - click(findTestObject("Item Details Objects/Page_diagnostics/a_Accept Cookies")): Object: 'Object Repository/Item Details Objects/Page_diagnostics/a_Accept Cookies' is clicked on

2021-03-12 16:35:34 - [MESSAGE][PASSED] - Object: 'Object Repository/Item Details Objects/Page_diagnostics/a_Accept Cookies' is clicked on

2021-03-12 16:35:34 - [TEST_STEP][PASSED] - waitForElementVisible(findTestObject("Item Details Objects/Page_diagnostics/Page_diagnostics/span_FIND_evaluation"), 0): Object 'Object Repository/Item Details Objects/Page_diagnostics/Page_diagnostics/span_FIND_evaluation' is not visible after 30 second(s)

2021-03-12 16:35:34 - [MESSAGE][WARNING] - Timeout '0' is invalid. Using default page load timeout: '30'

2021-03-12 16:36:04 - [MESSAGE][WARNING] - Object 'Object Repository/Item Details Objects/Page_diagnostics/Page_diagnostics/span_FIND_evaluation' is not visible after 30 second(s)

2021-03-12 16:36:04 - [TEST_STEP][PASSED] - verifyElementPresent(findTestObject("Item Details Objects/Page_diagnostics/Page_diagnostics/span_FIND_evaluation"), 0): Object 'Object Repository/Item Details Objects/Page_diagnostics/Page_diagnostics/span_FIND_evaluation' is present

2021-03-12 16:36:04 - [MESSAGE][WARNING] - Timeout '0' is invalid. Using default page load timeout: '30'

2021-03-12 16:36:04 - [MESSAGE][PASSED] - Object 'Object Repository/Item Details Objects/Page_diagnostics/Page_diagnostics/span_FIND_evaluation' is present

2021-03-12 16:36:04 - [TEST_STEP][PASSED] - callTestCase(findTestCase("Custom Item Details/UTILITIES/CLOSE_BROWSER"), [:], STOP_ON_FAILURE): Call Test Case 'Test Cases/Custom Item Details/UTILITIES/CLOSE_BROWSER' successfully

2021-03-12 16:36:04 - [TEST_CASE][PASSED] - Test Cases/Custom Item Details/UTILITIES/CLOSE_BROWSER: Test Cases/Custom Item Details/UTILITIES/CLOSE_BROWSER

2021-03-12 16:36:04 - [TEST_STEP][PASSED] - closeBrowser(): Browser is closed

2021-03-12 16:36:05 - [MESSAGE][PASSED] - Browser is closed

2021-03-12 16:36:05 - [MESSAGE][PASSED] - Call Test Case 'Test Cases/Custom Item Details/UTILITIES/CLOSE_BROWSER' successfully]]></system-out>
         <system-err><![CDATA[]]></system-err>
      </testcase>
      <testcase name="Test Cases/Custom Item Details/TEST CASE/TC_DETAILS_UI_026" time="45.699" classname="Test Cases/Custom Item Details/TEST CASE/TC_DETAILS_UI_026" status="PASSED">
         <system-out><![CDATA[2021-03-12 16:36:05 - [TEST_CASE][PASSED] - Test Cases/Custom Item Details/TEST CASE/TC_DETAILS_UI_026: Test Cases/Custom Item Details/TEST CASE/TC_DETAILS_UI_026

2021-03-12 16:36:05 - [TEST_STEP][PASSED] - callTestCase(findTestCase("Custom Item Details/UTILITIES/OPEN_BROWSER"), [:], STOP_ON_FAILURE): Call Test Case 'Test Cases/Custom Item Details/UTILITIES/OPEN_BROWSER' successfully

2021-03-12 16:36:05 - [TEST_CASE][PASSED] - Test Cases/Custom Item Details/UTILITIES/OPEN_BROWSER: Test Cases/Custom Item Details/UTILITIES/OPEN_BROWSER

2021-03-12 16:36:05 - [TEST_STEP][PASSED] - openBrowser("https://gdasandbox.test-arcadier.com/user/Item/Detail/itemAllCategories/6f43f390-e834-4bbf-acab-1306c6de728f"): Browser is opened with url: 'https://gdasandbox.test-arcadier.com/user/Item/Detail/itemAllCategories/6f43f390-e834-4bbf-acab-1306c6de728f'

2021-03-12 16:36:05 - [MESSAGE][INFO] - Starting 'Chrome' driver

2021-03-12 16:36:05 - [MESSAGE][INFO] - Action delay is set to 0 milliseconds

2021-03-12 16:36:18 - [MESSAGE][PASSED] - Browser is opened with url: 'https://gdasandbox.test-arcadier.com/user/Item/Detail/itemAllCategories/6f43f390-e834-4bbf-acab-1306c6de728f'

2021-03-12 16:36:18 - [MESSAGE][PASSED] - Call Test Case 'Test Cases/Custom Item Details/UTILITIES/OPEN_BROWSER' successfully

2021-03-12 16:36:18 - [TEST_STEP][PASSED] - waitForElementVisible(findTestObject("Item Details Objects/Page_diagnostics/a_Accept Cookies"), 0): Object 'Object Repository/Item Details Objects/Page_diagnostics/a_Accept Cookies' is visible

2021-03-12 16:36:18 - [MESSAGE][WARNING] - Timeout '0' is invalid. Using default page load timeout: '30'

2021-03-12 16:36:19 - [MESSAGE][PASSED] - Object 'Object Repository/Item Details Objects/Page_diagnostics/a_Accept Cookies' is visible

2021-03-12 16:36:19 - [TEST_STEP][PASSED] - click(findTestObject("Item Details Objects/Page_diagnostics/a_Accept Cookies")): Object: 'Object Repository/Item Details Objects/Page_diagnostics/a_Accept Cookies' is clicked on

2021-03-12 16:36:19 - [MESSAGE][PASSED] - Object: 'Object Repository/Item Details Objects/Page_diagnostics/a_Accept Cookies' is clicked on

2021-03-12 16:36:19 - [TEST_STEP][PASSED] - waitForElementVisible(findTestObject("Item Details Objects/Page_diagnostics/Page_diagnostics/span_Shelf_life"), 0): Object 'Object Repository/Item Details Objects/Page_diagnostics/Page_diagnostics/span_Shelf_life' is not visible after 30 second(s)

2021-03-12 16:36:19 - [MESSAGE][WARNING] - Timeout '0' is invalid. Using default page load timeout: '30'

2021-03-12 16:36:50 - [MESSAGE][WARNING] - Object 'Object Repository/Item Details Objects/Page_diagnostics/Page_diagnostics/span_Shelf_life' is not visible after 30 second(s)

2021-03-12 16:36:50 - [TEST_STEP][PASSED] - verifyElementPresent(findTestObject("Item Details Objects/Page_diagnostics/Page_diagnostics/span_Shelf_life"), 0): Object 'Object Repository/Item Details Objects/Page_diagnostics/Page_diagnostics/span_Shelf_life' is present

2021-03-12 16:36:50 - [MESSAGE][WARNING] - Timeout '0' is invalid. Using default page load timeout: '30'

2021-03-12 16:36:50 - [MESSAGE][PASSED] - Object 'Object Repository/Item Details Objects/Page_diagnostics/Page_diagnostics/span_Shelf_life' is present

2021-03-12 16:36:50 - [TEST_STEP][PASSED] - callTestCase(findTestCase("Custom Item Details/UTILITIES/CLOSE_BROWSER"), [:], STOP_ON_FAILURE): Call Test Case 'Test Cases/Custom Item Details/UTILITIES/CLOSE_BROWSER' successfully

2021-03-12 16:36:50 - [TEST_CASE][PASSED] - Test Cases/Custom Item Details/UTILITIES/CLOSE_BROWSER: Test Cases/Custom Item Details/UTILITIES/CLOSE_BROWSER

2021-03-12 16:36:50 - [TEST_STEP][PASSED] - closeBrowser(): Browser is closed

2021-03-12 16:36:51 - [MESSAGE][PASSED] - Browser is closed

2021-03-12 16:36:51 - [MESSAGE][PASSED] - Call Test Case 'Test Cases/Custom Item Details/UTILITIES/CLOSE_BROWSER' successfully]]></system-out>
         <system-err><![CDATA[]]></system-err>
      </testcase>
      <testcase name="Test Cases/Custom Item Details/TEST CASE/TC_DETAILS_UI_027" time="46.439" classname="Test Cases/Custom Item Details/TEST CASE/TC_DETAILS_UI_027" status="PASSED">
         <system-out><![CDATA[2021-03-12 16:36:51 - [TEST_CASE][PASSED] - Test Cases/Custom Item Details/TEST CASE/TC_DETAILS_UI_027: Test Cases/Custom Item Details/TEST CASE/TC_DETAILS_UI_027

2021-03-12 16:36:51 - [TEST_STEP][PASSED] - callTestCase(findTestCase("Custom Item Details/UTILITIES/OPEN_BROWSER"), [:], STOP_ON_FAILURE): Call Test Case 'Test Cases/Custom Item Details/UTILITIES/OPEN_BROWSER' successfully

2021-03-12 16:36:51 - [TEST_CASE][PASSED] - Test Cases/Custom Item Details/UTILITIES/OPEN_BROWSER: Test Cases/Custom Item Details/UTILITIES/OPEN_BROWSER

2021-03-12 16:36:51 - [TEST_STEP][PASSED] - openBrowser("https://gdasandbox.test-arcadier.com/user/Item/Detail/itemAllCategories/6f43f390-e834-4bbf-acab-1306c6de728f"): Browser is opened with url: 'https://gdasandbox.test-arcadier.com/user/Item/Detail/itemAllCategories/6f43f390-e834-4bbf-acab-1306c6de728f'

2021-03-12 16:36:51 - [MESSAGE][INFO] - Starting 'Chrome' driver

2021-03-12 16:36:51 - [MESSAGE][INFO] - Action delay is set to 0 milliseconds

2021-03-12 16:37:04 - [MESSAGE][PASSED] - Browser is opened with url: 'https://gdasandbox.test-arcadier.com/user/Item/Detail/itemAllCategories/6f43f390-e834-4bbf-acab-1306c6de728f'

2021-03-12 16:37:04 - [MESSAGE][PASSED] - Call Test Case 'Test Cases/Custom Item Details/UTILITIES/OPEN_BROWSER' successfully

2021-03-12 16:37:04 - [TEST_STEP][PASSED] - waitForElementVisible(findTestObject("Item Details Objects/Page_diagnostics/a_Accept Cookies"), 0): Object 'Object Repository/Item Details Objects/Page_diagnostics/a_Accept Cookies' is visible

2021-03-12 16:37:04 - [MESSAGE][WARNING] - Timeout '0' is invalid. Using default page load timeout: '30'

2021-03-12 16:37:05 - [MESSAGE][PASSED] - Object 'Object Repository/Item Details Objects/Page_diagnostics/a_Accept Cookies' is visible

2021-03-12 16:37:05 - [TEST_STEP][PASSED] - click(findTestObject("Item Details Objects/Page_diagnostics/a_Accept Cookies")): Object: 'Object Repository/Item Details Objects/Page_diagnostics/a_Accept Cookies' is clicked on

2021-03-12 16:37:06 - [MESSAGE][PASSED] - Object: 'Object Repository/Item Details Objects/Page_diagnostics/a_Accept Cookies' is clicked on

2021-03-12 16:37:06 - [TEST_STEP][PASSED] - waitForElementVisible(findTestObject("Item Details Objects/Page_diagnostics/Page_diagnostics/span_Packaging_labeling"), 0): Object 'Object Repository/Item Details Objects/Page_diagnostics/Page_diagnostics/span_Packaging_labeling' is not visible after 30 second(s)

2021-03-12 16:37:06 - [MESSAGE][WARNING] - Timeout '0' is invalid. Using default page load timeout: '30'

2021-03-12 16:37:36 - [MESSAGE][WARNING] - Object 'Object Repository/Item Details Objects/Page_diagnostics/Page_diagnostics/span_Packaging_labeling' is not visible after 30 second(s)

2021-03-12 16:37:36 - [TEST_STEP][PASSED] - verifyElementPresent(findTestObject("Item Details Objects/Page_diagnostics/Page_diagnostics/span_Packaging_labeling"), 0): Object 'Object Repository/Item Details Objects/Page_diagnostics/Page_diagnostics/span_Packaging_labeling' is present

2021-03-12 16:37:36 - [MESSAGE][WARNING] - Timeout '0' is invalid. Using default page load timeout: '30'

2021-03-12 16:37:36 - [MESSAGE][PASSED] - Object 'Object Repository/Item Details Objects/Page_diagnostics/Page_diagnostics/span_Packaging_labeling' is present

2021-03-12 16:37:36 - [TEST_STEP][PASSED] - callTestCase(findTestCase("Custom Item Details/UTILITIES/CLOSE_BROWSER"), [:], STOP_ON_FAILURE): Call Test Case 'Test Cases/Custom Item Details/UTILITIES/CLOSE_BROWSER' successfully

2021-03-12 16:37:36 - [TEST_CASE][PASSED] - Test Cases/Custom Item Details/UTILITIES/CLOSE_BROWSER: Test Cases/Custom Item Details/UTILITIES/CLOSE_BROWSER

2021-03-12 16:37:36 - [TEST_STEP][PASSED] - closeBrowser(): Browser is closed

2021-03-12 16:37:37 - [MESSAGE][PASSED] - Browser is closed

2021-03-12 16:37:37 - [MESSAGE][PASSED] - Call Test Case 'Test Cases/Custom Item Details/UTILITIES/CLOSE_BROWSER' successfully]]></system-out>
         <system-err><![CDATA[]]></system-err>
      </testcase>
      <testcase name="Test Cases/Custom Item Details/TEST CASE/TC_DETAILS_UI_028" time="45.399" classname="Test Cases/Custom Item Details/TEST CASE/TC_DETAILS_UI_028" status="PASSED">
         <system-out><![CDATA[2021-03-12 16:37:37 - [TEST_CASE][PASSED] - Test Cases/Custom Item Details/TEST CASE/TC_DETAILS_UI_028: Test Cases/Custom Item Details/TEST CASE/TC_DETAILS_UI_028

2021-03-12 16:37:37 - [TEST_STEP][PASSED] - callTestCase(findTestCase("Custom Item Details/UTILITIES/OPEN_BROWSER"), [:], STOP_ON_FAILURE): Call Test Case 'Test Cases/Custom Item Details/UTILITIES/OPEN_BROWSER' successfully

2021-03-12 16:37:37 - [TEST_CASE][PASSED] - Test Cases/Custom Item Details/UTILITIES/OPEN_BROWSER: Test Cases/Custom Item Details/UTILITIES/OPEN_BROWSER

2021-03-12 16:37:37 - [TEST_STEP][PASSED] - openBrowser("https://gdasandbox.test-arcadier.com/user/Item/Detail/itemAllCategories/6f43f390-e834-4bbf-acab-1306c6de728f"): Browser is opened with url: 'https://gdasandbox.test-arcadier.com/user/Item/Detail/itemAllCategories/6f43f390-e834-4bbf-acab-1306c6de728f'

2021-03-12 16:37:37 - [MESSAGE][INFO] - Starting 'Chrome' driver

2021-03-12 16:37:37 - [MESSAGE][INFO] - Action delay is set to 0 milliseconds

2021-03-12 16:37:50 - [MESSAGE][PASSED] - Browser is opened with url: 'https://gdasandbox.test-arcadier.com/user/Item/Detail/itemAllCategories/6f43f390-e834-4bbf-acab-1306c6de728f'

2021-03-12 16:37:50 - [MESSAGE][PASSED] - Call Test Case 'Test Cases/Custom Item Details/UTILITIES/OPEN_BROWSER' successfully

2021-03-12 16:37:50 - [TEST_STEP][PASSED] - waitForElementVisible(findTestObject("Item Details Objects/Page_diagnostics/a_Accept Cookies"), 0): Object 'Object Repository/Item Details Objects/Page_diagnostics/a_Accept Cookies' is visible

2021-03-12 16:37:50 - [MESSAGE][WARNING] - Timeout '0' is invalid. Using default page load timeout: '30'

2021-03-12 16:37:51 - [MESSAGE][PASSED] - Object 'Object Repository/Item Details Objects/Page_diagnostics/a_Accept Cookies' is visible

2021-03-12 16:37:51 - [TEST_STEP][PASSED] - click(findTestObject("Item Details Objects/Page_diagnostics/a_Accept Cookies")): Object: 'Object Repository/Item Details Objects/Page_diagnostics/a_Accept Cookies' is clicked on

2021-03-12 16:37:51 - [MESSAGE][PASSED] - Object: 'Object Repository/Item Details Objects/Page_diagnostics/a_Accept Cookies' is clicked on

2021-03-12 16:37:51 - [TEST_STEP][PASSED] - waitForElementVisible(findTestObject("Item Details Objects/Page_diagnostics/Page_diagnostics/span_HS_code"), 0): Object 'Object Repository/Item Details Objects/Page_diagnostics/Page_diagnostics/span_HS_code' is not visible after 30 second(s)

2021-03-12 16:37:51 - [MESSAGE][WARNING] - Timeout '0' is invalid. Using default page load timeout: '30'

2021-03-12 16:38:22 - [MESSAGE][WARNING] - Object 'Object Repository/Item Details Objects/Page_diagnostics/Page_diagnostics/span_HS_code' is not visible after 30 second(s)

2021-03-12 16:38:22 - [TEST_STEP][PASSED] - verifyElementPresent(findTestObject("Item Details Objects/Page_diagnostics/Page_diagnostics/span_HS_code"), 0): Object 'Object Repository/Item Details Objects/Page_diagnostics/Page_diagnostics/span_HS_code' is present

2021-03-12 16:38:22 - [MESSAGE][WARNING] - Timeout '0' is invalid. Using default page load timeout: '30'

2021-03-12 16:38:22 - [MESSAGE][PASSED] - Object 'Object Repository/Item Details Objects/Page_diagnostics/Page_diagnostics/span_HS_code' is present

2021-03-12 16:38:22 - [TEST_STEP][PASSED] - callTestCase(findTestCase("Custom Item Details/UTILITIES/CLOSE_BROWSER"), [:], STOP_ON_FAILURE): Call Test Case 'Test Cases/Custom Item Details/UTILITIES/CLOSE_BROWSER' successfully

2021-03-12 16:38:22 - [TEST_CASE][PASSED] - Test Cases/Custom Item Details/UTILITIES/CLOSE_BROWSER: Test Cases/Custom Item Details/UTILITIES/CLOSE_BROWSER

2021-03-12 16:38:22 - [TEST_STEP][PASSED] - closeBrowser(): Browser is closed

2021-03-12 16:38:23 - [MESSAGE][PASSED] - Browser is closed

2021-03-12 16:38:23 - [MESSAGE][PASSED] - Call Test Case 'Test Cases/Custom Item Details/UTILITIES/CLOSE_BROWSER' successfully]]></system-out>
         <system-err><![CDATA[]]></system-err>
      </testcase>
      <testcase name="Test Cases/Custom Item Details/TEST CASE/TC_DETAILS_UI_029" time="47.17" classname="Test Cases/Custom Item Details/TEST CASE/TC_DETAILS_UI_029" status="PASSED">
         <system-out><![CDATA[2021-03-12 16:38:23 - [TEST_CASE][PASSED] - Test Cases/Custom Item Details/TEST CASE/TC_DETAILS_UI_029: Test Cases/Custom Item Details/TEST CASE/TC_DETAILS_UI_029

2021-03-12 16:38:23 - [TEST_STEP][PASSED] - callTestCase(findTestCase("Custom Item Details/UTILITIES/OPEN_BROWSER"), [:], STOP_ON_FAILURE): Call Test Case 'Test Cases/Custom Item Details/UTILITIES/OPEN_BROWSER' successfully

2021-03-12 16:38:23 - [TEST_CASE][PASSED] - Test Cases/Custom Item Details/UTILITIES/OPEN_BROWSER: Test Cases/Custom Item Details/UTILITIES/OPEN_BROWSER

2021-03-12 16:38:23 - [TEST_STEP][PASSED] - openBrowser("https://gdasandbox.test-arcadier.com/user/Item/Detail/itemAllCategories/6f43f390-e834-4bbf-acab-1306c6de728f"): Browser is opened with url: 'https://gdasandbox.test-arcadier.com/user/Item/Detail/itemAllCategories/6f43f390-e834-4bbf-acab-1306c6de728f'

2021-03-12 16:38:23 - [MESSAGE][INFO] - Starting 'Chrome' driver

2021-03-12 16:38:23 - [MESSAGE][INFO] - Action delay is set to 0 milliseconds

2021-03-12 16:38:36 - [MESSAGE][PASSED] - Browser is opened with url: 'https://gdasandbox.test-arcadier.com/user/Item/Detail/itemAllCategories/6f43f390-e834-4bbf-acab-1306c6de728f'

2021-03-12 16:38:36 - [MESSAGE][PASSED] - Call Test Case 'Test Cases/Custom Item Details/UTILITIES/OPEN_BROWSER' successfully

2021-03-12 16:38:36 - [TEST_STEP][PASSED] - waitForElementVisible(findTestObject("Item Details Objects/Page_diagnostics/a_Accept Cookies"), 0): Object 'Object Repository/Item Details Objects/Page_diagnostics/a_Accept Cookies' is visible

2021-03-12 16:38:36 - [MESSAGE][WARNING] - Timeout '0' is invalid. Using default page load timeout: '30'

2021-03-12 16:38:37 - [MESSAGE][PASSED] - Object 'Object Repository/Item Details Objects/Page_diagnostics/a_Accept Cookies' is visible

2021-03-12 16:38:37 - [TEST_STEP][PASSED] - click(findTestObject("Item Details Objects/Page_diagnostics/a_Accept Cookies")): Object: 'Object Repository/Item Details Objects/Page_diagnostics/a_Accept Cookies' is clicked on

2021-03-12 16:38:38 - [MESSAGE][PASSED] - Object: 'Object Repository/Item Details Objects/Page_diagnostics/a_Accept Cookies' is clicked on

2021-03-12 16:38:38 - [TEST_STEP][PASSED] - waitForElementVisible(findTestObject("Item Details Objects/Page_diagnostics/Page_diagnostics/span_Transportation"), 0): Object 'Object Repository/Item Details Objects/Page_diagnostics/Page_diagnostics/span_Transportation' is not visible after 30 second(s)

2021-03-12 16:38:38 - [MESSAGE][WARNING] - Timeout '0' is invalid. Using default page load timeout: '30'

2021-03-12 16:39:08 - [MESSAGE][WARNING] - Object 'Object Repository/Item Details Objects/Page_diagnostics/Page_diagnostics/span_Transportation' is not visible after 30 second(s)

2021-03-12 16:39:08 - [TEST_STEP][PASSED] - verifyElementPresent(findTestObject("Item Details Objects/Page_diagnostics/Page_diagnostics/span_Transportation"), 0): Object 'Object Repository/Item Details Objects/Page_diagnostics/Page_diagnostics/span_Transportation' is present

2021-03-12 16:39:08 - [MESSAGE][WARNING] - Timeout '0' is invalid. Using default page load timeout: '30'

2021-03-12 16:39:09 - [MESSAGE][PASSED] - Object 'Object Repository/Item Details Objects/Page_diagnostics/Page_diagnostics/span_Transportation' is present

2021-03-12 16:39:09 - [TEST_STEP][PASSED] - callTestCase(findTestCase("Custom Item Details/UTILITIES/CLOSE_BROWSER"), [:], STOP_ON_FAILURE): Call Test Case 'Test Cases/Custom Item Details/UTILITIES/CLOSE_BROWSER' successfully

2021-03-12 16:39:09 - [TEST_CASE][PASSED] - Test Cases/Custom Item Details/UTILITIES/CLOSE_BROWSER: Test Cases/Custom Item Details/UTILITIES/CLOSE_BROWSER

2021-03-12 16:39:09 - [TEST_STEP][PASSED] - closeBrowser(): Browser is closed

2021-03-12 16:39:10 - [MESSAGE][PASSED] - Browser is closed

2021-03-12 16:39:10 - [MESSAGE][PASSED] - Call Test Case 'Test Cases/Custom Item Details/UTILITIES/CLOSE_BROWSER' successfully]]></system-out>
         <system-err><![CDATA[]]></system-err>
      </testcase>
      <testcase name="Test Cases/Custom Item Details/TEST CASE/TC_DETAILS_UI_030" time="45.784" classname="Test Cases/Custom Item Details/TEST CASE/TC_DETAILS_UI_030" status="PASSED">
         <system-out><![CDATA[2021-03-12 16:39:10 - [TEST_CASE][PASSED] - Test Cases/Custom Item Details/TEST CASE/TC_DETAILS_UI_030: Test Cases/Custom Item Details/TEST CASE/TC_DETAILS_UI_030

2021-03-12 16:39:10 - [TEST_STEP][PASSED] - callTestCase(findTestCase("Custom Item Details/UTILITIES/OPEN_BROWSER"), [:], STOP_ON_FAILURE): Call Test Case 'Test Cases/Custom Item Details/UTILITIES/OPEN_BROWSER' successfully

2021-03-12 16:39:10 - [TEST_CASE][PASSED] - Test Cases/Custom Item Details/UTILITIES/OPEN_BROWSER: Test Cases/Custom Item Details/UTILITIES/OPEN_BROWSER

2021-03-12 16:39:10 - [TEST_STEP][PASSED] - openBrowser("https://gdasandbox.test-arcadier.com/user/Item/Detail/itemAllCategories/6f43f390-e834-4bbf-acab-1306c6de728f"): Browser is opened with url: 'https://gdasandbox.test-arcadier.com/user/Item/Detail/itemAllCategories/6f43f390-e834-4bbf-acab-1306c6de728f'

2021-03-12 16:39:10 - [MESSAGE][INFO] - Starting 'Chrome' driver

2021-03-12 16:39:10 - [MESSAGE][INFO] - Action delay is set to 0 milliseconds

2021-03-12 16:39:23 - [MESSAGE][PASSED] - Browser is opened with url: 'https://gdasandbox.test-arcadier.com/user/Item/Detail/itemAllCategories/6f43f390-e834-4bbf-acab-1306c6de728f'

2021-03-12 16:39:23 - [MESSAGE][PASSED] - Call Test Case 'Test Cases/Custom Item Details/UTILITIES/OPEN_BROWSER' successfully

2021-03-12 16:39:23 - [TEST_STEP][PASSED] - waitForElementVisible(findTestObject("Item Details Objects/Page_diagnostics/a_Accept Cookies"), 0): Object 'Object Repository/Item Details Objects/Page_diagnostics/a_Accept Cookies' is visible

2021-03-12 16:39:23 - [MESSAGE][WARNING] - Timeout '0' is invalid. Using default page load timeout: '30'

2021-03-12 16:39:23 - [MESSAGE][PASSED] - Object 'Object Repository/Item Details Objects/Page_diagnostics/a_Accept Cookies' is visible

2021-03-12 16:39:23 - [TEST_STEP][PASSED] - click(findTestObject("Item Details Objects/Page_diagnostics/a_Accept Cookies")): Object: 'Object Repository/Item Details Objects/Page_diagnostics/a_Accept Cookies' is clicked on

2021-03-12 16:39:24 - [MESSAGE][PASSED] - Object: 'Object Repository/Item Details Objects/Page_diagnostics/a_Accept Cookies' is clicked on

2021-03-12 16:39:24 - [TEST_STEP][PASSED] - waitForElementVisible(findTestObject("Item Details Objects/Page_diagnostics/Page_diagnostics/span_Number_of_units_Unit_of_measurement"), 0): Object 'Object Repository/Item Details Objects/Page_diagnostics/Page_diagnostics/span_Number_of_units_Unit_of_measurement' is not visible after 30 second(s)

2021-03-12 16:39:24 - [MESSAGE][WARNING] - Timeout '0' is invalid. Using default page load timeout: '30'

2021-03-12 16:39:55 - [MESSAGE][WARNING] - Object 'Object Repository/Item Details Objects/Page_diagnostics/Page_diagnostics/span_Number_of_units_Unit_of_measurement' is not visible after 30 second(s)

2021-03-12 16:39:55 - [TEST_STEP][PASSED] - verifyElementPresent(findTestObject("Item Details Objects/Page_diagnostics/Page_diagnostics/span_Number_of_units_Unit_of_measurement"), 0): Object 'Object Repository/Item Details Objects/Page_diagnostics/Page_diagnostics/span_Number_of_units_Unit_of_measurement' is present

2021-03-12 16:39:55 - [MESSAGE][WARNING] - Timeout '0' is invalid. Using default page load timeout: '30'

2021-03-12 16:39:55 - [MESSAGE][PASSED] - Object 'Object Repository/Item Details Objects/Page_diagnostics/Page_diagnostics/span_Number_of_units_Unit_of_measurement' is present

2021-03-12 16:39:55 - [TEST_STEP][PASSED] - callTestCase(findTestCase("Custom Item Details/UTILITIES/CLOSE_BROWSER"), [:], STOP_ON_FAILURE): Call Test Case 'Test Cases/Custom Item Details/UTILITIES/CLOSE_BROWSER' successfully

2021-03-12 16:39:55 - [TEST_CASE][PASSED] - Test Cases/Custom Item Details/UTILITIES/CLOSE_BROWSER: Test Cases/Custom Item Details/UTILITIES/CLOSE_BROWSER

2021-03-12 16:39:55 - [TEST_STEP][PASSED] - closeBrowser(): Browser is closed

2021-03-12 16:39:55 - [MESSAGE][PASSED] - Browser is closed

2021-03-12 16:39:55 - [MESSAGE][PASSED] - Call Test Case 'Test Cases/Custom Item Details/UTILITIES/CLOSE_BROWSER' successfully]]></system-out>
         <system-err><![CDATA[]]></system-err>
      </testcase>
      <testcase name="Test Cases/Custom Item Details/TEST CASE/TC_DETAILS_UI_031" time="15.599" classname="Test Cases/Custom Item Details/TEST CASE/TC_DETAILS_UI_031" status="PASSED">
         <system-out><![CDATA[2021-03-12 16:39:55 - [TEST_CASE][PASSED] - Test Cases/Custom Item Details/TEST CASE/TC_DETAILS_UI_031: Test Cases/Custom Item Details/TEST CASE/TC_DETAILS_UI_031

2021-03-12 16:39:56 - [TEST_STEP][PASSED] - callTestCase(findTestCase("Custom Item Details/UTILITIES/OPEN_BROWSER"), [:], STOP_ON_FAILURE): Call Test Case 'Test Cases/Custom Item Details/UTILITIES/OPEN_BROWSER' successfully

2021-03-12 16:39:56 - [TEST_CASE][PASSED] - Test Cases/Custom Item Details/UTILITIES/OPEN_BROWSER: Test Cases/Custom Item Details/UTILITIES/OPEN_BROWSER

2021-03-12 16:39:56 - [TEST_STEP][PASSED] - openBrowser("https://gdasandbox.test-arcadier.com/user/Item/Detail/itemAllCategories/6f43f390-e834-4bbf-acab-1306c6de728f"): Browser is opened with url: 'https://gdasandbox.test-arcadier.com/user/Item/Detail/itemAllCategories/6f43f390-e834-4bbf-acab-1306c6de728f'

2021-03-12 16:39:56 - [MESSAGE][INFO] - Starting 'Chrome' driver

2021-03-12 16:39:56 - [MESSAGE][INFO] - Action delay is set to 0 milliseconds

2021-03-12 16:40:08 - [MESSAGE][PASSED] - Browser is opened with url: 'https://gdasandbox.test-arcadier.com/user/Item/Detail/itemAllCategories/6f43f390-e834-4bbf-acab-1306c6de728f'

2021-03-12 16:40:08 - [MESSAGE][PASSED] - Call Test Case 'Test Cases/Custom Item Details/UTILITIES/OPEN_BROWSER' successfully

2021-03-12 16:40:08 - [TEST_STEP][PASSED] - waitForElementVisible(findTestObject("Item Details Objects/Page_diagnostics/a_Accept Cookies"), 0): Object 'Object Repository/Item Details Objects/Page_diagnostics/a_Accept Cookies' is visible

2021-03-12 16:40:08 - [MESSAGE][WARNING] - Timeout '0' is invalid. Using default page load timeout: '30'

2021-03-12 16:40:09 - [MESSAGE][PASSED] - Object 'Object Repository/Item Details Objects/Page_diagnostics/a_Accept Cookies' is visible

2021-03-12 16:40:09 - [TEST_STEP][PASSED] - click(findTestObject("Item Details Objects/Page_diagnostics/a_Accept Cookies")): Object: 'Object Repository/Item Details Objects/Page_diagnostics/a_Accept Cookies' is clicked on

2021-03-12 16:40:10 - [MESSAGE][PASSED] - Object: 'Object Repository/Item Details Objects/Page_diagnostics/a_Accept Cookies' is clicked on

2021-03-12 16:40:10 - [TEST_STEP][PASSED] - waitForElementVisible(findTestObject("Item Details Objects/Page_diagnostics/Page_diagnostics/span_WEIGHT_(KG)"), 0): Object 'Object Repository/Item Details Objects/Page_diagnostics/Page_diagnostics/span_WEIGHT_(KG)' is visible

2021-03-12 16:40:10 - [MESSAGE][WARNING] - Timeout '0' is invalid. Using default page load timeout: '30'

2021-03-12 16:40:10 - [MESSAGE][PASSED] - Object 'Object Repository/Item Details Objects/Page_diagnostics/Page_diagnostics/span_WEIGHT_(KG)' is visible

2021-03-12 16:40:10 - [TEST_STEP][PASSED] - verifyElementPresent(findTestObject("Item Details Objects/Page_diagnostics/Page_diagnostics/span_WEIGHT_(KG)"), 0): Object 'Object Repository/Item Details Objects/Page_diagnostics/Page_diagnostics/span_WEIGHT_(KG)' is present

2021-03-12 16:40:10 - [MESSAGE][WARNING] - Timeout '0' is invalid. Using default page load timeout: '30'

2021-03-12 16:40:10 - [MESSAGE][PASSED] - Object 'Object Repository/Item Details Objects/Page_diagnostics/Page_diagnostics/span_WEIGHT_(KG)' is present

2021-03-12 16:40:10 - [TEST_STEP][PASSED] - callTestCase(findTestCase("Custom Item Details/UTILITIES/CLOSE_BROWSER"), [:], STOP_ON_FAILURE): Call Test Case 'Test Cases/Custom Item Details/UTILITIES/CLOSE_BROWSER' successfully

2021-03-12 16:40:10 - [TEST_CASE][PASSED] - Test Cases/Custom Item Details/UTILITIES/CLOSE_BROWSER: Test Cases/Custom Item Details/UTILITIES/CLOSE_BROWSER

2021-03-12 16:40:10 - [TEST_STEP][PASSED] - closeBrowser(): Browser is closed

2021-03-12 16:40:11 - [MESSAGE][PASSED] - Browser is closed

2021-03-12 16:40:11 - [MESSAGE][PASSED] - Call Test Case 'Test Cases/Custom Item Details/UTILITIES/CLOSE_BROWSER' successfully]]></system-out>
         <system-err><![CDATA[]]></system-err>
      </testcase>
      <testcase name="Test Cases/Custom Item Details/TEST CASE/TC_DETAILS_UI_032" time="45.595" classname="Test Cases/Custom Item Details/TEST CASE/TC_DETAILS_UI_032" status="PASSED">
         <system-out><![CDATA[2021-03-12 16:40:11 - [TEST_CASE][PASSED] - Test Cases/Custom Item Details/TEST CASE/TC_DETAILS_UI_032: Test Cases/Custom Item Details/TEST CASE/TC_DETAILS_UI_032

2021-03-12 16:40:11 - [TEST_STEP][PASSED] - callTestCase(findTestCase("Custom Item Details/UTILITIES/OPEN_BROWSER"), [:], STOP_ON_FAILURE): Call Test Case 'Test Cases/Custom Item Details/UTILITIES/OPEN_BROWSER' successfully

2021-03-12 16:40:11 - [TEST_CASE][PASSED] - Test Cases/Custom Item Details/UTILITIES/OPEN_BROWSER: Test Cases/Custom Item Details/UTILITIES/OPEN_BROWSER

2021-03-12 16:40:11 - [TEST_STEP][PASSED] - openBrowser("https://gdasandbox.test-arcadier.com/user/Item/Detail/itemAllCategories/6f43f390-e834-4bbf-acab-1306c6de728f"): Browser is opened with url: 'https://gdasandbox.test-arcadier.com/user/Item/Detail/itemAllCategories/6f43f390-e834-4bbf-acab-1306c6de728f'

2021-03-12 16:40:11 - [MESSAGE][INFO] - Starting 'Chrome' driver

2021-03-12 16:40:11 - [MESSAGE][INFO] - Action delay is set to 0 milliseconds

2021-03-12 16:40:24 - [MESSAGE][PASSED] - Browser is opened with url: 'https://gdasandbox.test-arcadier.com/user/Item/Detail/itemAllCategories/6f43f390-e834-4bbf-acab-1306c6de728f'

2021-03-12 16:40:24 - [MESSAGE][PASSED] - Call Test Case 'Test Cases/Custom Item Details/UTILITIES/OPEN_BROWSER' successfully

2021-03-12 16:40:24 - [TEST_STEP][PASSED] - waitForElementVisible(findTestObject("Item Details Objects/Page_diagnostics/a_Accept Cookies"), 0): Object 'Object Repository/Item Details Objects/Page_diagnostics/a_Accept Cookies' is visible

2021-03-12 16:40:24 - [MESSAGE][WARNING] - Timeout '0' is invalid. Using default page load timeout: '30'

2021-03-12 16:40:25 - [MESSAGE][PASSED] - Object 'Object Repository/Item Details Objects/Page_diagnostics/a_Accept Cookies' is visible

2021-03-12 16:40:25 - [TEST_STEP][PASSED] - click(findTestObject("Item Details Objects/Page_diagnostics/a_Accept Cookies")): Object: 'Object Repository/Item Details Objects/Page_diagnostics/a_Accept Cookies' is clicked on

2021-03-12 16:40:25 - [MESSAGE][PASSED] - Object: 'Object Repository/Item Details Objects/Page_diagnostics/a_Accept Cookies' is clicked on

2021-03-12 16:40:25 - [TEST_STEP][PASSED] - waitForElementVisible(findTestObject("Item Details Objects/Page_diagnostics/Page_diagnostics/span_Volume"), 0): Object 'Object Repository/Item Details Objects/Page_diagnostics/Page_diagnostics/span_Volume' is not visible after 30 second(s)

2021-03-12 16:40:25 - [MESSAGE][WARNING] - Timeout '0' is invalid. Using default page load timeout: '30'

2021-03-12 16:40:56 - [MESSAGE][WARNING] - Object 'Object Repository/Item Details Objects/Page_diagnostics/Page_diagnostics/span_Volume' is not visible after 30 second(s)

2021-03-12 16:40:56 - [TEST_STEP][PASSED] - verifyElementPresent(findTestObject("Item Details Objects/Page_diagnostics/Page_diagnostics/span_Volume"), 0): Object 'Object Repository/Item Details Objects/Page_diagnostics/Page_diagnostics/span_Volume' is present

2021-03-12 16:40:56 - [MESSAGE][WARNING] - Timeout '0' is invalid. Using default page load timeout: '30'

2021-03-12 16:40:56 - [MESSAGE][PASSED] - Object 'Object Repository/Item Details Objects/Page_diagnostics/Page_diagnostics/span_Volume' is present

2021-03-12 16:40:56 - [TEST_STEP][PASSED] - callTestCase(findTestCase("Custom Item Details/UTILITIES/CLOSE_BROWSER"), [:], STOP_ON_FAILURE): Call Test Case 'Test Cases/Custom Item Details/UTILITIES/CLOSE_BROWSER' successfully

2021-03-12 16:40:56 - [TEST_CASE][PASSED] - Test Cases/Custom Item Details/UTILITIES/CLOSE_BROWSER: Test Cases/Custom Item Details/UTILITIES/CLOSE_BROWSER

2021-03-12 16:40:56 - [TEST_STEP][PASSED] - closeBrowser(): Browser is closed

2021-03-12 16:40:57 - [MESSAGE][PASSED] - Browser is closed

2021-03-12 16:40:57 - [MESSAGE][PASSED] - Call Test Case 'Test Cases/Custom Item Details/UTILITIES/CLOSE_BROWSER' successfully]]></system-out>
         <system-err><![CDATA[]]></system-err>
      </testcase>
      <testcase name="Test Cases/Custom Item Details/TEST CASE/TC_DETAILS_UI_033" time="47.174" classname="Test Cases/Custom Item Details/TEST CASE/TC_DETAILS_UI_033" status="PASSED">
         <system-out><![CDATA[2021-03-12 16:40:57 - [TEST_CASE][PASSED] - Test Cases/Custom Item Details/TEST CASE/TC_DETAILS_UI_033: Test Cases/Custom Item Details/TEST CASE/TC_DETAILS_UI_033

2021-03-12 16:40:57 - [TEST_STEP][PASSED] - callTestCase(findTestCase("Custom Item Details/UTILITIES/OPEN_BROWSER"), [:], STOP_ON_FAILURE): Call Test Case 'Test Cases/Custom Item Details/UTILITIES/OPEN_BROWSER' successfully

2021-03-12 16:40:57 - [TEST_CASE][PASSED] - Test Cases/Custom Item Details/UTILITIES/OPEN_BROWSER: Test Cases/Custom Item Details/UTILITIES/OPEN_BROWSER

2021-03-12 16:40:57 - [TEST_STEP][PASSED] - openBrowser("https://gdasandbox.test-arcadier.com/user/Item/Detail/itemAllCategories/6f43f390-e834-4bbf-acab-1306c6de728f"): Browser is opened with url: 'https://gdasandbox.test-arcadier.com/user/Item/Detail/itemAllCategories/6f43f390-e834-4bbf-acab-1306c6de728f'

2021-03-12 16:40:57 - [MESSAGE][INFO] - Starting 'Chrome' driver

2021-03-12 16:40:57 - [MESSAGE][INFO] - Action delay is set to 0 milliseconds

2021-03-12 16:41:10 - [MESSAGE][PASSED] - Browser is opened with url: 'https://gdasandbox.test-arcadier.com/user/Item/Detail/itemAllCategories/6f43f390-e834-4bbf-acab-1306c6de728f'

2021-03-12 16:41:10 - [MESSAGE][PASSED] - Call Test Case 'Test Cases/Custom Item Details/UTILITIES/OPEN_BROWSER' successfully

2021-03-12 16:41:10 - [TEST_STEP][PASSED] - waitForElementVisible(findTestObject("Item Details Objects/Page_diagnostics/a_Accept Cookies"), 0): Object 'Object Repository/Item Details Objects/Page_diagnostics/a_Accept Cookies' is visible

2021-03-12 16:41:10 - [MESSAGE][WARNING] - Timeout '0' is invalid. Using default page load timeout: '30'

2021-03-12 16:41:11 - [MESSAGE][PASSED] - Object 'Object Repository/Item Details Objects/Page_diagnostics/a_Accept Cookies' is visible

2021-03-12 16:41:11 - [TEST_STEP][PASSED] - click(findTestObject("Item Details Objects/Page_diagnostics/a_Accept Cookies")): Object: 'Object Repository/Item Details Objects/Page_diagnostics/a_Accept Cookies' is clicked on

2021-03-12 16:41:12 - [MESSAGE][PASSED] - Object: 'Object Repository/Item Details Objects/Page_diagnostics/a_Accept Cookies' is clicked on

2021-03-12 16:41:12 - [TEST_STEP][PASSED] - waitForElementVisible(findTestObject("Item Details Objects/Page_diagnostics/Page_diagnostics/span_Other_details"), 0): Object 'Object Repository/Item Details Objects/Page_diagnostics/Page_diagnostics/span_Other_details' is not visible after 30 second(s)

2021-03-12 16:41:12 - [MESSAGE][WARNING] - Timeout '0' is invalid. Using default page load timeout: '30'

2021-03-12 16:41:43 - [MESSAGE][WARNING] - Object 'Object Repository/Item Details Objects/Page_diagnostics/Page_diagnostics/span_Other_details' is not visible after 30 second(s)

2021-03-12 16:41:43 - [TEST_STEP][PASSED] - verifyElementPresent(findTestObject("Item Details Objects/Page_diagnostics/Page_diagnostics/span_Other_details"), 0): Object 'Object Repository/Item Details Objects/Page_diagnostics/Page_diagnostics/span_Other_details' is present

2021-03-12 16:41:43 - [MESSAGE][WARNING] - Timeout '0' is invalid. Using default page load timeout: '30'

2021-03-12 16:41:43 - [MESSAGE][PASSED] - Object 'Object Repository/Item Details Objects/Page_diagnostics/Page_diagnostics/span_Other_details' is present

2021-03-12 16:41:43 - [TEST_STEP][PASSED] - callTestCase(findTestCase("Custom Item Details/UTILITIES/CLOSE_BROWSER"), [:], STOP_ON_FAILURE): Call Test Case 'Test Cases/Custom Item Details/UTILITIES/CLOSE_BROWSER' successfully

2021-03-12 16:41:43 - [TEST_CASE][PASSED] - Test Cases/Custom Item Details/UTILITIES/CLOSE_BROWSER: Test Cases/Custom Item Details/UTILITIES/CLOSE_BROWSER

2021-03-12 16:41:43 - [TEST_STEP][PASSED] - closeBrowser(): Browser is closed

2021-03-12 16:41:44 - [MESSAGE][PASSED] - Browser is closed

2021-03-12 16:41:44 - [MESSAGE][PASSED] - Call Test Case 'Test Cases/Custom Item Details/UTILITIES/CLOSE_BROWSER' successfully]]></system-out>
         <system-err><![CDATA[]]></system-err>
      </testcase>
      <testcase name="Test Cases/Custom Item Details/TEST CASE/TC_DETAILS_UI_034" time="45.784" classname="Test Cases/Custom Item Details/TEST CASE/TC_DETAILS_UI_034" status="PASSED">
         <system-out><![CDATA[2021-03-12 16:41:44 - [TEST_CASE][PASSED] - Test Cases/Custom Item Details/TEST CASE/TC_DETAILS_UI_034: Test Cases/Custom Item Details/TEST CASE/TC_DETAILS_UI_034

2021-03-12 16:41:44 - [TEST_STEP][PASSED] - callTestCase(findTestCase("Custom Item Details/UTILITIES/OPEN_BROWSER"), [:], STOP_ON_FAILURE): Call Test Case 'Test Cases/Custom Item Details/UTILITIES/OPEN_BROWSER' successfully

2021-03-12 16:41:44 - [TEST_CASE][PASSED] - Test Cases/Custom Item Details/UTILITIES/OPEN_BROWSER: Test Cases/Custom Item Details/UTILITIES/OPEN_BROWSER

2021-03-12 16:41:44 - [TEST_STEP][PASSED] - openBrowser("https://gdasandbox.test-arcadier.com/user/Item/Detail/itemAllCategories/6f43f390-e834-4bbf-acab-1306c6de728f"): Browser is opened with url: 'https://gdasandbox.test-arcadier.com/user/Item/Detail/itemAllCategories/6f43f390-e834-4bbf-acab-1306c6de728f'

2021-03-12 16:41:44 - [MESSAGE][INFO] - Starting 'Chrome' driver

2021-03-12 16:41:44 - [MESSAGE][INFO] - Action delay is set to 0 milliseconds

2021-03-12 16:41:57 - [MESSAGE][PASSED] - Browser is opened with url: 'https://gdasandbox.test-arcadier.com/user/Item/Detail/itemAllCategories/6f43f390-e834-4bbf-acab-1306c6de728f'

2021-03-12 16:41:57 - [MESSAGE][PASSED] - Call Test Case 'Test Cases/Custom Item Details/UTILITIES/OPEN_BROWSER' successfully

2021-03-12 16:41:57 - [TEST_STEP][PASSED] - waitForElementVisible(findTestObject("Item Details Objects/Page_diagnostics/a_Accept Cookies"), 0): Object 'Object Repository/Item Details Objects/Page_diagnostics/a_Accept Cookies' is visible

2021-03-12 16:41:57 - [MESSAGE][WARNING] - Timeout '0' is invalid. Using default page load timeout: '30'

2021-03-12 16:41:58 - [MESSAGE][PASSED] - Object 'Object Repository/Item Details Objects/Page_diagnostics/a_Accept Cookies' is visible

2021-03-12 16:41:58 - [TEST_STEP][PASSED] - click(findTestObject("Item Details Objects/Page_diagnostics/a_Accept Cookies")): Object: 'Object Repository/Item Details Objects/Page_diagnostics/a_Accept Cookies' is clicked on

2021-03-12 16:41:58 - [MESSAGE][PASSED] - Object: 'Object Repository/Item Details Objects/Page_diagnostics/a_Accept Cookies' is clicked on

2021-03-12 16:41:58 - [TEST_STEP][PASSED] - waitForElementVisible(findTestObject("Item Details Objects/Page_diagnostics/Page_diagnostics/span_Company_website"), 0): Object 'Object Repository/Item Details Objects/Page_diagnostics/Page_diagnostics/span_Company_website' is not visible after 30 second(s)

2021-03-12 16:41:58 - [MESSAGE][WARNING] - Timeout '0' is invalid. Using default page load timeout: '30'

2021-03-12 16:42:29 - [MESSAGE][WARNING] - Object 'Object Repository/Item Details Objects/Page_diagnostics/Page_diagnostics/span_Company_website' is not visible after 30 second(s)

2021-03-12 16:42:29 - [TEST_STEP][PASSED] - verifyElementPresent(findTestObject("Item Details Objects/Page_diagnostics/Page_diagnostics/span_Company_website"), 0): Object 'Object Repository/Item Details Objects/Page_diagnostics/Page_diagnostics/span_Company_website' is present

2021-03-12 16:42:29 - [MESSAGE][WARNING] - Timeout '0' is invalid. Using default page load timeout: '30'

2021-03-12 16:42:29 - [MESSAGE][PASSED] - Object 'Object Repository/Item Details Objects/Page_diagnostics/Page_diagnostics/span_Company_website' is present

2021-03-12 16:42:29 - [TEST_STEP][PASSED] - callTestCase(findTestCase("Custom Item Details/UTILITIES/CLOSE_BROWSER"), [:], STOP_ON_FAILURE): Call Test Case 'Test Cases/Custom Item Details/UTILITIES/CLOSE_BROWSER' successfully

2021-03-12 16:42:29 - [TEST_CASE][PASSED] - Test Cases/Custom Item Details/UTILITIES/CLOSE_BROWSER: Test Cases/Custom Item Details/UTILITIES/CLOSE_BROWSER

2021-03-12 16:42:29 - [TEST_STEP][PASSED] - closeBrowser(): Browser is closed

2021-03-12 16:42:30 - [MESSAGE][PASSED] - Browser is closed

2021-03-12 16:42:30 - [MESSAGE][PASSED] - Call Test Case 'Test Cases/Custom Item Details/UTILITIES/CLOSE_BROWSER' successfully]]></system-out>
         <system-err><![CDATA[]]></system-err>
      </testcase>
      <testcase name="Test Cases/Custom Item Details/TEST CASE/TC_DETAILS_UI_035" time="46.232" classname="Test Cases/Custom Item Details/TEST CASE/TC_DETAILS_UI_035" status="PASSED">
         <system-out><![CDATA[2021-03-12 16:42:30 - [TEST_CASE][PASSED] - Test Cases/Custom Item Details/TEST CASE/TC_DETAILS_UI_035: Test Cases/Custom Item Details/TEST CASE/TC_DETAILS_UI_035

2021-03-12 16:42:30 - [TEST_STEP][PASSED] - callTestCase(findTestCase("Custom Item Details/UTILITIES/OPEN_BROWSER"), [:], STOP_ON_FAILURE): Call Test Case 'Test Cases/Custom Item Details/UTILITIES/OPEN_BROWSER' successfully

2021-03-12 16:42:30 - [TEST_CASE][PASSED] - Test Cases/Custom Item Details/UTILITIES/OPEN_BROWSER: Test Cases/Custom Item Details/UTILITIES/OPEN_BROWSER

2021-03-12 16:42:30 - [TEST_STEP][PASSED] - openBrowser("https://gdasandbox.test-arcadier.com/user/Item/Detail/itemAllCategories/6f43f390-e834-4bbf-acab-1306c6de728f"): Browser is opened with url: 'https://gdasandbox.test-arcadier.com/user/Item/Detail/itemAllCategories/6f43f390-e834-4bbf-acab-1306c6de728f'

2021-03-12 16:42:30 - [MESSAGE][INFO] - Starting 'Chrome' driver

2021-03-12 16:42:30 - [MESSAGE][INFO] - Action delay is set to 0 milliseconds

2021-03-12 16:42:43 - [MESSAGE][PASSED] - Browser is opened with url: 'https://gdasandbox.test-arcadier.com/user/Item/Detail/itemAllCategories/6f43f390-e834-4bbf-acab-1306c6de728f'

2021-03-12 16:42:43 - [MESSAGE][PASSED] - Call Test Case 'Test Cases/Custom Item Details/UTILITIES/OPEN_BROWSER' successfully

2021-03-12 16:42:43 - [TEST_STEP][PASSED] - waitForElementVisible(findTestObject("Item Details Objects/Page_diagnostics/a_Accept Cookies"), 0): Object 'Object Repository/Item Details Objects/Page_diagnostics/a_Accept Cookies' is visible

2021-03-12 16:42:43 - [MESSAGE][WARNING] - Timeout '0' is invalid. Using default page load timeout: '30'

2021-03-12 16:42:44 - [MESSAGE][PASSED] - Object 'Object Repository/Item Details Objects/Page_diagnostics/a_Accept Cookies' is visible

2021-03-12 16:42:44 - [TEST_STEP][PASSED] - click(findTestObject("Item Details Objects/Page_diagnostics/a_Accept Cookies")): Object: 'Object Repository/Item Details Objects/Page_diagnostics/a_Accept Cookies' is clicked on

2021-03-12 16:42:45 - [MESSAGE][PASSED] - Object: 'Object Repository/Item Details Objects/Page_diagnostics/a_Accept Cookies' is clicked on

2021-03-12 16:42:45 - [TEST_STEP][PASSED] - waitForElementVisible(findTestObject("Item Details Objects/Page_diagnostics/Page_diagnostics/span_Name_of_manufacturer"), 0): Object 'Object Repository/Item Details Objects/Page_diagnostics/Page_diagnostics/span_Name_of_manufacturer' is not visible after 30 second(s)

2021-03-12 16:42:45 - [MESSAGE][WARNING] - Timeout '0' is invalid. Using default page load timeout: '30'

2021-03-12 16:43:15 - [MESSAGE][WARNING] - Object 'Object Repository/Item Details Objects/Page_diagnostics/Page_diagnostics/span_Name_of_manufacturer' is not visible after 30 second(s)

2021-03-12 16:43:15 - [TEST_STEP][PASSED] - verifyElementPresent(findTestObject("Item Details Objects/Page_diagnostics/Page_diagnostics/span_Name_of_manufacturer"), 0): Object 'Object Repository/Item Details Objects/Page_diagnostics/Page_diagnostics/span_Name_of_manufacturer' is present

2021-03-12 16:43:15 - [MESSAGE][WARNING] - Timeout '0' is invalid. Using default page load timeout: '30'

2021-03-12 16:43:15 - [MESSAGE][PASSED] - Object 'Object Repository/Item Details Objects/Page_diagnostics/Page_diagnostics/span_Name_of_manufacturer' is present

2021-03-12 16:43:15 - [TEST_STEP][PASSED] - callTestCase(findTestCase("Custom Item Details/UTILITIES/CLOSE_BROWSER"), [:], STOP_ON_FAILURE): Call Test Case 'Test Cases/Custom Item Details/UTILITIES/CLOSE_BROWSER' successfully

2021-03-12 16:43:15 - [TEST_CASE][PASSED] - Test Cases/Custom Item Details/UTILITIES/CLOSE_BROWSER: Test Cases/Custom Item Details/UTILITIES/CLOSE_BROWSER

2021-03-12 16:43:15 - [TEST_STEP][PASSED] - closeBrowser(): Browser is closed

2021-03-12 16:43:16 - [MESSAGE][PASSED] - Browser is closed

2021-03-12 16:43:16 - [MESSAGE][PASSED] - Call Test Case 'Test Cases/Custom Item Details/UTILITIES/CLOSE_BROWSER' successfully]]></system-out>
         <system-err><![CDATA[]]></system-err>
      </testcase>
      <testcase name="Test Cases/Custom Item Details/TEST CASE/TC_DETAILS_UI_036" time="46.378" classname="Test Cases/Custom Item Details/TEST CASE/TC_DETAILS_UI_036" status="PASSED">
         <system-out><![CDATA[2021-03-12 16:43:16 - [TEST_CASE][PASSED] - Test Cases/Custom Item Details/TEST CASE/TC_DETAILS_UI_036: Test Cases/Custom Item Details/TEST CASE/TC_DETAILS_UI_036

2021-03-12 16:43:16 - [TEST_STEP][PASSED] - callTestCase(findTestCase("Custom Item Details/UTILITIES/OPEN_BROWSER"), [:], STOP_ON_FAILURE): Call Test Case 'Test Cases/Custom Item Details/UTILITIES/OPEN_BROWSER' successfully

2021-03-12 16:43:16 - [TEST_CASE][PASSED] - Test Cases/Custom Item Details/UTILITIES/OPEN_BROWSER: Test Cases/Custom Item Details/UTILITIES/OPEN_BROWSER

2021-03-12 16:43:16 - [TEST_STEP][PASSED] - openBrowser("https://gdasandbox.test-arcadier.com/user/Item/Detail/itemAllCategories/6f43f390-e834-4bbf-acab-1306c6de728f"): Browser is opened with url: 'https://gdasandbox.test-arcadier.com/user/Item/Detail/itemAllCategories/6f43f390-e834-4bbf-acab-1306c6de728f'

2021-03-12 16:43:16 - [MESSAGE][INFO] - Starting 'Chrome' driver

2021-03-12 16:43:16 - [MESSAGE][INFO] - Action delay is set to 0 milliseconds

2021-03-12 16:43:30 - [MESSAGE][PASSED] - Browser is opened with url: 'https://gdasandbox.test-arcadier.com/user/Item/Detail/itemAllCategories/6f43f390-e834-4bbf-acab-1306c6de728f'

2021-03-12 16:43:30 - [MESSAGE][PASSED] - Call Test Case 'Test Cases/Custom Item Details/UTILITIES/OPEN_BROWSER' successfully

2021-03-12 16:43:30 - [TEST_STEP][PASSED] - waitForElementVisible(findTestObject("Item Details Objects/Page_diagnostics/a_Accept Cookies"), 0): Object 'Object Repository/Item Details Objects/Page_diagnostics/a_Accept Cookies' is visible

2021-03-12 16:43:30 - [MESSAGE][WARNING] - Timeout '0' is invalid. Using default page load timeout: '30'

2021-03-12 16:43:30 - [MESSAGE][PASSED] - Object 'Object Repository/Item Details Objects/Page_diagnostics/a_Accept Cookies' is visible

2021-03-12 16:43:30 - [TEST_STEP][PASSED] - click(findTestObject("Item Details Objects/Page_diagnostics/a_Accept Cookies")): Object: 'Object Repository/Item Details Objects/Page_diagnostics/a_Accept Cookies' is clicked on

2021-03-12 16:43:31 - [MESSAGE][PASSED] - Object: 'Object Repository/Item Details Objects/Page_diagnostics/a_Accept Cookies' is clicked on

2021-03-12 16:43:31 - [TEST_STEP][PASSED] - waitForElementVisible(findTestObject("Item Details Objects/Page_diagnostics/Page_diagnostics/span_Contact_person"), 0): Object 'Object Repository/Item Details Objects/Page_diagnostics/Page_diagnostics/span_Contact_person' is not visible after 30 second(s)

2021-03-12 16:43:31 - [MESSAGE][WARNING] - Timeout '0' is invalid. Using default page load timeout: '30'

2021-03-12 16:44:01 - [MESSAGE][WARNING] - Object 'Object Repository/Item Details Objects/Page_diagnostics/Page_diagnostics/span_Contact_person' is not visible after 30 second(s)

2021-03-12 16:44:01 - [TEST_STEP][PASSED] - verifyElementPresent(findTestObject("Item Details Objects/Page_diagnostics/Page_diagnostics/span_Contact_person"), 0): Object 'Object Repository/Item Details Objects/Page_diagnostics/Page_diagnostics/span_Contact_person' is present

2021-03-12 16:44:01 - [MESSAGE][WARNING] - Timeout '0' is invalid. Using default page load timeout: '30'

2021-03-12 16:44:01 - [MESSAGE][PASSED] - Object 'Object Repository/Item Details Objects/Page_diagnostics/Page_diagnostics/span_Contact_person' is present

2021-03-12 16:44:01 - [TEST_STEP][PASSED] - callTestCase(findTestCase("Custom Item Details/UTILITIES/CLOSE_BROWSER"), [:], STOP_ON_FAILURE): Call Test Case 'Test Cases/Custom Item Details/UTILITIES/CLOSE_BROWSER' successfully

2021-03-12 16:44:01 - [TEST_CASE][PASSED] - Test Cases/Custom Item Details/UTILITIES/CLOSE_BROWSER: Test Cases/Custom Item Details/UTILITIES/CLOSE_BROWSER

2021-03-12 16:44:01 - [TEST_STEP][PASSED] - closeBrowser(): Browser is closed

2021-03-12 16:44:02 - [MESSAGE][PASSED] - Browser is closed

2021-03-12 16:44:02 - [MESSAGE][PASSED] - Call Test Case 'Test Cases/Custom Item Details/UTILITIES/CLOSE_BROWSER' successfully]]></system-out>
         <system-err><![CDATA[]]></system-err>
      </testcase>
      <testcase name="Test Cases/Custom Item Details/TEST CASE/TC_DETAILS_UI_037" time="47.172" classname="Test Cases/Custom Item Details/TEST CASE/TC_DETAILS_UI_037" status="PASSED">
         <system-out><![CDATA[2021-03-12 16:44:02 - [TEST_CASE][PASSED] - Test Cases/Custom Item Details/TEST CASE/TC_DETAILS_UI_037: Test Cases/Custom Item Details/TEST CASE/TC_DETAILS_UI_037

2021-03-12 16:44:02 - [TEST_STEP][PASSED] - callTestCase(findTestCase("Custom Item Details/UTILITIES/OPEN_BROWSER"), [:], STOP_ON_FAILURE): Call Test Case 'Test Cases/Custom Item Details/UTILITIES/OPEN_BROWSER' successfully

2021-03-12 16:44:02 - [TEST_CASE][PASSED] - Test Cases/Custom Item Details/UTILITIES/OPEN_BROWSER: Test Cases/Custom Item Details/UTILITIES/OPEN_BROWSER

2021-03-12 16:44:02 - [TEST_STEP][PASSED] - openBrowser("https://gdasandbox.test-arcadier.com/user/Item/Detail/itemAllCategories/6f43f390-e834-4bbf-acab-1306c6de728f"): Browser is opened with url: 'https://gdasandbox.test-arcadier.com/user/Item/Detail/itemAllCategories/6f43f390-e834-4bbf-acab-1306c6de728f'

2021-03-12 16:44:02 - [MESSAGE][INFO] - Starting 'Chrome' driver

2021-03-12 16:44:02 - [MESSAGE][INFO] - Action delay is set to 0 milliseconds

2021-03-12 16:44:17 - [MESSAGE][PASSED] - Browser is opened with url: 'https://gdasandbox.test-arcadier.com/user/Item/Detail/itemAllCategories/6f43f390-e834-4bbf-acab-1306c6de728f'

2021-03-12 16:44:17 - [MESSAGE][PASSED] - Call Test Case 'Test Cases/Custom Item Details/UTILITIES/OPEN_BROWSER' successfully

2021-03-12 16:44:17 - [TEST_STEP][PASSED] - waitForElementVisible(findTestObject("Item Details Objects/Page_diagnostics/a_Accept Cookies"), 0): Object 'Object Repository/Item Details Objects/Page_diagnostics/a_Accept Cookies' is visible

2021-03-12 16:44:17 - [MESSAGE][WARNING] - Timeout '0' is invalid. Using default page load timeout: '30'

2021-03-12 16:44:18 - [MESSAGE][PASSED] - Object 'Object Repository/Item Details Objects/Page_diagnostics/a_Accept Cookies' is visible

2021-03-12 16:44:18 - [TEST_STEP][PASSED] - click(findTestObject("Item Details Objects/Page_diagnostics/a_Accept Cookies")): Object: 'Object Repository/Item Details Objects/Page_diagnostics/a_Accept Cookies' is clicked on

2021-03-12 16:44:18 - [MESSAGE][PASSED] - Object: 'Object Repository/Item Details Objects/Page_diagnostics/a_Accept Cookies' is clicked on

2021-03-12 16:44:18 - [TEST_STEP][PASSED] - waitForElementVisible(findTestObject("Item Details Objects/Page_diagnostics/Page_diagnostics/span_Email_address"), 0): Object 'Object Repository/Item Details Objects/Page_diagnostics/Page_diagnostics/span_Email_address' is not visible after 30 second(s)

2021-03-12 16:44:18 - [MESSAGE][WARNING] - Timeout '0' is invalid. Using default page load timeout: '30'

2021-03-12 16:44:48 - [MESSAGE][WARNING] - Object 'Object Repository/Item Details Objects/Page_diagnostics/Page_diagnostics/span_Email_address' is not visible after 30 second(s)

2021-03-12 16:44:48 - [TEST_STEP][PASSED] - verifyElementPresent(findTestObject("Item Details Objects/Page_diagnostics/Page_diagnostics/span_Email_address"), 0): Object 'Object Repository/Item Details Objects/Page_diagnostics/Page_diagnostics/span_Email_address' is present

2021-03-12 16:44:48 - [MESSAGE][WARNING] - Timeout '0' is invalid. Using default page load timeout: '30'

2021-03-12 16:44:49 - [MESSAGE][PASSED] - Object 'Object Repository/Item Details Objects/Page_diagnostics/Page_diagnostics/span_Email_address' is present

2021-03-12 16:44:49 - [TEST_STEP][PASSED] - callTestCase(findTestCase("Custom Item Details/UTILITIES/CLOSE_BROWSER"), [:], STOP_ON_FAILURE): Call Test Case 'Test Cases/Custom Item Details/UTILITIES/CLOSE_BROWSER' successfully

2021-03-12 16:44:49 - [TEST_CASE][PASSED] - Test Cases/Custom Item Details/UTILITIES/CLOSE_BROWSER: Test Cases/Custom Item Details/UTILITIES/CLOSE_BROWSER

2021-03-12 16:44:49 - [TEST_STEP][PASSED] - closeBrowser(): Browser is closed

2021-03-12 16:44:49 - [MESSAGE][PASSED] - Browser is closed

2021-03-12 16:44:49 - [MESSAGE][PASSED] - Call Test Case 'Test Cases/Custom Item Details/UTILITIES/CLOSE_BROWSER' successfully]]></system-out>
         <system-err><![CDATA[]]></system-err>
      </testcase>
      <testcase name="Test Cases/Custom Item Details/TEST CASE/TC_DETAILS_UI_038" time="48.605" classname="Test Cases/Custom Item Details/TEST CASE/TC_DETAILS_UI_038" status="PASSED">
         <system-out><![CDATA[2021-03-12 16:44:49 - [TEST_CASE][PASSED] - Test Cases/Custom Item Details/TEST CASE/TC_DETAILS_UI_038: Test Cases/Custom Item Details/TEST CASE/TC_DETAILS_UI_038

2021-03-12 16:44:50 - [TEST_STEP][PASSED] - callTestCase(findTestCase("Custom Item Details/UTILITIES/OPEN_BROWSER"), [:], STOP_ON_FAILURE): Call Test Case 'Test Cases/Custom Item Details/UTILITIES/OPEN_BROWSER' successfully

2021-03-12 16:44:50 - [TEST_CASE][PASSED] - Test Cases/Custom Item Details/UTILITIES/OPEN_BROWSER: Test Cases/Custom Item Details/UTILITIES/OPEN_BROWSER

2021-03-12 16:44:50 - [TEST_STEP][PASSED] - openBrowser("https://gdasandbox.test-arcadier.com/user/Item/Detail/itemAllCategories/6f43f390-e834-4bbf-acab-1306c6de728f"): Browser is opened with url: 'https://gdasandbox.test-arcadier.com/user/Item/Detail/itemAllCategories/6f43f390-e834-4bbf-acab-1306c6de728f'

2021-03-12 16:44:50 - [MESSAGE][INFO] - Starting 'Chrome' driver

2021-03-12 16:44:50 - [MESSAGE][INFO] - Action delay is set to 0 milliseconds

2021-03-12 16:45:06 - [MESSAGE][PASSED] - Browser is opened with url: 'https://gdasandbox.test-arcadier.com/user/Item/Detail/itemAllCategories/6f43f390-e834-4bbf-acab-1306c6de728f'

2021-03-12 16:45:06 - [MESSAGE][PASSED] - Call Test Case 'Test Cases/Custom Item Details/UTILITIES/OPEN_BROWSER' successfully

2021-03-12 16:45:06 - [TEST_STEP][PASSED] - waitForElementVisible(findTestObject("Item Details Objects/Page_diagnostics/a_Accept Cookies"), 0): Object 'Object Repository/Item Details Objects/Page_diagnostics/a_Accept Cookies' is visible

2021-03-12 16:45:06 - [MESSAGE][WARNING] - Timeout '0' is invalid. Using default page load timeout: '30'

2021-03-12 16:45:06 - [MESSAGE][PASSED] - Object 'Object Repository/Item Details Objects/Page_diagnostics/a_Accept Cookies' is visible

2021-03-12 16:45:06 - [TEST_STEP][PASSED] - click(findTestObject("Item Details Objects/Page_diagnostics/a_Accept Cookies")): Object: 'Object Repository/Item Details Objects/Page_diagnostics/a_Accept Cookies' is clicked on

2021-03-12 16:45:07 - [MESSAGE][PASSED] - Object: 'Object Repository/Item Details Objects/Page_diagnostics/a_Accept Cookies' is clicked on

2021-03-12 16:45:07 - [TEST_STEP][PASSED] - waitForElementVisible(findTestObject("Item Details Objects/Page_diagnostics/Page_diagnostics/span_Country_of_manufacturer"), 0): Object 'Object Repository/Item Details Objects/Page_diagnostics/Page_diagnostics/span_Country_of_manufacturer' is not visible after 30 second(s)

2021-03-12 16:45:07 - [MESSAGE][WARNING] - Timeout '0' is invalid. Using default page load timeout: '30'

2021-03-12 16:45:37 - [MESSAGE][WARNING] - Object 'Object Repository/Item Details Objects/Page_diagnostics/Page_diagnostics/span_Country_of_manufacturer' is not visible after 30 second(s)

2021-03-12 16:45:37 - [TEST_STEP][PASSED] - verifyElementPresent(findTestObject("Item Details Objects/Page_diagnostics/Page_diagnostics/span_Country_of_manufacturer"), 0): Object 'Object Repository/Item Details Objects/Page_diagnostics/Page_diagnostics/span_Country_of_manufacturer' is present

2021-03-12 16:45:37 - [MESSAGE][WARNING] - Timeout '0' is invalid. Using default page load timeout: '30'

2021-03-12 16:45:37 - [MESSAGE][PASSED] - Object 'Object Repository/Item Details Objects/Page_diagnostics/Page_diagnostics/span_Country_of_manufacturer' is present

2021-03-12 16:45:37 - [TEST_STEP][PASSED] - callTestCase(findTestCase("Custom Item Details/UTILITIES/CLOSE_BROWSER"), [:], STOP_ON_FAILURE): Call Test Case 'Test Cases/Custom Item Details/UTILITIES/CLOSE_BROWSER' successfully

2021-03-12 16:45:37 - [TEST_CASE][PASSED] - Test Cases/Custom Item Details/UTILITIES/CLOSE_BROWSER: Test Cases/Custom Item Details/UTILITIES/CLOSE_BROWSER

2021-03-12 16:45:37 - [TEST_STEP][PASSED] - closeBrowser(): Browser is closed

2021-03-12 16:45:38 - [MESSAGE][PASSED] - Browser is closed

2021-03-12 16:45:38 - [MESSAGE][PASSED] - Call Test Case 'Test Cases/Custom Item Details/UTILITIES/CLOSE_BROWSER' successfully]]></system-out>
         <system-err><![CDATA[]]></system-err>
      </testcase>
      <testcase name="Test Cases/Custom Item Details/TEST CASE/TC_DETAILS_UI_039" time="45.976" classname="Test Cases/Custom Item Details/TEST CASE/TC_DETAILS_UI_039" status="PASSED">
         <system-out><![CDATA[2021-03-12 16:45:38 - [TEST_CASE][PASSED] - Test Cases/Custom Item Details/TEST CASE/TC_DETAILS_UI_039: Test Cases/Custom Item Details/TEST CASE/TC_DETAILS_UI_039

2021-03-12 16:45:38 - [TEST_STEP][PASSED] - callTestCase(findTestCase("Custom Item Details/UTILITIES/OPEN_BROWSER"), [:], STOP_ON_FAILURE): Call Test Case 'Test Cases/Custom Item Details/UTILITIES/OPEN_BROWSER' successfully

2021-03-12 16:45:38 - [TEST_CASE][PASSED] - Test Cases/Custom Item Details/UTILITIES/OPEN_BROWSER: Test Cases/Custom Item Details/UTILITIES/OPEN_BROWSER

2021-03-12 16:45:38 - [TEST_STEP][PASSED] - openBrowser("https://gdasandbox.test-arcadier.com/user/Item/Detail/itemAllCategories/6f43f390-e834-4bbf-acab-1306c6de728f"): Browser is opened with url: 'https://gdasandbox.test-arcadier.com/user/Item/Detail/itemAllCategories/6f43f390-e834-4bbf-acab-1306c6de728f'

2021-03-12 16:45:38 - [MESSAGE][INFO] - Starting 'Chrome' driver

2021-03-12 16:45:38 - [MESSAGE][INFO] - Action delay is set to 0 milliseconds

2021-03-12 16:45:51 - [MESSAGE][PASSED] - Browser is opened with url: 'https://gdasandbox.test-arcadier.com/user/Item/Detail/itemAllCategories/6f43f390-e834-4bbf-acab-1306c6de728f'

2021-03-12 16:45:51 - [MESSAGE][PASSED] - Call Test Case 'Test Cases/Custom Item Details/UTILITIES/OPEN_BROWSER' successfully

2021-03-12 16:45:51 - [TEST_STEP][PASSED] - waitForElementVisible(findTestObject("Item Details Objects/Page_diagnostics/a_Accept Cookies"), 0): Object 'Object Repository/Item Details Objects/Page_diagnostics/a_Accept Cookies' is visible

2021-03-12 16:45:51 - [MESSAGE][WARNING] - Timeout '0' is invalid. Using default page load timeout: '30'

2021-03-12 16:45:52 - [MESSAGE][PASSED] - Object 'Object Repository/Item Details Objects/Page_diagnostics/a_Accept Cookies' is visible

2021-03-12 16:45:52 - [TEST_STEP][PASSED] - click(findTestObject("Item Details Objects/Page_diagnostics/a_Accept Cookies")): Object: 'Object Repository/Item Details Objects/Page_diagnostics/a_Accept Cookies' is clicked on

2021-03-12 16:45:53 - [MESSAGE][PASSED] - Object: 'Object Repository/Item Details Objects/Page_diagnostics/a_Accept Cookies' is clicked on

2021-03-12 16:45:53 - [TEST_STEP][PASSED] - waitForElementVisible(findTestObject("Item Details Objects/Page_diagnostics/Page_diagnostics/span_Lead_Time_(days)"), 0): Object 'Object Repository/Item Details Objects/Page_diagnostics/Page_diagnostics/span_Lead_Time_(days)' is not visible after 30 second(s)

2021-03-12 16:45:53 - [MESSAGE][WARNING] - Timeout '0' is invalid. Using default page load timeout: '30'

2021-03-12 16:46:23 - [MESSAGE][WARNING] - Object 'Object Repository/Item Details Objects/Page_diagnostics/Page_diagnostics/span_Lead_Time_(days)' is not visible after 30 second(s)

2021-03-12 16:46:23 - [TEST_STEP][PASSED] - verifyElementPresent(findTestObject("Item Details Objects/Page_diagnostics/Page_diagnostics/span_Lead_Time_(days)"), 0): Object 'Object Repository/Item Details Objects/Page_diagnostics/Page_diagnostics/span_Lead_Time_(days)' is present

2021-03-12 16:46:23 - [MESSAGE][WARNING] - Timeout '0' is invalid. Using default page load timeout: '30'

2021-03-12 16:46:23 - [MESSAGE][PASSED] - Object 'Object Repository/Item Details Objects/Page_diagnostics/Page_diagnostics/span_Lead_Time_(days)' is present

2021-03-12 16:46:23 - [TEST_STEP][PASSED] - callTestCase(findTestCase("Custom Item Details/UTILITIES/CLOSE_BROWSER"), [:], STOP_ON_FAILURE): Call Test Case 'Test Cases/Custom Item Details/UTILITIES/CLOSE_BROWSER' successfully

2021-03-12 16:46:23 - [TEST_CASE][PASSED] - Test Cases/Custom Item Details/UTILITIES/CLOSE_BROWSER: Test Cases/Custom Item Details/UTILITIES/CLOSE_BROWSER

2021-03-12 16:46:23 - [TEST_STEP][PASSED] - closeBrowser(): Browser is closed

2021-03-12 16:46:24 - [MESSAGE][PASSED] - Browser is closed

2021-03-12 16:46:24 - [MESSAGE][PASSED] - Call Test Case 'Test Cases/Custom Item Details/UTILITIES/CLOSE_BROWSER' successfully]]></system-out>
         <system-err><![CDATA[]]></system-err>
      </testcase>
      <testcase name="Test Cases/Custom Item Details/TEST CASE/TC_DETAILS_UI_040" time="47.139" classname="Test Cases/Custom Item Details/TEST CASE/TC_DETAILS_UI_040" status="PASSED">
         <system-out><![CDATA[2021-03-12 16:46:24 - [TEST_CASE][PASSED] - Test Cases/Custom Item Details/TEST CASE/TC_DETAILS_UI_040: Test Cases/Custom Item Details/TEST CASE/TC_DETAILS_UI_040

2021-03-12 16:46:24 - [TEST_STEP][PASSED] - callTestCase(findTestCase("Custom Item Details/UTILITIES/OPEN_BROWSER"), [:], STOP_ON_FAILURE): Call Test Case 'Test Cases/Custom Item Details/UTILITIES/OPEN_BROWSER' successfully

2021-03-12 16:46:24 - [TEST_CASE][PASSED] - Test Cases/Custom Item Details/UTILITIES/OPEN_BROWSER: Test Cases/Custom Item Details/UTILITIES/OPEN_BROWSER

2021-03-12 16:46:24 - [TEST_STEP][PASSED] - openBrowser("https://gdasandbox.test-arcadier.com/user/Item/Detail/itemAllCategories/6f43f390-e834-4bbf-acab-1306c6de728f"): Browser is opened with url: 'https://gdasandbox.test-arcadier.com/user/Item/Detail/itemAllCategories/6f43f390-e834-4bbf-acab-1306c6de728f'

2021-03-12 16:46:24 - [MESSAGE][INFO] - Starting 'Chrome' driver

2021-03-12 16:46:24 - [MESSAGE][INFO] - Action delay is set to 0 milliseconds

2021-03-12 16:46:38 - [MESSAGE][PASSED] - Browser is opened with url: 'https://gdasandbox.test-arcadier.com/user/Item/Detail/itemAllCategories/6f43f390-e834-4bbf-acab-1306c6de728f'

2021-03-12 16:46:38 - [MESSAGE][PASSED] - Call Test Case 'Test Cases/Custom Item Details/UTILITIES/OPEN_BROWSER' successfully

2021-03-12 16:46:38 - [TEST_STEP][PASSED] - waitForElementVisible(findTestObject("Item Details Objects/Page_diagnostics/a_Accept Cookies"), 0): Object 'Object Repository/Item Details Objects/Page_diagnostics/a_Accept Cookies' is visible

2021-03-12 16:46:38 - [MESSAGE][WARNING] - Timeout '0' is invalid. Using default page load timeout: '30'

2021-03-12 16:46:39 - [MESSAGE][PASSED] - Object 'Object Repository/Item Details Objects/Page_diagnostics/a_Accept Cookies' is visible

2021-03-12 16:46:39 - [TEST_STEP][PASSED] - click(findTestObject("Item Details Objects/Page_diagnostics/a_Accept Cookies")): Object: 'Object Repository/Item Details Objects/Page_diagnostics/a_Accept Cookies' is clicked on

2021-03-12 16:46:40 - [MESSAGE][PASSED] - Object: 'Object Repository/Item Details Objects/Page_diagnostics/a_Accept Cookies' is clicked on

2021-03-12 16:46:40 - [TEST_STEP][PASSED] - waitForElementVisible(findTestObject("Item Details Objects/Page_diagnostics/Page_diagnostics/span_Regulatory_approval"), 0): Object 'Object Repository/Item Details Objects/Page_diagnostics/Page_diagnostics/span_Regulatory_approval' is not visible after 30 second(s)

2021-03-12 16:46:40 - [MESSAGE][WARNING] - Timeout '0' is invalid. Using default page load timeout: '30'

2021-03-12 16:47:10 - [MESSAGE][WARNING] - Object 'Object Repository/Item Details Objects/Page_diagnostics/Page_diagnostics/span_Regulatory_approval' is not visible after 30 second(s)

2021-03-12 16:47:10 - [TEST_STEP][PASSED] - verifyElementPresent(findTestObject("Item Details Objects/Page_diagnostics/Page_diagnostics/span_Regulatory_approval"), 0): Object 'Object Repository/Item Details Objects/Page_diagnostics/Page_diagnostics/span_Regulatory_approval' is present

2021-03-12 16:47:10 - [MESSAGE][WARNING] - Timeout '0' is invalid. Using default page load timeout: '30'

2021-03-12 16:47:10 - [MESSAGE][PASSED] - Object 'Object Repository/Item Details Objects/Page_diagnostics/Page_diagnostics/span_Regulatory_approval' is present

2021-03-12 16:47:10 - [TEST_STEP][PASSED] - callTestCase(findTestCase("Custom Item Details/UTILITIES/CLOSE_BROWSER"), [:], STOP_ON_FAILURE): Call Test Case 'Test Cases/Custom Item Details/UTILITIES/CLOSE_BROWSER' successfully

2021-03-12 16:47:10 - [TEST_CASE][PASSED] - Test Cases/Custom Item Details/UTILITIES/CLOSE_BROWSER: Test Cases/Custom Item Details/UTILITIES/CLOSE_BROWSER

2021-03-12 16:47:10 - [TEST_STEP][PASSED] - closeBrowser(): Browser is closed

2021-03-12 16:47:11 - [MESSAGE][PASSED] - Browser is closed

2021-03-12 16:47:11 - [MESSAGE][PASSED] - Call Test Case 'Test Cases/Custom Item Details/UTILITIES/CLOSE_BROWSER' successfully]]></system-out>
         <system-err><![CDATA[]]></system-err>
      </testcase>
      <testcase name="Test Cases/Custom Item Details/TEST CASE/TC_DETAILS_UI_042" time="17.478" classname="Test Cases/Custom Item Details/TEST CASE/TC_DETAILS_UI_042" status="PASSED">
         <system-out><![CDATA[2021-03-12 16:47:11 - [TEST_CASE][PASSED] - Test Cases/Custom Item Details/TEST CASE/TC_DETAILS_UI_042: Test Cases/Custom Item Details/TEST CASE/TC_DETAILS_UI_042

2021-03-12 16:47:11 - [TEST_STEP][PASSED] - callTestCase(findTestCase("Custom Item Details/UTILITIES/OPEN_BROWSER"), [:], STOP_ON_FAILURE): Call Test Case 'Test Cases/Custom Item Details/UTILITIES/OPEN_BROWSER' successfully

2021-03-12 16:47:11 - [TEST_CASE][PASSED] - Test Cases/Custom Item Details/UTILITIES/OPEN_BROWSER: Test Cases/Custom Item Details/UTILITIES/OPEN_BROWSER

2021-03-12 16:47:11 - [TEST_STEP][PASSED] - openBrowser("https://gdasandbox.test-arcadier.com/user/Item/Detail/itemAllCategories/6f43f390-e834-4bbf-acab-1306c6de728f"): Browser is opened with url: 'https://gdasandbox.test-arcadier.com/user/Item/Detail/itemAllCategories/6f43f390-e834-4bbf-acab-1306c6de728f'

2021-03-12 16:47:11 - [MESSAGE][INFO] - Starting 'Chrome' driver

2021-03-12 16:47:11 - [MESSAGE][INFO] - Action delay is set to 0 milliseconds

2021-03-12 16:47:27 - [MESSAGE][PASSED] - Browser is opened with url: 'https://gdasandbox.test-arcadier.com/user/Item/Detail/itemAllCategories/6f43f390-e834-4bbf-acab-1306c6de728f'

2021-03-12 16:47:27 - [MESSAGE][PASSED] - Call Test Case 'Test Cases/Custom Item Details/UTILITIES/OPEN_BROWSER' successfully

2021-03-12 16:47:27 - [TEST_STEP][PASSED] - waitForElementVisible(findTestObject("Item Details Objects/Page_diagnostics/a_Accept Cookies"), 0): Object 'Object Repository/Item Details Objects/Page_diagnostics/a_Accept Cookies' is visible

2021-03-12 16:47:27 - [MESSAGE][WARNING] - Timeout '0' is invalid. Using default page load timeout: '30'

2021-03-12 16:47:27 - [MESSAGE][PASSED] - Object 'Object Repository/Item Details Objects/Page_diagnostics/a_Accept Cookies' is visible

2021-03-12 16:47:27 - [TEST_STEP][PASSED] - click(findTestObject("Item Details Objects/Page_diagnostics/a_Accept Cookies")): Object: 'Object Repository/Item Details Objects/Page_diagnostics/a_Accept Cookies' is clicked on

2021-03-12 16:47:27 - [MESSAGE][PASSED] - Object: 'Object Repository/Item Details Objects/Page_diagnostics/a_Accept Cookies' is clicked on

2021-03-12 16:47:27 - [TEST_STEP][PASSED] - verifyElementPresent(findTestObject("Item Details Objects/Page_diagnostics/div_Price_Box"), 0): Object 'Object Repository/Item Details Objects/Page_diagnostics/div_Price_Box' is present

2021-03-12 16:47:27 - [MESSAGE][WARNING] - Timeout '0' is invalid. Using default page load timeout: '30'

2021-03-12 16:47:28 - [MESSAGE][PASSED] - Object 'Object Repository/Item Details Objects/Page_diagnostics/div_Price_Box' is present

2021-03-12 16:47:28 - [TEST_STEP][PASSED] - verifyElementNotVisible(findTestObject("Item Details Objects/Page_diagnostics/div_Price_Box"), STOP_ON_FAILURE): Object 'Object Repository/Item Details Objects/Page_diagnostics/div_Price_Box' is NOT visible

2021-03-12 16:47:28 - [MESSAGE][PASSED] - Object 'Object Repository/Item Details Objects/Page_diagnostics/div_Price_Box' is NOT visible

2021-03-12 16:47:28 - [TEST_STEP][PASSED] - callTestCase(findTestCase("Custom Item Details/UTILITIES/CLOSE_BROWSER"), [:], STOP_ON_FAILURE): Call Test Case 'Test Cases/Custom Item Details/UTILITIES/CLOSE_BROWSER' successfully

2021-03-12 16:47:28 - [TEST_CASE][PASSED] - Test Cases/Custom Item Details/UTILITIES/CLOSE_BROWSER: Test Cases/Custom Item Details/UTILITIES/CLOSE_BROWSER

2021-03-12 16:47:28 - [TEST_STEP][PASSED] - closeBrowser(): Browser is closed

2021-03-12 16:47:29 - [MESSAGE][PASSED] - Browser is closed

2021-03-12 16:47:29 - [MESSAGE][PASSED] - Call Test Case 'Test Cases/Custom Item Details/UTILITIES/CLOSE_BROWSER' successfully]]></system-out>
         <system-err><![CDATA[]]></system-err>
      </testcase>
      <testcase name="Test Cases/Custom Item Details/TEST CASE/TC_DETAILS_UI_043" time="25.822" classname="Test Cases/Custom Item Details/TEST CASE/TC_DETAILS_UI_043" status="PASSED">
         <system-out><![CDATA[2021-03-12 16:47:29 - [TEST_CASE][PASSED] - Test Cases/Custom Item Details/TEST CASE/TC_DETAILS_UI_043: Test Cases/Custom Item Details/TEST CASE/TC_DETAILS_UI_043

2021-03-12 16:47:29 - [TEST_STEP][PASSED] - callTestCase(findTestCase("Custom Item Details/UTILITIES/OPEN_BROWSER"), [:], STOP_ON_FAILURE): Call Test Case 'Test Cases/Custom Item Details/UTILITIES/OPEN_BROWSER' successfully

2021-03-12 16:47:29 - [TEST_CASE][PASSED] - Test Cases/Custom Item Details/UTILITIES/OPEN_BROWSER: Test Cases/Custom Item Details/UTILITIES/OPEN_BROWSER

2021-03-12 16:47:29 - [TEST_STEP][PASSED] - openBrowser("https://gdasandbox.test-arcadier.com/user/Item/Detail/itemAllCategories/6f43f390-e834-4bbf-acab-1306c6de728f"): Browser is opened with url: 'https://gdasandbox.test-arcadier.com/user/Item/Detail/itemAllCategories/6f43f390-e834-4bbf-acab-1306c6de728f'

2021-03-12 16:47:29 - [MESSAGE][INFO] - Starting 'Chrome' driver

2021-03-12 16:47:29 - [MESSAGE][INFO] - Action delay is set to 0 milliseconds

2021-03-12 16:47:42 - [MESSAGE][PASSED] - Browser is opened with url: 'https://gdasandbox.test-arcadier.com/user/Item/Detail/itemAllCategories/6f43f390-e834-4bbf-acab-1306c6de728f'

2021-03-12 16:47:42 - [MESSAGE][PASSED] - Call Test Case 'Test Cases/Custom Item Details/UTILITIES/OPEN_BROWSER' successfully

2021-03-12 16:47:42 - [TEST_STEP][PASSED] - waitForElementVisible(findTestObject("Item Details Objects/Page_diagnostics/a_Procure_from_other_Agencies"), 0): Object 'Object Repository/Item Details Objects/Page_diagnostics/a_Procure_from_other_Agencies' is visible

2021-03-12 16:47:42 - [MESSAGE][WARNING] - Timeout '0' is invalid. Using default page load timeout: '30'

2021-03-12 16:47:42 - [MESSAGE][PASSED] - Object 'Object Repository/Item Details Objects/Page_diagnostics/a_Procure_from_other_Agencies' is visible

2021-03-12 16:47:42 - [TEST_STEP][PASSED] - click(findTestObject("Item Details Objects/Page_diagnostics/a_Procure_from_other_Agencies")): Object: 'Object Repository/Item Details Objects/Page_diagnostics/a_Procure_from_other_Agencies' is clicked on

2021-03-12 16:47:44 - [MESSAGE][PASSED] - Object: 'Object Repository/Item Details Objects/Page_diagnostics/a_Procure_from_other_Agencies' is clicked on

2021-03-12 16:47:44 - [TEST_STEP][PASSED] - callTestCase(findTestCase("Custom Item Details/UTILITIES/LOGIN"), [:], STOP_ON_FAILURE): Call Test Case 'Test Cases/Custom Item Details/UTILITIES/LOGIN' successfully

2021-03-12 16:47:44 - [TEST_CASE][PASSED] - Test Cases/Custom Item Details/UTILITIES/LOGIN: Test Cases/Custom Item Details/UTILITIES/LOGIN

2021-03-12 16:47:44 - [TEST_STEP][PASSED] - click(findTestObject("Login Page/Page_diagnostics/a_Sign_In_as_ Buyer")): Object: 'Object Repository/Login Page/Page_diagnostics/a_Sign_In_as_ Buyer' is clicked on

2021-03-12 16:47:44 - [MESSAGE][PASSED] - Object: 'Object Repository/Login Page/Page_diagnostics/a_Sign_In_as_ Buyer' is clicked on

2021-03-12 16:47:44 - [TEST_STEP][PASSED] - setText(findTestObject("Login Page/Page_diagnostics/input_EmailUsername"), "admin"): Text 'admin' is set on object 'Object Repository/Login Page/Page_diagnostics/input_EmailUsername'

2021-03-12 16:47:45 - [MESSAGE][PASSED] - Text 'admin' is set on object 'Object Repository/Login Page/Page_diagnostics/input_EmailUsername'

2021-03-12 16:47:45 - [TEST_STEP][PASSED] - setText(findTestObject("Login Page/Page_diagnostics/input_Password"), "Diagnostics123!"): Text 'Diagnostics123!' is set on object 'Object Repository/Login Page/Page_diagnostics/input_Password'

2021-03-12 16:47:45 - [MESSAGE][PASSED] - Text 'Diagnostics123!' is set on object 'Object Repository/Login Page/Page_diagnostics/input_Password'

2021-03-12 16:47:45 - [TEST_STEP][PASSED] - click(findTestObject("Login Page/Page_diagnostics/input_Login-Submit")): Object: 'Object Repository/Login Page/Page_diagnostics/input_Login-Submit' is clicked on

2021-03-12 16:47:50 - [MESSAGE][PASSED] - Object: 'Object Repository/Login Page/Page_diagnostics/input_Login-Submit' is clicked on

2021-03-12 16:47:50 - [MESSAGE][PASSED] - Call Test Case 'Test Cases/Custom Item Details/UTILITIES/LOGIN' successfully

2021-03-12 16:47:50 - [TEST_STEP][PASSED] - callTestCase(findTestCase("Custom Item Details/UTILITIES/ITEM_DETAIL_PAGE"), [:], STOP_ON_FAILURE): Call Test Case 'Test Cases/Custom Item Details/UTILITIES/ITEM_DETAIL_PAGE' successfully

2021-03-12 16:47:50 - [TEST_CASE][PASSED] - Test Cases/Custom Item Details/UTILITIES/ITEM_DETAIL_PAGE: Test Cases/Custom Item Details/UTILITIES/ITEM_DETAIL_PAGE

2021-03-12 16:47:50 - [TEST_STEP][PASSED] - navigateToUrl("https://gdasandbox.test-arcadier.com/user/item/detail/gdaagencyfind/59fde34e-4dcb-44b5-bdcd-2bde962c0cb5"): Navigate to 'https://gdasandbox.test-arcadier.com/user/item/detail/gdaagencyfind/59fde34e-4dcb-44b5-bdcd-2bde962c0cb5' successfully

2021-03-12 16:47:52 - [MESSAGE][PASSED] - Navigate to 'https://gdasandbox.test-arcadier.com/user/item/detail/gdaagencyfind/59fde34e-4dcb-44b5-bdcd-2bde962c0cb5' successfully

2021-03-12 16:47:52 - [MESSAGE][PASSED] - Call Test Case 'Test Cases/Custom Item Details/UTILITIES/ITEM_DETAIL_PAGE' successfully

2021-03-12 16:47:52 - [TEST_STEP][PASSED] - verifyElementPresent(findTestObject("Item Details Objects/Page_diagnostics/div_Price_Box"), 0): Object 'Object Repository/Item Details Objects/Page_diagnostics/div_Price_Box' is present

2021-03-12 16:47:52 - [MESSAGE][WARNING] - Timeout '0' is invalid. Using default page load timeout: '30'

2021-03-12 16:47:53 - [MESSAGE][PASSED] - Object 'Object Repository/Item Details Objects/Page_diagnostics/div_Price_Box' is present

2021-03-12 16:47:53 - [TEST_STEP][PASSED] - verifyElementNotVisible(findTestObject("Item Details Objects/Page_diagnostics/div_Price_Box"), STOP_ON_FAILURE): Object 'Object Repository/Item Details Objects/Page_diagnostics/div_Price_Box' is NOT visible

2021-03-12 16:47:54 - [MESSAGE][PASSED] - Object 'Object Repository/Item Details Objects/Page_diagnostics/div_Price_Box' is NOT visible

2021-03-12 16:47:54 - [TEST_STEP][PASSED] - callTestCase(findTestCase("Custom Item Details/UTILITIES/CLOSE_BROWSER"), [:], STOP_ON_FAILURE): Call Test Case 'Test Cases/Custom Item Details/UTILITIES/CLOSE_BROWSER' successfully

2021-03-12 16:47:54 - [TEST_CASE][PASSED] - Test Cases/Custom Item Details/UTILITIES/CLOSE_BROWSER: Test Cases/Custom Item Details/UTILITIES/CLOSE_BROWSER

2021-03-12 16:47:54 - [TEST_STEP][PASSED] - closeBrowser(): Browser is closed

2021-03-12 16:47:54 - [MESSAGE][PASSED] - Browser is closed

2021-03-12 16:47:54 - [MESSAGE][PASSED] - Call Test Case 'Test Cases/Custom Item Details/UTILITIES/CLOSE_BROWSER' successfully]]></system-out>
         <system-err><![CDATA[]]></system-err>
      </testcase>
      <testcase name="Test Cases/Custom Item Details/TEST CASE/TC_DETAILS_UI_041" time="45.536" classname="Test Cases/Custom Item Details/TEST CASE/TC_DETAILS_UI_041" status="PASSED">
         <system-out><![CDATA[2021-03-12 16:47:54 - [TEST_CASE][PASSED] - Test Cases/Custom Item Details/TEST CASE/TC_DETAILS_UI_041: Test Cases/Custom Item Details/TEST CASE/TC_DETAILS_UI_041

2021-03-12 16:47:55 - [TEST_STEP][PASSED] - callTestCase(findTestCase("Custom Item Details/UTILITIES/OPEN_BROWSER"), [:], STOP_ON_FAILURE): Call Test Case 'Test Cases/Custom Item Details/UTILITIES/OPEN_BROWSER' successfully

2021-03-12 16:47:55 - [TEST_CASE][PASSED] - Test Cases/Custom Item Details/UTILITIES/OPEN_BROWSER: Test Cases/Custom Item Details/UTILITIES/OPEN_BROWSER

2021-03-12 16:47:55 - [TEST_STEP][PASSED] - openBrowser("https://gdasandbox.test-arcadier.com/user/Item/Detail/itemAllCategories/6f43f390-e834-4bbf-acab-1306c6de728f"): Browser is opened with url: 'https://gdasandbox.test-arcadier.com/user/Item/Detail/itemAllCategories/6f43f390-e834-4bbf-acab-1306c6de728f'

2021-03-12 16:47:55 - [MESSAGE][INFO] - Starting 'Chrome' driver

2021-03-12 16:47:55 - [MESSAGE][INFO] - Action delay is set to 0 milliseconds

2021-03-12 16:48:07 - [MESSAGE][PASSED] - Browser is opened with url: 'https://gdasandbox.test-arcadier.com/user/Item/Detail/itemAllCategories/6f43f390-e834-4bbf-acab-1306c6de728f'

2021-03-12 16:48:07 - [MESSAGE][PASSED] - Call Test Case 'Test Cases/Custom Item Details/UTILITIES/OPEN_BROWSER' successfully

2021-03-12 16:48:07 - [TEST_STEP][PASSED] - waitForElementVisible(findTestObject("Item Details Objects/Page_diagnostics/a_Accept Cookies"), 0): Object 'Object Repository/Item Details Objects/Page_diagnostics/a_Accept Cookies' is visible

2021-03-12 16:48:07 - [MESSAGE][WARNING] - Timeout '0' is invalid. Using default page load timeout: '30'

2021-03-12 16:48:08 - [MESSAGE][PASSED] - Object 'Object Repository/Item Details Objects/Page_diagnostics/a_Accept Cookies' is visible

2021-03-12 16:48:08 - [TEST_STEP][PASSED] - click(findTestObject("Item Details Objects/Page_diagnostics/a_Accept Cookies")): Object: 'Object Repository/Item Details Objects/Page_diagnostics/a_Accept Cookies' is clicked on

2021-03-12 16:48:09 - [MESSAGE][PASSED] - Object: 'Object Repository/Item Details Objects/Page_diagnostics/a_Accept Cookies' is clicked on

2021-03-12 16:48:09 - [TEST_STEP][PASSED] - waitForElementVisible(findTestObject("Item Details Objects/Page_diagnostics/Page_diagnostics/span_Country_registration"), 0): Object 'Object Repository/Item Details Objects/Page_diagnostics/Page_diagnostics/span_Country_registration' is not visible after 30 second(s)

2021-03-12 16:48:09 - [MESSAGE][WARNING] - Timeout '0' is invalid. Using default page load timeout: '30'

2021-03-12 16:48:39 - [MESSAGE][WARNING] - Object 'Object Repository/Item Details Objects/Page_diagnostics/Page_diagnostics/span_Country_registration' is not visible after 30 second(s)

2021-03-12 16:48:39 - [TEST_STEP][PASSED] - verifyElementPresent(findTestObject("Item Details Objects/Page_diagnostics/Page_diagnostics/span_Country_registration"), 0): Object 'Object Repository/Item Details Objects/Page_diagnostics/Page_diagnostics/span_Country_registration' is present

2021-03-12 16:48:39 - [MESSAGE][WARNING] - Timeout '0' is invalid. Using default page load timeout: '30'

2021-03-12 16:48:39 - [MESSAGE][PASSED] - Object 'Object Repository/Item Details Objects/Page_diagnostics/Page_diagnostics/span_Country_registration' is present

2021-03-12 16:48:39 - [TEST_STEP][PASSED] - callTestCase(findTestCase("Custom Item Details/UTILITIES/CLOSE_BROWSER"), [:], STOP_ON_FAILURE): Call Test Case 'Test Cases/Custom Item Details/UTILITIES/CLOSE_BROWSER' successfully

2021-03-12 16:48:39 - [TEST_CASE][PASSED] - Test Cases/Custom Item Details/UTILITIES/CLOSE_BROWSER: Test Cases/Custom Item Details/UTILITIES/CLOSE_BROWSER

2021-03-12 16:48:39 - [TEST_STEP][PASSED] - closeBrowser(): Browser is closed

2021-03-12 16:48:40 - [MESSAGE][PASSED] - Browser is closed

2021-03-12 16:48:40 - [MESSAGE][PASSED] - Call Test Case 'Test Cases/Custom Item Details/UTILITIES/CLOSE_BROWSER' successfully]]></system-out>
         <system-err><![CDATA[]]></system-err>
      </testcase>
      <system-out><![CDATA[2021-03-12 16:26:52 - [TEST_SUITE][PASSED] - Item detail test: Test Cases/Custom Item Details/TEST CASE/TC_DETAILS_UI_041]]></system-out>
      <system-err><![CDATA[]]></system-err>
   </testsuite>
</testsuites>
