<?xml version="1.0" encoding="UTF-8"?>
<testsuites name="Item detail test" time="1358.669" tests="49" failures="0" errors="0">
   <testsuite name="Item detail test" tests="49" failures="0" errors="0" time="1358.669" timestamp="2021-05-10 14:52:44" hostname="Lexoter - DESKTOP-IJBB9BE" id="Test Suites/Item detail test">
      <properties>
         <property name="deviceName" value=""/>
         <property name="devicePlatform" value=""/>
         <property name="logFolder" value="K:\\Work\\GitHub\\find-item-detail-test_v2\\Reports\\20210510_145230\\Item detail test\\20210510_145230"/>
         <property name="logFiles" value="K:\\Work\\GitHub\\find-item-detail-test_v2\\Reports\\20210510_145230\\Item detail test\\20210510_145230\\execution0.log"/>
         <property name="attachments" value=""/>
         <property name="hostName" value="Lexoter - DESKTOP-IJBB9BE"/>
         <property name="os" value="Windows 10 64bit"/>
         <property name="katalonVersion" value="7.7.0.205"/>
         <property name="browser" value="Chrome 90.0.4430.93"/>
         <property name="hostAddress" value="192.168.56.1"/>
         <property name="sessionId" value="f859dbd431b28e34808237011234e264"/>
         <property name="seleniumVersion" value="3.141.59"/>
         <property name="proxyInformation" value="ProxyInformation { proxyOption=NO_PROXY, proxyServerType=HTTP, username=, password=********, proxyServerAddress=, proxyServerPort=0, executionList=&quot;&quot;, isApplyToDesiredCapabilities=true }"/>
         <property name="platform" value="Windows 10"/>
      </properties>
      <testcase name="Test Cases/Custom Item Details/TEST CASE/TC_DETAILS_UI_001" time="28.757" classname="Test Cases/Custom Item Details/TEST CASE/TC_DETAILS_UI_001" status="PASSED">
         <system-out><![CDATA[2021-05-10 14:52:44 - [TEST_CASE][PASSED] - Test Cases/Custom Item Details/TEST CASE/TC_DETAILS_UI_001: Test Cases/Custom Item Details/TEST CASE/TC_DETAILS_UI_001

2021-05-10 14:52:44 - [TEST_STEP][PASSED] - callTestCase(findTestCase("Custom Item Details/UTILITIES/OPEN_BROWSER"), [:], STOP_ON_FAILURE): Call Test Case 'Test Cases/Custom Item Details/UTILITIES/OPEN_BROWSER' successfully

2021-05-10 14:52:45 - [TEST_CASE][PASSED] - Test Cases/Custom Item Details/UTILITIES/OPEN_BROWSER: Test Cases/Custom Item Details/UTILITIES/OPEN_BROWSER

2021-05-10 14:52:45 - [TEST_STEP][PASSED] - openBrowser("https://diagnostics.staging.arcadier.io/"): Browser is opened with url: 'https://diagnostics.staging.arcadier.io/'

2021-05-10 14:52:45 - [MESSAGE][INFO] - Starting 'Chrome' driver

2021-05-10 14:52:45 - [MESSAGE][INFO] - Action delay is set to 0 milliseconds

2021-05-10 14:53:00 - [MESSAGE][PASSED] - Browser is opened with url: 'https://diagnostics.staging.arcadier.io/'

2021-05-10 14:53:00 - [TEST_STEP][PASSED] - maximizeWindow(): Current window maximized

2021-05-10 14:53:00 - [MESSAGE][PASSED] - Current window maximized

2021-05-10 14:53:00 - [TEST_STEP][PASSED] - click(findTestObject("Item Details Objects/Page_diagnostics/a_Accept Cookies")): Object: 'Object Repository/Item Details Objects/Page_diagnostics/a_Accept Cookies' is clicked on

2021-05-10 14:53:00 - [MESSAGE][PASSED] - Object: 'Object Repository/Item Details Objects/Page_diagnostics/a_Accept Cookies' is clicked on

2021-05-10 14:53:00 - [TEST_STEP][PASSED] - click(findTestObject("Staging Objects/Page_diagnostics/a_DIABETES DIAGNOSTICS"), STOP_ON_FAILURE): Object: 'Object Repository/Staging Objects/Page_diagnostics/a_DIABETES DIAGNOSTICS' is clicked on

2021-05-10 14:53:02 - [MESSAGE][PASSED] - Object: 'Object Repository/Staging Objects/Page_diagnostics/a_DIABETES DIAGNOSTICS' is clicked on

2021-05-10 14:53:02 - [TEST_STEP][PASSED] - mouseOver(findTestObject("Staging Objects/Page_diagnostics/a_CareSens N Eco Blood Glucose Meter")): Object: 'Object Repository/Staging Objects/Page_diagnostics/a_CareSens N Eco Blood Glucose Meter' is hovered

2021-05-10 14:53:06 - [MESSAGE][PASSED] - Object: 'Object Repository/Staging Objects/Page_diagnostics/a_CareSens N Eco Blood Glucose Meter' is hovered

2021-05-10 14:53:06 - [TEST_STEP][PASSED] - click(findTestObject("Staging Objects/Page_diagnostics/a_CareSens N Eco Blood Glucose Meter")): Object: 'Object Repository/Staging Objects/Page_diagnostics/a_CareSens N Eco Blood Glucose Meter' is clicked on

2021-05-10 14:53:11 - [MESSAGE][PASSED] - Object: 'Object Repository/Staging Objects/Page_diagnostics/a_CareSens N Eco Blood Glucose Meter' is clicked on

2021-05-10 14:53:11 - [MESSAGE][PASSED] - Call Test Case 'Test Cases/Custom Item Details/UTILITIES/OPEN_BROWSER' successfully

2021-05-10 14:53:11 - [TEST_STEP][PASSED] - waitForElementVisible(findTestObject("Item Details Objects/Page_diagnostics/div.item-details"), 0): Object 'Object Repository/Item Details Objects/Page_diagnostics/div.item-details' is visible

2021-05-10 14:53:11 - [MESSAGE][WARNING] - Timeout '0' is invalid. Using default page load timeout: '30'

2021-05-10 14:53:12 - [MESSAGE][PASSED] - Object 'Object Repository/Item Details Objects/Page_diagnostics/div.item-details' is visible

2021-05-10 14:53:12 - [TEST_STEP][PASSED] - callTestCase(findTestCase("Custom Item Details/UTILITIES/CLOSE_BROWSER"), [:], STOP_ON_FAILURE): Call Test Case 'Test Cases/Custom Item Details/UTILITIES/CLOSE_BROWSER' successfully

2021-05-10 14:53:12 - [TEST_CASE][PASSED] - Test Cases/Custom Item Details/UTILITIES/CLOSE_BROWSER: Test Cases/Custom Item Details/UTILITIES/CLOSE_BROWSER

2021-05-10 14:53:12 - [TEST_STEP][PASSED] - closeBrowser(): Browser is closed

2021-05-10 14:53:13 - [MESSAGE][PASSED] - Browser is closed

2021-05-10 14:53:13 - [MESSAGE][PASSED] - Call Test Case 'Test Cases/Custom Item Details/UTILITIES/CLOSE_BROWSER' successfully]]></system-out>
         <system-err><![CDATA[]]></system-err>
      </testcase>
      <testcase name="Test Cases/Custom Item Details/TEST CASE/TC_DETAILS_UI_002" time="25.772" classname="Test Cases/Custom Item Details/TEST CASE/TC_DETAILS_UI_002" status="PASSED">
         <system-out><![CDATA[2021-05-10 14:53:13 - [TEST_CASE][PASSED] - Test Cases/Custom Item Details/TEST CASE/TC_DETAILS_UI_002: Test Cases/Custom Item Details/TEST CASE/TC_DETAILS_UI_002

2021-05-10 14:53:13 - [TEST_STEP][PASSED] - callTestCase(findTestCase("Custom Item Details/UTILITIES/OPEN_BROWSER"), [:], STOP_ON_FAILURE): Call Test Case 'Test Cases/Custom Item Details/UTILITIES/OPEN_BROWSER' successfully

2021-05-10 14:53:13 - [TEST_CASE][PASSED] - Test Cases/Custom Item Details/UTILITIES/OPEN_BROWSER: Test Cases/Custom Item Details/UTILITIES/OPEN_BROWSER

2021-05-10 14:53:13 - [TEST_STEP][PASSED] - openBrowser("https://diagnostics.staging.arcadier.io/"): Browser is opened with url: 'https://diagnostics.staging.arcadier.io/'

2021-05-10 14:53:13 - [MESSAGE][INFO] - Starting 'Chrome' driver

2021-05-10 14:53:13 - [MESSAGE][INFO] - Action delay is set to 0 milliseconds

2021-05-10 14:53:27 - [MESSAGE][PASSED] - Browser is opened with url: 'https://diagnostics.staging.arcadier.io/'

2021-05-10 14:53:27 - [TEST_STEP][PASSED] - maximizeWindow(): Current window maximized

2021-05-10 14:53:27 - [MESSAGE][PASSED] - Current window maximized

2021-05-10 14:53:27 - [TEST_STEP][PASSED] - click(findTestObject("Item Details Objects/Page_diagnostics/a_Accept Cookies")): Object: 'Object Repository/Item Details Objects/Page_diagnostics/a_Accept Cookies' is clicked on

2021-05-10 14:53:27 - [MESSAGE][PASSED] - Object: 'Object Repository/Item Details Objects/Page_diagnostics/a_Accept Cookies' is clicked on

2021-05-10 14:53:27 - [TEST_STEP][PASSED] - click(findTestObject("Staging Objects/Page_diagnostics/a_DIABETES DIAGNOSTICS"), STOP_ON_FAILURE): Object: 'Object Repository/Staging Objects/Page_diagnostics/a_DIABETES DIAGNOSTICS' is clicked on

2021-05-10 14:53:29 - [MESSAGE][PASSED] - Object: 'Object Repository/Staging Objects/Page_diagnostics/a_DIABETES DIAGNOSTICS' is clicked on

2021-05-10 14:53:29 - [TEST_STEP][PASSED] - mouseOver(findTestObject("Staging Objects/Page_diagnostics/a_CareSens N Eco Blood Glucose Meter")): Object: 'Object Repository/Staging Objects/Page_diagnostics/a_CareSens N Eco Blood Glucose Meter' is hovered

2021-05-10 14:53:33 - [MESSAGE][PASSED] - Object: 'Object Repository/Staging Objects/Page_diagnostics/a_CareSens N Eco Blood Glucose Meter' is hovered

2021-05-10 14:53:33 - [TEST_STEP][PASSED] - click(findTestObject("Staging Objects/Page_diagnostics/a_CareSens N Eco Blood Glucose Meter")): Object: 'Object Repository/Staging Objects/Page_diagnostics/a_CareSens N Eco Blood Glucose Meter' is clicked on

2021-05-10 14:53:37 - [MESSAGE][PASSED] - Object: 'Object Repository/Staging Objects/Page_diagnostics/a_CareSens N Eco Blood Glucose Meter' is clicked on

2021-05-10 14:53:37 - [MESSAGE][PASSED] - Call Test Case 'Test Cases/Custom Item Details/UTILITIES/OPEN_BROWSER' successfully

2021-05-10 14:53:37 - [TEST_STEP][PASSED] - waitForElementVisible(findTestObject("Item Details Objects/Page_diagnostics/div.item-detail-right"), 0): Object 'Object Repository/Item Details Objects/Page_diagnostics/div.item-detail-right' is visible

2021-05-10 14:53:37 - [MESSAGE][WARNING] - Timeout '0' is invalid. Using default page load timeout: '30'

2021-05-10 14:53:38 - [MESSAGE][PASSED] - Object 'Object Repository/Item Details Objects/Page_diagnostics/div.item-detail-right' is visible

2021-05-10 14:53:38 - [TEST_STEP][PASSED] - callTestCase(findTestCase("Custom Item Details/UTILITIES/CLOSE_BROWSER"), [:], STOP_ON_FAILURE): Call Test Case 'Test Cases/Custom Item Details/UTILITIES/CLOSE_BROWSER' successfully

2021-05-10 14:53:38 - [TEST_CASE][PASSED] - Test Cases/Custom Item Details/UTILITIES/CLOSE_BROWSER: Test Cases/Custom Item Details/UTILITIES/CLOSE_BROWSER

2021-05-10 14:53:38 - [TEST_STEP][PASSED] - closeBrowser(): Browser is closed

2021-05-10 14:53:39 - [MESSAGE][PASSED] - Browser is closed

2021-05-10 14:53:39 - [MESSAGE][PASSED] - Call Test Case 'Test Cases/Custom Item Details/UTILITIES/CLOSE_BROWSER' successfully]]></system-out>
         <system-err><![CDATA[]]></system-err>
      </testcase>
      <testcase name="Test Cases/Custom Item Details/TEST CASE/TC_DETAILS_UI_003" time="26.03" classname="Test Cases/Custom Item Details/TEST CASE/TC_DETAILS_UI_003" status="PASSED">
         <system-out><![CDATA[2021-05-10 14:53:39 - [TEST_CASE][PASSED] - Test Cases/Custom Item Details/TEST CASE/TC_DETAILS_UI_003: Test Cases/Custom Item Details/TEST CASE/TC_DETAILS_UI_003

2021-05-10 14:53:39 - [TEST_STEP][PASSED] - callTestCase(findTestCase("Custom Item Details/UTILITIES/OPEN_BROWSER"), [:], STOP_ON_FAILURE): Call Test Case 'Test Cases/Custom Item Details/UTILITIES/OPEN_BROWSER' successfully

2021-05-10 14:53:39 - [TEST_CASE][PASSED] - Test Cases/Custom Item Details/UTILITIES/OPEN_BROWSER: Test Cases/Custom Item Details/UTILITIES/OPEN_BROWSER

2021-05-10 14:53:39 - [TEST_STEP][PASSED] - openBrowser("https://diagnostics.staging.arcadier.io/"): Browser is opened with url: 'https://diagnostics.staging.arcadier.io/'

2021-05-10 14:53:39 - [MESSAGE][INFO] - Starting 'Chrome' driver

2021-05-10 14:53:39 - [MESSAGE][INFO] - Action delay is set to 0 milliseconds

2021-05-10 14:53:53 - [MESSAGE][PASSED] - Browser is opened with url: 'https://diagnostics.staging.arcadier.io/'

2021-05-10 14:53:53 - [TEST_STEP][PASSED] - maximizeWindow(): Current window maximized

2021-05-10 14:53:53 - [MESSAGE][PASSED] - Current window maximized

2021-05-10 14:53:53 - [TEST_STEP][PASSED] - click(findTestObject("Item Details Objects/Page_diagnostics/a_Accept Cookies")): Object: 'Object Repository/Item Details Objects/Page_diagnostics/a_Accept Cookies' is clicked on

2021-05-10 14:53:54 - [MESSAGE][PASSED] - Object: 'Object Repository/Item Details Objects/Page_diagnostics/a_Accept Cookies' is clicked on

2021-05-10 14:53:54 - [TEST_STEP][PASSED] - click(findTestObject("Staging Objects/Page_diagnostics/a_DIABETES DIAGNOSTICS"), STOP_ON_FAILURE): Object: 'Object Repository/Staging Objects/Page_diagnostics/a_DIABETES DIAGNOSTICS' is clicked on

2021-05-10 14:53:55 - [MESSAGE][PASSED] - Object: 'Object Repository/Staging Objects/Page_diagnostics/a_DIABETES DIAGNOSTICS' is clicked on

2021-05-10 14:53:55 - [TEST_STEP][PASSED] - mouseOver(findTestObject("Staging Objects/Page_diagnostics/a_CareSens N Eco Blood Glucose Meter")): Object: 'Object Repository/Staging Objects/Page_diagnostics/a_CareSens N Eco Blood Glucose Meter' is hovered

2021-05-10 14:53:59 - [MESSAGE][PASSED] - Object: 'Object Repository/Staging Objects/Page_diagnostics/a_CareSens N Eco Blood Glucose Meter' is hovered

2021-05-10 14:53:59 - [TEST_STEP][PASSED] - click(findTestObject("Staging Objects/Page_diagnostics/a_CareSens N Eco Blood Glucose Meter")): Object: 'Object Repository/Staging Objects/Page_diagnostics/a_CareSens N Eco Blood Glucose Meter' is clicked on

2021-05-10 14:54:03 - [MESSAGE][PASSED] - Object: 'Object Repository/Staging Objects/Page_diagnostics/a_CareSens N Eco Blood Glucose Meter' is clicked on

2021-05-10 14:54:03 - [MESSAGE][PASSED] - Call Test Case 'Test Cases/Custom Item Details/UTILITIES/OPEN_BROWSER' successfully

2021-05-10 14:54:03 - [TEST_STEP][PASSED] - waitForElementVisible(findTestObject("Item Details Objects/Page_diagnostics/img.Item"), 0): Object 'Object Repository/Item Details Objects/Page_diagnostics/img.Item' is visible

2021-05-10 14:54:03 - [MESSAGE][WARNING] - Timeout '0' is invalid. Using default page load timeout: '30'

2021-05-10 14:54:04 - [MESSAGE][PASSED] - Object 'Object Repository/Item Details Objects/Page_diagnostics/img.Item' is visible

2021-05-10 14:54:04 - [TEST_STEP][PASSED] - callTestCase(findTestCase("Custom Item Details/UTILITIES/CLOSE_BROWSER"), [:], STOP_ON_FAILURE): Call Test Case 'Test Cases/Custom Item Details/UTILITIES/CLOSE_BROWSER' successfully

2021-05-10 14:54:04 - [TEST_CASE][PASSED] - Test Cases/Custom Item Details/UTILITIES/CLOSE_BROWSER: Test Cases/Custom Item Details/UTILITIES/CLOSE_BROWSER

2021-05-10 14:54:04 - [TEST_STEP][PASSED] - closeBrowser(): Browser is closed

2021-05-10 14:54:05 - [MESSAGE][PASSED] - Browser is closed

2021-05-10 14:54:05 - [MESSAGE][PASSED] - Call Test Case 'Test Cases/Custom Item Details/UTILITIES/CLOSE_BROWSER' successfully]]></system-out>
         <system-err><![CDATA[]]></system-err>
      </testcase>
      <testcase name="Test Cases/Custom Item Details/TEST CASE/TC_DETAILS_UI_004" time="26.304" classname="Test Cases/Custom Item Details/TEST CASE/TC_DETAILS_UI_004" status="PASSED">
         <system-out><![CDATA[2021-05-10 14:54:05 - [TEST_CASE][PASSED] - Test Cases/Custom Item Details/TEST CASE/TC_DETAILS_UI_004: Test Cases/Custom Item Details/TEST CASE/TC_DETAILS_UI_004

2021-05-10 14:54:05 - [TEST_STEP][PASSED] - callTestCase(findTestCase("Custom Item Details/UTILITIES/OPEN_BROWSER"), [:], STOP_ON_FAILURE): Call Test Case 'Test Cases/Custom Item Details/UTILITIES/OPEN_BROWSER' successfully

2021-05-10 14:54:05 - [TEST_CASE][PASSED] - Test Cases/Custom Item Details/UTILITIES/OPEN_BROWSER: Test Cases/Custom Item Details/UTILITIES/OPEN_BROWSER

2021-05-10 14:54:05 - [TEST_STEP][PASSED] - openBrowser("https://diagnostics.staging.arcadier.io/"): Browser is opened with url: 'https://diagnostics.staging.arcadier.io/'

2021-05-10 14:54:05 - [MESSAGE][INFO] - Starting 'Chrome' driver

2021-05-10 14:54:05 - [MESSAGE][INFO] - Action delay is set to 0 milliseconds

2021-05-10 14:54:19 - [MESSAGE][PASSED] - Browser is opened with url: 'https://diagnostics.staging.arcadier.io/'

2021-05-10 14:54:19 - [TEST_STEP][PASSED] - maximizeWindow(): Current window maximized

2021-05-10 14:54:19 - [MESSAGE][PASSED] - Current window maximized

2021-05-10 14:54:19 - [TEST_STEP][PASSED] - click(findTestObject("Item Details Objects/Page_diagnostics/a_Accept Cookies")): Object: 'Object Repository/Item Details Objects/Page_diagnostics/a_Accept Cookies' is clicked on

2021-05-10 14:54:20 - [MESSAGE][PASSED] - Object: 'Object Repository/Item Details Objects/Page_diagnostics/a_Accept Cookies' is clicked on

2021-05-10 14:54:20 - [TEST_STEP][PASSED] - click(findTestObject("Staging Objects/Page_diagnostics/a_DIABETES DIAGNOSTICS"), STOP_ON_FAILURE): Object: 'Object Repository/Staging Objects/Page_diagnostics/a_DIABETES DIAGNOSTICS' is clicked on

2021-05-10 14:54:22 - [MESSAGE][PASSED] - Object: 'Object Repository/Staging Objects/Page_diagnostics/a_DIABETES DIAGNOSTICS' is clicked on

2021-05-10 14:54:22 - [TEST_STEP][PASSED] - mouseOver(findTestObject("Staging Objects/Page_diagnostics/a_CareSens N Eco Blood Glucose Meter")): Object: 'Object Repository/Staging Objects/Page_diagnostics/a_CareSens N Eco Blood Glucose Meter' is hovered

2021-05-10 14:54:25 - [MESSAGE][PASSED] - Object: 'Object Repository/Staging Objects/Page_diagnostics/a_CareSens N Eco Blood Glucose Meter' is hovered

2021-05-10 14:54:25 - [TEST_STEP][PASSED] - click(findTestObject("Staging Objects/Page_diagnostics/a_CareSens N Eco Blood Glucose Meter")): Object: 'Object Repository/Staging Objects/Page_diagnostics/a_CareSens N Eco Blood Glucose Meter' is clicked on

2021-05-10 14:54:29 - [MESSAGE][PASSED] - Object: 'Object Repository/Staging Objects/Page_diagnostics/a_CareSens N Eco Blood Glucose Meter' is clicked on

2021-05-10 14:54:29 - [MESSAGE][PASSED] - Call Test Case 'Test Cases/Custom Item Details/UTILITIES/OPEN_BROWSER' successfully

2021-05-10 14:54:29 - [TEST_STEP][PASSED] - waitForElementVisible(findTestObject("Item Details Objects/Page_diagnostics/div.merchant-name2"), 0): Object 'Object Repository/Item Details Objects/Page_diagnostics/div.merchant-name2' is visible

2021-05-10 14:54:29 - [MESSAGE][WARNING] - Timeout '0' is invalid. Using default page load timeout: '30'

2021-05-10 14:54:30 - [MESSAGE][PASSED] - Object 'Object Repository/Item Details Objects/Page_diagnostics/div.merchant-name2' is visible

2021-05-10 14:54:30 - [TEST_STEP][PASSED] - callTestCase(findTestCase("Custom Item Details/UTILITIES/CLOSE_BROWSER"), [:], STOP_ON_FAILURE): Call Test Case 'Test Cases/Custom Item Details/UTILITIES/CLOSE_BROWSER' successfully

2021-05-10 14:54:30 - [TEST_CASE][PASSED] - Test Cases/Custom Item Details/UTILITIES/CLOSE_BROWSER: Test Cases/Custom Item Details/UTILITIES/CLOSE_BROWSER

2021-05-10 14:54:30 - [TEST_STEP][PASSED] - closeBrowser(): Browser is closed

2021-05-10 14:54:31 - [MESSAGE][PASSED] - Browser is closed

2021-05-10 14:54:31 - [MESSAGE][PASSED] - Call Test Case 'Test Cases/Custom Item Details/UTILITIES/CLOSE_BROWSER' successfully]]></system-out>
         <system-err><![CDATA[]]></system-err>
      </testcase>
      <testcase name="Test Cases/Custom Item Details/TEST CASE/TC_DETAILS_UI_005" time="24.013" classname="Test Cases/Custom Item Details/TEST CASE/TC_DETAILS_UI_005" status="PASSED">
         <system-out><![CDATA[2021-05-10 14:54:31 - [TEST_CASE][PASSED] - Test Cases/Custom Item Details/TEST CASE/TC_DETAILS_UI_005: Test Cases/Custom Item Details/TEST CASE/TC_DETAILS_UI_005

2021-05-10 14:54:31 - [TEST_STEP][PASSED] - callTestCase(findTestCase("Custom Item Details/UTILITIES/OPEN_BROWSER"), [:], STOP_ON_FAILURE): Call Test Case 'Test Cases/Custom Item Details/UTILITIES/OPEN_BROWSER' successfully

2021-05-10 14:54:31 - [TEST_CASE][PASSED] - Test Cases/Custom Item Details/UTILITIES/OPEN_BROWSER: Test Cases/Custom Item Details/UTILITIES/OPEN_BROWSER

2021-05-10 14:54:31 - [TEST_STEP][PASSED] - openBrowser("https://diagnostics.staging.arcadier.io/"): Browser is opened with url: 'https://diagnostics.staging.arcadier.io/'

2021-05-10 14:54:31 - [MESSAGE][INFO] - Starting 'Chrome' driver

2021-05-10 14:54:31 - [MESSAGE][INFO] - Action delay is set to 0 milliseconds

2021-05-10 14:54:42 - [MESSAGE][PASSED] - Browser is opened with url: 'https://diagnostics.staging.arcadier.io/'

2021-05-10 14:54:42 - [TEST_STEP][PASSED] - maximizeWindow(): Current window maximized

2021-05-10 14:54:42 - [MESSAGE][PASSED] - Current window maximized

2021-05-10 14:54:42 - [TEST_STEP][PASSED] - click(findTestObject("Item Details Objects/Page_diagnostics/a_Accept Cookies")): Object: 'Object Repository/Item Details Objects/Page_diagnostics/a_Accept Cookies' is clicked on

2021-05-10 14:54:42 - [MESSAGE][PASSED] - Object: 'Object Repository/Item Details Objects/Page_diagnostics/a_Accept Cookies' is clicked on

2021-05-10 14:54:42 - [TEST_STEP][PASSED] - click(findTestObject("Staging Objects/Page_diagnostics/a_DIABETES DIAGNOSTICS"), STOP_ON_FAILURE): Object: 'Object Repository/Staging Objects/Page_diagnostics/a_DIABETES DIAGNOSTICS' is clicked on

2021-05-10 14:54:44 - [MESSAGE][PASSED] - Object: 'Object Repository/Staging Objects/Page_diagnostics/a_DIABETES DIAGNOSTICS' is clicked on

2021-05-10 14:54:44 - [TEST_STEP][PASSED] - mouseOver(findTestObject("Staging Objects/Page_diagnostics/a_CareSens N Eco Blood Glucose Meter")): Object: 'Object Repository/Staging Objects/Page_diagnostics/a_CareSens N Eco Blood Glucose Meter' is hovered

2021-05-10 14:54:47 - [MESSAGE][PASSED] - Object: 'Object Repository/Staging Objects/Page_diagnostics/a_CareSens N Eco Blood Glucose Meter' is hovered

2021-05-10 14:54:47 - [TEST_STEP][PASSED] - click(findTestObject("Staging Objects/Page_diagnostics/a_CareSens N Eco Blood Glucose Meter")): Object: 'Object Repository/Staging Objects/Page_diagnostics/a_CareSens N Eco Blood Glucose Meter' is clicked on

2021-05-10 14:54:53 - [MESSAGE][PASSED] - Object: 'Object Repository/Staging Objects/Page_diagnostics/a_CareSens N Eco Blood Glucose Meter' is clicked on

2021-05-10 14:54:53 - [MESSAGE][PASSED] - Call Test Case 'Test Cases/Custom Item Details/UTILITIES/OPEN_BROWSER' successfully

2021-05-10 14:54:53 - [TEST_STEP][PASSED] - waitForElementVisible(findTestObject("Item Details Objects/Page_diagnostics/Merchant_name"), 0): Object 'Object Repository/Item Details Objects/Page_diagnostics/Merchant_name' is visible

2021-05-10 14:54:53 - [MESSAGE][WARNING] - Timeout '0' is invalid. Using default page load timeout: '30'

2021-05-10 14:54:54 - [MESSAGE][PASSED] - Object 'Object Repository/Item Details Objects/Page_diagnostics/Merchant_name' is visible

2021-05-10 14:54:54 - [TEST_STEP][PASSED] - verifyElementClickable(findTestObject("Item Details Objects/Page_diagnostics/Merchant_name")): Object 'Object Repository/Item Details Objects/Page_diagnostics/Merchant_name' is clickable

2021-05-10 14:54:54 - [MESSAGE][PASSED] - Object 'Object Repository/Item Details Objects/Page_diagnostics/Merchant_name' is clickable

2021-05-10 14:54:54 - [TEST_STEP][PASSED] - callTestCase(findTestCase("Custom Item Details/UTILITIES/CLOSE_BROWSER"), [:], STOP_ON_FAILURE): Call Test Case 'Test Cases/Custom Item Details/UTILITIES/CLOSE_BROWSER' successfully

2021-05-10 14:54:55 - [TEST_CASE][PASSED] - Test Cases/Custom Item Details/UTILITIES/CLOSE_BROWSER: Test Cases/Custom Item Details/UTILITIES/CLOSE_BROWSER

2021-05-10 14:54:55 - [TEST_STEP][PASSED] - closeBrowser(): Browser is closed

2021-05-10 14:54:55 - [MESSAGE][PASSED] - Browser is closed

2021-05-10 14:54:55 - [MESSAGE][PASSED] - Call Test Case 'Test Cases/Custom Item Details/UTILITIES/CLOSE_BROWSER' successfully]]></system-out>
         <system-err><![CDATA[]]></system-err>
      </testcase>
      <testcase name="Test Cases/Custom Item Details/TEST CASE/TC_DETAILS_UI_006" time="24.69" classname="Test Cases/Custom Item Details/TEST CASE/TC_DETAILS_UI_006" status="PASSED">
         <system-out><![CDATA[2021-05-10 14:54:55 - [TEST_CASE][PASSED] - Test Cases/Custom Item Details/TEST CASE/TC_DETAILS_UI_006: Test Cases/Custom Item Details/TEST CASE/TC_DETAILS_UI_006

2021-05-10 14:54:55 - [TEST_STEP][PASSED] - callTestCase(findTestCase("Custom Item Details/UTILITIES/OPEN_BROWSER"), [:], STOP_ON_FAILURE): Call Test Case 'Test Cases/Custom Item Details/UTILITIES/OPEN_BROWSER' successfully

2021-05-10 14:54:55 - [TEST_CASE][PASSED] - Test Cases/Custom Item Details/UTILITIES/OPEN_BROWSER: Test Cases/Custom Item Details/UTILITIES/OPEN_BROWSER

2021-05-10 14:54:55 - [TEST_STEP][PASSED] - openBrowser("https://diagnostics.staging.arcadier.io/"): Browser is opened with url: 'https://diagnostics.staging.arcadier.io/'

2021-05-10 14:54:55 - [MESSAGE][INFO] - Starting 'Chrome' driver

2021-05-10 14:54:55 - [MESSAGE][INFO] - Action delay is set to 0 milliseconds

2021-05-10 14:55:07 - [MESSAGE][PASSED] - Browser is opened with url: 'https://diagnostics.staging.arcadier.io/'

2021-05-10 14:55:07 - [TEST_STEP][PASSED] - maximizeWindow(): Current window maximized

2021-05-10 14:55:07 - [MESSAGE][PASSED] - Current window maximized

2021-05-10 14:55:07 - [TEST_STEP][PASSED] - click(findTestObject("Item Details Objects/Page_diagnostics/a_Accept Cookies")): Object: 'Object Repository/Item Details Objects/Page_diagnostics/a_Accept Cookies' is clicked on

2021-05-10 14:55:08 - [MESSAGE][PASSED] - Object: 'Object Repository/Item Details Objects/Page_diagnostics/a_Accept Cookies' is clicked on

2021-05-10 14:55:08 - [TEST_STEP][PASSED] - click(findTestObject("Staging Objects/Page_diagnostics/a_DIABETES DIAGNOSTICS"), STOP_ON_FAILURE): Object: 'Object Repository/Staging Objects/Page_diagnostics/a_DIABETES DIAGNOSTICS' is clicked on

2021-05-10 14:55:10 - [MESSAGE][PASSED] - Object: 'Object Repository/Staging Objects/Page_diagnostics/a_DIABETES DIAGNOSTICS' is clicked on

2021-05-10 14:55:10 - [TEST_STEP][PASSED] - mouseOver(findTestObject("Staging Objects/Page_diagnostics/a_CareSens N Eco Blood Glucose Meter")): Object: 'Object Repository/Staging Objects/Page_diagnostics/a_CareSens N Eco Blood Glucose Meter' is hovered

2021-05-10 14:55:13 - [MESSAGE][PASSED] - Object: 'Object Repository/Staging Objects/Page_diagnostics/a_CareSens N Eco Blood Glucose Meter' is hovered

2021-05-10 14:55:13 - [TEST_STEP][PASSED] - click(findTestObject("Staging Objects/Page_diagnostics/a_CareSens N Eco Blood Glucose Meter")): Object: 'Object Repository/Staging Objects/Page_diagnostics/a_CareSens N Eco Blood Glucose Meter' is clicked on

2021-05-10 14:55:17 - [MESSAGE][PASSED] - Object: 'Object Repository/Staging Objects/Page_diagnostics/a_CareSens N Eco Blood Glucose Meter' is clicked on

2021-05-10 14:55:17 - [MESSAGE][PASSED] - Call Test Case 'Test Cases/Custom Item Details/UTILITIES/OPEN_BROWSER' successfully

2021-05-10 14:55:17 - [TEST_STEP][PASSED] - waitForElementVisible(findTestObject("Item Details Objects/Page_diagnostics/a_Contact_seller_btn"), 0): Object 'Object Repository/Item Details Objects/Page_diagnostics/a_Contact_seller_btn' is visible

2021-05-10 14:55:17 - [MESSAGE][WARNING] - Timeout '0' is invalid. Using default page load timeout: '30'

2021-05-10 14:55:19 - [MESSAGE][PASSED] - Object 'Object Repository/Item Details Objects/Page_diagnostics/a_Contact_seller_btn' is visible

2021-05-10 14:55:19 - [TEST_STEP][PASSED] - verifyElementClickable(findTestObject("Item Details Objects/Page_diagnostics/a_Contact_seller_btn")): Object 'Object Repository/Item Details Objects/Page_diagnostics/a_Contact_seller_btn' is clickable

2021-05-10 14:55:19 - [MESSAGE][PASSED] - Object 'Object Repository/Item Details Objects/Page_diagnostics/a_Contact_seller_btn' is clickable

2021-05-10 14:55:19 - [TEST_STEP][PASSED] - verifyElementText(findTestObject("Item Details Objects/Page_diagnostics/a_Contact_seller_btn"), "ASK THE SELLER"): Actual text and expected text of test object 'Object Repository/Item Details Objects/Page_diagnostics/a_Contact_seller_btn' are matched.

2021-05-10 14:55:19 - [MESSAGE][PASSED] - Actual text and expected text of test object 'Object Repository/Item Details Objects/Page_diagnostics/a_Contact_seller_btn' are matched.

2021-05-10 14:55:19 - [TEST_STEP][PASSED] - callTestCase(findTestCase("Custom Item Details/UTILITIES/CLOSE_BROWSER"), [:], STOP_ON_FAILURE): Call Test Case 'Test Cases/Custom Item Details/UTILITIES/CLOSE_BROWSER' successfully

2021-05-10 14:55:19 - [TEST_CASE][PASSED] - Test Cases/Custom Item Details/UTILITIES/CLOSE_BROWSER: Test Cases/Custom Item Details/UTILITIES/CLOSE_BROWSER

2021-05-10 14:55:19 - [TEST_STEP][PASSED] - closeBrowser(): Browser is closed

2021-05-10 14:55:20 - [MESSAGE][PASSED] - Browser is closed

2021-05-10 14:55:20 - [MESSAGE][PASSED] - Call Test Case 'Test Cases/Custom Item Details/UTILITIES/CLOSE_BROWSER' successfully]]></system-out>
         <system-err><![CDATA[]]></system-err>
      </testcase>
      <testcase name="Test Cases/Custom Item Details/TEST CASE/TC_DETAILS_UI_007" time="24.354" classname="Test Cases/Custom Item Details/TEST CASE/TC_DETAILS_UI_007" status="PASSED">
         <system-out><![CDATA[2021-05-10 14:55:20 - [TEST_CASE][PASSED] - Test Cases/Custom Item Details/TEST CASE/TC_DETAILS_UI_007: Test Cases/Custom Item Details/TEST CASE/TC_DETAILS_UI_007

2021-05-10 14:55:20 - [TEST_STEP][PASSED] - callTestCase(findTestCase("Custom Item Details/UTILITIES/OPEN_BROWSER"), [:], STOP_ON_FAILURE): Call Test Case 'Test Cases/Custom Item Details/UTILITIES/OPEN_BROWSER' successfully

2021-05-10 14:55:20 - [TEST_CASE][PASSED] - Test Cases/Custom Item Details/UTILITIES/OPEN_BROWSER: Test Cases/Custom Item Details/UTILITIES/OPEN_BROWSER

2021-05-10 14:55:20 - [TEST_STEP][PASSED] - openBrowser("https://diagnostics.staging.arcadier.io/"): Browser is opened with url: 'https://diagnostics.staging.arcadier.io/'

2021-05-10 14:55:20 - [MESSAGE][INFO] - Starting 'Chrome' driver

2021-05-10 14:55:20 - [MESSAGE][INFO] - Action delay is set to 0 milliseconds

2021-05-10 14:55:32 - [MESSAGE][PASSED] - Browser is opened with url: 'https://diagnostics.staging.arcadier.io/'

2021-05-10 14:55:32 - [TEST_STEP][PASSED] - maximizeWindow(): Current window maximized

2021-05-10 14:55:32 - [MESSAGE][PASSED] - Current window maximized

2021-05-10 14:55:32 - [TEST_STEP][PASSED] - click(findTestObject("Item Details Objects/Page_diagnostics/a_Accept Cookies")): Object: 'Object Repository/Item Details Objects/Page_diagnostics/a_Accept Cookies' is clicked on

2021-05-10 14:55:32 - [MESSAGE][PASSED] - Object: 'Object Repository/Item Details Objects/Page_diagnostics/a_Accept Cookies' is clicked on

2021-05-10 14:55:32 - [TEST_STEP][PASSED] - click(findTestObject("Staging Objects/Page_diagnostics/a_DIABETES DIAGNOSTICS"), STOP_ON_FAILURE): Object: 'Object Repository/Staging Objects/Page_diagnostics/a_DIABETES DIAGNOSTICS' is clicked on

2021-05-10 14:55:35 - [MESSAGE][PASSED] - Object: 'Object Repository/Staging Objects/Page_diagnostics/a_DIABETES DIAGNOSTICS' is clicked on

2021-05-10 14:55:35 - [TEST_STEP][PASSED] - mouseOver(findTestObject("Staging Objects/Page_diagnostics/a_CareSens N Eco Blood Glucose Meter")): Object: 'Object Repository/Staging Objects/Page_diagnostics/a_CareSens N Eco Blood Glucose Meter' is hovered

2021-05-10 14:55:38 - [MESSAGE][PASSED] - Object: 'Object Repository/Staging Objects/Page_diagnostics/a_CareSens N Eco Blood Glucose Meter' is hovered

2021-05-10 14:55:38 - [TEST_STEP][PASSED] - click(findTestObject("Staging Objects/Page_diagnostics/a_CareSens N Eco Blood Glucose Meter")): Object: 'Object Repository/Staging Objects/Page_diagnostics/a_CareSens N Eco Blood Glucose Meter' is clicked on

2021-05-10 14:55:42 - [MESSAGE][PASSED] - Object: 'Object Repository/Staging Objects/Page_diagnostics/a_CareSens N Eco Blood Glucose Meter' is clicked on

2021-05-10 14:55:42 - [MESSAGE][PASSED] - Call Test Case 'Test Cases/Custom Item Details/UTILITIES/OPEN_BROWSER' successfully

2021-05-10 14:55:42 - [TEST_STEP][PASSED] - waitForElementVisible(findTestObject("Item Details Objects/Page_diagnostics/div.item-detail-left"), 0): Object 'Object Repository/Item Details Objects/Page_diagnostics/div.item-detail-left' is visible

2021-05-10 14:55:42 - [MESSAGE][WARNING] - Timeout '0' is invalid. Using default page load timeout: '30'

2021-05-10 14:55:44 - [MESSAGE][PASSED] - Object 'Object Repository/Item Details Objects/Page_diagnostics/div.item-detail-left' is visible

2021-05-10 14:55:44 - [TEST_STEP][PASSED] - callTestCase(findTestCase("Custom Item Details/UTILITIES/CLOSE_BROWSER"), [:], STOP_ON_FAILURE): Call Test Case 'Test Cases/Custom Item Details/UTILITIES/CLOSE_BROWSER' successfully

2021-05-10 14:55:44 - [TEST_CASE][PASSED] - Test Cases/Custom Item Details/UTILITIES/CLOSE_BROWSER: Test Cases/Custom Item Details/UTILITIES/CLOSE_BROWSER

2021-05-10 14:55:44 - [TEST_STEP][PASSED] - closeBrowser(): Browser is closed

2021-05-10 14:55:44 - [MESSAGE][PASSED] - Browser is closed

2021-05-10 14:55:44 - [MESSAGE][PASSED] - Call Test Case 'Test Cases/Custom Item Details/UTILITIES/CLOSE_BROWSER' successfully]]></system-out>
         <system-err><![CDATA[]]></system-err>
      </testcase>
      <testcase name="Test Cases/Custom Item Details/TEST CASE/TC_DETAILS_UI_008" time="23.392" classname="Test Cases/Custom Item Details/TEST CASE/TC_DETAILS_UI_008" status="PASSED">
         <system-out><![CDATA[2021-05-10 14:55:44 - [TEST_CASE][PASSED] - Test Cases/Custom Item Details/TEST CASE/TC_DETAILS_UI_008: Test Cases/Custom Item Details/TEST CASE/TC_DETAILS_UI_008

2021-05-10 14:55:44 - [TEST_STEP][PASSED] - callTestCase(findTestCase("Custom Item Details/UTILITIES/OPEN_BROWSER"), [:], STOP_ON_FAILURE): Call Test Case 'Test Cases/Custom Item Details/UTILITIES/OPEN_BROWSER' successfully

2021-05-10 14:55:44 - [TEST_CASE][PASSED] - Test Cases/Custom Item Details/UTILITIES/OPEN_BROWSER: Test Cases/Custom Item Details/UTILITIES/OPEN_BROWSER

2021-05-10 14:55:44 - [TEST_STEP][PASSED] - openBrowser("https://diagnostics.staging.arcadier.io/"): Browser is opened with url: 'https://diagnostics.staging.arcadier.io/'

2021-05-10 14:55:44 - [MESSAGE][INFO] - Starting 'Chrome' driver

2021-05-10 14:55:44 - [MESSAGE][INFO] - Action delay is set to 0 milliseconds

2021-05-10 14:55:55 - [MESSAGE][PASSED] - Browser is opened with url: 'https://diagnostics.staging.arcadier.io/'

2021-05-10 14:55:55 - [TEST_STEP][PASSED] - maximizeWindow(): Current window maximized

2021-05-10 14:55:55 - [MESSAGE][PASSED] - Current window maximized

2021-05-10 14:55:55 - [TEST_STEP][PASSED] - click(findTestObject("Item Details Objects/Page_diagnostics/a_Accept Cookies")): Object: 'Object Repository/Item Details Objects/Page_diagnostics/a_Accept Cookies' is clicked on

2021-05-10 14:55:56 - [MESSAGE][PASSED] - Object: 'Object Repository/Item Details Objects/Page_diagnostics/a_Accept Cookies' is clicked on

2021-05-10 14:55:56 - [TEST_STEP][PASSED] - click(findTestObject("Staging Objects/Page_diagnostics/a_DIABETES DIAGNOSTICS"), STOP_ON_FAILURE): Object: 'Object Repository/Staging Objects/Page_diagnostics/a_DIABETES DIAGNOSTICS' is clicked on

2021-05-10 14:55:58 - [MESSAGE][PASSED] - Object: 'Object Repository/Staging Objects/Page_diagnostics/a_DIABETES DIAGNOSTICS' is clicked on

2021-05-10 14:55:58 - [TEST_STEP][PASSED] - mouseOver(findTestObject("Staging Objects/Page_diagnostics/a_CareSens N Eco Blood Glucose Meter")): Object: 'Object Repository/Staging Objects/Page_diagnostics/a_CareSens N Eco Blood Glucose Meter' is hovered

2021-05-10 14:56:02 - [MESSAGE][PASSED] - Object: 'Object Repository/Staging Objects/Page_diagnostics/a_CareSens N Eco Blood Glucose Meter' is hovered

2021-05-10 14:56:02 - [TEST_STEP][PASSED] - click(findTestObject("Staging Objects/Page_diagnostics/a_CareSens N Eco Blood Glucose Meter")): Object: 'Object Repository/Staging Objects/Page_diagnostics/a_CareSens N Eco Blood Glucose Meter' is clicked on

2021-05-10 14:56:06 - [MESSAGE][PASSED] - Object: 'Object Repository/Staging Objects/Page_diagnostics/a_CareSens N Eco Blood Glucose Meter' is clicked on

2021-05-10 14:56:06 - [MESSAGE][PASSED] - Call Test Case 'Test Cases/Custom Item Details/UTILITIES/OPEN_BROWSER' successfully

2021-05-10 14:56:06 - [TEST_STEP][PASSED] - waitForElementVisible(findTestObject("Item Details Objects/Page_diagnostics/div_itemDetailName"), 0): Object 'Object Repository/Item Details Objects/Page_diagnostics/div_itemDetailName' is visible

2021-05-10 14:56:06 - [MESSAGE][WARNING] - Timeout '0' is invalid. Using default page load timeout: '30'

2021-05-10 14:56:07 - [MESSAGE][PASSED] - Object 'Object Repository/Item Details Objects/Page_diagnostics/div_itemDetailName' is visible

2021-05-10 14:56:07 - [TEST_STEP][PASSED] - callTestCase(findTestCase("Custom Item Details/UTILITIES/CLOSE_BROWSER"), [:], STOP_ON_FAILURE): Call Test Case 'Test Cases/Custom Item Details/UTILITIES/CLOSE_BROWSER' successfully

2021-05-10 14:56:07 - [TEST_CASE][PASSED] - Test Cases/Custom Item Details/UTILITIES/CLOSE_BROWSER: Test Cases/Custom Item Details/UTILITIES/CLOSE_BROWSER

2021-05-10 14:56:07 - [TEST_STEP][PASSED] - closeBrowser(): Browser is closed

2021-05-10 14:56:08 - [MESSAGE][PASSED] - Browser is closed

2021-05-10 14:56:08 - [MESSAGE][PASSED] - Call Test Case 'Test Cases/Custom Item Details/UTILITIES/CLOSE_BROWSER' successfully]]></system-out>
         <system-err><![CDATA[]]></system-err>
      </testcase>
      <testcase name="Test Cases/Custom Item Details/TEST CASE/TC_DETAILS_UI_009" time="56.798" classname="Test Cases/Custom Item Details/TEST CASE/TC_DETAILS_UI_009" status="PASSED">
         <system-out><![CDATA[2021-05-10 14:56:08 - [TEST_CASE][PASSED] - Test Cases/Custom Item Details/TEST CASE/TC_DETAILS_UI_009: Test Cases/Custom Item Details/TEST CASE/TC_DETAILS_UI_009

2021-05-10 14:56:08 - [TEST_STEP][PASSED] - callTestCase(findTestCase("Custom Item Details/UTILITIES/OPEN_BROWSER"), [:], STOP_ON_FAILURE): Call Test Case 'Test Cases/Custom Item Details/UTILITIES/OPEN_BROWSER' successfully

2021-05-10 14:56:08 - [TEST_CASE][PASSED] - Test Cases/Custom Item Details/UTILITIES/OPEN_BROWSER: Test Cases/Custom Item Details/UTILITIES/OPEN_BROWSER

2021-05-10 14:56:08 - [TEST_STEP][PASSED] - openBrowser("https://diagnostics.staging.arcadier.io/"): Browser is opened with url: 'https://diagnostics.staging.arcadier.io/'

2021-05-10 14:56:08 - [MESSAGE][INFO] - Starting 'Chrome' driver

2021-05-10 14:56:08 - [MESSAGE][INFO] - Action delay is set to 0 milliseconds

2021-05-10 14:56:21 - [MESSAGE][PASSED] - Browser is opened with url: 'https://diagnostics.staging.arcadier.io/'

2021-05-10 14:56:21 - [TEST_STEP][PASSED] - maximizeWindow(): Current window maximized

2021-05-10 14:56:21 - [MESSAGE][PASSED] - Current window maximized

2021-05-10 14:56:21 - [TEST_STEP][PASSED] - click(findTestObject("Item Details Objects/Page_diagnostics/a_Accept Cookies")): Object: 'Object Repository/Item Details Objects/Page_diagnostics/a_Accept Cookies' is clicked on

2021-05-10 14:56:21 - [MESSAGE][PASSED] - Object: 'Object Repository/Item Details Objects/Page_diagnostics/a_Accept Cookies' is clicked on

2021-05-10 14:56:21 - [TEST_STEP][PASSED] - click(findTestObject("Staging Objects/Page_diagnostics/a_DIABETES DIAGNOSTICS"), STOP_ON_FAILURE): Object: 'Object Repository/Staging Objects/Page_diagnostics/a_DIABETES DIAGNOSTICS' is clicked on

2021-05-10 14:56:23 - [MESSAGE][PASSED] - Object: 'Object Repository/Staging Objects/Page_diagnostics/a_DIABETES DIAGNOSTICS' is clicked on

2021-05-10 14:56:23 - [TEST_STEP][PASSED] - mouseOver(findTestObject("Staging Objects/Page_diagnostics/a_CareSens N Eco Blood Glucose Meter")): Object: 'Object Repository/Staging Objects/Page_diagnostics/a_CareSens N Eco Blood Glucose Meter' is hovered

2021-05-10 14:56:27 - [MESSAGE][PASSED] - Object: 'Object Repository/Staging Objects/Page_diagnostics/a_CareSens N Eco Blood Glucose Meter' is hovered

2021-05-10 14:56:27 - [TEST_STEP][PASSED] - click(findTestObject("Staging Objects/Page_diagnostics/a_CareSens N Eco Blood Glucose Meter")): Object: 'Object Repository/Staging Objects/Page_diagnostics/a_CareSens N Eco Blood Glucose Meter' is clicked on

2021-05-10 14:56:33 - [MESSAGE][PASSED] - Object: 'Object Repository/Staging Objects/Page_diagnostics/a_CareSens N Eco Blood Glucose Meter' is clicked on

2021-05-10 14:56:33 - [MESSAGE][PASSED] - Call Test Case 'Test Cases/Custom Item Details/UTILITIES/OPEN_BROWSER' successfully

2021-05-10 14:56:33 - [TEST_STEP][PASSED] - waitForElementVisible(findTestObject("Item Details Objects/Page_diagnostics/div.item-id"), 0): Object 'Object Repository/Item Details Objects/Page_diagnostics/div.item-id' is not visible after 30 second(s)

2021-05-10 14:56:33 - [MESSAGE][WARNING] - Timeout '0' is invalid. Using default page load timeout: '30'

2021-05-10 14:57:04 - [MESSAGE][WARNING] - Object 'Object Repository/Item Details Objects/Page_diagnostics/div.item-id' is not visible after 30 second(s)

2021-05-10 14:57:04 - [TEST_STEP][PASSED] - callTestCase(findTestCase("Custom Item Details/UTILITIES/CLOSE_BROWSER"), [:], STOP_ON_FAILURE): Call Test Case 'Test Cases/Custom Item Details/UTILITIES/CLOSE_BROWSER' successfully

2021-05-10 14:57:04 - [TEST_CASE][PASSED] - Test Cases/Custom Item Details/UTILITIES/CLOSE_BROWSER: Test Cases/Custom Item Details/UTILITIES/CLOSE_BROWSER

2021-05-10 14:57:04 - [TEST_STEP][PASSED] - closeBrowser(): Browser is closed

2021-05-10 14:57:04 - [MESSAGE][PASSED] - Browser is closed

2021-05-10 14:57:04 - [MESSAGE][PASSED] - Call Test Case 'Test Cases/Custom Item Details/UTILITIES/CLOSE_BROWSER' successfully]]></system-out>
         <system-err><![CDATA[]]></system-err>
      </testcase>
      <testcase name="Test Cases/Custom Item Details/TEST CASE/TC_DETAILS_UI_010" time="28.235" classname="Test Cases/Custom Item Details/TEST CASE/TC_DETAILS_UI_010" status="PASSED">
         <system-out><![CDATA[2021-05-10 14:57:04 - [TEST_CASE][PASSED] - Test Cases/Custom Item Details/TEST CASE/TC_DETAILS_UI_010: Test Cases/Custom Item Details/TEST CASE/TC_DETAILS_UI_010

2021-05-10 14:57:05 - [TEST_STEP][PASSED] - callTestCase(findTestCase("Custom Item Details/UTILITIES/OPEN_BROWSER"), [:], STOP_ON_FAILURE): Call Test Case 'Test Cases/Custom Item Details/UTILITIES/OPEN_BROWSER' successfully

2021-05-10 14:57:05 - [TEST_CASE][PASSED] - Test Cases/Custom Item Details/UTILITIES/OPEN_BROWSER: Test Cases/Custom Item Details/UTILITIES/OPEN_BROWSER

2021-05-10 14:57:05 - [TEST_STEP][PASSED] - openBrowser("https://diagnostics.staging.arcadier.io/"): Browser is opened with url: 'https://diagnostics.staging.arcadier.io/'

2021-05-10 14:57:05 - [MESSAGE][INFO] - Starting 'Chrome' driver

2021-05-10 14:57:05 - [MESSAGE][INFO] - Action delay is set to 0 milliseconds

2021-05-10 14:57:20 - [MESSAGE][PASSED] - Browser is opened with url: 'https://diagnostics.staging.arcadier.io/'

2021-05-10 14:57:20 - [TEST_STEP][PASSED] - maximizeWindow(): Current window maximized

2021-05-10 14:57:20 - [MESSAGE][PASSED] - Current window maximized

2021-05-10 14:57:20 - [TEST_STEP][PASSED] - click(findTestObject("Item Details Objects/Page_diagnostics/a_Accept Cookies")): Object: 'Object Repository/Item Details Objects/Page_diagnostics/a_Accept Cookies' is clicked on

2021-05-10 14:57:20 - [MESSAGE][PASSED] - Object: 'Object Repository/Item Details Objects/Page_diagnostics/a_Accept Cookies' is clicked on

2021-05-10 14:57:20 - [TEST_STEP][PASSED] - click(findTestObject("Staging Objects/Page_diagnostics/a_DIABETES DIAGNOSTICS"), STOP_ON_FAILURE): Object: 'Object Repository/Staging Objects/Page_diagnostics/a_DIABETES DIAGNOSTICS' is clicked on

2021-05-10 14:57:22 - [MESSAGE][PASSED] - Object: 'Object Repository/Staging Objects/Page_diagnostics/a_DIABETES DIAGNOSTICS' is clicked on

2021-05-10 14:57:22 - [TEST_STEP][PASSED] - mouseOver(findTestObject("Staging Objects/Page_diagnostics/a_CareSens N Eco Blood Glucose Meter")): Object: 'Object Repository/Staging Objects/Page_diagnostics/a_CareSens N Eco Blood Glucose Meter' is hovered

2021-05-10 14:57:25 - [MESSAGE][PASSED] - Object: 'Object Repository/Staging Objects/Page_diagnostics/a_CareSens N Eco Blood Glucose Meter' is hovered

2021-05-10 14:57:25 - [TEST_STEP][PASSED] - click(findTestObject("Staging Objects/Page_diagnostics/a_CareSens N Eco Blood Glucose Meter")): Object: 'Object Repository/Staging Objects/Page_diagnostics/a_CareSens N Eco Blood Glucose Meter' is clicked on

2021-05-10 14:57:31 - [MESSAGE][PASSED] - Object: 'Object Repository/Staging Objects/Page_diagnostics/a_CareSens N Eco Blood Glucose Meter' is clicked on

2021-05-10 14:57:31 - [MESSAGE][PASSED] - Call Test Case 'Test Cases/Custom Item Details/UTILITIES/OPEN_BROWSER' successfully

2021-05-10 14:57:31 - [TEST_STEP][PASSED] - waitForElementVisible(findTestObject("Item Details Objects/Page_diagnostics/div.new-button-area"), 0): Object 'Object Repository/Item Details Objects/Page_diagnostics/div.new-button-area' is visible

2021-05-10 14:57:31 - [MESSAGE][WARNING] - Timeout '0' is invalid. Using default page load timeout: '30'

2021-05-10 14:57:32 - [MESSAGE][PASSED] - Object 'Object Repository/Item Details Objects/Page_diagnostics/div.new-button-area' is visible

2021-05-10 14:57:32 - [TEST_STEP][PASSED] - callTestCase(findTestCase("Custom Item Details/UTILITIES/CLOSE_BROWSER"), [:], STOP_ON_FAILURE): Call Test Case 'Test Cases/Custom Item Details/UTILITIES/CLOSE_BROWSER' successfully

2021-05-10 14:57:32 - [TEST_CASE][PASSED] - Test Cases/Custom Item Details/UTILITIES/CLOSE_BROWSER: Test Cases/Custom Item Details/UTILITIES/CLOSE_BROWSER

2021-05-10 14:57:32 - [TEST_STEP][PASSED] - closeBrowser(): Browser is closed

2021-05-10 14:57:33 - [MESSAGE][PASSED] - Browser is closed

2021-05-10 14:57:33 - [MESSAGE][PASSED] - Call Test Case 'Test Cases/Custom Item Details/UTILITIES/CLOSE_BROWSER' successfully]]></system-out>
         <system-err><![CDATA[]]></system-err>
      </testcase>
      <testcase name="Test Cases/Custom Item Details/TEST CASE/TC_DETAILS_UI_011" time="26.733" classname="Test Cases/Custom Item Details/TEST CASE/TC_DETAILS_UI_011" status="PASSED">
         <system-out><![CDATA[2021-05-10 14:57:33 - [TEST_CASE][PASSED] - Test Cases/Custom Item Details/TEST CASE/TC_DETAILS_UI_011: Test Cases/Custom Item Details/TEST CASE/TC_DETAILS_UI_011

2021-05-10 14:57:33 - [TEST_STEP][PASSED] - callTestCase(findTestCase("Custom Item Details/UTILITIES/OPEN_BROWSER"), [:], STOP_ON_FAILURE): Call Test Case 'Test Cases/Custom Item Details/UTILITIES/OPEN_BROWSER' successfully

2021-05-10 14:57:33 - [TEST_CASE][PASSED] - Test Cases/Custom Item Details/UTILITIES/OPEN_BROWSER: Test Cases/Custom Item Details/UTILITIES/OPEN_BROWSER

2021-05-10 14:57:33 - [TEST_STEP][PASSED] - openBrowser("https://diagnostics.staging.arcadier.io/"): Browser is opened with url: 'https://diagnostics.staging.arcadier.io/'

2021-05-10 14:57:33 - [MESSAGE][INFO] - Starting 'Chrome' driver

2021-05-10 14:57:33 - [MESSAGE][INFO] - Action delay is set to 0 milliseconds

2021-05-10 14:57:46 - [MESSAGE][PASSED] - Browser is opened with url: 'https://diagnostics.staging.arcadier.io/'

2021-05-10 14:57:46 - [TEST_STEP][PASSED] - maximizeWindow(): Current window maximized

2021-05-10 14:57:46 - [MESSAGE][PASSED] - Current window maximized

2021-05-10 14:57:46 - [TEST_STEP][PASSED] - click(findTestObject("Item Details Objects/Page_diagnostics/a_Accept Cookies")): Object: 'Object Repository/Item Details Objects/Page_diagnostics/a_Accept Cookies' is clicked on

2021-05-10 14:57:46 - [MESSAGE][PASSED] - Object: 'Object Repository/Item Details Objects/Page_diagnostics/a_Accept Cookies' is clicked on

2021-05-10 14:57:46 - [TEST_STEP][PASSED] - click(findTestObject("Staging Objects/Page_diagnostics/a_DIABETES DIAGNOSTICS"), STOP_ON_FAILURE): Object: 'Object Repository/Staging Objects/Page_diagnostics/a_DIABETES DIAGNOSTICS' is clicked on

2021-05-10 14:57:48 - [MESSAGE][PASSED] - Object: 'Object Repository/Staging Objects/Page_diagnostics/a_DIABETES DIAGNOSTICS' is clicked on

2021-05-10 14:57:48 - [TEST_STEP][PASSED] - mouseOver(findTestObject("Staging Objects/Page_diagnostics/a_CareSens N Eco Blood Glucose Meter")): Object: 'Object Repository/Staging Objects/Page_diagnostics/a_CareSens N Eco Blood Glucose Meter' is hovered

2021-05-10 14:57:52 - [MESSAGE][PASSED] - Object: 'Object Repository/Staging Objects/Page_diagnostics/a_CareSens N Eco Blood Glucose Meter' is hovered

2021-05-10 14:57:52 - [TEST_STEP][PASSED] - click(findTestObject("Staging Objects/Page_diagnostics/a_CareSens N Eco Blood Glucose Meter")): Object: 'Object Repository/Staging Objects/Page_diagnostics/a_CareSens N Eco Blood Glucose Meter' is clicked on

2021-05-10 14:57:58 - [MESSAGE][PASSED] - Object: 'Object Repository/Staging Objects/Page_diagnostics/a_CareSens N Eco Blood Glucose Meter' is clicked on

2021-05-10 14:57:58 - [MESSAGE][PASSED] - Call Test Case 'Test Cases/Custom Item Details/UTILITIES/OPEN_BROWSER' successfully

2021-05-10 14:57:58 - [TEST_STEP][PASSED] - waitForElementVisible(findTestObject("Item Details Objects/Page_diagnostics/div.item-price-text"), 0): Object 'Object Repository/Item Details Objects/Page_diagnostics/div.item-price-text' is visible

2021-05-10 14:57:58 - [MESSAGE][WARNING] - Timeout '0' is invalid. Using default page load timeout: '30'

2021-05-10 14:57:59 - [MESSAGE][PASSED] - Object 'Object Repository/Item Details Objects/Page_diagnostics/div.item-price-text' is visible

2021-05-10 14:57:59 - [TEST_STEP][PASSED] - callTestCase(findTestCase("Custom Item Details/UTILITIES/CLOSE_BROWSER"), [:], STOP_ON_FAILURE): Call Test Case 'Test Cases/Custom Item Details/UTILITIES/CLOSE_BROWSER' successfully

2021-05-10 14:57:59 - [TEST_CASE][PASSED] - Test Cases/Custom Item Details/UTILITIES/CLOSE_BROWSER: Test Cases/Custom Item Details/UTILITIES/CLOSE_BROWSER

2021-05-10 14:57:59 - [TEST_STEP][PASSED] - closeBrowser(): Browser is closed

2021-05-10 14:57:59 - [MESSAGE][PASSED] - Browser is closed

2021-05-10 14:57:59 - [MESSAGE][PASSED] - Call Test Case 'Test Cases/Custom Item Details/UTILITIES/CLOSE_BROWSER' successfully]]></system-out>
         <system-err><![CDATA[]]></system-err>
      </testcase>
      <testcase name="Test Cases/Custom Item Details/TEST CASE/TC_DETAILS_UI_012" time="28.493" classname="Test Cases/Custom Item Details/TEST CASE/TC_DETAILS_UI_012" status="PASSED">
         <system-out><![CDATA[2021-05-10 14:57:59 - [TEST_CASE][PASSED] - Test Cases/Custom Item Details/TEST CASE/TC_DETAILS_UI_012: Test Cases/Custom Item Details/TEST CASE/TC_DETAILS_UI_012

2021-05-10 14:58:00 - [TEST_STEP][PASSED] - callTestCase(findTestCase("Custom Item Details/UTILITIES/OPEN_BROWSER"), [:], STOP_ON_FAILURE): Call Test Case 'Test Cases/Custom Item Details/UTILITIES/OPEN_BROWSER' successfully

2021-05-10 14:58:00 - [TEST_CASE][PASSED] - Test Cases/Custom Item Details/UTILITIES/OPEN_BROWSER: Test Cases/Custom Item Details/UTILITIES/OPEN_BROWSER

2021-05-10 14:58:00 - [TEST_STEP][PASSED] - openBrowser("https://diagnostics.staging.arcadier.io/"): Browser is opened with url: 'https://diagnostics.staging.arcadier.io/'

2021-05-10 14:58:00 - [MESSAGE][INFO] - Starting 'Chrome' driver

2021-05-10 14:58:00 - [MESSAGE][INFO] - Action delay is set to 0 milliseconds

2021-05-10 14:58:13 - [MESSAGE][PASSED] - Browser is opened with url: 'https://diagnostics.staging.arcadier.io/'

2021-05-10 14:58:13 - [TEST_STEP][PASSED] - maximizeWindow(): Current window maximized

2021-05-10 14:58:13 - [MESSAGE][PASSED] - Current window maximized

2021-05-10 14:58:13 - [TEST_STEP][PASSED] - click(findTestObject("Item Details Objects/Page_diagnostics/a_Accept Cookies")): Object: 'Object Repository/Item Details Objects/Page_diagnostics/a_Accept Cookies' is clicked on

2021-05-10 14:58:13 - [MESSAGE][PASSED] - Object: 'Object Repository/Item Details Objects/Page_diagnostics/a_Accept Cookies' is clicked on

2021-05-10 14:58:13 - [TEST_STEP][PASSED] - click(findTestObject("Staging Objects/Page_diagnostics/a_DIABETES DIAGNOSTICS"), STOP_ON_FAILURE): Object: 'Object Repository/Staging Objects/Page_diagnostics/a_DIABETES DIAGNOSTICS' is clicked on

2021-05-10 14:58:15 - [MESSAGE][PASSED] - Object: 'Object Repository/Staging Objects/Page_diagnostics/a_DIABETES DIAGNOSTICS' is clicked on

2021-05-10 14:58:15 - [TEST_STEP][PASSED] - mouseOver(findTestObject("Staging Objects/Page_diagnostics/a_CareSens N Eco Blood Glucose Meter")): Object: 'Object Repository/Staging Objects/Page_diagnostics/a_CareSens N Eco Blood Glucose Meter' is hovered

2021-05-10 14:58:18 - [MESSAGE][PASSED] - Object: 'Object Repository/Staging Objects/Page_diagnostics/a_CareSens N Eco Blood Glucose Meter' is hovered

2021-05-10 14:58:18 - [TEST_STEP][PASSED] - click(findTestObject("Staging Objects/Page_diagnostics/a_CareSens N Eco Blood Glucose Meter")): Object: 'Object Repository/Staging Objects/Page_diagnostics/a_CareSens N Eco Blood Glucose Meter' is clicked on

2021-05-10 14:58:24 - [MESSAGE][PASSED] - Object: 'Object Repository/Staging Objects/Page_diagnostics/a_CareSens N Eco Blood Glucose Meter' is clicked on

2021-05-10 14:58:24 - [MESSAGE][PASSED] - Call Test Case 'Test Cases/Custom Item Details/UTILITIES/OPEN_BROWSER' successfully

2021-05-10 14:58:24 - [TEST_STEP][PASSED] - waitForElementVisible(findTestObject("Item Details Objects/Page_diagnostics/a_Procure_Directly_From_Seller"), 0): Object 'Object Repository/Item Details Objects/Page_diagnostics/a_Procure_Directly_From_Seller' is visible

2021-05-10 14:58:24 - [MESSAGE][WARNING] - Timeout '0' is invalid. Using default page load timeout: '30'

2021-05-10 14:58:25 - [MESSAGE][PASSED] - Object 'Object Repository/Item Details Objects/Page_diagnostics/a_Procure_Directly_From_Seller' is visible

2021-05-10 14:58:25 - [TEST_STEP][PASSED] - verifyElementClickable(findTestObject("Item Details Objects/Page_diagnostics/a_Procure_Directly_From_Seller")): Object 'Object Repository/Item Details Objects/Page_diagnostics/a_Procure_Directly_From_Seller' is clickable

2021-05-10 14:58:25 - [MESSAGE][PASSED] - Object 'Object Repository/Item Details Objects/Page_diagnostics/a_Procure_Directly_From_Seller' is clickable

2021-05-10 14:58:25 - [TEST_STEP][PASSED] - click(findTestObject("Item Details Objects/Page_diagnostics/a_Procure_Directly_From_Seller")): Object: 'Object Repository/Item Details Objects/Page_diagnostics/a_Procure_Directly_From_Seller' is clicked on

2021-05-10 14:58:27 - [MESSAGE][PASSED] - Object: 'Object Repository/Item Details Objects/Page_diagnostics/a_Procure_Directly_From_Seller' is clicked on

2021-05-10 14:58:27 - [TEST_STEP][PASSED] - callTestCase(findTestCase("Custom Item Details/UTILITIES/CLOSE_BROWSER"), [:], STOP_ON_FAILURE): Call Test Case 'Test Cases/Custom Item Details/UTILITIES/CLOSE_BROWSER' successfully

2021-05-10 14:58:27 - [TEST_CASE][PASSED] - Test Cases/Custom Item Details/UTILITIES/CLOSE_BROWSER: Test Cases/Custom Item Details/UTILITIES/CLOSE_BROWSER

2021-05-10 14:58:27 - [TEST_STEP][PASSED] - closeBrowser(): Browser is closed

2021-05-10 14:58:28 - [MESSAGE][PASSED] - Browser is closed

2021-05-10 14:58:28 - [MESSAGE][PASSED] - Call Test Case 'Test Cases/Custom Item Details/UTILITIES/CLOSE_BROWSER' successfully]]></system-out>
         <system-err><![CDATA[]]></system-err>
      </testcase>
      <testcase name="Test Cases/Custom Item Details/TEST CASE/TC_DETAILS_UI_013" time="27.414" classname="Test Cases/Custom Item Details/TEST CASE/TC_DETAILS_UI_013" status="PASSED">
         <system-out><![CDATA[2021-05-10 14:58:28 - [TEST_CASE][PASSED] - Test Cases/Custom Item Details/TEST CASE/TC_DETAILS_UI_013: Test Cases/Custom Item Details/TEST CASE/TC_DETAILS_UI_013

2021-05-10 14:58:28 - [TEST_STEP][PASSED] - callTestCase(findTestCase("Custom Item Details/UTILITIES/OPEN_BROWSER"), [:], STOP_ON_FAILURE): Call Test Case 'Test Cases/Custom Item Details/UTILITIES/OPEN_BROWSER' successfully

2021-05-10 14:58:28 - [TEST_CASE][PASSED] - Test Cases/Custom Item Details/UTILITIES/OPEN_BROWSER: Test Cases/Custom Item Details/UTILITIES/OPEN_BROWSER

2021-05-10 14:58:28 - [TEST_STEP][PASSED] - openBrowser("https://diagnostics.staging.arcadier.io/"): Browser is opened with url: 'https://diagnostics.staging.arcadier.io/'

2021-05-10 14:58:28 - [MESSAGE][INFO] - Starting 'Chrome' driver

2021-05-10 14:58:28 - [MESSAGE][INFO] - Action delay is set to 0 milliseconds

2021-05-10 14:58:42 - [MESSAGE][PASSED] - Browser is opened with url: 'https://diagnostics.staging.arcadier.io/'

2021-05-10 14:58:42 - [TEST_STEP][PASSED] - maximizeWindow(): Current window maximized

2021-05-10 14:58:42 - [MESSAGE][PASSED] - Current window maximized

2021-05-10 14:58:42 - [TEST_STEP][PASSED] - click(findTestObject("Item Details Objects/Page_diagnostics/a_Accept Cookies")): Object: 'Object Repository/Item Details Objects/Page_diagnostics/a_Accept Cookies' is clicked on

2021-05-10 14:58:43 - [MESSAGE][PASSED] - Object: 'Object Repository/Item Details Objects/Page_diagnostics/a_Accept Cookies' is clicked on

2021-05-10 14:58:43 - [TEST_STEP][PASSED] - click(findTestObject("Staging Objects/Page_diagnostics/a_DIABETES DIAGNOSTICS"), STOP_ON_FAILURE): Object: 'Object Repository/Staging Objects/Page_diagnostics/a_DIABETES DIAGNOSTICS' is clicked on

2021-05-10 14:58:44 - [MESSAGE][PASSED] - Object: 'Object Repository/Staging Objects/Page_diagnostics/a_DIABETES DIAGNOSTICS' is clicked on

2021-05-10 14:58:44 - [TEST_STEP][PASSED] - mouseOver(findTestObject("Staging Objects/Page_diagnostics/a_CareSens N Eco Blood Glucose Meter")): Object: 'Object Repository/Staging Objects/Page_diagnostics/a_CareSens N Eco Blood Glucose Meter' is hovered

2021-05-10 14:58:48 - [MESSAGE][PASSED] - Object: 'Object Repository/Staging Objects/Page_diagnostics/a_CareSens N Eco Blood Glucose Meter' is hovered

2021-05-10 14:58:48 - [TEST_STEP][PASSED] - click(findTestObject("Staging Objects/Page_diagnostics/a_CareSens N Eco Blood Glucose Meter")): Object: 'Object Repository/Staging Objects/Page_diagnostics/a_CareSens N Eco Blood Glucose Meter' is clicked on

2021-05-10 14:58:54 - [MESSAGE][PASSED] - Object: 'Object Repository/Staging Objects/Page_diagnostics/a_CareSens N Eco Blood Glucose Meter' is clicked on

2021-05-10 14:58:54 - [MESSAGE][PASSED] - Call Test Case 'Test Cases/Custom Item Details/UTILITIES/OPEN_BROWSER' successfully

2021-05-10 14:58:54 - [TEST_STEP][PASSED] - waitForElementPresent(findTestObject("Item Details Objects/Page_diagnostics/btn_Procure_grey"), 0): Object 'Object Repository/Item Details Objects/Page_diagnostics/btn_Procure_grey' is present

2021-05-10 14:58:54 - [MESSAGE][WARNING] - Timeout '0' is invalid. Using default page load timeout: '30'

2021-05-10 14:58:55 - [MESSAGE][PASSED] - Object 'Object Repository/Item Details Objects/Page_diagnostics/btn_Procure_grey' is present

2021-05-10 14:58:55 - [TEST_STEP][PASSED] - callTestCase(findTestCase("Custom Item Details/UTILITIES/CLOSE_BROWSER"), [:], STOP_ON_FAILURE): Call Test Case 'Test Cases/Custom Item Details/UTILITIES/CLOSE_BROWSER' successfully

2021-05-10 14:58:55 - [TEST_CASE][PASSED] - Test Cases/Custom Item Details/UTILITIES/CLOSE_BROWSER: Test Cases/Custom Item Details/UTILITIES/CLOSE_BROWSER

2021-05-10 14:58:55 - [TEST_STEP][PASSED] - closeBrowser(): Browser is closed

2021-05-10 14:58:55 - [MESSAGE][PASSED] - Browser is closed

2021-05-10 14:58:55 - [MESSAGE][PASSED] - Call Test Case 'Test Cases/Custom Item Details/UTILITIES/CLOSE_BROWSER' successfully]]></system-out>
         <system-err><![CDATA[]]></system-err>
      </testcase>
      <testcase name="Test Cases/Custom Item Details/TEST CASE/TC_DETAILS_UI_014" time="24.869" classname="Test Cases/Custom Item Details/TEST CASE/TC_DETAILS_UI_014" status="PASSED">
         <system-out><![CDATA[2021-05-10 14:58:55 - [TEST_CASE][PASSED] - Test Cases/Custom Item Details/TEST CASE/TC_DETAILS_UI_014: Test Cases/Custom Item Details/TEST CASE/TC_DETAILS_UI_014

2021-05-10 14:58:55 - [TEST_STEP][PASSED] - callTestCase(findTestCase("Custom Item Details/UTILITIES/OPEN_BROWSER"), [:], STOP_ON_FAILURE): Call Test Case 'Test Cases/Custom Item Details/UTILITIES/OPEN_BROWSER' successfully

2021-05-10 14:58:56 - [TEST_CASE][PASSED] - Test Cases/Custom Item Details/UTILITIES/OPEN_BROWSER: Test Cases/Custom Item Details/UTILITIES/OPEN_BROWSER

2021-05-10 14:58:56 - [TEST_STEP][PASSED] - openBrowser("https://diagnostics.staging.arcadier.io/"): Browser is opened with url: 'https://diagnostics.staging.arcadier.io/'

2021-05-10 14:58:56 - [MESSAGE][INFO] - Starting 'Chrome' driver

2021-05-10 14:58:56 - [MESSAGE][INFO] - Action delay is set to 0 milliseconds

2021-05-10 14:59:06 - [MESSAGE][PASSED] - Browser is opened with url: 'https://diagnostics.staging.arcadier.io/'

2021-05-10 14:59:06 - [TEST_STEP][PASSED] - maximizeWindow(): Current window maximized

2021-05-10 14:59:06 - [MESSAGE][PASSED] - Current window maximized

2021-05-10 14:59:06 - [TEST_STEP][PASSED] - click(findTestObject("Item Details Objects/Page_diagnostics/a_Accept Cookies")): Object: 'Object Repository/Item Details Objects/Page_diagnostics/a_Accept Cookies' is clicked on

2021-05-10 14:59:06 - [MESSAGE][PASSED] - Object: 'Object Repository/Item Details Objects/Page_diagnostics/a_Accept Cookies' is clicked on

2021-05-10 14:59:06 - [TEST_STEP][PASSED] - click(findTestObject("Staging Objects/Page_diagnostics/a_DIABETES DIAGNOSTICS"), STOP_ON_FAILURE): Object: 'Object Repository/Staging Objects/Page_diagnostics/a_DIABETES DIAGNOSTICS' is clicked on

2021-05-10 14:59:08 - [MESSAGE][PASSED] - Object: 'Object Repository/Staging Objects/Page_diagnostics/a_DIABETES DIAGNOSTICS' is clicked on

2021-05-10 14:59:08 - [TEST_STEP][PASSED] - mouseOver(findTestObject("Staging Objects/Page_diagnostics/a_CareSens N Eco Blood Glucose Meter")): Object: 'Object Repository/Staging Objects/Page_diagnostics/a_CareSens N Eco Blood Glucose Meter' is hovered

2021-05-10 14:59:12 - [MESSAGE][PASSED] - Object: 'Object Repository/Staging Objects/Page_diagnostics/a_CareSens N Eco Blood Glucose Meter' is hovered

2021-05-10 14:59:12 - [TEST_STEP][PASSED] - click(findTestObject("Staging Objects/Page_diagnostics/a_CareSens N Eco Blood Glucose Meter")): Object: 'Object Repository/Staging Objects/Page_diagnostics/a_CareSens N Eco Blood Glucose Meter' is clicked on

2021-05-10 14:59:18 - [MESSAGE][PASSED] - Object: 'Object Repository/Staging Objects/Page_diagnostics/a_CareSens N Eco Blood Glucose Meter' is clicked on

2021-05-10 14:59:18 - [MESSAGE][PASSED] - Call Test Case 'Test Cases/Custom Item Details/UTILITIES/OPEN_BROWSER' successfully

2021-05-10 14:59:18 - [TEST_STEP][PASSED] - waitForElementVisible(findTestObject("Staging Objects/Page_diagnostics/div_Description"), 0): Object 'Object Repository/Staging Objects/Page_diagnostics/div_Description' is visible

2021-05-10 14:59:18 - [MESSAGE][WARNING] - Timeout '0' is invalid. Using default page load timeout: '30'

2021-05-10 14:59:19 - [MESSAGE][PASSED] - Object 'Object Repository/Staging Objects/Page_diagnostics/div_Description' is visible

2021-05-10 14:59:19 - [TEST_STEP][PASSED] - verifyElementClickable(findTestObject("Staging Objects/Page_diagnostics/div_Description")): Object 'Object Repository/Staging Objects/Page_diagnostics/div_Description' is clickable

2021-05-10 14:59:19 - [MESSAGE][PASSED] - Object 'Object Repository/Staging Objects/Page_diagnostics/div_Description' is clickable

2021-05-10 14:59:19 - [TEST_STEP][PASSED] - verifyElementText(findTestObject("Staging Objects/Page_diagnostics/div_Description"), "Description"): Actual text and expected text of test object 'Object Repository/Staging Objects/Page_diagnostics/div_Description' are matched.

2021-05-10 14:59:19 - [MESSAGE][PASSED] - Actual text and expected text of test object 'Object Repository/Staging Objects/Page_diagnostics/div_Description' are matched.

2021-05-10 14:59:19 - [TEST_STEP][PASSED] - click(findTestObject("Staging Objects/Page_diagnostics/div_Description")): Object: 'Object Repository/Staging Objects/Page_diagnostics/div_Description' is clicked on

2021-05-10 14:59:19 - [MESSAGE][PASSED] - Object: 'Object Repository/Staging Objects/Page_diagnostics/div_Description' is clicked on

2021-05-10 14:59:19 - [TEST_STEP][PASSED] - callTestCase(findTestCase("Custom Item Details/UTILITIES/CLOSE_BROWSER"), [:], STOP_ON_FAILURE): Call Test Case 'Test Cases/Custom Item Details/UTILITIES/CLOSE_BROWSER' successfully

2021-05-10 14:59:20 - [TEST_CASE][PASSED] - Test Cases/Custom Item Details/UTILITIES/CLOSE_BROWSER: Test Cases/Custom Item Details/UTILITIES/CLOSE_BROWSER

2021-05-10 14:59:20 - [TEST_STEP][PASSED] - closeBrowser(): Browser is closed

2021-05-10 14:59:20 - [MESSAGE][PASSED] - Browser is closed

2021-05-10 14:59:20 - [MESSAGE][PASSED] - Call Test Case 'Test Cases/Custom Item Details/UTILITIES/CLOSE_BROWSER' successfully]]></system-out>
         <system-err><![CDATA[]]></system-err>
      </testcase>
      <testcase name="Test Cases/Custom Item Details/TEST CASE/TC_DETAILS_UI_015" time="25.996" classname="Test Cases/Custom Item Details/TEST CASE/TC_DETAILS_UI_015" status="PASSED">
         <system-out><![CDATA[2021-05-10 14:59:20 - [TEST_CASE][PASSED] - Test Cases/Custom Item Details/TEST CASE/TC_DETAILS_UI_015: Test Cases/Custom Item Details/TEST CASE/TC_DETAILS_UI_015

2021-05-10 14:59:20 - [TEST_STEP][PASSED] - callTestCase(findTestCase("Custom Item Details/UTILITIES/OPEN_BROWSER"), [:], STOP_ON_FAILURE): Call Test Case 'Test Cases/Custom Item Details/UTILITIES/OPEN_BROWSER' successfully

2021-05-10 14:59:20 - [TEST_CASE][PASSED] - Test Cases/Custom Item Details/UTILITIES/OPEN_BROWSER: Test Cases/Custom Item Details/UTILITIES/OPEN_BROWSER

2021-05-10 14:59:20 - [TEST_STEP][PASSED] - openBrowser("https://diagnostics.staging.arcadier.io/"): Browser is opened with url: 'https://diagnostics.staging.arcadier.io/'

2021-05-10 14:59:20 - [MESSAGE][INFO] - Starting 'Chrome' driver

2021-05-10 14:59:20 - [MESSAGE][INFO] - Action delay is set to 0 milliseconds

2021-05-10 14:59:31 - [MESSAGE][PASSED] - Browser is opened with url: 'https://diagnostics.staging.arcadier.io/'

2021-05-10 14:59:31 - [TEST_STEP][PASSED] - maximizeWindow(): Current window maximized

2021-05-10 14:59:31 - [MESSAGE][PASSED] - Current window maximized

2021-05-10 14:59:31 - [TEST_STEP][PASSED] - click(findTestObject("Item Details Objects/Page_diagnostics/a_Accept Cookies")): Object: 'Object Repository/Item Details Objects/Page_diagnostics/a_Accept Cookies' is clicked on

2021-05-10 14:59:31 - [MESSAGE][PASSED] - Object: 'Object Repository/Item Details Objects/Page_diagnostics/a_Accept Cookies' is clicked on

2021-05-10 14:59:31 - [TEST_STEP][PASSED] - click(findTestObject("Staging Objects/Page_diagnostics/a_DIABETES DIAGNOSTICS"), STOP_ON_FAILURE): Object: 'Object Repository/Staging Objects/Page_diagnostics/a_DIABETES DIAGNOSTICS' is clicked on

2021-05-10 14:59:34 - [MESSAGE][PASSED] - Object: 'Object Repository/Staging Objects/Page_diagnostics/a_DIABETES DIAGNOSTICS' is clicked on

2021-05-10 14:59:34 - [TEST_STEP][PASSED] - mouseOver(findTestObject("Staging Objects/Page_diagnostics/a_CareSens N Eco Blood Glucose Meter")): Object: 'Object Repository/Staging Objects/Page_diagnostics/a_CareSens N Eco Blood Glucose Meter' is hovered

2021-05-10 14:59:38 - [MESSAGE][PASSED] - Object: 'Object Repository/Staging Objects/Page_diagnostics/a_CareSens N Eco Blood Glucose Meter' is hovered

2021-05-10 14:59:38 - [TEST_STEP][PASSED] - click(findTestObject("Staging Objects/Page_diagnostics/a_CareSens N Eco Blood Glucose Meter")): Object: 'Object Repository/Staging Objects/Page_diagnostics/a_CareSens N Eco Blood Glucose Meter' is clicked on

2021-05-10 14:59:44 - [MESSAGE][PASSED] - Object: 'Object Repository/Staging Objects/Page_diagnostics/a_CareSens N Eco Blood Glucose Meter' is clicked on

2021-05-10 14:59:44 - [MESSAGE][PASSED] - Call Test Case 'Test Cases/Custom Item Details/UTILITIES/OPEN_BROWSER' successfully

2021-05-10 14:59:44 - [TEST_STEP][PASSED] - waitForElementVisible(findTestObject("Staging Objects/Page_diagnostics/div_Technical Specifications"), 0): Object 'Object Repository/Staging Objects/Page_diagnostics/div_Technical Specifications' is visible

2021-05-10 14:59:44 - [MESSAGE][WARNING] - Timeout '0' is invalid. Using default page load timeout: '30'

2021-05-10 14:59:45 - [MESSAGE][PASSED] - Object 'Object Repository/Staging Objects/Page_diagnostics/div_Technical Specifications' is visible

2021-05-10 14:59:45 - [TEST_STEP][PASSED] - verifyElementClickable(findTestObject("Staging Objects/Page_diagnostics/div_Technical Specifications")): Object 'Object Repository/Staging Objects/Page_diagnostics/div_Technical Specifications' is clickable

2021-05-10 14:59:45 - [MESSAGE][PASSED] - Object 'Object Repository/Staging Objects/Page_diagnostics/div_Technical Specifications' is clickable

2021-05-10 14:59:45 - [TEST_STEP][PASSED] - verifyElementText(findTestObject("Staging Objects/Page_diagnostics/div_Technical Specifications"), "Technical Specifications"): Actual text and expected text of test object 'Object Repository/Staging Objects/Page_diagnostics/div_Technical Specifications' are matched.

2021-05-10 14:59:45 - [MESSAGE][PASSED] - Actual text and expected text of test object 'Object Repository/Staging Objects/Page_diagnostics/div_Technical Specifications' are matched.

2021-05-10 14:59:45 - [TEST_STEP][PASSED] - click(findTestObject("Staging Objects/Page_diagnostics/div_Technical Specifications")): Object: 'Object Repository/Staging Objects/Page_diagnostics/div_Technical Specifications' is clicked on

2021-05-10 14:59:46 - [MESSAGE][PASSED] - Object: 'Object Repository/Staging Objects/Page_diagnostics/div_Technical Specifications' is clicked on

2021-05-10 14:59:46 - [TEST_STEP][PASSED] - callTestCase(findTestCase("Custom Item Details/UTILITIES/CLOSE_BROWSER"), [:], STOP_ON_FAILURE): Call Test Case 'Test Cases/Custom Item Details/UTILITIES/CLOSE_BROWSER' successfully

2021-05-10 14:59:46 - [TEST_CASE][PASSED] - Test Cases/Custom Item Details/UTILITIES/CLOSE_BROWSER: Test Cases/Custom Item Details/UTILITIES/CLOSE_BROWSER

2021-05-10 14:59:46 - [TEST_STEP][PASSED] - closeBrowser(): Browser is closed

2021-05-10 14:59:46 - [MESSAGE][PASSED] - Browser is closed

2021-05-10 14:59:46 - [MESSAGE][PASSED] - Call Test Case 'Test Cases/Custom Item Details/UTILITIES/CLOSE_BROWSER' successfully]]></system-out>
         <system-err><![CDATA[]]></system-err>
      </testcase>
      <testcase name="Test Cases/Custom Item Details/TEST CASE/TC_DETAILS_UI_016" time="24.898" classname="Test Cases/Custom Item Details/TEST CASE/TC_DETAILS_UI_016" status="PASSED">
         <system-out><![CDATA[2021-05-10 14:59:46 - [TEST_CASE][PASSED] - Test Cases/Custom Item Details/TEST CASE/TC_DETAILS_UI_016: Test Cases/Custom Item Details/TEST CASE/TC_DETAILS_UI_016

2021-05-10 14:59:46 - [TEST_STEP][PASSED] - callTestCase(findTestCase("Custom Item Details/UTILITIES/OPEN_BROWSER"), [:], STOP_ON_FAILURE): Call Test Case 'Test Cases/Custom Item Details/UTILITIES/OPEN_BROWSER' successfully

2021-05-10 14:59:46 - [TEST_CASE][PASSED] - Test Cases/Custom Item Details/UTILITIES/OPEN_BROWSER: Test Cases/Custom Item Details/UTILITIES/OPEN_BROWSER

2021-05-10 14:59:46 - [TEST_STEP][PASSED] - openBrowser("https://diagnostics.staging.arcadier.io/"): Browser is opened with url: 'https://diagnostics.staging.arcadier.io/'

2021-05-10 14:59:46 - [MESSAGE][INFO] - Starting 'Chrome' driver

2021-05-10 14:59:46 - [MESSAGE][INFO] - Action delay is set to 0 milliseconds

2021-05-10 14:59:57 - [MESSAGE][PASSED] - Browser is opened with url: 'https://diagnostics.staging.arcadier.io/'

2021-05-10 14:59:57 - [TEST_STEP][PASSED] - maximizeWindow(): Current window maximized

2021-05-10 14:59:57 - [MESSAGE][PASSED] - Current window maximized

2021-05-10 14:59:57 - [TEST_STEP][PASSED] - click(findTestObject("Item Details Objects/Page_diagnostics/a_Accept Cookies")): Object: 'Object Repository/Item Details Objects/Page_diagnostics/a_Accept Cookies' is clicked on

2021-05-10 14:59:59 - [MESSAGE][PASSED] - Object: 'Object Repository/Item Details Objects/Page_diagnostics/a_Accept Cookies' is clicked on

2021-05-10 14:59:59 - [TEST_STEP][PASSED] - click(findTestObject("Staging Objects/Page_diagnostics/a_DIABETES DIAGNOSTICS"), STOP_ON_FAILURE): Object: 'Object Repository/Staging Objects/Page_diagnostics/a_DIABETES DIAGNOSTICS' is clicked on

2021-05-10 15:00:01 - [MESSAGE][PASSED] - Object: 'Object Repository/Staging Objects/Page_diagnostics/a_DIABETES DIAGNOSTICS' is clicked on

2021-05-10 15:00:01 - [TEST_STEP][PASSED] - mouseOver(findTestObject("Staging Objects/Page_diagnostics/a_CareSens N Eco Blood Glucose Meter")): Object: 'Object Repository/Staging Objects/Page_diagnostics/a_CareSens N Eco Blood Glucose Meter' is hovered

2021-05-10 15:00:04 - [MESSAGE][PASSED] - Object: 'Object Repository/Staging Objects/Page_diagnostics/a_CareSens N Eco Blood Glucose Meter' is hovered

2021-05-10 15:00:04 - [TEST_STEP][PASSED] - click(findTestObject("Staging Objects/Page_diagnostics/a_CareSens N Eco Blood Glucose Meter")): Object: 'Object Repository/Staging Objects/Page_diagnostics/a_CareSens N Eco Blood Glucose Meter' is clicked on

2021-05-10 15:00:08 - [MESSAGE][PASSED] - Object: 'Object Repository/Staging Objects/Page_diagnostics/a_CareSens N Eco Blood Glucose Meter' is clicked on

2021-05-10 15:00:08 - [MESSAGE][PASSED] - Call Test Case 'Test Cases/Custom Item Details/UTILITIES/OPEN_BROWSER' successfully

2021-05-10 15:00:08 - [TEST_STEP][PASSED] - waitForElementVisible(findTestObject("Staging Objects/Page_diagnostics/div_Product Attributes"), 0): Object 'Object Repository/Staging Objects/Page_diagnostics/div_Product Attributes' is visible

2021-05-10 15:00:08 - [MESSAGE][WARNING] - Timeout '0' is invalid. Using default page load timeout: '30'

2021-05-10 15:00:10 - [MESSAGE][PASSED] - Object 'Object Repository/Staging Objects/Page_diagnostics/div_Product Attributes' is visible

2021-05-10 15:00:10 - [TEST_STEP][PASSED] - verifyElementClickable(findTestObject("Staging Objects/Page_diagnostics/div_Product Attributes")): Object 'Object Repository/Staging Objects/Page_diagnostics/div_Product Attributes' is clickable

2021-05-10 15:00:10 - [MESSAGE][PASSED] - Object 'Object Repository/Staging Objects/Page_diagnostics/div_Product Attributes' is clickable

2021-05-10 15:00:10 - [TEST_STEP][PASSED] - verifyElementText(findTestObject("Staging Objects/Page_diagnostics/div_Product Attributes"), "Product Attributes"): Actual text and expected text of test object 'Object Repository/Staging Objects/Page_diagnostics/div_Product Attributes' are matched.

2021-05-10 15:00:10 - [MESSAGE][PASSED] - Actual text and expected text of test object 'Object Repository/Staging Objects/Page_diagnostics/div_Product Attributes' are matched.

2021-05-10 15:00:10 - [TEST_STEP][PASSED] - click(findTestObject("Staging Objects/Page_diagnostics/div_Product Attributes")): Object: 'Object Repository/Staging Objects/Page_diagnostics/div_Product Attributes' is clicked on

2021-05-10 15:00:10 - [MESSAGE][PASSED] - Object: 'Object Repository/Staging Objects/Page_diagnostics/div_Product Attributes' is clicked on

2021-05-10 15:00:10 - [TEST_STEP][PASSED] - callTestCase(findTestCase("Custom Item Details/UTILITIES/CLOSE_BROWSER"), [:], STOP_ON_FAILURE): Call Test Case 'Test Cases/Custom Item Details/UTILITIES/CLOSE_BROWSER' successfully

2021-05-10 15:00:10 - [TEST_CASE][PASSED] - Test Cases/Custom Item Details/UTILITIES/CLOSE_BROWSER: Test Cases/Custom Item Details/UTILITIES/CLOSE_BROWSER

2021-05-10 15:00:10 - [TEST_STEP][PASSED] - closeBrowser(): Browser is closed

2021-05-10 15:00:11 - [MESSAGE][PASSED] - Browser is closed

2021-05-10 15:00:11 - [MESSAGE][PASSED] - Call Test Case 'Test Cases/Custom Item Details/UTILITIES/CLOSE_BROWSER' successfully]]></system-out>
         <system-err><![CDATA[]]></system-err>
      </testcase>
      <testcase name="Test Cases/Custom Item Details/TEST CASE/TC_DETAILS_UI_017" time="27.719" classname="Test Cases/Custom Item Details/TEST CASE/TC_DETAILS_UI_017" status="PASSED">
         <system-out><![CDATA[2021-05-10 15:00:11 - [TEST_CASE][PASSED] - Test Cases/Custom Item Details/TEST CASE/TC_DETAILS_UI_017: Test Cases/Custom Item Details/TEST CASE/TC_DETAILS_UI_017

2021-05-10 15:00:11 - [TEST_STEP][PASSED] - callTestCase(findTestCase("Custom Item Details/UTILITIES/OPEN_BROWSER"), [:], STOP_ON_FAILURE): Call Test Case 'Test Cases/Custom Item Details/UTILITIES/OPEN_BROWSER' successfully

2021-05-10 15:00:11 - [TEST_CASE][PASSED] - Test Cases/Custom Item Details/UTILITIES/OPEN_BROWSER: Test Cases/Custom Item Details/UTILITIES/OPEN_BROWSER

2021-05-10 15:00:11 - [TEST_STEP][PASSED] - openBrowser("https://diagnostics.staging.arcadier.io/"): Browser is opened with url: 'https://diagnostics.staging.arcadier.io/'

2021-05-10 15:00:11 - [MESSAGE][INFO] - Starting 'Chrome' driver

2021-05-10 15:00:11 - [MESSAGE][INFO] - Action delay is set to 0 milliseconds

2021-05-10 15:00:24 - [MESSAGE][PASSED] - Browser is opened with url: 'https://diagnostics.staging.arcadier.io/'

2021-05-10 15:00:24 - [TEST_STEP][PASSED] - maximizeWindow(): Current window maximized

2021-05-10 15:00:25 - [MESSAGE][PASSED] - Current window maximized

2021-05-10 15:00:25 - [TEST_STEP][PASSED] - click(findTestObject("Item Details Objects/Page_diagnostics/a_Accept Cookies")): Object: 'Object Repository/Item Details Objects/Page_diagnostics/a_Accept Cookies' is clicked on

2021-05-10 15:00:25 - [MESSAGE][PASSED] - Object: 'Object Repository/Item Details Objects/Page_diagnostics/a_Accept Cookies' is clicked on

2021-05-10 15:00:25 - [TEST_STEP][PASSED] - click(findTestObject("Staging Objects/Page_diagnostics/a_DIABETES DIAGNOSTICS"), STOP_ON_FAILURE): Object: 'Object Repository/Staging Objects/Page_diagnostics/a_DIABETES DIAGNOSTICS' is clicked on

2021-05-10 15:00:27 - [MESSAGE][PASSED] - Object: 'Object Repository/Staging Objects/Page_diagnostics/a_DIABETES DIAGNOSTICS' is clicked on

2021-05-10 15:00:27 - [TEST_STEP][PASSED] - mouseOver(findTestObject("Staging Objects/Page_diagnostics/a_CareSens N Eco Blood Glucose Meter")): Object: 'Object Repository/Staging Objects/Page_diagnostics/a_CareSens N Eco Blood Glucose Meter' is hovered

2021-05-10 15:00:30 - [MESSAGE][PASSED] - Object: 'Object Repository/Staging Objects/Page_diagnostics/a_CareSens N Eco Blood Glucose Meter' is hovered

2021-05-10 15:00:30 - [TEST_STEP][PASSED] - click(findTestObject("Staging Objects/Page_diagnostics/a_CareSens N Eco Blood Glucose Meter")): Object: 'Object Repository/Staging Objects/Page_diagnostics/a_CareSens N Eco Blood Glucose Meter' is clicked on

2021-05-10 15:00:36 - [MESSAGE][PASSED] - Object: 'Object Repository/Staging Objects/Page_diagnostics/a_CareSens N Eco Blood Glucose Meter' is clicked on

2021-05-10 15:00:36 - [MESSAGE][PASSED] - Call Test Case 'Test Cases/Custom Item Details/UTILITIES/OPEN_BROWSER' successfully

2021-05-10 15:00:36 - [TEST_STEP][PASSED] - waitForElementVisible(findTestObject("Staging Objects/Page_diagnostics/div_Manufacture Information"), 0): Object 'Object Repository/Staging Objects/Page_diagnostics/div_Manufacture Information' is visible

2021-05-10 15:00:36 - [MESSAGE][WARNING] - Timeout '0' is invalid. Using default page load timeout: '30'

2021-05-10 15:00:37 - [MESSAGE][PASSED] - Object 'Object Repository/Staging Objects/Page_diagnostics/div_Manufacture Information' is visible

2021-05-10 15:00:37 - [TEST_STEP][PASSED] - verifyElementClickable(findTestObject("Staging Objects/Page_diagnostics/div_Manufacture Information")): Object 'Object Repository/Staging Objects/Page_diagnostics/div_Manufacture Information' is clickable

2021-05-10 15:00:38 - [MESSAGE][PASSED] - Object 'Object Repository/Staging Objects/Page_diagnostics/div_Manufacture Information' is clickable

2021-05-10 15:00:38 - [TEST_STEP][PASSED] - verifyElementText(findTestObject("Staging Objects/Page_diagnostics/div_Manufacture Information"), "Manufacture Information"): Actual text and expected text of test object 'Object Repository/Staging Objects/Page_diagnostics/div_Manufacture Information' are matched.

2021-05-10 15:00:38 - [MESSAGE][PASSED] - Actual text and expected text of test object 'Object Repository/Staging Objects/Page_diagnostics/div_Manufacture Information' are matched.

2021-05-10 15:00:38 - [TEST_STEP][PASSED] - click(findTestObject("Staging Objects/Page_diagnostics/div_Manufacture Information")): Object: 'Object Repository/Staging Objects/Page_diagnostics/div_Manufacture Information' is clicked on

2021-05-10 15:00:38 - [MESSAGE][PASSED] - Object: 'Object Repository/Staging Objects/Page_diagnostics/div_Manufacture Information' is clicked on

2021-05-10 15:00:38 - [TEST_STEP][PASSED] - callTestCase(findTestCase("Custom Item Details/UTILITIES/CLOSE_BROWSER"), [:], STOP_ON_FAILURE): Call Test Case 'Test Cases/Custom Item Details/UTILITIES/CLOSE_BROWSER' successfully

2021-05-10 15:00:38 - [TEST_CASE][PASSED] - Test Cases/Custom Item Details/UTILITIES/CLOSE_BROWSER: Test Cases/Custom Item Details/UTILITIES/CLOSE_BROWSER

2021-05-10 15:00:38 - [TEST_STEP][PASSED] - closeBrowser(): Browser is closed

2021-05-10 15:00:39 - [MESSAGE][PASSED] - Browser is closed

2021-05-10 15:00:39 - [MESSAGE][PASSED] - Call Test Case 'Test Cases/Custom Item Details/UTILITIES/CLOSE_BROWSER' successfully]]></system-out>
         <system-err><![CDATA[]]></system-err>
      </testcase>
      <testcase name="Test Cases/Custom Item Details/TEST CASE/TC_DETAILS_UI_018" time="25.127" classname="Test Cases/Custom Item Details/TEST CASE/TC_DETAILS_UI_018" status="PASSED">
         <system-out><![CDATA[2021-05-10 15:00:39 - [TEST_CASE][PASSED] - Test Cases/Custom Item Details/TEST CASE/TC_DETAILS_UI_018: Test Cases/Custom Item Details/TEST CASE/TC_DETAILS_UI_018

2021-05-10 15:00:39 - [TEST_STEP][PASSED] - callTestCase(findTestCase("Custom Item Details/UTILITIES/OPEN_BROWSER"), [:], STOP_ON_FAILURE): Call Test Case 'Test Cases/Custom Item Details/UTILITIES/OPEN_BROWSER' successfully

2021-05-10 15:00:39 - [TEST_CASE][PASSED] - Test Cases/Custom Item Details/UTILITIES/OPEN_BROWSER: Test Cases/Custom Item Details/UTILITIES/OPEN_BROWSER

2021-05-10 15:00:39 - [TEST_STEP][PASSED] - openBrowser("https://diagnostics.staging.arcadier.io/"): Browser is opened with url: 'https://diagnostics.staging.arcadier.io/'

2021-05-10 15:00:39 - [MESSAGE][INFO] - Starting 'Chrome' driver

2021-05-10 15:00:39 - [MESSAGE][INFO] - Action delay is set to 0 milliseconds

2021-05-10 15:00:50 - [MESSAGE][PASSED] - Browser is opened with url: 'https://diagnostics.staging.arcadier.io/'

2021-05-10 15:00:50 - [TEST_STEP][PASSED] - maximizeWindow(): Current window maximized

2021-05-10 15:00:50 - [MESSAGE][PASSED] - Current window maximized

2021-05-10 15:00:50 - [TEST_STEP][PASSED] - click(findTestObject("Item Details Objects/Page_diagnostics/a_Accept Cookies")): Object: 'Object Repository/Item Details Objects/Page_diagnostics/a_Accept Cookies' is clicked on

2021-05-10 15:00:51 - [MESSAGE][PASSED] - Object: 'Object Repository/Item Details Objects/Page_diagnostics/a_Accept Cookies' is clicked on

2021-05-10 15:00:51 - [TEST_STEP][PASSED] - click(findTestObject("Staging Objects/Page_diagnostics/a_DIABETES DIAGNOSTICS"), STOP_ON_FAILURE): Object: 'Object Repository/Staging Objects/Page_diagnostics/a_DIABETES DIAGNOSTICS' is clicked on

2021-05-10 15:00:52 - [MESSAGE][PASSED] - Object: 'Object Repository/Staging Objects/Page_diagnostics/a_DIABETES DIAGNOSTICS' is clicked on

2021-05-10 15:00:52 - [TEST_STEP][PASSED] - mouseOver(findTestObject("Staging Objects/Page_diagnostics/a_CareSens N Eco Blood Glucose Meter")): Object: 'Object Repository/Staging Objects/Page_diagnostics/a_CareSens N Eco Blood Glucose Meter' is hovered

2021-05-10 15:00:56 - [MESSAGE][PASSED] - Object: 'Object Repository/Staging Objects/Page_diagnostics/a_CareSens N Eco Blood Glucose Meter' is hovered

2021-05-10 15:00:56 - [TEST_STEP][PASSED] - click(findTestObject("Staging Objects/Page_diagnostics/a_CareSens N Eco Blood Glucose Meter")): Object: 'Object Repository/Staging Objects/Page_diagnostics/a_CareSens N Eco Blood Glucose Meter' is clicked on

2021-05-10 15:01:02 - [MESSAGE][PASSED] - Object: 'Object Repository/Staging Objects/Page_diagnostics/a_CareSens N Eco Blood Glucose Meter' is clicked on

2021-05-10 15:01:02 - [MESSAGE][PASSED] - Call Test Case 'Test Cases/Custom Item Details/UTILITIES/OPEN_BROWSER' successfully

2021-05-10 15:01:02 - [TEST_STEP][PASSED] - waitForElementVisible(findTestObject("Staging Objects/Page_diagnostics/div_Regulatory Approval"), 0): Object 'Object Repository/Staging Objects/Page_diagnostics/div_Regulatory Approval' is visible

2021-05-10 15:01:02 - [MESSAGE][WARNING] - Timeout '0' is invalid. Using default page load timeout: '30'

2021-05-10 15:01:02 - [MESSAGE][PASSED] - Object 'Object Repository/Staging Objects/Page_diagnostics/div_Regulatory Approval' is visible

2021-05-10 15:01:02 - [TEST_STEP][PASSED] - verifyElementClickable(findTestObject("Staging Objects/Page_diagnostics/div_Regulatory Approval")): Object 'Object Repository/Staging Objects/Page_diagnostics/div_Regulatory Approval' is clickable

2021-05-10 15:01:03 - [MESSAGE][PASSED] - Object 'Object Repository/Staging Objects/Page_diagnostics/div_Regulatory Approval' is clickable

2021-05-10 15:01:03 - [TEST_STEP][PASSED] - verifyElementText(findTestObject("Staging Objects/Page_diagnostics/div_Regulatory Approval"), "Regulatory Approval"): Actual text and expected text of test object 'Object Repository/Staging Objects/Page_diagnostics/div_Regulatory Approval' are matched.

2021-05-10 15:01:03 - [MESSAGE][PASSED] - Actual text and expected text of test object 'Object Repository/Staging Objects/Page_diagnostics/div_Regulatory Approval' are matched.

2021-05-10 15:01:03 - [TEST_STEP][PASSED] - click(findTestObject("Staging Objects/Page_diagnostics/div_Regulatory Approval")): Object: 'Object Repository/Staging Objects/Page_diagnostics/div_Regulatory Approval' is clicked on

2021-05-10 15:01:03 - [MESSAGE][PASSED] - Object: 'Object Repository/Staging Objects/Page_diagnostics/div_Regulatory Approval' is clicked on

2021-05-10 15:01:03 - [TEST_STEP][PASSED] - callTestCase(findTestCase("Custom Item Details/UTILITIES/CLOSE_BROWSER"), [:], STOP_ON_FAILURE): Call Test Case 'Test Cases/Custom Item Details/UTILITIES/CLOSE_BROWSER' successfully

2021-05-10 15:01:03 - [TEST_CASE][PASSED] - Test Cases/Custom Item Details/UTILITIES/CLOSE_BROWSER: Test Cases/Custom Item Details/UTILITIES/CLOSE_BROWSER

2021-05-10 15:01:03 - [TEST_STEP][PASSED] - closeBrowser(): Browser is closed

2021-05-10 15:01:04 - [MESSAGE][PASSED] - Browser is closed

2021-05-10 15:01:04 - [MESSAGE][PASSED] - Call Test Case 'Test Cases/Custom Item Details/UTILITIES/CLOSE_BROWSER' successfully]]></system-out>
         <system-err><![CDATA[]]></system-err>
      </testcase>
      <testcase name="Test Cases/Custom Item Details/TEST CASE/TC_DETAILS_UI_019" time="27.37" classname="Test Cases/Custom Item Details/TEST CASE/TC_DETAILS_UI_019" status="PASSED">
         <system-out><![CDATA[2021-05-10 15:01:04 - [TEST_CASE][PASSED] - Test Cases/Custom Item Details/TEST CASE/TC_DETAILS_UI_019: Test Cases/Custom Item Details/TEST CASE/TC_DETAILS_UI_019

2021-05-10 15:01:04 - [TEST_STEP][PASSED] - callTestCase(findTestCase("Custom Item Details/UTILITIES/OPEN_BROWSER"), [:], STOP_ON_FAILURE): Call Test Case 'Test Cases/Custom Item Details/UTILITIES/OPEN_BROWSER' successfully

2021-05-10 15:01:04 - [TEST_CASE][PASSED] - Test Cases/Custom Item Details/UTILITIES/OPEN_BROWSER: Test Cases/Custom Item Details/UTILITIES/OPEN_BROWSER

2021-05-10 15:01:04 - [TEST_STEP][PASSED] - openBrowser("https://diagnostics.staging.arcadier.io/"): Browser is opened with url: 'https://diagnostics.staging.arcadier.io/'

2021-05-10 15:01:04 - [MESSAGE][INFO] - Starting 'Chrome' driver

2021-05-10 15:01:04 - [MESSAGE][INFO] - Action delay is set to 0 milliseconds

2021-05-10 15:01:17 - [MESSAGE][PASSED] - Browser is opened with url: 'https://diagnostics.staging.arcadier.io/'

2021-05-10 15:01:17 - [TEST_STEP][PASSED] - maximizeWindow(): Current window maximized

2021-05-10 15:01:17 - [MESSAGE][PASSED] - Current window maximized

2021-05-10 15:01:17 - [TEST_STEP][PASSED] - click(findTestObject("Item Details Objects/Page_diagnostics/a_Accept Cookies")): Object: 'Object Repository/Item Details Objects/Page_diagnostics/a_Accept Cookies' is clicked on

2021-05-10 15:01:18 - [MESSAGE][PASSED] - Object: 'Object Repository/Item Details Objects/Page_diagnostics/a_Accept Cookies' is clicked on

2021-05-10 15:01:18 - [TEST_STEP][PASSED] - click(findTestObject("Staging Objects/Page_diagnostics/a_DIABETES DIAGNOSTICS"), STOP_ON_FAILURE): Object: 'Object Repository/Staging Objects/Page_diagnostics/a_DIABETES DIAGNOSTICS' is clicked on

2021-05-10 15:01:20 - [MESSAGE][PASSED] - Object: 'Object Repository/Staging Objects/Page_diagnostics/a_DIABETES DIAGNOSTICS' is clicked on

2021-05-10 15:01:20 - [TEST_STEP][PASSED] - mouseOver(findTestObject("Staging Objects/Page_diagnostics/a_CareSens N Eco Blood Glucose Meter")): Object: 'Object Repository/Staging Objects/Page_diagnostics/a_CareSens N Eco Blood Glucose Meter' is hovered

2021-05-10 15:01:23 - [MESSAGE][PASSED] - Object: 'Object Repository/Staging Objects/Page_diagnostics/a_CareSens N Eco Blood Glucose Meter' is hovered

2021-05-10 15:01:23 - [TEST_STEP][PASSED] - click(findTestObject("Staging Objects/Page_diagnostics/a_CareSens N Eco Blood Glucose Meter")): Object: 'Object Repository/Staging Objects/Page_diagnostics/a_CareSens N Eco Blood Glucose Meter' is clicked on

2021-05-10 15:01:27 - [MESSAGE][PASSED] - Object: 'Object Repository/Staging Objects/Page_diagnostics/a_CareSens N Eco Blood Glucose Meter' is clicked on

2021-05-10 15:01:27 - [MESSAGE][PASSED] - Call Test Case 'Test Cases/Custom Item Details/UTILITIES/OPEN_BROWSER' successfully

2021-05-10 15:01:27 - [TEST_STEP][PASSED] - waitForElementVisible(findTestObject("Staging Objects/Page_diagnostics/a_REQUEST FOR QUOTATION"), 0): Object 'Object Repository/Staging Objects/Page_diagnostics/a_REQUEST FOR QUOTATION' is visible

2021-05-10 15:01:27 - [MESSAGE][WARNING] - Timeout '0' is invalid. Using default page load timeout: '30'

2021-05-10 15:01:29 - [MESSAGE][PASSED] - Object 'Object Repository/Staging Objects/Page_diagnostics/a_REQUEST FOR QUOTATION' is visible

2021-05-10 15:01:29 - [TEST_STEP][PASSED] - verifyElementClickable(findTestObject("Staging Objects/Page_diagnostics/a_REQUEST FOR QUOTATION")): Object 'Object Repository/Staging Objects/Page_diagnostics/a_REQUEST FOR QUOTATION' is clickable

2021-05-10 15:01:29 - [MESSAGE][PASSED] - Object 'Object Repository/Staging Objects/Page_diagnostics/a_REQUEST FOR QUOTATION' is clickable

2021-05-10 15:01:29 - [TEST_STEP][PASSED] - click(findTestObject("Staging Objects/Page_diagnostics/a_REQUEST FOR QUOTATION")): Object: 'Object Repository/Staging Objects/Page_diagnostics/a_REQUEST FOR QUOTATION' is clicked on

2021-05-10 15:01:30 - [MESSAGE][PASSED] - Object: 'Object Repository/Staging Objects/Page_diagnostics/a_REQUEST FOR QUOTATION' is clicked on

2021-05-10 15:01:30 - [TEST_STEP][PASSED] - verifyElementPresent(findTestObject("Login Page/Page_diagnostics/div_Login_Page"), 0): Object 'Object Repository/Login Page/Page_diagnostics/div_Login_Page' is present

2021-05-10 15:01:30 - [MESSAGE][WARNING] - Timeout '0' is invalid. Using default page load timeout: '30'

2021-05-10 15:01:31 - [MESSAGE][PASSED] - Object 'Object Repository/Login Page/Page_diagnostics/div_Login_Page' is present

2021-05-10 15:01:31 - [TEST_STEP][PASSED] - callTestCase(findTestCase("Custom Item Details/UTILITIES/CLOSE_BROWSER"), [:], STOP_ON_FAILURE): Call Test Case 'Test Cases/Custom Item Details/UTILITIES/CLOSE_BROWSER' successfully

2021-05-10 15:01:31 - [TEST_CASE][PASSED] - Test Cases/Custom Item Details/UTILITIES/CLOSE_BROWSER: Test Cases/Custom Item Details/UTILITIES/CLOSE_BROWSER

2021-05-10 15:01:31 - [TEST_STEP][PASSED] - closeBrowser(): Browser is closed

2021-05-10 15:01:31 - [MESSAGE][PASSED] - Browser is closed

2021-05-10 15:01:31 - [MESSAGE][PASSED] - Call Test Case 'Test Cases/Custom Item Details/UTILITIES/CLOSE_BROWSER' successfully]]></system-out>
         <system-err><![CDATA[]]></system-err>
      </testcase>
      <testcase name="Test Cases/Custom Item Details/TEST CASE/TC_DETAILS_UI_020" time="57.901" classname="Test Cases/Custom Item Details/TEST CASE/TC_DETAILS_UI_020" status="PASSED">
         <system-out><![CDATA[2021-05-10 15:01:31 - [TEST_CASE][PASSED] - Test Cases/Custom Item Details/TEST CASE/TC_DETAILS_UI_020: Test Cases/Custom Item Details/TEST CASE/TC_DETAILS_UI_020

2021-05-10 15:01:31 - [TEST_STEP][PASSED] - callTestCase(findTestCase("Custom Item Details/UTILITIES/OPEN_BROWSER"), [:], STOP_ON_FAILURE): Call Test Case 'Test Cases/Custom Item Details/UTILITIES/OPEN_BROWSER' successfully

2021-05-10 15:01:32 - [TEST_CASE][PASSED] - Test Cases/Custom Item Details/UTILITIES/OPEN_BROWSER: Test Cases/Custom Item Details/UTILITIES/OPEN_BROWSER

2021-05-10 15:01:32 - [TEST_STEP][PASSED] - openBrowser("https://diagnostics.staging.arcadier.io/"): Browser is opened with url: 'https://diagnostics.staging.arcadier.io/'

2021-05-10 15:01:32 - [MESSAGE][INFO] - Starting 'Chrome' driver

2021-05-10 15:01:32 - [MESSAGE][INFO] - Action delay is set to 0 milliseconds

2021-05-10 15:01:46 - [MESSAGE][PASSED] - Browser is opened with url: 'https://diagnostics.staging.arcadier.io/'

2021-05-10 15:01:46 - [TEST_STEP][PASSED] - maximizeWindow(): Current window maximized

2021-05-10 15:01:46 - [MESSAGE][PASSED] - Current window maximized

2021-05-10 15:01:46 - [TEST_STEP][PASSED] - click(findTestObject("Item Details Objects/Page_diagnostics/a_Accept Cookies")): Object: 'Object Repository/Item Details Objects/Page_diagnostics/a_Accept Cookies' is clicked on

2021-05-10 15:01:46 - [MESSAGE][PASSED] - Object: 'Object Repository/Item Details Objects/Page_diagnostics/a_Accept Cookies' is clicked on

2021-05-10 15:01:46 - [TEST_STEP][PASSED] - click(findTestObject("Staging Objects/Page_diagnostics/a_DIABETES DIAGNOSTICS"), STOP_ON_FAILURE): Object: 'Object Repository/Staging Objects/Page_diagnostics/a_DIABETES DIAGNOSTICS' is clicked on

2021-05-10 15:01:48 - [MESSAGE][PASSED] - Object: 'Object Repository/Staging Objects/Page_diagnostics/a_DIABETES DIAGNOSTICS' is clicked on

2021-05-10 15:01:48 - [TEST_STEP][PASSED] - mouseOver(findTestObject("Staging Objects/Page_diagnostics/a_CareSens N Eco Blood Glucose Meter")): Object: 'Object Repository/Staging Objects/Page_diagnostics/a_CareSens N Eco Blood Glucose Meter' is hovered

2021-05-10 15:01:51 - [MESSAGE][PASSED] - Object: 'Object Repository/Staging Objects/Page_diagnostics/a_CareSens N Eco Blood Glucose Meter' is hovered

2021-05-10 15:01:51 - [TEST_STEP][PASSED] - click(findTestObject("Staging Objects/Page_diagnostics/a_CareSens N Eco Blood Glucose Meter")): Object: 'Object Repository/Staging Objects/Page_diagnostics/a_CareSens N Eco Blood Glucose Meter' is clicked on

2021-05-10 15:01:57 - [MESSAGE][PASSED] - Object: 'Object Repository/Staging Objects/Page_diagnostics/a_CareSens N Eco Blood Glucose Meter' is clicked on

2021-05-10 15:01:57 - [MESSAGE][PASSED] - Call Test Case 'Test Cases/Custom Item Details/UTILITIES/OPEN_BROWSER' successfully

2021-05-10 15:01:57 - [TEST_STEP][PASSED] - waitForElementVisible(findTestObject("Item Details Objects/Page_diagnostics/a_Procure_Directly_From_Seller"), 0): Object 'Object Repository/Item Details Objects/Page_diagnostics/a_Procure_Directly_From_Seller' is visible

2021-05-10 15:01:57 - [MESSAGE][WARNING] - Timeout '0' is invalid. Using default page load timeout: '30'

2021-05-10 15:01:58 - [MESSAGE][PASSED] - Object 'Object Repository/Item Details Objects/Page_diagnostics/a_Procure_Directly_From_Seller' is visible

2021-05-10 15:01:58 - [TEST_STEP][PASSED] - click(findTestObject("Item Details Objects/Page_diagnostics/a_Procure_Directly_From_Seller")): Object: 'Object Repository/Item Details Objects/Page_diagnostics/a_Procure_Directly_From_Seller' is clicked on

2021-05-10 15:01:59 - [MESSAGE][PASSED] - Object: 'Object Repository/Item Details Objects/Page_diagnostics/a_Procure_Directly_From_Seller' is clicked on

2021-05-10 15:01:59 - [TEST_STEP][PASSED] - verifyElementPresent(findTestObject("Login Page/Page_diagnostics/div_Login_Page"), 0): Object 'Object Repository/Login Page/Page_diagnostics/div_Login_Page' is present

2021-05-10 15:01:59 - [MESSAGE][WARNING] - Timeout '0' is invalid. Using default page load timeout: '30'

2021-05-10 15:02:00 - [MESSAGE][PASSED] - Object 'Object Repository/Login Page/Page_diagnostics/div_Login_Page' is present

2021-05-10 15:02:00 - [TEST_STEP][PASSED] - callTestCase(findTestCase("Custom Item Details/UTILITIES/LOGIN"), [:], STOP_ON_FAILURE): Call Test Case 'Test Cases/Custom Item Details/UTILITIES/LOGIN' successfully

2021-05-10 15:02:00 - [TEST_CASE][PASSED] - Test Cases/Custom Item Details/UTILITIES/LOGIN: Test Cases/Custom Item Details/UTILITIES/LOGIN

2021-05-10 15:02:00 - [TEST_STEP][PASSED] - click(findTestObject("Login Page/Page_diagnostics/a_Sign_In_as_ Buyer")): Object: 'Object Repository/Login Page/Page_diagnostics/a_Sign_In_as_ Buyer' is clicked on

2021-05-10 15:02:01 - [MESSAGE][PASSED] - Object: 'Object Repository/Login Page/Page_diagnostics/a_Sign_In_as_ Buyer' is clicked on

2021-05-10 15:02:01 - [TEST_STEP][PASSED] - setText(findTestObject("Login Page/Page_diagnostics/input_EmailUsername"), "admin"): Text 'admin' is set on object 'Object Repository/Login Page/Page_diagnostics/input_EmailUsername'

2021-05-10 15:02:01 - [MESSAGE][PASSED] - Text 'admin' is set on object 'Object Repository/Login Page/Page_diagnostics/input_EmailUsername'

2021-05-10 15:02:01 - [TEST_STEP][PASSED] - setText(findTestObject("Login Page/Page_diagnostics/input_Password"), "Diagnostics123!"): Text 'Diagnostics123!' is set on object 'Object Repository/Login Page/Page_diagnostics/input_Password'

2021-05-10 15:02:02 - [MESSAGE][PASSED] - Text 'Diagnostics123!' is set on object 'Object Repository/Login Page/Page_diagnostics/input_Password'

2021-05-10 15:02:02 - [TEST_STEP][PASSED] - click(findTestObject("Login Page/Page_diagnostics/input_Login-Submit")): Object: 'Object Repository/Login Page/Page_diagnostics/input_Login-Submit' is clicked on

2021-05-10 15:02:16 - [MESSAGE][PASSED] - Object: 'Object Repository/Login Page/Page_diagnostics/input_Login-Submit' is clicked on

2021-05-10 15:02:16 - [MESSAGE][PASSED] - Call Test Case 'Test Cases/Custom Item Details/UTILITIES/LOGIN' successfully

2021-05-10 15:02:16 - [TEST_STEP][PASSED] - callTestCase(findTestCase("Custom Item Details/UTILITIES/ITEM_DETAIL_PAGE"), [:], STOP_ON_FAILURE): Call Test Case 'Test Cases/Custom Item Details/UTILITIES/ITEM_DETAIL_PAGE' successfully

2021-05-10 15:02:16 - [TEST_CASE][PASSED] - Test Cases/Custom Item Details/UTILITIES/ITEM_DETAIL_PAGE: Test Cases/Custom Item Details/UTILITIES/ITEM_DETAIL_PAGE

2021-05-10 15:02:16 - [TEST_STEP][PASSED] - click(findTestObject("Staging Objects/Page_diagnostics/a_DIABETES DIAGNOSTICS"), STOP_ON_FAILURE): Object: 'Object Repository/Staging Objects/Page_diagnostics/a_DIABETES DIAGNOSTICS' is clicked on

2021-05-10 15:02:19 - [MESSAGE][PASSED] - Object: 'Object Repository/Staging Objects/Page_diagnostics/a_DIABETES DIAGNOSTICS' is clicked on

2021-05-10 15:02:19 - [TEST_STEP][PASSED] - mouseOver(findTestObject("Staging Objects/Page_diagnostics/a_CareSens N Eco Blood Glucose Meter")): Object: 'Object Repository/Staging Objects/Page_diagnostics/a_CareSens N Eco Blood Glucose Meter' is hovered

2021-05-10 15:02:22 - [MESSAGE][PASSED] - Object: 'Object Repository/Staging Objects/Page_diagnostics/a_CareSens N Eco Blood Glucose Meter' is hovered

2021-05-10 15:02:22 - [TEST_STEP][PASSED] - click(findTestObject("Staging Objects/Page_diagnostics/a_CareSens N Eco Blood Glucose Meter")): Object: 'Object Repository/Staging Objects/Page_diagnostics/a_CareSens N Eco Blood Glucose Meter' is clicked on

2021-05-10 15:02:25 - [MESSAGE][PASSED] - Object: 'Object Repository/Staging Objects/Page_diagnostics/a_CareSens N Eco Blood Glucose Meter' is clicked on

2021-05-10 15:02:25 - [MESSAGE][PASSED] - Call Test Case 'Test Cases/Custom Item Details/UTILITIES/ITEM_DETAIL_PAGE' successfully

2021-05-10 15:02:25 - [TEST_STEP][PASSED] - click(findTestObject("Staging Objects/Page_diagnostics/a_ADD TO CART")): Object: 'Object Repository/Staging Objects/Page_diagnostics/a_ADD TO CART' is clicked on

2021-05-10 15:02:26 - [MESSAGE][PASSED] - Object: 'Object Repository/Staging Objects/Page_diagnostics/a_ADD TO CART' is clicked on

2021-05-10 15:02:26 - [TEST_STEP][PASSED] - verifyElementPresent(findTestObject("Cart/Page_diagnostics/div_VIEW_CART_Area"), 0): Object 'Object Repository/Cart/Page_diagnostics/div_VIEW_CART_Area' is present

2021-05-10 15:02:26 - [MESSAGE][WARNING] - Timeout '0' is invalid. Using default page load timeout: '30'

2021-05-10 15:02:28 - [MESSAGE][PASSED] - Object 'Object Repository/Cart/Page_diagnostics/div_VIEW_CART_Area' is present

2021-05-10 15:02:28 - [TEST_STEP][PASSED] - verifyElementClickable(findTestObject("Page_diagnostics/Cart_icon")): Object 'Object Repository/Page_diagnostics/Cart_icon' is clickable

2021-05-10 15:02:29 - [MESSAGE][PASSED] - Object 'Object Repository/Page_diagnostics/Cart_icon' is clickable

2021-05-10 15:02:29 - [TEST_STEP][PASSED] - callTestCase(findTestCase("Custom Item Details/UTILITIES/CLOSE_BROWSER"), [:], STOP_ON_FAILURE): Call Test Case 'Test Cases/Custom Item Details/UTILITIES/CLOSE_BROWSER' successfully

2021-05-10 15:02:29 - [TEST_CASE][PASSED] - Test Cases/Custom Item Details/UTILITIES/CLOSE_BROWSER: Test Cases/Custom Item Details/UTILITIES/CLOSE_BROWSER

2021-05-10 15:02:29 - [TEST_STEP][PASSED] - closeBrowser(): Browser is closed

2021-05-10 15:02:29 - [MESSAGE][PASSED] - Browser is closed

2021-05-10 15:02:29 - [MESSAGE][PASSED] - Call Test Case 'Test Cases/Custom Item Details/UTILITIES/CLOSE_BROWSER' successfully]]></system-out>
         <system-err><![CDATA[]]></system-err>
      </testcase>
      <testcase name="Test Cases/Custom Item Details/TEST CASE/TC_DETAILS_UI_021" time="25.407" classname="Test Cases/Custom Item Details/TEST CASE/TC_DETAILS_UI_021" status="PASSED">
         <system-out><![CDATA[2021-05-10 15:02:29 - [TEST_CASE][PASSED] - Test Cases/Custom Item Details/TEST CASE/TC_DETAILS_UI_021: Test Cases/Custom Item Details/TEST CASE/TC_DETAILS_UI_021

2021-05-10 15:02:29 - [TEST_STEP][PASSED] - callTestCase(findTestCase("Custom Item Details/UTILITIES/OPEN_BROWSER"), [:], STOP_ON_FAILURE): Call Test Case 'Test Cases/Custom Item Details/UTILITIES/OPEN_BROWSER' successfully

2021-05-10 15:02:29 - [TEST_CASE][PASSED] - Test Cases/Custom Item Details/UTILITIES/OPEN_BROWSER: Test Cases/Custom Item Details/UTILITIES/OPEN_BROWSER

2021-05-10 15:02:29 - [TEST_STEP][PASSED] - openBrowser("https://diagnostics.staging.arcadier.io/"): Browser is opened with url: 'https://diagnostics.staging.arcadier.io/'

2021-05-10 15:02:29 - [MESSAGE][INFO] - Starting 'Chrome' driver

2021-05-10 15:02:29 - [MESSAGE][INFO] - Action delay is set to 0 milliseconds

2021-05-10 15:02:43 - [MESSAGE][PASSED] - Browser is opened with url: 'https://diagnostics.staging.arcadier.io/'

2021-05-10 15:02:43 - [TEST_STEP][PASSED] - maximizeWindow(): Current window maximized

2021-05-10 15:02:43 - [MESSAGE][PASSED] - Current window maximized

2021-05-10 15:02:43 - [TEST_STEP][PASSED] - click(findTestObject("Item Details Objects/Page_diagnostics/a_Accept Cookies")): Object: 'Object Repository/Item Details Objects/Page_diagnostics/a_Accept Cookies' is clicked on

2021-05-10 15:02:43 - [MESSAGE][PASSED] - Object: 'Object Repository/Item Details Objects/Page_diagnostics/a_Accept Cookies' is clicked on

2021-05-10 15:02:43 - [TEST_STEP][PASSED] - click(findTestObject("Staging Objects/Page_diagnostics/a_DIABETES DIAGNOSTICS"), STOP_ON_FAILURE): Object: 'Object Repository/Staging Objects/Page_diagnostics/a_DIABETES DIAGNOSTICS' is clicked on

2021-05-10 15:02:45 - [MESSAGE][PASSED] - Object: 'Object Repository/Staging Objects/Page_diagnostics/a_DIABETES DIAGNOSTICS' is clicked on

2021-05-10 15:02:45 - [TEST_STEP][PASSED] - mouseOver(findTestObject("Staging Objects/Page_diagnostics/a_CareSens N Eco Blood Glucose Meter")): Object: 'Object Repository/Staging Objects/Page_diagnostics/a_CareSens N Eco Blood Glucose Meter' is hovered

2021-05-10 15:02:48 - [MESSAGE][PASSED] - Object: 'Object Repository/Staging Objects/Page_diagnostics/a_CareSens N Eco Blood Glucose Meter' is hovered

2021-05-10 15:02:48 - [TEST_STEP][PASSED] - click(findTestObject("Staging Objects/Page_diagnostics/a_CareSens N Eco Blood Glucose Meter")): Object: 'Object Repository/Staging Objects/Page_diagnostics/a_CareSens N Eco Blood Glucose Meter' is clicked on

2021-05-10 15:02:53 - [MESSAGE][PASSED] - Object: 'Object Repository/Staging Objects/Page_diagnostics/a_CareSens N Eco Blood Glucose Meter' is clicked on

2021-05-10 15:02:53 - [MESSAGE][PASSED] - Call Test Case 'Test Cases/Custom Item Details/UTILITIES/OPEN_BROWSER' successfully

2021-05-10 15:02:53 - [TEST_STEP][PASSED] - waitForElementVisible(findTestObject("Staging Objects/Page_diagnostics/span_Accessories included"), 0): Object 'Object Repository/Staging Objects/Page_diagnostics/span_Accessories included' is visible

2021-05-10 15:02:53 - [MESSAGE][WARNING] - Timeout '0' is invalid. Using default page load timeout: '30'

2021-05-10 15:02:54 - [MESSAGE][PASSED] - Object 'Object Repository/Staging Objects/Page_diagnostics/span_Accessories included' is visible

2021-05-10 15:02:54 - [TEST_STEP][PASSED] - verifyElementPresent(findTestObject("Staging Objects/Page_diagnostics/span_Accessories included"), 0): Object 'Object Repository/Staging Objects/Page_diagnostics/span_Accessories included' is present

2021-05-10 15:02:54 - [MESSAGE][WARNING] - Timeout '0' is invalid. Using default page load timeout: '30'

2021-05-10 15:02:54 - [MESSAGE][PASSED] - Object 'Object Repository/Staging Objects/Page_diagnostics/span_Accessories included' is present

2021-05-10 15:02:54 - [TEST_STEP][PASSED] - callTestCase(findTestCase("Custom Item Details/UTILITIES/CLOSE_BROWSER"), [:], STOP_ON_FAILURE): Call Test Case 'Test Cases/Custom Item Details/UTILITIES/CLOSE_BROWSER' successfully

2021-05-10 15:02:54 - [TEST_CASE][PASSED] - Test Cases/Custom Item Details/UTILITIES/CLOSE_BROWSER: Test Cases/Custom Item Details/UTILITIES/CLOSE_BROWSER

2021-05-10 15:02:54 - [TEST_STEP][PASSED] - closeBrowser(): Browser is closed

2021-05-10 15:02:55 - [MESSAGE][PASSED] - Browser is closed

2021-05-10 15:02:55 - [MESSAGE][PASSED] - Call Test Case 'Test Cases/Custom Item Details/UTILITIES/CLOSE_BROWSER' successfully]]></system-out>
         <system-err><![CDATA[]]></system-err>
      </testcase>
      <testcase name="Test Cases/Custom Item Details/TEST CASE/TC_DETAILS_UI_022" time="24.665" classname="Test Cases/Custom Item Details/TEST CASE/TC_DETAILS_UI_022" status="PASSED">
         <system-out><![CDATA[2021-05-10 15:02:55 - [TEST_CASE][PASSED] - Test Cases/Custom Item Details/TEST CASE/TC_DETAILS_UI_022: Test Cases/Custom Item Details/TEST CASE/TC_DETAILS_UI_022

2021-05-10 15:02:55 - [TEST_STEP][PASSED] - callTestCase(findTestCase("Custom Item Details/UTILITIES/OPEN_BROWSER"), [:], STOP_ON_FAILURE): Call Test Case 'Test Cases/Custom Item Details/UTILITIES/OPEN_BROWSER' successfully

2021-05-10 15:02:55 - [TEST_CASE][PASSED] - Test Cases/Custom Item Details/UTILITIES/OPEN_BROWSER: Test Cases/Custom Item Details/UTILITIES/OPEN_BROWSER

2021-05-10 15:02:55 - [TEST_STEP][PASSED] - openBrowser("https://diagnostics.staging.arcadier.io/"): Browser is opened with url: 'https://diagnostics.staging.arcadier.io/'

2021-05-10 15:02:55 - [MESSAGE][INFO] - Starting 'Chrome' driver

2021-05-10 15:02:55 - [MESSAGE][INFO] - Action delay is set to 0 milliseconds

2021-05-10 15:03:05 - [MESSAGE][PASSED] - Browser is opened with url: 'https://diagnostics.staging.arcadier.io/'

2021-05-10 15:03:05 - [TEST_STEP][PASSED] - maximizeWindow(): Current window maximized

2021-05-10 15:03:05 - [MESSAGE][PASSED] - Current window maximized

2021-05-10 15:03:05 - [TEST_STEP][PASSED] - click(findTestObject("Item Details Objects/Page_diagnostics/a_Accept Cookies")): Object: 'Object Repository/Item Details Objects/Page_diagnostics/a_Accept Cookies' is clicked on

2021-05-10 15:03:06 - [MESSAGE][PASSED] - Object: 'Object Repository/Item Details Objects/Page_diagnostics/a_Accept Cookies' is clicked on

2021-05-10 15:03:06 - [TEST_STEP][PASSED] - click(findTestObject("Staging Objects/Page_diagnostics/a_DIABETES DIAGNOSTICS"), STOP_ON_FAILURE): Object: 'Object Repository/Staging Objects/Page_diagnostics/a_DIABETES DIAGNOSTICS' is clicked on

2021-05-10 15:03:08 - [MESSAGE][PASSED] - Object: 'Object Repository/Staging Objects/Page_diagnostics/a_DIABETES DIAGNOSTICS' is clicked on

2021-05-10 15:03:08 - [TEST_STEP][PASSED] - mouseOver(findTestObject("Staging Objects/Page_diagnostics/a_CareSens N Eco Blood Glucose Meter")): Object: 'Object Repository/Staging Objects/Page_diagnostics/a_CareSens N Eco Blood Glucose Meter' is hovered

2021-05-10 15:03:12 - [MESSAGE][PASSED] - Object: 'Object Repository/Staging Objects/Page_diagnostics/a_CareSens N Eco Blood Glucose Meter' is hovered

2021-05-10 15:03:12 - [TEST_STEP][PASSED] - click(findTestObject("Staging Objects/Page_diagnostics/a_CareSens N Eco Blood Glucose Meter")): Object: 'Object Repository/Staging Objects/Page_diagnostics/a_CareSens N Eco Blood Glucose Meter' is clicked on

2021-05-10 15:03:17 - [MESSAGE][PASSED] - Object: 'Object Repository/Staging Objects/Page_diagnostics/a_CareSens N Eco Blood Glucose Meter' is clicked on

2021-05-10 15:03:17 - [MESSAGE][PASSED] - Call Test Case 'Test Cases/Custom Item Details/UTILITIES/OPEN_BROWSER' successfully

2021-05-10 15:03:17 - [TEST_STEP][PASSED] - waitForElementVisible(findTestObject("Staging Objects/Page_diagnostics/span_Alerts"), 0): Object 'Object Repository/Staging Objects/Page_diagnostics/span_Alerts' is visible

2021-05-10 15:03:17 - [MESSAGE][WARNING] - Timeout '0' is invalid. Using default page load timeout: '30'

2021-05-10 15:03:18 - [MESSAGE][PASSED] - Object 'Object Repository/Staging Objects/Page_diagnostics/span_Alerts' is visible

2021-05-10 15:03:18 - [TEST_STEP][PASSED] - verifyElementPresent(findTestObject("Staging Objects/Page_diagnostics/span_Alerts"), 0): Object 'Object Repository/Staging Objects/Page_diagnostics/span_Alerts' is present

2021-05-10 15:03:18 - [MESSAGE][WARNING] - Timeout '0' is invalid. Using default page load timeout: '30'

2021-05-10 15:03:19 - [MESSAGE][PASSED] - Object 'Object Repository/Staging Objects/Page_diagnostics/span_Alerts' is present

2021-05-10 15:03:19 - [TEST_STEP][PASSED] - callTestCase(findTestCase("Custom Item Details/UTILITIES/CLOSE_BROWSER"), [:], STOP_ON_FAILURE): Call Test Case 'Test Cases/Custom Item Details/UTILITIES/CLOSE_BROWSER' successfully

2021-05-10 15:03:19 - [TEST_CASE][PASSED] - Test Cases/Custom Item Details/UTILITIES/CLOSE_BROWSER: Test Cases/Custom Item Details/UTILITIES/CLOSE_BROWSER

2021-05-10 15:03:19 - [TEST_STEP][PASSED] - closeBrowser(): Browser is closed

2021-05-10 15:03:19 - [MESSAGE][PASSED] - Browser is closed

2021-05-10 15:03:19 - [MESSAGE][PASSED] - Call Test Case 'Test Cases/Custom Item Details/UTILITIES/CLOSE_BROWSER' successfully]]></system-out>
         <system-err><![CDATA[]]></system-err>
      </testcase>
      <testcase name="Test Cases/Custom Item Details/TEST CASE/TC_DETAILS_UI_023" time="24.157" classname="Test Cases/Custom Item Details/TEST CASE/TC_DETAILS_UI_023" status="PASSED">
         <system-out><![CDATA[2021-05-10 15:03:19 - [TEST_CASE][PASSED] - Test Cases/Custom Item Details/TEST CASE/TC_DETAILS_UI_023: Test Cases/Custom Item Details/TEST CASE/TC_DETAILS_UI_023

2021-05-10 15:03:19 - [TEST_STEP][PASSED] - callTestCase(findTestCase("Custom Item Details/UTILITIES/OPEN_BROWSER"), [:], STOP_ON_FAILURE): Call Test Case 'Test Cases/Custom Item Details/UTILITIES/OPEN_BROWSER' successfully

2021-05-10 15:03:20 - [TEST_CASE][PASSED] - Test Cases/Custom Item Details/UTILITIES/OPEN_BROWSER: Test Cases/Custom Item Details/UTILITIES/OPEN_BROWSER

2021-05-10 15:03:20 - [TEST_STEP][PASSED] - openBrowser("https://diagnostics.staging.arcadier.io/"): Browser is opened with url: 'https://diagnostics.staging.arcadier.io/'

2021-05-10 15:03:20 - [MESSAGE][INFO] - Starting 'Chrome' driver

2021-05-10 15:03:20 - [MESSAGE][INFO] - Action delay is set to 0 milliseconds

2021-05-10 15:03:30 - [MESSAGE][PASSED] - Browser is opened with url: 'https://diagnostics.staging.arcadier.io/'

2021-05-10 15:03:30 - [TEST_STEP][PASSED] - maximizeWindow(): Current window maximized

2021-05-10 15:03:30 - [MESSAGE][PASSED] - Current window maximized

2021-05-10 15:03:30 - [TEST_STEP][PASSED] - click(findTestObject("Item Details Objects/Page_diagnostics/a_Accept Cookies")): Object: 'Object Repository/Item Details Objects/Page_diagnostics/a_Accept Cookies' is clicked on

2021-05-10 15:03:30 - [MESSAGE][PASSED] - Object: 'Object Repository/Item Details Objects/Page_diagnostics/a_Accept Cookies' is clicked on

2021-05-10 15:03:30 - [TEST_STEP][PASSED] - click(findTestObject("Staging Objects/Page_diagnostics/a_DIABETES DIAGNOSTICS"), STOP_ON_FAILURE): Object: 'Object Repository/Staging Objects/Page_diagnostics/a_DIABETES DIAGNOSTICS' is clicked on

2021-05-10 15:03:32 - [MESSAGE][PASSED] - Object: 'Object Repository/Staging Objects/Page_diagnostics/a_DIABETES DIAGNOSTICS' is clicked on

2021-05-10 15:03:32 - [TEST_STEP][PASSED] - mouseOver(findTestObject("Staging Objects/Page_diagnostics/a_CareSens N Eco Blood Glucose Meter")): Object: 'Object Repository/Staging Objects/Page_diagnostics/a_CareSens N Eco Blood Glucose Meter' is hovered

2021-05-10 15:03:35 - [MESSAGE][PASSED] - Object: 'Object Repository/Staging Objects/Page_diagnostics/a_CareSens N Eco Blood Glucose Meter' is hovered

2021-05-10 15:03:35 - [TEST_STEP][PASSED] - click(findTestObject("Staging Objects/Page_diagnostics/a_CareSens N Eco Blood Glucose Meter")): Object: 'Object Repository/Staging Objects/Page_diagnostics/a_CareSens N Eco Blood Glucose Meter' is clicked on

2021-05-10 15:03:42 - [MESSAGE][PASSED] - Object: 'Object Repository/Staging Objects/Page_diagnostics/a_CareSens N Eco Blood Glucose Meter' is clicked on

2021-05-10 15:03:42 - [MESSAGE][PASSED] - Call Test Case 'Test Cases/Custom Item Details/UTILITIES/OPEN_BROWSER' successfully

2021-05-10 15:03:42 - [TEST_STEP][PASSED] - waitForElementVisible(findTestObject("Staging Objects/Page_diagnostics/span_Coding of the meter"), 0): Object 'Object Repository/Staging Objects/Page_diagnostics/span_Coding of the meter' is visible

2021-05-10 15:03:42 - [MESSAGE][WARNING] - Timeout '0' is invalid. Using default page load timeout: '30'

2021-05-10 15:03:42 - [MESSAGE][PASSED] - Object 'Object Repository/Staging Objects/Page_diagnostics/span_Coding of the meter' is visible

2021-05-10 15:03:42 - [TEST_STEP][PASSED] - verifyElementPresent(findTestObject("Staging Objects/Page_diagnostics/span_Coding of the meter"), 0): Object 'Object Repository/Staging Objects/Page_diagnostics/span_Coding of the meter' is present

2021-05-10 15:03:42 - [MESSAGE][WARNING] - Timeout '0' is invalid. Using default page load timeout: '30'

2021-05-10 15:03:43 - [MESSAGE][PASSED] - Object 'Object Repository/Staging Objects/Page_diagnostics/span_Coding of the meter' is present

2021-05-10 15:03:43 - [TEST_STEP][PASSED] - callTestCase(findTestCase("Custom Item Details/UTILITIES/CLOSE_BROWSER"), [:], STOP_ON_FAILURE): Call Test Case 'Test Cases/Custom Item Details/UTILITIES/CLOSE_BROWSER' successfully

2021-05-10 15:03:43 - [TEST_CASE][PASSED] - Test Cases/Custom Item Details/UTILITIES/CLOSE_BROWSER: Test Cases/Custom Item Details/UTILITIES/CLOSE_BROWSER

2021-05-10 15:03:43 - [TEST_STEP][PASSED] - closeBrowser(): Browser is closed

2021-05-10 15:03:43 - [MESSAGE][PASSED] - Browser is closed

2021-05-10 15:03:43 - [MESSAGE][PASSED] - Call Test Case 'Test Cases/Custom Item Details/UTILITIES/CLOSE_BROWSER' successfully]]></system-out>
         <system-err><![CDATA[]]></system-err>
      </testcase>
      <testcase name="Test Cases/Custom Item Details/TEST CASE/TC_DETAILS_UI_024" time="28.758" classname="Test Cases/Custom Item Details/TEST CASE/TC_DETAILS_UI_024" status="PASSED">
         <system-out><![CDATA[2021-05-10 15:03:43 - [TEST_CASE][PASSED] - Test Cases/Custom Item Details/TEST CASE/TC_DETAILS_UI_024: Test Cases/Custom Item Details/TEST CASE/TC_DETAILS_UI_024

2021-05-10 15:03:44 - [TEST_STEP][PASSED] - callTestCase(findTestCase("Custom Item Details/UTILITIES/OPEN_BROWSER"), [:], STOP_ON_FAILURE): Call Test Case 'Test Cases/Custom Item Details/UTILITIES/OPEN_BROWSER' successfully

2021-05-10 15:03:44 - [TEST_CASE][PASSED] - Test Cases/Custom Item Details/UTILITIES/OPEN_BROWSER: Test Cases/Custom Item Details/UTILITIES/OPEN_BROWSER

2021-05-10 15:03:44 - [TEST_STEP][PASSED] - openBrowser("https://diagnostics.staging.arcadier.io/"): Browser is opened with url: 'https://diagnostics.staging.arcadier.io/'

2021-05-10 15:03:44 - [MESSAGE][INFO] - Starting 'Chrome' driver

2021-05-10 15:03:44 - [MESSAGE][INFO] - Action delay is set to 0 milliseconds

2021-05-10 15:03:57 - [MESSAGE][PASSED] - Browser is opened with url: 'https://diagnostics.staging.arcadier.io/'

2021-05-10 15:03:57 - [TEST_STEP][PASSED] - maximizeWindow(): Current window maximized

2021-05-10 15:03:57 - [MESSAGE][PASSED] - Current window maximized

2021-05-10 15:03:57 - [TEST_STEP][PASSED] - click(findTestObject("Item Details Objects/Page_diagnostics/a_Accept Cookies")): Object: 'Object Repository/Item Details Objects/Page_diagnostics/a_Accept Cookies' is clicked on

2021-05-10 15:03:58 - [MESSAGE][PASSED] - Object: 'Object Repository/Item Details Objects/Page_diagnostics/a_Accept Cookies' is clicked on

2021-05-10 15:03:58 - [TEST_STEP][PASSED] - click(findTestObject("Staging Objects/Page_diagnostics/a_DIABETES DIAGNOSTICS"), STOP_ON_FAILURE): Object: 'Object Repository/Staging Objects/Page_diagnostics/a_DIABETES DIAGNOSTICS' is clicked on

2021-05-10 15:03:59 - [MESSAGE][PASSED] - Object: 'Object Repository/Staging Objects/Page_diagnostics/a_DIABETES DIAGNOSTICS' is clicked on

2021-05-10 15:03:59 - [TEST_STEP][PASSED] - mouseOver(findTestObject("Staging Objects/Page_diagnostics/a_CareSens N Eco Blood Glucose Meter")): Object: 'Object Repository/Staging Objects/Page_diagnostics/a_CareSens N Eco Blood Glucose Meter' is hovered

2021-05-10 15:04:03 - [MESSAGE][PASSED] - Object: 'Object Repository/Staging Objects/Page_diagnostics/a_CareSens N Eco Blood Glucose Meter' is hovered

2021-05-10 15:04:03 - [TEST_STEP][PASSED] - click(findTestObject("Staging Objects/Page_diagnostics/a_CareSens N Eco Blood Glucose Meter")): Object: 'Object Repository/Staging Objects/Page_diagnostics/a_CareSens N Eco Blood Glucose Meter' is clicked on

2021-05-10 15:04:09 - [MESSAGE][PASSED] - Object: 'Object Repository/Staging Objects/Page_diagnostics/a_CareSens N Eco Blood Glucose Meter' is clicked on

2021-05-10 15:04:09 - [MESSAGE][PASSED] - Call Test Case 'Test Cases/Custom Item Details/UTILITIES/OPEN_BROWSER' successfully

2021-05-10 15:04:09 - [TEST_STEP][PASSED] - waitForElementVisible(findTestObject("Staging Objects/Page_diagnostics/span_Cold chain requirements"), 0): Object 'Object Repository/Staging Objects/Page_diagnostics/span_Cold chain requirements' is visible

2021-05-10 15:04:09 - [MESSAGE][WARNING] - Timeout '0' is invalid. Using default page load timeout: '30'

2021-05-10 15:04:10 - [MESSAGE][PASSED] - Object 'Object Repository/Staging Objects/Page_diagnostics/span_Cold chain requirements' is visible

2021-05-10 15:04:10 - [TEST_STEP][PASSED] - verifyElementPresent(findTestObject("Staging Objects/Page_diagnostics/span_Cold chain requirements"), 0): Object 'Object Repository/Staging Objects/Page_diagnostics/span_Cold chain requirements' is present

2021-05-10 15:04:10 - [MESSAGE][WARNING] - Timeout '0' is invalid. Using default page load timeout: '30'

2021-05-10 15:04:10 - [MESSAGE][PASSED] - Object 'Object Repository/Staging Objects/Page_diagnostics/span_Cold chain requirements' is present

2021-05-10 15:04:10 - [TEST_STEP][PASSED] - callTestCase(findTestCase("Custom Item Details/UTILITIES/CLOSE_BROWSER"), [:], STOP_ON_FAILURE): Call Test Case 'Test Cases/Custom Item Details/UTILITIES/CLOSE_BROWSER' successfully

2021-05-10 15:04:10 - [TEST_CASE][PASSED] - Test Cases/Custom Item Details/UTILITIES/CLOSE_BROWSER: Test Cases/Custom Item Details/UTILITIES/CLOSE_BROWSER

2021-05-10 15:04:10 - [TEST_STEP][PASSED] - closeBrowser(): Browser is closed

2021-05-10 15:04:12 - [MESSAGE][PASSED] - Browser is closed

2021-05-10 15:04:12 - [MESSAGE][PASSED] - Call Test Case 'Test Cases/Custom Item Details/UTILITIES/CLOSE_BROWSER' successfully]]></system-out>
         <system-err><![CDATA[]]></system-err>
      </testcase>
      <testcase name="Test Cases/Custom Item Details/TEST CASE/TC_DETAILS_UI_025" time="27.709" classname="Test Cases/Custom Item Details/TEST CASE/TC_DETAILS_UI_025" status="PASSED">
         <system-out><![CDATA[2021-05-10 15:04:12 - [TEST_CASE][PASSED] - Test Cases/Custom Item Details/TEST CASE/TC_DETAILS_UI_025: Test Cases/Custom Item Details/TEST CASE/TC_DETAILS_UI_025

2021-05-10 15:04:12 - [TEST_STEP][PASSED] - callTestCase(findTestCase("Custom Item Details/UTILITIES/OPEN_BROWSER"), [:], STOP_ON_FAILURE): Call Test Case 'Test Cases/Custom Item Details/UTILITIES/OPEN_BROWSER' successfully

2021-05-10 15:04:12 - [TEST_CASE][PASSED] - Test Cases/Custom Item Details/UTILITIES/OPEN_BROWSER: Test Cases/Custom Item Details/UTILITIES/OPEN_BROWSER

2021-05-10 15:04:12 - [TEST_STEP][PASSED] - openBrowser("https://diagnostics.staging.arcadier.io/"): Browser is opened with url: 'https://diagnostics.staging.arcadier.io/'

2021-05-10 15:04:12 - [MESSAGE][INFO] - Starting 'Chrome' driver

2021-05-10 15:04:12 - [MESSAGE][INFO] - Action delay is set to 0 milliseconds

2021-05-10 15:04:25 - [MESSAGE][PASSED] - Browser is opened with url: 'https://diagnostics.staging.arcadier.io/'

2021-05-10 15:04:25 - [TEST_STEP][PASSED] - maximizeWindow(): Current window maximized

2021-05-10 15:04:25 - [MESSAGE][PASSED] - Current window maximized

2021-05-10 15:04:25 - [TEST_STEP][PASSED] - click(findTestObject("Item Details Objects/Page_diagnostics/a_Accept Cookies")): Object: 'Object Repository/Item Details Objects/Page_diagnostics/a_Accept Cookies' is clicked on

2021-05-10 15:04:26 - [MESSAGE][PASSED] - Object: 'Object Repository/Item Details Objects/Page_diagnostics/a_Accept Cookies' is clicked on

2021-05-10 15:04:26 - [TEST_STEP][PASSED] - click(findTestObject("Staging Objects/Page_diagnostics/a_DIABETES DIAGNOSTICS"), STOP_ON_FAILURE): Object: 'Object Repository/Staging Objects/Page_diagnostics/a_DIABETES DIAGNOSTICS' is clicked on

2021-05-10 15:04:28 - [MESSAGE][PASSED] - Object: 'Object Repository/Staging Objects/Page_diagnostics/a_DIABETES DIAGNOSTICS' is clicked on

2021-05-10 15:04:28 - [TEST_STEP][PASSED] - mouseOver(findTestObject("Staging Objects/Page_diagnostics/a_CareSens N Eco Blood Glucose Meter")): Object: 'Object Repository/Staging Objects/Page_diagnostics/a_CareSens N Eco Blood Glucose Meter' is hovered

2021-05-10 15:04:32 - [MESSAGE][PASSED] - Object: 'Object Repository/Staging Objects/Page_diagnostics/a_CareSens N Eco Blood Glucose Meter' is hovered

2021-05-10 15:04:32 - [TEST_STEP][PASSED] - click(findTestObject("Staging Objects/Page_diagnostics/a_CareSens N Eco Blood Glucose Meter")): Object: 'Object Repository/Staging Objects/Page_diagnostics/a_CareSens N Eco Blood Glucose Meter' is clicked on

2021-05-10 15:04:38 - [MESSAGE][PASSED] - Object: 'Object Repository/Staging Objects/Page_diagnostics/a_CareSens N Eco Blood Glucose Meter' is clicked on

2021-05-10 15:04:38 - [MESSAGE][PASSED] - Call Test Case 'Test Cases/Custom Item Details/UTILITIES/OPEN_BROWSER' successfully

2021-05-10 15:04:38 - [TEST_STEP][PASSED] - waitForElementVisible(findTestObject("Staging Objects/Page_diagnostics/span_Compatible test strips"), 0): Object 'Object Repository/Staging Objects/Page_diagnostics/span_Compatible test strips' is visible

2021-05-10 15:04:38 - [MESSAGE][WARNING] - Timeout '0' is invalid. Using default page load timeout: '30'

2021-05-10 15:04:39 - [MESSAGE][PASSED] - Object 'Object Repository/Staging Objects/Page_diagnostics/span_Compatible test strips' is visible

2021-05-10 15:04:39 - [TEST_STEP][PASSED] - verifyElementPresent(findTestObject("Staging Objects/Page_diagnostics/span_Compatible test strips"), 0): Object 'Object Repository/Staging Objects/Page_diagnostics/span_Compatible test strips' is present

2021-05-10 15:04:39 - [MESSAGE][WARNING] - Timeout '0' is invalid. Using default page load timeout: '30'

2021-05-10 15:04:39 - [MESSAGE][PASSED] - Object 'Object Repository/Staging Objects/Page_diagnostics/span_Compatible test strips' is present

2021-05-10 15:04:39 - [TEST_STEP][PASSED] - callTestCase(findTestCase("Custom Item Details/UTILITIES/CLOSE_BROWSER"), [:], STOP_ON_FAILURE): Call Test Case 'Test Cases/Custom Item Details/UTILITIES/CLOSE_BROWSER' successfully

2021-05-10 15:04:39 - [TEST_CASE][PASSED] - Test Cases/Custom Item Details/UTILITIES/CLOSE_BROWSER: Test Cases/Custom Item Details/UTILITIES/CLOSE_BROWSER

2021-05-10 15:04:39 - [TEST_STEP][PASSED] - closeBrowser(): Browser is closed

2021-05-10 15:04:40 - [MESSAGE][PASSED] - Browser is closed

2021-05-10 15:04:40 - [MESSAGE][PASSED] - Call Test Case 'Test Cases/Custom Item Details/UTILITIES/CLOSE_BROWSER' successfully]]></system-out>
         <system-err><![CDATA[]]></system-err>
      </testcase>
      <testcase name="Test Cases/Custom Item Details/TEST CASE/TC_DETAILS_UI_026" time="26.633" classname="Test Cases/Custom Item Details/TEST CASE/TC_DETAILS_UI_026" status="PASSED">
         <system-out><![CDATA[2021-05-10 15:04:40 - [TEST_CASE][PASSED] - Test Cases/Custom Item Details/TEST CASE/TC_DETAILS_UI_026: Test Cases/Custom Item Details/TEST CASE/TC_DETAILS_UI_026

2021-05-10 15:04:40 - [TEST_STEP][PASSED] - callTestCase(findTestCase("Custom Item Details/UTILITIES/OPEN_BROWSER"), [:], STOP_ON_FAILURE): Call Test Case 'Test Cases/Custom Item Details/UTILITIES/OPEN_BROWSER' successfully

2021-05-10 15:04:40 - [TEST_CASE][PASSED] - Test Cases/Custom Item Details/UTILITIES/OPEN_BROWSER: Test Cases/Custom Item Details/UTILITIES/OPEN_BROWSER

2021-05-10 15:04:40 - [TEST_STEP][PASSED] - openBrowser("https://diagnostics.staging.arcadier.io/"): Browser is opened with url: 'https://diagnostics.staging.arcadier.io/'

2021-05-10 15:04:40 - [MESSAGE][INFO] - Starting 'Chrome' driver

2021-05-10 15:04:40 - [MESSAGE][INFO] - Action delay is set to 0 milliseconds

2021-05-10 15:04:51 - [MESSAGE][PASSED] - Browser is opened with url: 'https://diagnostics.staging.arcadier.io/'

2021-05-10 15:04:51 - [TEST_STEP][PASSED] - maximizeWindow(): Current window maximized

2021-05-10 15:04:51 - [MESSAGE][PASSED] - Current window maximized

2021-05-10 15:04:51 - [TEST_STEP][PASSED] - click(findTestObject("Item Details Objects/Page_diagnostics/a_Accept Cookies")): Object: 'Object Repository/Item Details Objects/Page_diagnostics/a_Accept Cookies' is clicked on

2021-05-10 15:04:52 - [MESSAGE][PASSED] - Object: 'Object Repository/Item Details Objects/Page_diagnostics/a_Accept Cookies' is clicked on

2021-05-10 15:04:52 - [TEST_STEP][PASSED] - click(findTestObject("Staging Objects/Page_diagnostics/a_DIABETES DIAGNOSTICS"), STOP_ON_FAILURE): Object: 'Object Repository/Staging Objects/Page_diagnostics/a_DIABETES DIAGNOSTICS' is clicked on

2021-05-10 15:04:55 - [MESSAGE][PASSED] - Object: 'Object Repository/Staging Objects/Page_diagnostics/a_DIABETES DIAGNOSTICS' is clicked on

2021-05-10 15:04:55 - [TEST_STEP][PASSED] - mouseOver(findTestObject("Staging Objects/Page_diagnostics/a_CareSens N Eco Blood Glucose Meter")): Object: 'Object Repository/Staging Objects/Page_diagnostics/a_CareSens N Eco Blood Glucose Meter' is hovered

2021-05-10 15:04:58 - [MESSAGE][PASSED] - Object: 'Object Repository/Staging Objects/Page_diagnostics/a_CareSens N Eco Blood Glucose Meter' is hovered

2021-05-10 15:04:58 - [TEST_STEP][PASSED] - click(findTestObject("Staging Objects/Page_diagnostics/a_CareSens N Eco Blood Glucose Meter")): Object: 'Object Repository/Staging Objects/Page_diagnostics/a_CareSens N Eco Blood Glucose Meter' is clicked on

2021-05-10 15:05:05 - [MESSAGE][PASSED] - Object: 'Object Repository/Staging Objects/Page_diagnostics/a_CareSens N Eco Blood Glucose Meter' is clicked on

2021-05-10 15:05:05 - [MESSAGE][PASSED] - Call Test Case 'Test Cases/Custom Item Details/UTILITIES/OPEN_BROWSER' successfully

2021-05-10 15:05:05 - [TEST_STEP][PASSED] - waitForElementVisible(findTestObject("Staging Objects/Page_diagnostics/span_Country of manufacture"), 0): Object 'Object Repository/Staging Objects/Page_diagnostics/span_Country of manufacture' is visible

2021-05-10 15:05:05 - [MESSAGE][WARNING] - Timeout '0' is invalid. Using default page load timeout: '30'

2021-05-10 15:05:06 - [MESSAGE][PASSED] - Object 'Object Repository/Staging Objects/Page_diagnostics/span_Country of manufacture' is visible

2021-05-10 15:05:06 - [TEST_STEP][PASSED] - verifyElementPresent(findTestObject("Staging Objects/Page_diagnostics/span_Country of manufacture"), 0): Object 'Object Repository/Staging Objects/Page_diagnostics/span_Country of manufacture' is present

2021-05-10 15:05:06 - [MESSAGE][WARNING] - Timeout '0' is invalid. Using default page load timeout: '30'

2021-05-10 15:05:06 - [MESSAGE][PASSED] - Object 'Object Repository/Staging Objects/Page_diagnostics/span_Country of manufacture' is present

2021-05-10 15:05:06 - [TEST_STEP][PASSED] - callTestCase(findTestCase("Custom Item Details/UTILITIES/CLOSE_BROWSER"), [:], STOP_ON_FAILURE): Call Test Case 'Test Cases/Custom Item Details/UTILITIES/CLOSE_BROWSER' successfully

2021-05-10 15:05:06 - [TEST_CASE][PASSED] - Test Cases/Custom Item Details/UTILITIES/CLOSE_BROWSER: Test Cases/Custom Item Details/UTILITIES/CLOSE_BROWSER

2021-05-10 15:05:06 - [TEST_STEP][PASSED] - closeBrowser(): Browser is closed

2021-05-10 15:05:07 - [MESSAGE][PASSED] - Browser is closed

2021-05-10 15:05:07 - [MESSAGE][PASSED] - Call Test Case 'Test Cases/Custom Item Details/UTILITIES/CLOSE_BROWSER' successfully]]></system-out>
         <system-err><![CDATA[]]></system-err>
      </testcase>
      <testcase name="Test Cases/Custom Item Details/TEST CASE/TC_DETAILS_UI_027" time="27.685" classname="Test Cases/Custom Item Details/TEST CASE/TC_DETAILS_UI_027" status="PASSED">
         <system-out><![CDATA[2021-05-10 15:05:07 - [TEST_CASE][PASSED] - Test Cases/Custom Item Details/TEST CASE/TC_DETAILS_UI_027: Test Cases/Custom Item Details/TEST CASE/TC_DETAILS_UI_027

2021-05-10 15:05:07 - [TEST_STEP][PASSED] - callTestCase(findTestCase("Custom Item Details/UTILITIES/OPEN_BROWSER"), [:], STOP_ON_FAILURE): Call Test Case 'Test Cases/Custom Item Details/UTILITIES/OPEN_BROWSER' successfully

2021-05-10 15:05:07 - [TEST_CASE][PASSED] - Test Cases/Custom Item Details/UTILITIES/OPEN_BROWSER: Test Cases/Custom Item Details/UTILITIES/OPEN_BROWSER

2021-05-10 15:05:07 - [TEST_STEP][PASSED] - openBrowser("https://diagnostics.staging.arcadier.io/"): Browser is opened with url: 'https://diagnostics.staging.arcadier.io/'

2021-05-10 15:05:07 - [MESSAGE][INFO] - Starting 'Chrome' driver

2021-05-10 15:05:07 - [MESSAGE][INFO] - Action delay is set to 0 milliseconds

2021-05-10 15:05:20 - [MESSAGE][PASSED] - Browser is opened with url: 'https://diagnostics.staging.arcadier.io/'

2021-05-10 15:05:20 - [TEST_STEP][PASSED] - maximizeWindow(): Current window maximized

2021-05-10 15:05:20 - [MESSAGE][PASSED] - Current window maximized

2021-05-10 15:05:20 - [TEST_STEP][PASSED] - click(findTestObject("Item Details Objects/Page_diagnostics/a_Accept Cookies")): Object: 'Object Repository/Item Details Objects/Page_diagnostics/a_Accept Cookies' is clicked on

2021-05-10 15:05:21 - [MESSAGE][PASSED] - Object: 'Object Repository/Item Details Objects/Page_diagnostics/a_Accept Cookies' is clicked on

2021-05-10 15:05:21 - [TEST_STEP][PASSED] - click(findTestObject("Staging Objects/Page_diagnostics/a_DIABETES DIAGNOSTICS"), STOP_ON_FAILURE): Object: 'Object Repository/Staging Objects/Page_diagnostics/a_DIABETES DIAGNOSTICS' is clicked on

2021-05-10 15:05:23 - [MESSAGE][PASSED] - Object: 'Object Repository/Staging Objects/Page_diagnostics/a_DIABETES DIAGNOSTICS' is clicked on

2021-05-10 15:05:23 - [TEST_STEP][PASSED] - mouseOver(findTestObject("Staging Objects/Page_diagnostics/a_CareSens N Eco Blood Glucose Meter")): Object: 'Object Repository/Staging Objects/Page_diagnostics/a_CareSens N Eco Blood Glucose Meter' is hovered

2021-05-10 15:05:26 - [MESSAGE][PASSED] - Object: 'Object Repository/Staging Objects/Page_diagnostics/a_CareSens N Eco Blood Glucose Meter' is hovered

2021-05-10 15:05:26 - [TEST_STEP][PASSED] - click(findTestObject("Staging Objects/Page_diagnostics/a_CareSens N Eco Blood Glucose Meter")): Object: 'Object Repository/Staging Objects/Page_diagnostics/a_CareSens N Eco Blood Glucose Meter' is clicked on

2021-05-10 15:05:32 - [MESSAGE][PASSED] - Object: 'Object Repository/Staging Objects/Page_diagnostics/a_CareSens N Eco Blood Glucose Meter' is clicked on

2021-05-10 15:05:32 - [MESSAGE][PASSED] - Call Test Case 'Test Cases/Custom Item Details/UTILITIES/OPEN_BROWSER' successfully

2021-05-10 15:05:32 - [TEST_STEP][PASSED] - waitForElementVisible(findTestObject("Staging Objects/Page_diagnostics/span_Description"), 0): Object 'Object Repository/Staging Objects/Page_diagnostics/span_Description' is visible

2021-05-10 15:05:32 - [MESSAGE][WARNING] - Timeout '0' is invalid. Using default page load timeout: '30'

2021-05-10 15:05:33 - [MESSAGE][PASSED] - Object 'Object Repository/Staging Objects/Page_diagnostics/span_Description' is visible

2021-05-10 15:05:33 - [TEST_STEP][PASSED] - verifyElementPresent(findTestObject("Staging Objects/Page_diagnostics/span_Description"), 0): Object 'Object Repository/Staging Objects/Page_diagnostics/span_Description' is present

2021-05-10 15:05:33 - [MESSAGE][WARNING] - Timeout '0' is invalid. Using default page load timeout: '30'

2021-05-10 15:05:34 - [MESSAGE][PASSED] - Object 'Object Repository/Staging Objects/Page_diagnostics/span_Description' is present

2021-05-10 15:05:34 - [TEST_STEP][PASSED] - callTestCase(findTestCase("Custom Item Details/UTILITIES/CLOSE_BROWSER"), [:], STOP_ON_FAILURE): Call Test Case 'Test Cases/Custom Item Details/UTILITIES/CLOSE_BROWSER' successfully

2021-05-10 15:05:34 - [TEST_CASE][PASSED] - Test Cases/Custom Item Details/UTILITIES/CLOSE_BROWSER: Test Cases/Custom Item Details/UTILITIES/CLOSE_BROWSER

2021-05-10 15:05:34 - [TEST_STEP][PASSED] - closeBrowser(): Browser is closed

2021-05-10 15:05:34 - [MESSAGE][PASSED] - Browser is closed

2021-05-10 15:05:34 - [MESSAGE][PASSED] - Call Test Case 'Test Cases/Custom Item Details/UTILITIES/CLOSE_BROWSER' successfully]]></system-out>
         <system-err><![CDATA[]]></system-err>
      </testcase>
      <testcase name="Test Cases/Custom Item Details/TEST CASE/TC_DETAILS_UI_028" time="24.013" classname="Test Cases/Custom Item Details/TEST CASE/TC_DETAILS_UI_028" status="PASSED">
         <system-out><![CDATA[2021-05-10 15:05:34 - [TEST_CASE][PASSED] - Test Cases/Custom Item Details/TEST CASE/TC_DETAILS_UI_028: Test Cases/Custom Item Details/TEST CASE/TC_DETAILS_UI_028

2021-05-10 15:05:34 - [TEST_STEP][PASSED] - callTestCase(findTestCase("Custom Item Details/UTILITIES/OPEN_BROWSER"), [:], STOP_ON_FAILURE): Call Test Case 'Test Cases/Custom Item Details/UTILITIES/OPEN_BROWSER' successfully

2021-05-10 15:05:34 - [TEST_CASE][PASSED] - Test Cases/Custom Item Details/UTILITIES/OPEN_BROWSER: Test Cases/Custom Item Details/UTILITIES/OPEN_BROWSER

2021-05-10 15:05:34 - [TEST_STEP][PASSED] - openBrowser("https://diagnostics.staging.arcadier.io/"): Browser is opened with url: 'https://diagnostics.staging.arcadier.io/'

2021-05-10 15:05:34 - [MESSAGE][INFO] - Starting 'Chrome' driver

2021-05-10 15:05:34 - [MESSAGE][INFO] - Action delay is set to 0 milliseconds

2021-05-10 15:05:45 - [MESSAGE][PASSED] - Browser is opened with url: 'https://diagnostics.staging.arcadier.io/'

2021-05-10 15:05:45 - [TEST_STEP][PASSED] - maximizeWindow(): Current window maximized

2021-05-10 15:05:45 - [MESSAGE][PASSED] - Current window maximized

2021-05-10 15:05:45 - [TEST_STEP][PASSED] - click(findTestObject("Item Details Objects/Page_diagnostics/a_Accept Cookies")): Object: 'Object Repository/Item Details Objects/Page_diagnostics/a_Accept Cookies' is clicked on

2021-05-10 15:05:47 - [MESSAGE][PASSED] - Object: 'Object Repository/Item Details Objects/Page_diagnostics/a_Accept Cookies' is clicked on

2021-05-10 15:05:47 - [TEST_STEP][PASSED] - click(findTestObject("Staging Objects/Page_diagnostics/a_DIABETES DIAGNOSTICS"), STOP_ON_FAILURE): Object: 'Object Repository/Staging Objects/Page_diagnostics/a_DIABETES DIAGNOSTICS' is clicked on

2021-05-10 15:05:48 - [MESSAGE][PASSED] - Object: 'Object Repository/Staging Objects/Page_diagnostics/a_DIABETES DIAGNOSTICS' is clicked on

2021-05-10 15:05:48 - [TEST_STEP][PASSED] - mouseOver(findTestObject("Staging Objects/Page_diagnostics/a_CareSens N Eco Blood Glucose Meter")): Object: 'Object Repository/Staging Objects/Page_diagnostics/a_CareSens N Eco Blood Glucose Meter' is hovered

2021-05-10 15:05:52 - [MESSAGE][PASSED] - Object: 'Object Repository/Staging Objects/Page_diagnostics/a_CareSens N Eco Blood Glucose Meter' is hovered

2021-05-10 15:05:52 - [TEST_STEP][PASSED] - click(findTestObject("Staging Objects/Page_diagnostics/a_CareSens N Eco Blood Glucose Meter")): Object: 'Object Repository/Staging Objects/Page_diagnostics/a_CareSens N Eco Blood Glucose Meter' is clicked on

2021-05-10 15:05:56 - [MESSAGE][PASSED] - Object: 'Object Repository/Staging Objects/Page_diagnostics/a_CareSens N Eco Blood Glucose Meter' is clicked on

2021-05-10 15:05:56 - [MESSAGE][PASSED] - Call Test Case 'Test Cases/Custom Item Details/UTILITIES/OPEN_BROWSER' successfully

2021-05-10 15:05:56 - [TEST_STEP][PASSED] - waitForElementVisible(findTestObject("Staging Objects/Page_diagnostics/span_Diabetes Management Software"), 0): Object 'Object Repository/Staging Objects/Page_diagnostics/span_Diabetes Management Software' is visible

2021-05-10 15:05:56 - [MESSAGE][WARNING] - Timeout '0' is invalid. Using default page load timeout: '30'

2021-05-10 15:05:57 - [MESSAGE][PASSED] - Object 'Object Repository/Staging Objects/Page_diagnostics/span_Diabetes Management Software' is visible

2021-05-10 15:05:57 - [TEST_STEP][PASSED] - verifyElementPresent(findTestObject("Staging Objects/Page_diagnostics/span_Diabetes Management Software"), 0): Object 'Object Repository/Staging Objects/Page_diagnostics/span_Diabetes Management Software' is present

2021-05-10 15:05:57 - [MESSAGE][WARNING] - Timeout '0' is invalid. Using default page load timeout: '30'

2021-05-10 15:05:58 - [MESSAGE][PASSED] - Object 'Object Repository/Staging Objects/Page_diagnostics/span_Diabetes Management Software' is present

2021-05-10 15:05:58 - [TEST_STEP][PASSED] - callTestCase(findTestCase("Custom Item Details/UTILITIES/CLOSE_BROWSER"), [:], STOP_ON_FAILURE): Call Test Case 'Test Cases/Custom Item Details/UTILITIES/CLOSE_BROWSER' successfully

2021-05-10 15:05:58 - [TEST_CASE][PASSED] - Test Cases/Custom Item Details/UTILITIES/CLOSE_BROWSER: Test Cases/Custom Item Details/UTILITIES/CLOSE_BROWSER

2021-05-10 15:05:58 - [TEST_STEP][PASSED] - closeBrowser(): Browser is closed

2021-05-10 15:05:58 - [MESSAGE][PASSED] - Browser is closed

2021-05-10 15:05:58 - [MESSAGE][PASSED] - Call Test Case 'Test Cases/Custom Item Details/UTILITIES/CLOSE_BROWSER' successfully]]></system-out>
         <system-err><![CDATA[]]></system-err>
      </testcase>
      <testcase name="Test Cases/Custom Item Details/TEST CASE/TC_DETAILS_UI_029" time="26.152" classname="Test Cases/Custom Item Details/TEST CASE/TC_DETAILS_UI_029" status="PASSED">
         <system-out><![CDATA[2021-05-10 15:05:58 - [TEST_CASE][PASSED] - Test Cases/Custom Item Details/TEST CASE/TC_DETAILS_UI_029: Test Cases/Custom Item Details/TEST CASE/TC_DETAILS_UI_029

2021-05-10 15:05:58 - [TEST_STEP][PASSED] - callTestCase(findTestCase("Custom Item Details/UTILITIES/OPEN_BROWSER"), [:], STOP_ON_FAILURE): Call Test Case 'Test Cases/Custom Item Details/UTILITIES/OPEN_BROWSER' successfully

2021-05-10 15:05:58 - [TEST_CASE][PASSED] - Test Cases/Custom Item Details/UTILITIES/OPEN_BROWSER: Test Cases/Custom Item Details/UTILITIES/OPEN_BROWSER

2021-05-10 15:05:58 - [TEST_STEP][PASSED] - openBrowser("https://diagnostics.staging.arcadier.io/"): Browser is opened with url: 'https://diagnostics.staging.arcadier.io/'

2021-05-10 15:05:58 - [MESSAGE][INFO] - Starting 'Chrome' driver

2021-05-10 15:05:58 - [MESSAGE][INFO] - Action delay is set to 0 milliseconds

2021-05-10 15:06:12 - [MESSAGE][PASSED] - Browser is opened with url: 'https://diagnostics.staging.arcadier.io/'

2021-05-10 15:06:12 - [TEST_STEP][PASSED] - maximizeWindow(): Current window maximized

2021-05-10 15:06:12 - [MESSAGE][PASSED] - Current window maximized

2021-05-10 15:06:12 - [TEST_STEP][PASSED] - click(findTestObject("Item Details Objects/Page_diagnostics/a_Accept Cookies")): Object: 'Object Repository/Item Details Objects/Page_diagnostics/a_Accept Cookies' is clicked on

2021-05-10 15:06:13 - [MESSAGE][PASSED] - Object: 'Object Repository/Item Details Objects/Page_diagnostics/a_Accept Cookies' is clicked on

2021-05-10 15:06:13 - [TEST_STEP][PASSED] - click(findTestObject("Staging Objects/Page_diagnostics/a_DIABETES DIAGNOSTICS"), STOP_ON_FAILURE): Object: 'Object Repository/Staging Objects/Page_diagnostics/a_DIABETES DIAGNOSTICS' is clicked on

2021-05-10 15:06:15 - [MESSAGE][PASSED] - Object: 'Object Repository/Staging Objects/Page_diagnostics/a_DIABETES DIAGNOSTICS' is clicked on

2021-05-10 15:06:15 - [TEST_STEP][PASSED] - mouseOver(findTestObject("Staging Objects/Page_diagnostics/a_CareSens N Eco Blood Glucose Meter")): Object: 'Object Repository/Staging Objects/Page_diagnostics/a_CareSens N Eco Blood Glucose Meter' is hovered

2021-05-10 15:06:18 - [MESSAGE][PASSED] - Object: 'Object Repository/Staging Objects/Page_diagnostics/a_CareSens N Eco Blood Glucose Meter' is hovered

2021-05-10 15:06:18 - [TEST_STEP][PASSED] - click(findTestObject("Staging Objects/Page_diagnostics/a_CareSens N Eco Blood Glucose Meter")): Object: 'Object Repository/Staging Objects/Page_diagnostics/a_CareSens N Eco Blood Glucose Meter' is clicked on

2021-05-10 15:06:22 - [MESSAGE][PASSED] - Object: 'Object Repository/Staging Objects/Page_diagnostics/a_CareSens N Eco Blood Glucose Meter' is clicked on

2021-05-10 15:06:22 - [MESSAGE][PASSED] - Call Test Case 'Test Cases/Custom Item Details/UTILITIES/OPEN_BROWSER' successfully

2021-05-10 15:06:22 - [TEST_STEP][PASSED] - waitForElementVisible(findTestObject("Staging Objects/Page_diagnostics/span_Enzyme"), 0): Object 'Object Repository/Staging Objects/Page_diagnostics/span_Enzyme' is visible

2021-05-10 15:06:22 - [MESSAGE][WARNING] - Timeout '0' is invalid. Using default page load timeout: '30'

2021-05-10 15:06:23 - [MESSAGE][PASSED] - Object 'Object Repository/Staging Objects/Page_diagnostics/span_Enzyme' is visible

2021-05-10 15:06:23 - [TEST_STEP][PASSED] - verifyElementPresent(findTestObject("Staging Objects/Page_diagnostics/span_Enzyme"), 0): Object 'Object Repository/Staging Objects/Page_diagnostics/span_Enzyme' is present

2021-05-10 15:06:24 - [MESSAGE][WARNING] - Timeout '0' is invalid. Using default page load timeout: '30'

2021-05-10 15:06:24 - [MESSAGE][PASSED] - Object 'Object Repository/Staging Objects/Page_diagnostics/span_Enzyme' is present

2021-05-10 15:06:24 - [TEST_STEP][PASSED] - callTestCase(findTestCase("Custom Item Details/UTILITIES/CLOSE_BROWSER"), [:], STOP_ON_FAILURE): Call Test Case 'Test Cases/Custom Item Details/UTILITIES/CLOSE_BROWSER' successfully

2021-05-10 15:06:24 - [TEST_CASE][PASSED] - Test Cases/Custom Item Details/UTILITIES/CLOSE_BROWSER: Test Cases/Custom Item Details/UTILITIES/CLOSE_BROWSER

2021-05-10 15:06:24 - [TEST_STEP][PASSED] - closeBrowser(): Browser is closed

2021-05-10 15:06:24 - [MESSAGE][PASSED] - Browser is closed

2021-05-10 15:06:24 - [MESSAGE][PASSED] - Call Test Case 'Test Cases/Custom Item Details/UTILITIES/CLOSE_BROWSER' successfully]]></system-out>
         <system-err><![CDATA[]]></system-err>
      </testcase>
      <testcase name="Test Cases/Custom Item Details/TEST CASE/TC_DETAILS_UI_030" time="23.104" classname="Test Cases/Custom Item Details/TEST CASE/TC_DETAILS_UI_030" status="PASSED">
         <system-out><![CDATA[2021-05-10 15:06:24 - [TEST_CASE][PASSED] - Test Cases/Custom Item Details/TEST CASE/TC_DETAILS_UI_030: Test Cases/Custom Item Details/TEST CASE/TC_DETAILS_UI_030

2021-05-10 15:06:25 - [TEST_STEP][PASSED] - callTestCase(findTestCase("Custom Item Details/UTILITIES/OPEN_BROWSER"), [:], STOP_ON_FAILURE): Call Test Case 'Test Cases/Custom Item Details/UTILITIES/OPEN_BROWSER' successfully

2021-05-10 15:06:25 - [TEST_CASE][PASSED] - Test Cases/Custom Item Details/UTILITIES/OPEN_BROWSER: Test Cases/Custom Item Details/UTILITIES/OPEN_BROWSER

2021-05-10 15:06:25 - [TEST_STEP][PASSED] - openBrowser("https://diagnostics.staging.arcadier.io/"): Browser is opened with url: 'https://diagnostics.staging.arcadier.io/'

2021-05-10 15:06:25 - [MESSAGE][INFO] - Starting 'Chrome' driver

2021-05-10 15:06:25 - [MESSAGE][INFO] - Action delay is set to 0 milliseconds

2021-05-10 15:06:35 - [MESSAGE][PASSED] - Browser is opened with url: 'https://diagnostics.staging.arcadier.io/'

2021-05-10 15:06:35 - [TEST_STEP][PASSED] - maximizeWindow(): Current window maximized

2021-05-10 15:06:35 - [MESSAGE][PASSED] - Current window maximized

2021-05-10 15:06:35 - [TEST_STEP][PASSED] - click(findTestObject("Item Details Objects/Page_diagnostics/a_Accept Cookies")): Object: 'Object Repository/Item Details Objects/Page_diagnostics/a_Accept Cookies' is clicked on

2021-05-10 15:06:36 - [MESSAGE][PASSED] - Object: 'Object Repository/Item Details Objects/Page_diagnostics/a_Accept Cookies' is clicked on

2021-05-10 15:06:36 - [TEST_STEP][PASSED] - click(findTestObject("Staging Objects/Page_diagnostics/a_DIABETES DIAGNOSTICS"), STOP_ON_FAILURE): Object: 'Object Repository/Staging Objects/Page_diagnostics/a_DIABETES DIAGNOSTICS' is clicked on

2021-05-10 15:06:38 - [MESSAGE][PASSED] - Object: 'Object Repository/Staging Objects/Page_diagnostics/a_DIABETES DIAGNOSTICS' is clicked on

2021-05-10 15:06:38 - [TEST_STEP][PASSED] - mouseOver(findTestObject("Staging Objects/Page_diagnostics/a_CareSens N Eco Blood Glucose Meter")): Object: 'Object Repository/Staging Objects/Page_diagnostics/a_CareSens N Eco Blood Glucose Meter' is hovered

2021-05-10 15:06:41 - [MESSAGE][PASSED] - Object: 'Object Repository/Staging Objects/Page_diagnostics/a_CareSens N Eco Blood Glucose Meter' is hovered

2021-05-10 15:06:41 - [TEST_STEP][PASSED] - click(findTestObject("Staging Objects/Page_diagnostics/a_CareSens N Eco Blood Glucose Meter")): Object: 'Object Repository/Staging Objects/Page_diagnostics/a_CareSens N Eco Blood Glucose Meter' is clicked on

2021-05-10 15:06:45 - [MESSAGE][PASSED] - Object: 'Object Repository/Staging Objects/Page_diagnostics/a_CareSens N Eco Blood Glucose Meter' is clicked on

2021-05-10 15:06:45 - [MESSAGE][PASSED] - Call Test Case 'Test Cases/Custom Item Details/UTILITIES/OPEN_BROWSER' successfully

2021-05-10 15:06:45 - [TEST_STEP][PASSED] - waitForElementVisible(findTestObject("Staging Objects/Page_diagnostics/span_Intended use"), 0): Object 'Object Repository/Staging Objects/Page_diagnostics/span_Intended use' is visible

2021-05-10 15:06:45 - [MESSAGE][WARNING] - Timeout '0' is invalid. Using default page load timeout: '30'

2021-05-10 15:06:47 - [MESSAGE][PASSED] - Object 'Object Repository/Staging Objects/Page_diagnostics/span_Intended use' is visible

2021-05-10 15:06:47 - [TEST_STEP][PASSED] - verifyElementPresent(findTestObject("Staging Objects/Page_diagnostics/span_Intended use"), 0): Object 'Object Repository/Staging Objects/Page_diagnostics/span_Intended use' is present

2021-05-10 15:06:47 - [MESSAGE][WARNING] - Timeout '0' is invalid. Using default page load timeout: '30'

2021-05-10 15:06:47 - [MESSAGE][PASSED] - Object 'Object Repository/Staging Objects/Page_diagnostics/span_Intended use' is present

2021-05-10 15:06:47 - [TEST_STEP][PASSED] - callTestCase(findTestCase("Custom Item Details/UTILITIES/CLOSE_BROWSER"), [:], STOP_ON_FAILURE): Call Test Case 'Test Cases/Custom Item Details/UTILITIES/CLOSE_BROWSER' successfully

2021-05-10 15:06:47 - [TEST_CASE][PASSED] - Test Cases/Custom Item Details/UTILITIES/CLOSE_BROWSER: Test Cases/Custom Item Details/UTILITIES/CLOSE_BROWSER

2021-05-10 15:06:47 - [TEST_STEP][PASSED] - closeBrowser(): Browser is closed

2021-05-10 15:06:48 - [MESSAGE][PASSED] - Browser is closed

2021-05-10 15:06:48 - [MESSAGE][PASSED] - Call Test Case 'Test Cases/Custom Item Details/UTILITIES/CLOSE_BROWSER' successfully]]></system-out>
         <system-err><![CDATA[]]></system-err>
      </testcase>
      <testcase name="Test Cases/Custom Item Details/TEST CASE/TC_DETAILS_UI_031" time="24.877" classname="Test Cases/Custom Item Details/TEST CASE/TC_DETAILS_UI_031" status="PASSED">
         <system-out><![CDATA[2021-05-10 15:06:48 - [TEST_CASE][PASSED] - Test Cases/Custom Item Details/TEST CASE/TC_DETAILS_UI_031: Test Cases/Custom Item Details/TEST CASE/TC_DETAILS_UI_031

2021-05-10 15:06:48 - [TEST_STEP][PASSED] - callTestCase(findTestCase("Custom Item Details/UTILITIES/OPEN_BROWSER"), [:], STOP_ON_FAILURE): Call Test Case 'Test Cases/Custom Item Details/UTILITIES/OPEN_BROWSER' successfully

2021-05-10 15:06:48 - [TEST_CASE][PASSED] - Test Cases/Custom Item Details/UTILITIES/OPEN_BROWSER: Test Cases/Custom Item Details/UTILITIES/OPEN_BROWSER

2021-05-10 15:06:48 - [TEST_STEP][PASSED] - openBrowser("https://diagnostics.staging.arcadier.io/"): Browser is opened with url: 'https://diagnostics.staging.arcadier.io/'

2021-05-10 15:06:48 - [MESSAGE][INFO] - Starting 'Chrome' driver

2021-05-10 15:06:48 - [MESSAGE][INFO] - Action delay is set to 0 milliseconds

2021-05-10 15:06:58 - [MESSAGE][PASSED] - Browser is opened with url: 'https://diagnostics.staging.arcadier.io/'

2021-05-10 15:06:58 - [TEST_STEP][PASSED] - maximizeWindow(): Current window maximized

2021-05-10 15:06:58 - [MESSAGE][PASSED] - Current window maximized

2021-05-10 15:06:58 - [TEST_STEP][PASSED] - click(findTestObject("Item Details Objects/Page_diagnostics/a_Accept Cookies")): Object: 'Object Repository/Item Details Objects/Page_diagnostics/a_Accept Cookies' is clicked on

2021-05-10 15:06:59 - [MESSAGE][PASSED] - Object: 'Object Repository/Item Details Objects/Page_diagnostics/a_Accept Cookies' is clicked on

2021-05-10 15:06:59 - [TEST_STEP][PASSED] - click(findTestObject("Staging Objects/Page_diagnostics/a_DIABETES DIAGNOSTICS"), STOP_ON_FAILURE): Object: 'Object Repository/Staging Objects/Page_diagnostics/a_DIABETES DIAGNOSTICS' is clicked on

2021-05-10 15:07:01 - [MESSAGE][PASSED] - Object: 'Object Repository/Staging Objects/Page_diagnostics/a_DIABETES DIAGNOSTICS' is clicked on

2021-05-10 15:07:01 - [TEST_STEP][PASSED] - mouseOver(findTestObject("Staging Objects/Page_diagnostics/a_CareSens N Eco Blood Glucose Meter")): Object: 'Object Repository/Staging Objects/Page_diagnostics/a_CareSens N Eco Blood Glucose Meter' is hovered

2021-05-10 15:07:05 - [MESSAGE][PASSED] - Object: 'Object Repository/Staging Objects/Page_diagnostics/a_CareSens N Eco Blood Glucose Meter' is hovered

2021-05-10 15:07:05 - [TEST_STEP][PASSED] - click(findTestObject("Staging Objects/Page_diagnostics/a_CareSens N Eco Blood Glucose Meter")): Object: 'Object Repository/Staging Objects/Page_diagnostics/a_CareSens N Eco Blood Glucose Meter' is clicked on

2021-05-10 15:07:11 - [MESSAGE][PASSED] - Object: 'Object Repository/Staging Objects/Page_diagnostics/a_CareSens N Eco Blood Glucose Meter' is clicked on

2021-05-10 15:07:11 - [MESSAGE][PASSED] - Call Test Case 'Test Cases/Custom Item Details/UTILITIES/OPEN_BROWSER' successfully

2021-05-10 15:07:11 - [TEST_STEP][PASSED] - waitForElementVisible(findTestObject("Staging Objects/Page_diagnostics/span_Language options"), 0): Object 'Object Repository/Staging Objects/Page_diagnostics/span_Language options' is visible

2021-05-10 15:07:11 - [MESSAGE][WARNING] - Timeout '0' is invalid. Using default page load timeout: '30'

2021-05-10 15:07:11 - [MESSAGE][PASSED] - Object 'Object Repository/Staging Objects/Page_diagnostics/span_Language options' is visible

2021-05-10 15:07:11 - [TEST_STEP][PASSED] - verifyElementPresent(findTestObject("Staging Objects/Page_diagnostics/span_Language options"), 0): Object 'Object Repository/Staging Objects/Page_diagnostics/span_Language options' is present

2021-05-10 15:07:11 - [MESSAGE][WARNING] - Timeout '0' is invalid. Using default page load timeout: '30'

2021-05-10 15:07:12 - [MESSAGE][PASSED] - Object 'Object Repository/Staging Objects/Page_diagnostics/span_Language options' is present

2021-05-10 15:07:12 - [TEST_STEP][PASSED] - callTestCase(findTestCase("Custom Item Details/UTILITIES/CLOSE_BROWSER"), [:], STOP_ON_FAILURE): Call Test Case 'Test Cases/Custom Item Details/UTILITIES/CLOSE_BROWSER' successfully

2021-05-10 15:07:12 - [TEST_CASE][PASSED] - Test Cases/Custom Item Details/UTILITIES/CLOSE_BROWSER: Test Cases/Custom Item Details/UTILITIES/CLOSE_BROWSER

2021-05-10 15:07:12 - [TEST_STEP][PASSED] - closeBrowser(): Browser is closed

2021-05-10 15:07:12 - [MESSAGE][PASSED] - Browser is closed

2021-05-10 15:07:12 - [MESSAGE][PASSED] - Call Test Case 'Test Cases/Custom Item Details/UTILITIES/CLOSE_BROWSER' successfully]]></system-out>
         <system-err><![CDATA[]]></system-err>
      </testcase>
      <testcase name="Test Cases/Custom Item Details/TEST CASE/TC_DETAILS_UI_032" time="27.003" classname="Test Cases/Custom Item Details/TEST CASE/TC_DETAILS_UI_032" status="PASSED">
         <system-out><![CDATA[2021-05-10 15:07:12 - [TEST_CASE][PASSED] - Test Cases/Custom Item Details/TEST CASE/TC_DETAILS_UI_032: Test Cases/Custom Item Details/TEST CASE/TC_DETAILS_UI_032

2021-05-10 15:07:13 - [TEST_STEP][PASSED] - callTestCase(findTestCase("Custom Item Details/UTILITIES/OPEN_BROWSER"), [:], STOP_ON_FAILURE): Call Test Case 'Test Cases/Custom Item Details/UTILITIES/OPEN_BROWSER' successfully

2021-05-10 15:07:13 - [TEST_CASE][PASSED] - Test Cases/Custom Item Details/UTILITIES/OPEN_BROWSER: Test Cases/Custom Item Details/UTILITIES/OPEN_BROWSER

2021-05-10 15:07:13 - [TEST_STEP][PASSED] - openBrowser("https://diagnostics.staging.arcadier.io/"): Browser is opened with url: 'https://diagnostics.staging.arcadier.io/'

2021-05-10 15:07:13 - [MESSAGE][INFO] - Starting 'Chrome' driver

2021-05-10 15:07:13 - [MESSAGE][INFO] - Action delay is set to 0 milliseconds

2021-05-10 15:07:26 - [MESSAGE][PASSED] - Browser is opened with url: 'https://diagnostics.staging.arcadier.io/'

2021-05-10 15:07:26 - [TEST_STEP][PASSED] - maximizeWindow(): Current window maximized

2021-05-10 15:07:26 - [MESSAGE][PASSED] - Current window maximized

2021-05-10 15:07:26 - [TEST_STEP][PASSED] - click(findTestObject("Item Details Objects/Page_diagnostics/a_Accept Cookies")): Object: 'Object Repository/Item Details Objects/Page_diagnostics/a_Accept Cookies' is clicked on

2021-05-10 15:07:26 - [MESSAGE][PASSED] - Object: 'Object Repository/Item Details Objects/Page_diagnostics/a_Accept Cookies' is clicked on

2021-05-10 15:07:26 - [TEST_STEP][PASSED] - click(findTestObject("Staging Objects/Page_diagnostics/a_DIABETES DIAGNOSTICS"), STOP_ON_FAILURE): Object: 'Object Repository/Staging Objects/Page_diagnostics/a_DIABETES DIAGNOSTICS' is clicked on

2021-05-10 15:07:28 - [MESSAGE][PASSED] - Object: 'Object Repository/Staging Objects/Page_diagnostics/a_DIABETES DIAGNOSTICS' is clicked on

2021-05-10 15:07:28 - [TEST_STEP][PASSED] - mouseOver(findTestObject("Staging Objects/Page_diagnostics/a_CareSens N Eco Blood Glucose Meter")): Object: 'Object Repository/Staging Objects/Page_diagnostics/a_CareSens N Eco Blood Glucose Meter' is hovered

2021-05-10 15:07:32 - [MESSAGE][PASSED] - Object: 'Object Repository/Staging Objects/Page_diagnostics/a_CareSens N Eco Blood Glucose Meter' is hovered

2021-05-10 15:07:32 - [TEST_STEP][PASSED] - click(findTestObject("Staging Objects/Page_diagnostics/a_CareSens N Eco Blood Glucose Meter")): Object: 'Object Repository/Staging Objects/Page_diagnostics/a_CareSens N Eco Blood Glucose Meter' is clicked on

2021-05-10 15:07:38 - [MESSAGE][PASSED] - Object: 'Object Repository/Staging Objects/Page_diagnostics/a_CareSens N Eco Blood Glucose Meter' is clicked on

2021-05-10 15:07:38 - [MESSAGE][PASSED] - Call Test Case 'Test Cases/Custom Item Details/UTILITIES/OPEN_BROWSER' successfully

2021-05-10 15:07:38 - [TEST_STEP][PASSED] - waitForElementVisible(findTestObject("Staging Objects/Page_diagnostics/span_Memory capacity of the meter"), 0): Object 'Object Repository/Staging Objects/Page_diagnostics/span_Memory capacity of the meter' is visible

2021-05-10 15:07:38 - [MESSAGE][WARNING] - Timeout '0' is invalid. Using default page load timeout: '30'

2021-05-10 15:07:38 - [MESSAGE][PASSED] - Object 'Object Repository/Staging Objects/Page_diagnostics/span_Memory capacity of the meter' is visible

2021-05-10 15:07:38 - [TEST_STEP][PASSED] - verifyElementPresent(findTestObject("Staging Objects/Page_diagnostics/span_Memory capacity of the meter"), 0): Object 'Object Repository/Staging Objects/Page_diagnostics/span_Memory capacity of the meter' is present

2021-05-10 15:07:38 - [MESSAGE][WARNING] - Timeout '0' is invalid. Using default page load timeout: '30'

2021-05-10 15:07:39 - [MESSAGE][PASSED] - Object 'Object Repository/Staging Objects/Page_diagnostics/span_Memory capacity of the meter' is present

2021-05-10 15:07:39 - [TEST_STEP][PASSED] - callTestCase(findTestCase("Custom Item Details/UTILITIES/CLOSE_BROWSER"), [:], STOP_ON_FAILURE): Call Test Case 'Test Cases/Custom Item Details/UTILITIES/CLOSE_BROWSER' successfully

2021-05-10 15:07:39 - [TEST_CASE][PASSED] - Test Cases/Custom Item Details/UTILITIES/CLOSE_BROWSER: Test Cases/Custom Item Details/UTILITIES/CLOSE_BROWSER

2021-05-10 15:07:39 - [TEST_STEP][PASSED] - closeBrowser(): Browser is closed

2021-05-10 15:07:39 - [MESSAGE][PASSED] - Browser is closed

2021-05-10 15:07:39 - [MESSAGE][PASSED] - Call Test Case 'Test Cases/Custom Item Details/UTILITIES/CLOSE_BROWSER' successfully]]></system-out>
         <system-err><![CDATA[]]></system-err>
      </testcase>
      <testcase name="Test Cases/Custom Item Details/TEST CASE/TC_DETAILS_UI_033" time="23.478" classname="Test Cases/Custom Item Details/TEST CASE/TC_DETAILS_UI_033" status="PASSED">
         <system-out><![CDATA[2021-05-10 15:07:39 - [TEST_CASE][PASSED] - Test Cases/Custom Item Details/TEST CASE/TC_DETAILS_UI_033: Test Cases/Custom Item Details/TEST CASE/TC_DETAILS_UI_033

2021-05-10 15:07:40 - [TEST_STEP][PASSED] - callTestCase(findTestCase("Custom Item Details/UTILITIES/OPEN_BROWSER"), [:], STOP_ON_FAILURE): Call Test Case 'Test Cases/Custom Item Details/UTILITIES/OPEN_BROWSER' successfully

2021-05-10 15:07:40 - [TEST_CASE][PASSED] - Test Cases/Custom Item Details/UTILITIES/OPEN_BROWSER: Test Cases/Custom Item Details/UTILITIES/OPEN_BROWSER

2021-05-10 15:07:40 - [TEST_STEP][PASSED] - openBrowser("https://diagnostics.staging.arcadier.io/"): Browser is opened with url: 'https://diagnostics.staging.arcadier.io/'

2021-05-10 15:07:40 - [MESSAGE][INFO] - Starting 'Chrome' driver

2021-05-10 15:07:40 - [MESSAGE][INFO] - Action delay is set to 0 milliseconds

2021-05-10 15:07:50 - [MESSAGE][PASSED] - Browser is opened with url: 'https://diagnostics.staging.arcadier.io/'

2021-05-10 15:07:50 - [TEST_STEP][PASSED] - maximizeWindow(): Current window maximized

2021-05-10 15:07:50 - [MESSAGE][PASSED] - Current window maximized

2021-05-10 15:07:50 - [TEST_STEP][PASSED] - click(findTestObject("Item Details Objects/Page_diagnostics/a_Accept Cookies")): Object: 'Object Repository/Item Details Objects/Page_diagnostics/a_Accept Cookies' is clicked on

2021-05-10 15:07:51 - [MESSAGE][PASSED] - Object: 'Object Repository/Item Details Objects/Page_diagnostics/a_Accept Cookies' is clicked on

2021-05-10 15:07:51 - [TEST_STEP][PASSED] - click(findTestObject("Staging Objects/Page_diagnostics/a_DIABETES DIAGNOSTICS"), STOP_ON_FAILURE): Object: 'Object Repository/Staging Objects/Page_diagnostics/a_DIABETES DIAGNOSTICS' is clicked on

2021-05-10 15:07:53 - [MESSAGE][PASSED] - Object: 'Object Repository/Staging Objects/Page_diagnostics/a_DIABETES DIAGNOSTICS' is clicked on

2021-05-10 15:07:53 - [TEST_STEP][PASSED] - mouseOver(findTestObject("Staging Objects/Page_diagnostics/a_CareSens N Eco Blood Glucose Meter")): Object: 'Object Repository/Staging Objects/Page_diagnostics/a_CareSens N Eco Blood Glucose Meter' is hovered

2021-05-10 15:07:57 - [MESSAGE][PASSED] - Object: 'Object Repository/Staging Objects/Page_diagnostics/a_CareSens N Eco Blood Glucose Meter' is hovered

2021-05-10 15:07:57 - [TEST_STEP][PASSED] - click(findTestObject("Staging Objects/Page_diagnostics/a_CareSens N Eco Blood Glucose Meter")): Object: 'Object Repository/Staging Objects/Page_diagnostics/a_CareSens N Eco Blood Glucose Meter' is clicked on

2021-05-10 15:08:01 - [MESSAGE][PASSED] - Object: 'Object Repository/Staging Objects/Page_diagnostics/a_CareSens N Eco Blood Glucose Meter' is clicked on

2021-05-10 15:08:01 - [MESSAGE][PASSED] - Call Test Case 'Test Cases/Custom Item Details/UTILITIES/OPEN_BROWSER' successfully

2021-05-10 15:08:01 - [TEST_STEP][PASSED] - waitForElementVisible(findTestObject("Staging Objects/Page_diagnostics/span_Meter connection to computer"), 0): Object 'Object Repository/Staging Objects/Page_diagnostics/span_Meter connection to computer' is visible

2021-05-10 15:08:01 - [MESSAGE][WARNING] - Timeout '0' is invalid. Using default page load timeout: '30'

2021-05-10 15:08:02 - [MESSAGE][PASSED] - Object 'Object Repository/Staging Objects/Page_diagnostics/span_Meter connection to computer' is visible

2021-05-10 15:08:02 - [TEST_STEP][PASSED] - verifyElementPresent(findTestObject("Staging Objects/Page_diagnostics/span_Meter connection to computer"), 0): Object 'Object Repository/Staging Objects/Page_diagnostics/span_Meter connection to computer' is present

2021-05-10 15:08:02 - [MESSAGE][WARNING] - Timeout '0' is invalid. Using default page load timeout: '30'

2021-05-10 15:08:02 - [MESSAGE][PASSED] - Object 'Object Repository/Staging Objects/Page_diagnostics/span_Meter connection to computer' is present

2021-05-10 15:08:02 - [TEST_STEP][PASSED] - callTestCase(findTestCase("Custom Item Details/UTILITIES/CLOSE_BROWSER"), [:], STOP_ON_FAILURE): Call Test Case 'Test Cases/Custom Item Details/UTILITIES/CLOSE_BROWSER' successfully

2021-05-10 15:08:02 - [TEST_CASE][PASSED] - Test Cases/Custom Item Details/UTILITIES/CLOSE_BROWSER: Test Cases/Custom Item Details/UTILITIES/CLOSE_BROWSER

2021-05-10 15:08:02 - [TEST_STEP][PASSED] - closeBrowser(): Browser is closed

2021-05-10 15:08:03 - [MESSAGE][PASSED] - Browser is closed

2021-05-10 15:08:03 - [MESSAGE][PASSED] - Call Test Case 'Test Cases/Custom Item Details/UTILITIES/CLOSE_BROWSER' successfully]]></system-out>
         <system-err><![CDATA[]]></system-err>
      </testcase>
      <testcase name="Test Cases/Custom Item Details/TEST CASE/TC_DETAILS_UI_034" time="23.361" classname="Test Cases/Custom Item Details/TEST CASE/TC_DETAILS_UI_034" status="PASSED">
         <system-out><![CDATA[2021-05-10 15:08:03 - [TEST_CASE][PASSED] - Test Cases/Custom Item Details/TEST CASE/TC_DETAILS_UI_034: Test Cases/Custom Item Details/TEST CASE/TC_DETAILS_UI_034

2021-05-10 15:08:03 - [TEST_STEP][PASSED] - callTestCase(findTestCase("Custom Item Details/UTILITIES/OPEN_BROWSER"), [:], STOP_ON_FAILURE): Call Test Case 'Test Cases/Custom Item Details/UTILITIES/OPEN_BROWSER' successfully

2021-05-10 15:08:03 - [TEST_CASE][PASSED] - Test Cases/Custom Item Details/UTILITIES/OPEN_BROWSER: Test Cases/Custom Item Details/UTILITIES/OPEN_BROWSER

2021-05-10 15:08:03 - [TEST_STEP][PASSED] - openBrowser("https://diagnostics.staging.arcadier.io/"): Browser is opened with url: 'https://diagnostics.staging.arcadier.io/'

2021-05-10 15:08:03 - [MESSAGE][INFO] - Starting 'Chrome' driver

2021-05-10 15:08:03 - [MESSAGE][INFO] - Action delay is set to 0 milliseconds

2021-05-10 15:08:14 - [MESSAGE][PASSED] - Browser is opened with url: 'https://diagnostics.staging.arcadier.io/'

2021-05-10 15:08:14 - [TEST_STEP][PASSED] - maximizeWindow(): Current window maximized

2021-05-10 15:08:15 - [MESSAGE][PASSED] - Current window maximized

2021-05-10 15:08:15 - [TEST_STEP][PASSED] - click(findTestObject("Item Details Objects/Page_diagnostics/a_Accept Cookies")): Object: 'Object Repository/Item Details Objects/Page_diagnostics/a_Accept Cookies' is clicked on

2021-05-10 15:08:15 - [MESSAGE][PASSED] - Object: 'Object Repository/Item Details Objects/Page_diagnostics/a_Accept Cookies' is clicked on

2021-05-10 15:08:15 - [TEST_STEP][PASSED] - click(findTestObject("Staging Objects/Page_diagnostics/a_DIABETES DIAGNOSTICS"), STOP_ON_FAILURE): Object: 'Object Repository/Staging Objects/Page_diagnostics/a_DIABETES DIAGNOSTICS' is clicked on

2021-05-10 15:08:17 - [MESSAGE][PASSED] - Object: 'Object Repository/Staging Objects/Page_diagnostics/a_DIABETES DIAGNOSTICS' is clicked on

2021-05-10 15:08:17 - [TEST_STEP][PASSED] - mouseOver(findTestObject("Staging Objects/Page_diagnostics/a_CareSens N Eco Blood Glucose Meter")): Object: 'Object Repository/Staging Objects/Page_diagnostics/a_CareSens N Eco Blood Glucose Meter' is hovered

2021-05-10 15:08:20 - [MESSAGE][PASSED] - Object: 'Object Repository/Staging Objects/Page_diagnostics/a_CareSens N Eco Blood Glucose Meter' is hovered

2021-05-10 15:08:20 - [TEST_STEP][PASSED] - click(findTestObject("Staging Objects/Page_diagnostics/a_CareSens N Eco Blood Glucose Meter")): Object: 'Object Repository/Staging Objects/Page_diagnostics/a_CareSens N Eco Blood Glucose Meter' is clicked on

2021-05-10 15:08:24 - [MESSAGE][PASSED] - Object: 'Object Repository/Staging Objects/Page_diagnostics/a_CareSens N Eco Blood Glucose Meter' is clicked on

2021-05-10 15:08:24 - [MESSAGE][PASSED] - Call Test Case 'Test Cases/Custom Item Details/UTILITIES/OPEN_BROWSER' successfully

2021-05-10 15:08:24 - [TEST_STEP][PASSED] - waitForElementVisible(findTestObject("Staging Objects/Page_diagnostics/span_Meter connectivity"), 0): Object 'Object Repository/Staging Objects/Page_diagnostics/span_Meter connectivity' is visible

2021-05-10 15:08:24 - [MESSAGE][WARNING] - Timeout '0' is invalid. Using default page load timeout: '30'

2021-05-10 15:08:25 - [MESSAGE][PASSED] - Object 'Object Repository/Staging Objects/Page_diagnostics/span_Meter connectivity' is visible

2021-05-10 15:08:25 - [TEST_STEP][PASSED] - verifyElementPresent(findTestObject("Staging Objects/Page_diagnostics/span_Meter connectivity"), 0): Object 'Object Repository/Staging Objects/Page_diagnostics/span_Meter connectivity' is present

2021-05-10 15:08:25 - [MESSAGE][WARNING] - Timeout '0' is invalid. Using default page load timeout: '30'

2021-05-10 15:08:26 - [MESSAGE][PASSED] - Object 'Object Repository/Staging Objects/Page_diagnostics/span_Meter connectivity' is present

2021-05-10 15:08:26 - [TEST_STEP][PASSED] - callTestCase(findTestCase("Custom Item Details/UTILITIES/CLOSE_BROWSER"), [:], STOP_ON_FAILURE): Call Test Case 'Test Cases/Custom Item Details/UTILITIES/CLOSE_BROWSER' successfully

2021-05-10 15:08:26 - [TEST_CASE][PASSED] - Test Cases/Custom Item Details/UTILITIES/CLOSE_BROWSER: Test Cases/Custom Item Details/UTILITIES/CLOSE_BROWSER

2021-05-10 15:08:26 - [TEST_STEP][PASSED] - closeBrowser(): Browser is closed

2021-05-10 15:08:26 - [MESSAGE][PASSED] - Browser is closed

2021-05-10 15:08:26 - [MESSAGE][PASSED] - Call Test Case 'Test Cases/Custom Item Details/UTILITIES/CLOSE_BROWSER' successfully]]></system-out>
         <system-err><![CDATA[]]></system-err>
      </testcase>
      <testcase name="Test Cases/Custom Item Details/TEST CASE/TC_DETAILS_UI_035" time="28.261" classname="Test Cases/Custom Item Details/TEST CASE/TC_DETAILS_UI_035" status="PASSED">
         <system-out><![CDATA[2021-05-10 15:08:26 - [TEST_CASE][PASSED] - Test Cases/Custom Item Details/TEST CASE/TC_DETAILS_UI_035: Test Cases/Custom Item Details/TEST CASE/TC_DETAILS_UI_035

2021-05-10 15:08:26 - [TEST_STEP][PASSED] - callTestCase(findTestCase("Custom Item Details/UTILITIES/OPEN_BROWSER"), [:], STOP_ON_FAILURE): Call Test Case 'Test Cases/Custom Item Details/UTILITIES/OPEN_BROWSER' successfully

2021-05-10 15:08:26 - [TEST_CASE][PASSED] - Test Cases/Custom Item Details/UTILITIES/OPEN_BROWSER: Test Cases/Custom Item Details/UTILITIES/OPEN_BROWSER

2021-05-10 15:08:26 - [TEST_STEP][PASSED] - openBrowser("https://diagnostics.staging.arcadier.io/"): Browser is opened with url: 'https://diagnostics.staging.arcadier.io/'

2021-05-10 15:08:26 - [MESSAGE][INFO] - Starting 'Chrome' driver

2021-05-10 15:08:26 - [MESSAGE][INFO] - Action delay is set to 0 milliseconds

2021-05-10 15:08:41 - [MESSAGE][PASSED] - Browser is opened with url: 'https://diagnostics.staging.arcadier.io/'

2021-05-10 15:08:41 - [TEST_STEP][PASSED] - maximizeWindow(): Current window maximized

2021-05-10 15:08:41 - [MESSAGE][PASSED] - Current window maximized

2021-05-10 15:08:41 - [TEST_STEP][PASSED] - click(findTestObject("Item Details Objects/Page_diagnostics/a_Accept Cookies")): Object: 'Object Repository/Item Details Objects/Page_diagnostics/a_Accept Cookies' is clicked on

2021-05-10 15:08:42 - [MESSAGE][PASSED] - Object: 'Object Repository/Item Details Objects/Page_diagnostics/a_Accept Cookies' is clicked on

2021-05-10 15:08:42 - [TEST_STEP][PASSED] - click(findTestObject("Staging Objects/Page_diagnostics/a_DIABETES DIAGNOSTICS"), STOP_ON_FAILURE): Object: 'Object Repository/Staging Objects/Page_diagnostics/a_DIABETES DIAGNOSTICS' is clicked on

2021-05-10 15:08:43 - [MESSAGE][PASSED] - Object: 'Object Repository/Staging Objects/Page_diagnostics/a_DIABETES DIAGNOSTICS' is clicked on

2021-05-10 15:08:43 - [TEST_STEP][PASSED] - mouseOver(findTestObject("Staging Objects/Page_diagnostics/a_CareSens N Eco Blood Glucose Meter")): Object: 'Object Repository/Staging Objects/Page_diagnostics/a_CareSens N Eco Blood Glucose Meter' is hovered

2021-05-10 15:08:47 - [MESSAGE][PASSED] - Object: 'Object Repository/Staging Objects/Page_diagnostics/a_CareSens N Eco Blood Glucose Meter' is hovered

2021-05-10 15:08:47 - [TEST_STEP][PASSED] - click(findTestObject("Staging Objects/Page_diagnostics/a_CareSens N Eco Blood Glucose Meter")): Object: 'Object Repository/Staging Objects/Page_diagnostics/a_CareSens N Eco Blood Glucose Meter' is clicked on

2021-05-10 15:08:53 - [MESSAGE][PASSED] - Object: 'Object Repository/Staging Objects/Page_diagnostics/a_CareSens N Eco Blood Glucose Meter' is clicked on

2021-05-10 15:08:53 - [MESSAGE][PASSED] - Call Test Case 'Test Cases/Custom Item Details/UTILITIES/OPEN_BROWSER' successfully

2021-05-10 15:08:53 - [TEST_STEP][PASSED] - waitForElementVisible(findTestObject("Staging Objects/Page_diagnostics/span_Name of manufacturer"), 0): Object 'Object Repository/Staging Objects/Page_diagnostics/span_Name of manufacturer' is visible

2021-05-10 15:08:53 - [MESSAGE][WARNING] - Timeout '0' is invalid. Using default page load timeout: '30'

2021-05-10 15:08:54 - [MESSAGE][PASSED] - Object 'Object Repository/Staging Objects/Page_diagnostics/span_Name of manufacturer' is visible

2021-05-10 15:08:54 - [TEST_STEP][PASSED] - verifyElementPresent(findTestObject("Staging Objects/Page_diagnostics/span_Name of manufacturer"), 0): Object 'Object Repository/Staging Objects/Page_diagnostics/span_Name of manufacturer' is present

2021-05-10 15:08:54 - [MESSAGE][WARNING] - Timeout '0' is invalid. Using default page load timeout: '30'

2021-05-10 15:08:54 - [MESSAGE][PASSED] - Object 'Object Repository/Staging Objects/Page_diagnostics/span_Name of manufacturer' is present

2021-05-10 15:08:54 - [TEST_STEP][PASSED] - callTestCase(findTestCase("Custom Item Details/UTILITIES/CLOSE_BROWSER"), [:], STOP_ON_FAILURE): Call Test Case 'Test Cases/Custom Item Details/UTILITIES/CLOSE_BROWSER' successfully

2021-05-10 15:08:54 - [TEST_CASE][PASSED] - Test Cases/Custom Item Details/UTILITIES/CLOSE_BROWSER: Test Cases/Custom Item Details/UTILITIES/CLOSE_BROWSER

2021-05-10 15:08:54 - [TEST_STEP][PASSED] - closeBrowser(): Browser is closed

2021-05-10 15:08:55 - [MESSAGE][PASSED] - Browser is closed

2021-05-10 15:08:55 - [MESSAGE][PASSED] - Call Test Case 'Test Cases/Custom Item Details/UTILITIES/CLOSE_BROWSER' successfully]]></system-out>
         <system-err><![CDATA[]]></system-err>
      </testcase>
      <testcase name="Test Cases/Custom Item Details/TEST CASE/TC_DETAILS_UI_036" time="25.446" classname="Test Cases/Custom Item Details/TEST CASE/TC_DETAILS_UI_036" status="PASSED">
         <system-out><![CDATA[2021-05-10 15:08:55 - [TEST_CASE][PASSED] - Test Cases/Custom Item Details/TEST CASE/TC_DETAILS_UI_036: Test Cases/Custom Item Details/TEST CASE/TC_DETAILS_UI_036

2021-05-10 15:08:55 - [TEST_STEP][PASSED] - callTestCase(findTestCase("Custom Item Details/UTILITIES/OPEN_BROWSER"), [:], STOP_ON_FAILURE): Call Test Case 'Test Cases/Custom Item Details/UTILITIES/OPEN_BROWSER' successfully

2021-05-10 15:08:55 - [TEST_CASE][PASSED] - Test Cases/Custom Item Details/UTILITIES/OPEN_BROWSER: Test Cases/Custom Item Details/UTILITIES/OPEN_BROWSER

2021-05-10 15:08:55 - [TEST_STEP][PASSED] - openBrowser("https://diagnostics.staging.arcadier.io/"): Browser is opened with url: 'https://diagnostics.staging.arcadier.io/'

2021-05-10 15:08:55 - [MESSAGE][INFO] - Starting 'Chrome' driver

2021-05-10 15:08:55 - [MESSAGE][INFO] - Action delay is set to 0 milliseconds

2021-05-10 15:09:07 - [MESSAGE][PASSED] - Browser is opened with url: 'https://diagnostics.staging.arcadier.io/'

2021-05-10 15:09:07 - [TEST_STEP][PASSED] - maximizeWindow(): Current window maximized

2021-05-10 15:09:07 - [MESSAGE][PASSED] - Current window maximized

2021-05-10 15:09:07 - [TEST_STEP][PASSED] - click(findTestObject("Item Details Objects/Page_diagnostics/a_Accept Cookies")): Object: 'Object Repository/Item Details Objects/Page_diagnostics/a_Accept Cookies' is clicked on

2021-05-10 15:09:07 - [MESSAGE][PASSED] - Object: 'Object Repository/Item Details Objects/Page_diagnostics/a_Accept Cookies' is clicked on

2021-05-10 15:09:07 - [TEST_STEP][PASSED] - click(findTestObject("Staging Objects/Page_diagnostics/a_DIABETES DIAGNOSTICS"), STOP_ON_FAILURE): Object: 'Object Repository/Staging Objects/Page_diagnostics/a_DIABETES DIAGNOSTICS' is clicked on

2021-05-10 15:09:09 - [MESSAGE][PASSED] - Object: 'Object Repository/Staging Objects/Page_diagnostics/a_DIABETES DIAGNOSTICS' is clicked on

2021-05-10 15:09:09 - [TEST_STEP][PASSED] - mouseOver(findTestObject("Staging Objects/Page_diagnostics/a_CareSens N Eco Blood Glucose Meter")): Object: 'Object Repository/Staging Objects/Page_diagnostics/a_CareSens N Eco Blood Glucose Meter' is hovered

2021-05-10 15:09:12 - [MESSAGE][PASSED] - Object: 'Object Repository/Staging Objects/Page_diagnostics/a_CareSens N Eco Blood Glucose Meter' is hovered

2021-05-10 15:09:12 - [TEST_STEP][PASSED] - click(findTestObject("Staging Objects/Page_diagnostics/a_CareSens N Eco Blood Glucose Meter")): Object: 'Object Repository/Staging Objects/Page_diagnostics/a_CareSens N Eco Blood Glucose Meter' is clicked on

2021-05-10 15:09:18 - [MESSAGE][PASSED] - Object: 'Object Repository/Staging Objects/Page_diagnostics/a_CareSens N Eco Blood Glucose Meter' is clicked on

2021-05-10 15:09:18 - [MESSAGE][PASSED] - Call Test Case 'Test Cases/Custom Item Details/UTILITIES/OPEN_BROWSER' successfully

2021-05-10 15:09:18 - [TEST_STEP][PASSED] - waitForElementVisible(findTestObject("Staging Objects/Page_diagnostics/span_Operating conditions"), 0): Object 'Object Repository/Staging Objects/Page_diagnostics/span_Operating conditions' is visible

2021-05-10 15:09:18 - [MESSAGE][WARNING] - Timeout '0' is invalid. Using default page load timeout: '30'

2021-05-10 15:09:19 - [MESSAGE][PASSED] - Object 'Object Repository/Staging Objects/Page_diagnostics/span_Operating conditions' is visible

2021-05-10 15:09:19 - [TEST_STEP][PASSED] - verifyElementPresent(findTestObject("Staging Objects/Page_diagnostics/span_Operating conditions"), 0): Object 'Object Repository/Staging Objects/Page_diagnostics/span_Operating conditions' is present

2021-05-10 15:09:19 - [MESSAGE][WARNING] - Timeout '0' is invalid. Using default page load timeout: '30'

2021-05-10 15:09:19 - [MESSAGE][PASSED] - Object 'Object Repository/Staging Objects/Page_diagnostics/span_Operating conditions' is present

2021-05-10 15:09:19 - [TEST_STEP][PASSED] - callTestCase(findTestCase("Custom Item Details/UTILITIES/CLOSE_BROWSER"), [:], STOP_ON_FAILURE): Call Test Case 'Test Cases/Custom Item Details/UTILITIES/CLOSE_BROWSER' successfully

2021-05-10 15:09:19 - [TEST_CASE][PASSED] - Test Cases/Custom Item Details/UTILITIES/CLOSE_BROWSER: Test Cases/Custom Item Details/UTILITIES/CLOSE_BROWSER

2021-05-10 15:09:19 - [TEST_STEP][PASSED] - closeBrowser(): Browser is closed

2021-05-10 15:09:20 - [MESSAGE][PASSED] - Browser is closed

2021-05-10 15:09:20 - [MESSAGE][PASSED] - Call Test Case 'Test Cases/Custom Item Details/UTILITIES/CLOSE_BROWSER' successfully]]></system-out>
         <system-err><![CDATA[]]></system-err>
      </testcase>
      <testcase name="Test Cases/Custom Item Details/TEST CASE/TC_DETAILS_UI_037" time="25.334" classname="Test Cases/Custom Item Details/TEST CASE/TC_DETAILS_UI_037" status="PASSED">
         <system-out><![CDATA[2021-05-10 15:09:20 - [TEST_CASE][PASSED] - Test Cases/Custom Item Details/TEST CASE/TC_DETAILS_UI_037: Test Cases/Custom Item Details/TEST CASE/TC_DETAILS_UI_037

2021-05-10 15:09:20 - [TEST_STEP][PASSED] - callTestCase(findTestCase("Custom Item Details/UTILITIES/OPEN_BROWSER"), [:], STOP_ON_FAILURE): Call Test Case 'Test Cases/Custom Item Details/UTILITIES/OPEN_BROWSER' successfully

2021-05-10 15:09:20 - [TEST_CASE][PASSED] - Test Cases/Custom Item Details/UTILITIES/OPEN_BROWSER: Test Cases/Custom Item Details/UTILITIES/OPEN_BROWSER

2021-05-10 15:09:20 - [TEST_STEP][PASSED] - openBrowser("https://diagnostics.staging.arcadier.io/"): Browser is opened with url: 'https://diagnostics.staging.arcadier.io/'

2021-05-10 15:09:20 - [MESSAGE][INFO] - Starting 'Chrome' driver

2021-05-10 15:09:20 - [MESSAGE][INFO] - Action delay is set to 0 milliseconds

2021-05-10 15:09:31 - [MESSAGE][PASSED] - Browser is opened with url: 'https://diagnostics.staging.arcadier.io/'

2021-05-10 15:09:31 - [TEST_STEP][PASSED] - maximizeWindow(): Current window maximized

2021-05-10 15:09:31 - [MESSAGE][PASSED] - Current window maximized

2021-05-10 15:09:31 - [TEST_STEP][PASSED] - click(findTestObject("Item Details Objects/Page_diagnostics/a_Accept Cookies")): Object: 'Object Repository/Item Details Objects/Page_diagnostics/a_Accept Cookies' is clicked on

2021-05-10 15:09:32 - [MESSAGE][PASSED] - Object: 'Object Repository/Item Details Objects/Page_diagnostics/a_Accept Cookies' is clicked on

2021-05-10 15:09:32 - [TEST_STEP][PASSED] - click(findTestObject("Staging Objects/Page_diagnostics/a_DIABETES DIAGNOSTICS"), STOP_ON_FAILURE): Object: 'Object Repository/Staging Objects/Page_diagnostics/a_DIABETES DIAGNOSTICS' is clicked on

2021-05-10 15:09:34 - [MESSAGE][PASSED] - Object: 'Object Repository/Staging Objects/Page_diagnostics/a_DIABETES DIAGNOSTICS' is clicked on

2021-05-10 15:09:34 - [TEST_STEP][PASSED] - mouseOver(findTestObject("Staging Objects/Page_diagnostics/a_CareSens N Eco Blood Glucose Meter")): Object: 'Object Repository/Staging Objects/Page_diagnostics/a_CareSens N Eco Blood Glucose Meter' is hovered

2021-05-10 15:09:37 - [MESSAGE][PASSED] - Object: 'Object Repository/Staging Objects/Page_diagnostics/a_CareSens N Eco Blood Glucose Meter' is hovered

2021-05-10 15:09:37 - [TEST_STEP][PASSED] - click(findTestObject("Staging Objects/Page_diagnostics/a_CareSens N Eco Blood Glucose Meter")): Object: 'Object Repository/Staging Objects/Page_diagnostics/a_CareSens N Eco Blood Glucose Meter' is clicked on

2021-05-10 15:09:43 - [MESSAGE][PASSED] - Object: 'Object Repository/Staging Objects/Page_diagnostics/a_CareSens N Eco Blood Glucose Meter' is clicked on

2021-05-10 15:09:43 - [MESSAGE][PASSED] - Call Test Case 'Test Cases/Custom Item Details/UTILITIES/OPEN_BROWSER' successfully

2021-05-10 15:09:43 - [TEST_STEP][PASSED] - waitForElementVisible(findTestObject("Staging Objects/Page_diagnostics/span_Power"), 0): Object 'Object Repository/Staging Objects/Page_diagnostics/span_Power' is visible

2021-05-10 15:09:43 - [MESSAGE][WARNING] - Timeout '0' is invalid. Using default page load timeout: '30'

2021-05-10 15:09:44 - [MESSAGE][PASSED] - Object 'Object Repository/Staging Objects/Page_diagnostics/span_Power' is visible

2021-05-10 15:09:44 - [TEST_STEP][PASSED] - verifyElementPresent(findTestObject("Staging Objects/Page_diagnostics/span_Power"), 0): Object 'Object Repository/Staging Objects/Page_diagnostics/span_Power' is present

2021-05-10 15:09:44 - [MESSAGE][WARNING] - Timeout '0' is invalid. Using default page load timeout: '30'

2021-05-10 15:09:45 - [MESSAGE][PASSED] - Object 'Object Repository/Staging Objects/Page_diagnostics/span_Power' is present

2021-05-10 15:09:45 - [TEST_STEP][PASSED] - callTestCase(findTestCase("Custom Item Details/UTILITIES/CLOSE_BROWSER"), [:], STOP_ON_FAILURE): Call Test Case 'Test Cases/Custom Item Details/UTILITIES/CLOSE_BROWSER' successfully

2021-05-10 15:09:45 - [TEST_CASE][PASSED] - Test Cases/Custom Item Details/UTILITIES/CLOSE_BROWSER: Test Cases/Custom Item Details/UTILITIES/CLOSE_BROWSER

2021-05-10 15:09:45 - [TEST_STEP][PASSED] - closeBrowser(): Browser is closed

2021-05-10 15:09:45 - [MESSAGE][PASSED] - Browser is closed

2021-05-10 15:09:45 - [MESSAGE][PASSED] - Call Test Case 'Test Cases/Custom Item Details/UTILITIES/CLOSE_BROWSER' successfully]]></system-out>
         <system-err><![CDATA[]]></system-err>
      </testcase>
      <testcase name="Test Cases/Custom Item Details/TEST CASE/TC_DETAILS_UI_038" time="28.877" classname="Test Cases/Custom Item Details/TEST CASE/TC_DETAILS_UI_038" status="PASSED">
         <system-out><![CDATA[2021-05-10 15:09:45 - [TEST_CASE][PASSED] - Test Cases/Custom Item Details/TEST CASE/TC_DETAILS_UI_038: Test Cases/Custom Item Details/TEST CASE/TC_DETAILS_UI_038

2021-05-10 15:09:45 - [TEST_STEP][PASSED] - callTestCase(findTestCase("Custom Item Details/UTILITIES/OPEN_BROWSER"), [:], STOP_ON_FAILURE): Call Test Case 'Test Cases/Custom Item Details/UTILITIES/OPEN_BROWSER' successfully

2021-05-10 15:09:46 - [TEST_CASE][PASSED] - Test Cases/Custom Item Details/UTILITIES/OPEN_BROWSER: Test Cases/Custom Item Details/UTILITIES/OPEN_BROWSER

2021-05-10 15:09:46 - [TEST_STEP][PASSED] - openBrowser("https://diagnostics.staging.arcadier.io/"): Browser is opened with url: 'https://diagnostics.staging.arcadier.io/'

2021-05-10 15:09:46 - [MESSAGE][INFO] - Starting 'Chrome' driver

2021-05-10 15:09:46 - [MESSAGE][INFO] - Action delay is set to 0 milliseconds

2021-05-10 15:09:57 - [MESSAGE][PASSED] - Browser is opened with url: 'https://diagnostics.staging.arcadier.io/'

2021-05-10 15:09:57 - [TEST_STEP][PASSED] - maximizeWindow(): Current window maximized

2021-05-10 15:09:57 - [MESSAGE][PASSED] - Current window maximized

2021-05-10 15:09:57 - [TEST_STEP][PASSED] - click(findTestObject("Item Details Objects/Page_diagnostics/a_Accept Cookies")): Object: 'Object Repository/Item Details Objects/Page_diagnostics/a_Accept Cookies' is clicked on

2021-05-10 15:09:58 - [MESSAGE][PASSED] - Object: 'Object Repository/Item Details Objects/Page_diagnostics/a_Accept Cookies' is clicked on

2021-05-10 15:09:58 - [TEST_STEP][PASSED] - click(findTestObject("Staging Objects/Page_diagnostics/a_DIABETES DIAGNOSTICS"), STOP_ON_FAILURE): Object: 'Object Repository/Staging Objects/Page_diagnostics/a_DIABETES DIAGNOSTICS' is clicked on

2021-05-10 15:10:00 - [MESSAGE][PASSED] - Object: 'Object Repository/Staging Objects/Page_diagnostics/a_DIABETES DIAGNOSTICS' is clicked on

2021-05-10 15:10:00 - [TEST_STEP][PASSED] - mouseOver(findTestObject("Staging Objects/Page_diagnostics/a_CareSens N Eco Blood Glucose Meter")): Object: 'Object Repository/Staging Objects/Page_diagnostics/a_CareSens N Eco Blood Glucose Meter' is hovered

2021-05-10 15:10:03 - [MESSAGE][PASSED] - Object: 'Object Repository/Staging Objects/Page_diagnostics/a_CareSens N Eco Blood Glucose Meter' is hovered

2021-05-10 15:10:03 - [TEST_STEP][PASSED] - click(findTestObject("Staging Objects/Page_diagnostics/a_CareSens N Eco Blood Glucose Meter")): Object: 'Object Repository/Staging Objects/Page_diagnostics/a_CareSens N Eco Blood Glucose Meter' is clicked on

2021-05-10 15:10:11 - [MESSAGE][PASSED] - Object: 'Object Repository/Staging Objects/Page_diagnostics/a_CareSens N Eco Blood Glucose Meter' is clicked on

2021-05-10 15:10:11 - [MESSAGE][PASSED] - Call Test Case 'Test Cases/Custom Item Details/UTILITIES/OPEN_BROWSER' successfully

2021-05-10 15:10:11 - [TEST_STEP][PASSED] - waitForElementVisible(findTestObject("Staging Objects/Page_diagnostics/span_Product reference"), 0): Object 'Object Repository/Staging Objects/Page_diagnostics/span_Product reference' is visible

2021-05-10 15:10:11 - [MESSAGE][WARNING] - Timeout '0' is invalid. Using default page load timeout: '30'

2021-05-10 15:10:11 - [MESSAGE][PASSED] - Object 'Object Repository/Staging Objects/Page_diagnostics/span_Product reference' is visible

2021-05-10 15:10:11 - [TEST_STEP][PASSED] - verifyElementPresent(findTestObject("Staging Objects/Page_diagnostics/span_Product reference"), 0): Object 'Object Repository/Staging Objects/Page_diagnostics/span_Product reference' is present

2021-05-10 15:10:11 - [MESSAGE][WARNING] - Timeout '0' is invalid. Using default page load timeout: '30'

2021-05-10 15:10:11 - [MESSAGE][PASSED] - Object 'Object Repository/Staging Objects/Page_diagnostics/span_Product reference' is present

2021-05-10 15:10:11 - [TEST_STEP][PASSED] - callTestCase(findTestCase("Custom Item Details/UTILITIES/CLOSE_BROWSER"), [:], STOP_ON_FAILURE): Call Test Case 'Test Cases/Custom Item Details/UTILITIES/CLOSE_BROWSER' successfully

2021-05-10 15:10:11 - [TEST_CASE][PASSED] - Test Cases/Custom Item Details/UTILITIES/CLOSE_BROWSER: Test Cases/Custom Item Details/UTILITIES/CLOSE_BROWSER

2021-05-10 15:10:11 - [TEST_STEP][PASSED] - closeBrowser(): Browser is closed

2021-05-10 15:10:14 - [MESSAGE][PASSED] - Browser is closed

2021-05-10 15:10:14 - [MESSAGE][PASSED] - Call Test Case 'Test Cases/Custom Item Details/UTILITIES/CLOSE_BROWSER' successfully]]></system-out>
         <system-err><![CDATA[]]></system-err>
      </testcase>
      <testcase name="Test Cases/Custom Item Details/TEST CASE/TC_DETAILS_UI_039" time="25.326" classname="Test Cases/Custom Item Details/TEST CASE/TC_DETAILS_UI_039" status="PASSED">
         <system-out><![CDATA[2021-05-10 15:10:14 - [TEST_CASE][PASSED] - Test Cases/Custom Item Details/TEST CASE/TC_DETAILS_UI_039: Test Cases/Custom Item Details/TEST CASE/TC_DETAILS_UI_039

2021-05-10 15:10:14 - [TEST_STEP][PASSED] - callTestCase(findTestCase("Custom Item Details/UTILITIES/OPEN_BROWSER"), [:], STOP_ON_FAILURE): Call Test Case 'Test Cases/Custom Item Details/UTILITIES/OPEN_BROWSER' successfully

2021-05-10 15:10:14 - [TEST_CASE][PASSED] - Test Cases/Custom Item Details/UTILITIES/OPEN_BROWSER: Test Cases/Custom Item Details/UTILITIES/OPEN_BROWSER

2021-05-10 15:10:14 - [TEST_STEP][PASSED] - openBrowser("https://diagnostics.staging.arcadier.io/"): Browser is opened with url: 'https://diagnostics.staging.arcadier.io/'

2021-05-10 15:10:14 - [MESSAGE][INFO] - Starting 'Chrome' driver

2021-05-10 15:10:14 - [MESSAGE][INFO] - Action delay is set to 0 milliseconds

2021-05-10 15:10:26 - [MESSAGE][PASSED] - Browser is opened with url: 'https://diagnostics.staging.arcadier.io/'

2021-05-10 15:10:26 - [TEST_STEP][PASSED] - maximizeWindow(): Current window maximized

2021-05-10 15:10:27 - [MESSAGE][PASSED] - Current window maximized

2021-05-10 15:10:27 - [TEST_STEP][PASSED] - click(findTestObject("Item Details Objects/Page_diagnostics/a_Accept Cookies")): Object: 'Object Repository/Item Details Objects/Page_diagnostics/a_Accept Cookies' is clicked on

2021-05-10 15:10:28 - [MESSAGE][PASSED] - Object: 'Object Repository/Item Details Objects/Page_diagnostics/a_Accept Cookies' is clicked on

2021-05-10 15:10:28 - [TEST_STEP][PASSED] - click(findTestObject("Staging Objects/Page_diagnostics/a_DIABETES DIAGNOSTICS"), STOP_ON_FAILURE): Object: 'Object Repository/Staging Objects/Page_diagnostics/a_DIABETES DIAGNOSTICS' is clicked on

2021-05-10 15:10:30 - [MESSAGE][PASSED] - Object: 'Object Repository/Staging Objects/Page_diagnostics/a_DIABETES DIAGNOSTICS' is clicked on

2021-05-10 15:10:30 - [TEST_STEP][PASSED] - mouseOver(findTestObject("Staging Objects/Page_diagnostics/a_CareSens N Eco Blood Glucose Meter")): Object: 'Object Repository/Staging Objects/Page_diagnostics/a_CareSens N Eco Blood Glucose Meter' is hovered

2021-05-10 15:10:33 - [MESSAGE][PASSED] - Object: 'Object Repository/Staging Objects/Page_diagnostics/a_CareSens N Eco Blood Glucose Meter' is hovered

2021-05-10 15:10:33 - [TEST_STEP][PASSED] - click(findTestObject("Staging Objects/Page_diagnostics/a_CareSens N Eco Blood Glucose Meter")): Object: 'Object Repository/Staging Objects/Page_diagnostics/a_CareSens N Eco Blood Glucose Meter' is clicked on

2021-05-10 15:10:37 - [MESSAGE][PASSED] - Object: 'Object Repository/Staging Objects/Page_diagnostics/a_CareSens N Eco Blood Glucose Meter' is clicked on

2021-05-10 15:10:37 - [MESSAGE][PASSED] - Call Test Case 'Test Cases/Custom Item Details/UTILITIES/OPEN_BROWSER' successfully

2021-05-10 15:10:37 - [TEST_STEP][PASSED] - waitForElementVisible(findTestObject("Staging Objects/Page_diagnostics/span_Regulatory approval"), 0): Object 'Object Repository/Staging Objects/Page_diagnostics/span_Regulatory approval' is visible

2021-05-10 15:10:37 - [MESSAGE][WARNING] - Timeout '0' is invalid. Using default page load timeout: '30'

2021-05-10 15:10:39 - [MESSAGE][PASSED] - Object 'Object Repository/Staging Objects/Page_diagnostics/span_Regulatory approval' is visible

2021-05-10 15:10:39 - [TEST_STEP][PASSED] - verifyElementPresent(findTestObject("Staging Objects/Page_diagnostics/span_Regulatory approval"), 0): Object 'Object Repository/Staging Objects/Page_diagnostics/span_Regulatory approval' is present

2021-05-10 15:10:39 - [MESSAGE][WARNING] - Timeout '0' is invalid. Using default page load timeout: '30'

2021-05-10 15:10:39 - [MESSAGE][PASSED] - Object 'Object Repository/Staging Objects/Page_diagnostics/span_Regulatory approval' is present

2021-05-10 15:10:39 - [TEST_STEP][PASSED] - callTestCase(findTestCase("Custom Item Details/UTILITIES/CLOSE_BROWSER"), [:], STOP_ON_FAILURE): Call Test Case 'Test Cases/Custom Item Details/UTILITIES/CLOSE_BROWSER' successfully

2021-05-10 15:10:39 - [TEST_CASE][PASSED] - Test Cases/Custom Item Details/UTILITIES/CLOSE_BROWSER: Test Cases/Custom Item Details/UTILITIES/CLOSE_BROWSER

2021-05-10 15:10:39 - [TEST_STEP][PASSED] - closeBrowser(): Browser is closed

2021-05-10 15:10:40 - [MESSAGE][PASSED] - Browser is closed

2021-05-10 15:10:40 - [MESSAGE][PASSED] - Call Test Case 'Test Cases/Custom Item Details/UTILITIES/CLOSE_BROWSER' successfully]]></system-out>
         <system-err><![CDATA[]]></system-err>
      </testcase>
      <testcase name="Test Cases/Custom Item Details/TEST CASE/TC_DETAILS_UI_040" time="24.426" classname="Test Cases/Custom Item Details/TEST CASE/TC_DETAILS_UI_040" status="PASSED">
         <system-out><![CDATA[2021-05-10 15:10:40 - [TEST_CASE][PASSED] - Test Cases/Custom Item Details/TEST CASE/TC_DETAILS_UI_040: Test Cases/Custom Item Details/TEST CASE/TC_DETAILS_UI_040

2021-05-10 15:10:40 - [TEST_STEP][PASSED] - callTestCase(findTestCase("Custom Item Details/UTILITIES/OPEN_BROWSER"), [:], STOP_ON_FAILURE): Call Test Case 'Test Cases/Custom Item Details/UTILITIES/OPEN_BROWSER' successfully

2021-05-10 15:10:40 - [TEST_CASE][PASSED] - Test Cases/Custom Item Details/UTILITIES/OPEN_BROWSER: Test Cases/Custom Item Details/UTILITIES/OPEN_BROWSER

2021-05-10 15:10:40 - [TEST_STEP][PASSED] - openBrowser("https://diagnostics.staging.arcadier.io/"): Browser is opened with url: 'https://diagnostics.staging.arcadier.io/'

2021-05-10 15:10:40 - [MESSAGE][INFO] - Starting 'Chrome' driver

2021-05-10 15:10:40 - [MESSAGE][INFO] - Action delay is set to 0 milliseconds

2021-05-10 15:10:52 - [MESSAGE][PASSED] - Browser is opened with url: 'https://diagnostics.staging.arcadier.io/'

2021-05-10 15:10:52 - [TEST_STEP][PASSED] - maximizeWindow(): Current window maximized

2021-05-10 15:10:52 - [MESSAGE][PASSED] - Current window maximized

2021-05-10 15:10:52 - [TEST_STEP][PASSED] - click(findTestObject("Item Details Objects/Page_diagnostics/a_Accept Cookies")): Object: 'Object Repository/Item Details Objects/Page_diagnostics/a_Accept Cookies' is clicked on

2021-05-10 15:10:53 - [MESSAGE][PASSED] - Object: 'Object Repository/Item Details Objects/Page_diagnostics/a_Accept Cookies' is clicked on

2021-05-10 15:10:53 - [TEST_STEP][PASSED] - click(findTestObject("Staging Objects/Page_diagnostics/a_DIABETES DIAGNOSTICS"), STOP_ON_FAILURE): Object: 'Object Repository/Staging Objects/Page_diagnostics/a_DIABETES DIAGNOSTICS' is clicked on

2021-05-10 15:10:54 - [MESSAGE][PASSED] - Object: 'Object Repository/Staging Objects/Page_diagnostics/a_DIABETES DIAGNOSTICS' is clicked on

2021-05-10 15:10:54 - [TEST_STEP][PASSED] - mouseOver(findTestObject("Staging Objects/Page_diagnostics/a_CareSens N Eco Blood Glucose Meter")): Object: 'Object Repository/Staging Objects/Page_diagnostics/a_CareSens N Eco Blood Glucose Meter' is hovered

2021-05-10 15:10:58 - [MESSAGE][PASSED] - Object: 'Object Repository/Staging Objects/Page_diagnostics/a_CareSens N Eco Blood Glucose Meter' is hovered

2021-05-10 15:10:58 - [TEST_STEP][PASSED] - click(findTestObject("Staging Objects/Page_diagnostics/a_CareSens N Eco Blood Glucose Meter")): Object: 'Object Repository/Staging Objects/Page_diagnostics/a_CareSens N Eco Blood Glucose Meter' is clicked on

2021-05-10 15:11:02 - [MESSAGE][PASSED] - Object: 'Object Repository/Staging Objects/Page_diagnostics/a_CareSens N Eco Blood Glucose Meter' is clicked on

2021-05-10 15:11:02 - [MESSAGE][PASSED] - Call Test Case 'Test Cases/Custom Item Details/UTILITIES/OPEN_BROWSER' successfully

2021-05-10 15:11:02 - [TEST_STEP][PASSED] - waitForElementVisible(findTestObject("Staging Objects/Page_diagnostics/span_Sample type"), 0): Object 'Object Repository/Staging Objects/Page_diagnostics/span_Sample type' is visible

2021-05-10 15:11:02 - [MESSAGE][WARNING] - Timeout '0' is invalid. Using default page load timeout: '30'

2021-05-10 15:11:03 - [MESSAGE][PASSED] - Object 'Object Repository/Staging Objects/Page_diagnostics/span_Sample type' is visible

2021-05-10 15:11:03 - [TEST_STEP][PASSED] - verifyElementPresent(findTestObject("Staging Objects/Page_diagnostics/span_Sample type"), 0): Object 'Object Repository/Staging Objects/Page_diagnostics/span_Sample type' is present

2021-05-10 15:11:03 - [MESSAGE][WARNING] - Timeout '0' is invalid. Using default page load timeout: '30'

2021-05-10 15:11:03 - [MESSAGE][PASSED] - Object 'Object Repository/Staging Objects/Page_diagnostics/span_Sample type' is present

2021-05-10 15:11:03 - [TEST_STEP][PASSED] - callTestCase(findTestCase("Custom Item Details/UTILITIES/CLOSE_BROWSER"), [:], STOP_ON_FAILURE): Call Test Case 'Test Cases/Custom Item Details/UTILITIES/CLOSE_BROWSER' successfully

2021-05-10 15:11:03 - [TEST_CASE][PASSED] - Test Cases/Custom Item Details/UTILITIES/CLOSE_BROWSER: Test Cases/Custom Item Details/UTILITIES/CLOSE_BROWSER

2021-05-10 15:11:03 - [TEST_STEP][PASSED] - closeBrowser(): Browser is closed

2021-05-10 15:11:04 - [MESSAGE][PASSED] - Browser is closed

2021-05-10 15:11:04 - [MESSAGE][PASSED] - Call Test Case 'Test Cases/Custom Item Details/UTILITIES/CLOSE_BROWSER' successfully]]></system-out>
         <system-err><![CDATA[]]></system-err>
      </testcase>
      <testcase name="Test Cases/Custom Item Details/TEST CASE/TC_DETAILS_UI_041" time="25.224" classname="Test Cases/Custom Item Details/TEST CASE/TC_DETAILS_UI_041" status="PASSED">
         <system-out><![CDATA[2021-05-10 15:11:04 - [TEST_CASE][PASSED] - Test Cases/Custom Item Details/TEST CASE/TC_DETAILS_UI_041: Test Cases/Custom Item Details/TEST CASE/TC_DETAILS_UI_041

2021-05-10 15:11:04 - [TEST_STEP][PASSED] - callTestCase(findTestCase("Custom Item Details/UTILITIES/OPEN_BROWSER"), [:], STOP_ON_FAILURE): Call Test Case 'Test Cases/Custom Item Details/UTILITIES/OPEN_BROWSER' successfully

2021-05-10 15:11:04 - [TEST_CASE][PASSED] - Test Cases/Custom Item Details/UTILITIES/OPEN_BROWSER: Test Cases/Custom Item Details/UTILITIES/OPEN_BROWSER

2021-05-10 15:11:04 - [TEST_STEP][PASSED] - openBrowser("https://diagnostics.staging.arcadier.io/"): Browser is opened with url: 'https://diagnostics.staging.arcadier.io/'

2021-05-10 15:11:04 - [MESSAGE][INFO] - Starting 'Chrome' driver

2021-05-10 15:11:04 - [MESSAGE][INFO] - Action delay is set to 0 milliseconds

2021-05-10 15:11:17 - [MESSAGE][PASSED] - Browser is opened with url: 'https://diagnostics.staging.arcadier.io/'

2021-05-10 15:11:17 - [TEST_STEP][PASSED] - maximizeWindow(): Current window maximized

2021-05-10 15:11:17 - [MESSAGE][PASSED] - Current window maximized

2021-05-10 15:11:17 - [TEST_STEP][PASSED] - click(findTestObject("Item Details Objects/Page_diagnostics/a_Accept Cookies")): Object: 'Object Repository/Item Details Objects/Page_diagnostics/a_Accept Cookies' is clicked on

2021-05-10 15:11:18 - [MESSAGE][PASSED] - Object: 'Object Repository/Item Details Objects/Page_diagnostics/a_Accept Cookies' is clicked on

2021-05-10 15:11:18 - [TEST_STEP][PASSED] - click(findTestObject("Staging Objects/Page_diagnostics/a_DIABETES DIAGNOSTICS"), STOP_ON_FAILURE): Object: 'Object Repository/Staging Objects/Page_diagnostics/a_DIABETES DIAGNOSTICS' is clicked on

2021-05-10 15:11:20 - [MESSAGE][PASSED] - Object: 'Object Repository/Staging Objects/Page_diagnostics/a_DIABETES DIAGNOSTICS' is clicked on

2021-05-10 15:11:20 - [TEST_STEP][PASSED] - mouseOver(findTestObject("Staging Objects/Page_diagnostics/a_CareSens N Eco Blood Glucose Meter")): Object: 'Object Repository/Staging Objects/Page_diagnostics/a_CareSens N Eco Blood Glucose Meter' is hovered

2021-05-10 15:11:23 - [MESSAGE][PASSED] - Object: 'Object Repository/Staging Objects/Page_diagnostics/a_CareSens N Eco Blood Glucose Meter' is hovered

2021-05-10 15:11:23 - [TEST_STEP][PASSED] - click(findTestObject("Staging Objects/Page_diagnostics/a_CareSens N Eco Blood Glucose Meter")): Object: 'Object Repository/Staging Objects/Page_diagnostics/a_CareSens N Eco Blood Glucose Meter' is clicked on

2021-05-10 15:11:27 - [MESSAGE][PASSED] - Object: 'Object Repository/Staging Objects/Page_diagnostics/a_CareSens N Eco Blood Glucose Meter' is clicked on

2021-05-10 15:11:27 - [MESSAGE][PASSED] - Call Test Case 'Test Cases/Custom Item Details/UTILITIES/OPEN_BROWSER' successfully

2021-05-10 15:11:27 - [TEST_STEP][PASSED] - waitForElementVisible(findTestObject("Staging Objects/Page_diagnostics/span_Storage conditions"), 0): Object 'Object Repository/Staging Objects/Page_diagnostics/span_Storage conditions' is visible

2021-05-10 15:11:27 - [MESSAGE][WARNING] - Timeout '0' is invalid. Using default page load timeout: '30'

2021-05-10 15:11:28 - [MESSAGE][PASSED] - Object 'Object Repository/Staging Objects/Page_diagnostics/span_Storage conditions' is visible

2021-05-10 15:11:28 - [TEST_STEP][PASSED] - verifyElementPresent(findTestObject("Staging Objects/Page_diagnostics/span_Storage conditions"), 0): Object 'Object Repository/Staging Objects/Page_diagnostics/span_Storage conditions' is present

2021-05-10 15:11:28 - [MESSAGE][WARNING] - Timeout '0' is invalid. Using default page load timeout: '30'

2021-05-10 15:11:28 - [MESSAGE][PASSED] - Object 'Object Repository/Staging Objects/Page_diagnostics/span_Storage conditions' is present

2021-05-10 15:11:28 - [TEST_STEP][PASSED] - callTestCase(findTestCase("Custom Item Details/UTILITIES/CLOSE_BROWSER"), [:], STOP_ON_FAILURE): Call Test Case 'Test Cases/Custom Item Details/UTILITIES/CLOSE_BROWSER' successfully

2021-05-10 15:11:29 - [TEST_CASE][PASSED] - Test Cases/Custom Item Details/UTILITIES/CLOSE_BROWSER: Test Cases/Custom Item Details/UTILITIES/CLOSE_BROWSER

2021-05-10 15:11:29 - [TEST_STEP][PASSED] - closeBrowser(): Browser is closed

2021-05-10 15:11:29 - [MESSAGE][PASSED] - Browser is closed

2021-05-10 15:11:29 - [MESSAGE][PASSED] - Call Test Case 'Test Cases/Custom Item Details/UTILITIES/CLOSE_BROWSER' successfully]]></system-out>
         <system-err><![CDATA[]]></system-err>
      </testcase>
      <testcase name="Test Cases/Custom Item Details/TEST CASE/TC_DETAILS_UI_042" time="27.354" classname="Test Cases/Custom Item Details/TEST CASE/TC_DETAILS_UI_042" status="PASSED">
         <system-out><![CDATA[2021-05-10 15:11:29 - [TEST_CASE][PASSED] - Test Cases/Custom Item Details/TEST CASE/TC_DETAILS_UI_042: Test Cases/Custom Item Details/TEST CASE/TC_DETAILS_UI_042

2021-05-10 15:11:29 - [TEST_STEP][PASSED] - callTestCase(findTestCase("Custom Item Details/UTILITIES/OPEN_BROWSER"), [:], STOP_ON_FAILURE): Call Test Case 'Test Cases/Custom Item Details/UTILITIES/OPEN_BROWSER' successfully

2021-05-10 15:11:29 - [TEST_CASE][PASSED] - Test Cases/Custom Item Details/UTILITIES/OPEN_BROWSER: Test Cases/Custom Item Details/UTILITIES/OPEN_BROWSER

2021-05-10 15:11:29 - [TEST_STEP][PASSED] - openBrowser("https://diagnostics.staging.arcadier.io/"): Browser is opened with url: 'https://diagnostics.staging.arcadier.io/'

2021-05-10 15:11:29 - [MESSAGE][INFO] - Starting 'Chrome' driver

2021-05-10 15:11:29 - [MESSAGE][INFO] - Action delay is set to 0 milliseconds

2021-05-10 15:11:42 - [MESSAGE][PASSED] - Browser is opened with url: 'https://diagnostics.staging.arcadier.io/'

2021-05-10 15:11:42 - [TEST_STEP][PASSED] - maximizeWindow(): Current window maximized

2021-05-10 15:11:42 - [MESSAGE][PASSED] - Current window maximized

2021-05-10 15:11:42 - [TEST_STEP][PASSED] - click(findTestObject("Item Details Objects/Page_diagnostics/a_Accept Cookies")): Object: 'Object Repository/Item Details Objects/Page_diagnostics/a_Accept Cookies' is clicked on

2021-05-10 15:11:43 - [MESSAGE][PASSED] - Object: 'Object Repository/Item Details Objects/Page_diagnostics/a_Accept Cookies' is clicked on

2021-05-10 15:11:43 - [TEST_STEP][PASSED] - click(findTestObject("Staging Objects/Page_diagnostics/a_DIABETES DIAGNOSTICS"), STOP_ON_FAILURE): Object: 'Object Repository/Staging Objects/Page_diagnostics/a_DIABETES DIAGNOSTICS' is clicked on

2021-05-10 15:11:45 - [MESSAGE][PASSED] - Object: 'Object Repository/Staging Objects/Page_diagnostics/a_DIABETES DIAGNOSTICS' is clicked on

2021-05-10 15:11:45 - [TEST_STEP][PASSED] - mouseOver(findTestObject("Staging Objects/Page_diagnostics/a_CareSens N Eco Blood Glucose Meter")): Object: 'Object Repository/Staging Objects/Page_diagnostics/a_CareSens N Eco Blood Glucose Meter' is hovered

2021-05-10 15:11:48 - [MESSAGE][PASSED] - Object: 'Object Repository/Staging Objects/Page_diagnostics/a_CareSens N Eco Blood Glucose Meter' is hovered

2021-05-10 15:11:48 - [TEST_STEP][PASSED] - click(findTestObject("Staging Objects/Page_diagnostics/a_CareSens N Eco Blood Glucose Meter")): Object: 'Object Repository/Staging Objects/Page_diagnostics/a_CareSens N Eco Blood Glucose Meter' is clicked on

2021-05-10 15:11:55 - [MESSAGE][PASSED] - Object: 'Object Repository/Staging Objects/Page_diagnostics/a_CareSens N Eco Blood Glucose Meter' is clicked on

2021-05-10 15:11:55 - [MESSAGE][PASSED] - Call Test Case 'Test Cases/Custom Item Details/UTILITIES/OPEN_BROWSER' successfully

2021-05-10 15:11:55 - [TEST_STEP][PASSED] - waitForElementVisible(findTestObject("Staging Objects/Page_diagnostics/span_Technology principle"), 0): Object 'Object Repository/Staging Objects/Page_diagnostics/span_Technology principle' is visible

2021-05-10 15:11:55 - [MESSAGE][WARNING] - Timeout '0' is invalid. Using default page load timeout: '30'

2021-05-10 15:11:56 - [MESSAGE][PASSED] - Object 'Object Repository/Staging Objects/Page_diagnostics/span_Technology principle' is visible

2021-05-10 15:11:56 - [TEST_STEP][PASSED] - verifyElementPresent(findTestObject("Staging Objects/Page_diagnostics/span_Technology principle"), 0): Object 'Object Repository/Staging Objects/Page_diagnostics/span_Technology principle' is present

2021-05-10 15:11:56 - [MESSAGE][WARNING] - Timeout '0' is invalid. Using default page load timeout: '30'

2021-05-10 15:11:56 - [MESSAGE][PASSED] - Object 'Object Repository/Staging Objects/Page_diagnostics/span_Technology principle' is present

2021-05-10 15:11:56 - [TEST_STEP][PASSED] - callTestCase(findTestCase("Custom Item Details/UTILITIES/CLOSE_BROWSER"), [:], STOP_ON_FAILURE): Call Test Case 'Test Cases/Custom Item Details/UTILITIES/CLOSE_BROWSER' successfully

2021-05-10 15:11:56 - [TEST_CASE][PASSED] - Test Cases/Custom Item Details/UTILITIES/CLOSE_BROWSER: Test Cases/Custom Item Details/UTILITIES/CLOSE_BROWSER

2021-05-10 15:11:56 - [TEST_STEP][PASSED] - closeBrowser(): Browser is closed

2021-05-10 15:11:57 - [MESSAGE][PASSED] - Browser is closed

2021-05-10 15:11:57 - [MESSAGE][PASSED] - Call Test Case 'Test Cases/Custom Item Details/UTILITIES/CLOSE_BROWSER' successfully]]></system-out>
         <system-err><![CDATA[]]></system-err>
      </testcase>
      <testcase name="Test Cases/Custom Item Details/TEST CASE/TC_DETAILS_UI_043" time="24.369" classname="Test Cases/Custom Item Details/TEST CASE/TC_DETAILS_UI_043" status="PASSED">
         <system-out><![CDATA[2021-05-10 15:11:57 - [TEST_CASE][PASSED] - Test Cases/Custom Item Details/TEST CASE/TC_DETAILS_UI_043: Test Cases/Custom Item Details/TEST CASE/TC_DETAILS_UI_043

2021-05-10 15:11:57 - [TEST_STEP][PASSED] - callTestCase(findTestCase("Custom Item Details/UTILITIES/OPEN_BROWSER"), [:], STOP_ON_FAILURE): Call Test Case 'Test Cases/Custom Item Details/UTILITIES/OPEN_BROWSER' successfully

2021-05-10 15:11:57 - [TEST_CASE][PASSED] - Test Cases/Custom Item Details/UTILITIES/OPEN_BROWSER: Test Cases/Custom Item Details/UTILITIES/OPEN_BROWSER

2021-05-10 15:11:57 - [TEST_STEP][PASSED] - openBrowser("https://diagnostics.staging.arcadier.io/"): Browser is opened with url: 'https://diagnostics.staging.arcadier.io/'

2021-05-10 15:11:57 - [MESSAGE][INFO] - Starting 'Chrome' driver

2021-05-10 15:11:57 - [MESSAGE][INFO] - Action delay is set to 0 milliseconds

2021-05-10 15:12:08 - [MESSAGE][PASSED] - Browser is opened with url: 'https://diagnostics.staging.arcadier.io/'

2021-05-10 15:12:08 - [TEST_STEP][PASSED] - maximizeWindow(): Current window maximized

2021-05-10 15:12:08 - [MESSAGE][PASSED] - Current window maximized

2021-05-10 15:12:08 - [TEST_STEP][PASSED] - click(findTestObject("Item Details Objects/Page_diagnostics/a_Accept Cookies")): Object: 'Object Repository/Item Details Objects/Page_diagnostics/a_Accept Cookies' is clicked on

2021-05-10 15:12:09 - [MESSAGE][PASSED] - Object: 'Object Repository/Item Details Objects/Page_diagnostics/a_Accept Cookies' is clicked on

2021-05-10 15:12:09 - [TEST_STEP][PASSED] - click(findTestObject("Staging Objects/Page_diagnostics/a_DIABETES DIAGNOSTICS"), STOP_ON_FAILURE): Object: 'Object Repository/Staging Objects/Page_diagnostics/a_DIABETES DIAGNOSTICS' is clicked on

2021-05-10 15:12:11 - [MESSAGE][PASSED] - Object: 'Object Repository/Staging Objects/Page_diagnostics/a_DIABETES DIAGNOSTICS' is clicked on

2021-05-10 15:12:11 - [TEST_STEP][PASSED] - mouseOver(findTestObject("Staging Objects/Page_diagnostics/a_CareSens N Eco Blood Glucose Meter")): Object: 'Object Repository/Staging Objects/Page_diagnostics/a_CareSens N Eco Blood Glucose Meter' is hovered

2021-05-10 15:12:15 - [MESSAGE][PASSED] - Object: 'Object Repository/Staging Objects/Page_diagnostics/a_CareSens N Eco Blood Glucose Meter' is hovered

2021-05-10 15:12:15 - [TEST_STEP][PASSED] - click(findTestObject("Staging Objects/Page_diagnostics/a_CareSens N Eco Blood Glucose Meter")): Object: 'Object Repository/Staging Objects/Page_diagnostics/a_CareSens N Eco Blood Glucose Meter' is clicked on

2021-05-10 15:12:19 - [MESSAGE][PASSED] - Object: 'Object Repository/Staging Objects/Page_diagnostics/a_CareSens N Eco Blood Glucose Meter' is clicked on

2021-05-10 15:12:19 - [MESSAGE][PASSED] - Call Test Case 'Test Cases/Custom Item Details/UTILITIES/OPEN_BROWSER' successfully

2021-05-10 15:12:19 - [TEST_STEP][PASSED] - waitForElementVisible(findTestObject("Staging Objects/Page_diagnostics/span_Test strip ejector"), 0): Object 'Object Repository/Staging Objects/Page_diagnostics/span_Test strip ejector' is visible

2021-05-10 15:12:19 - [MESSAGE][WARNING] - Timeout '0' is invalid. Using default page load timeout: '30'

2021-05-10 15:12:20 - [MESSAGE][PASSED] - Object 'Object Repository/Staging Objects/Page_diagnostics/span_Test strip ejector' is visible

2021-05-10 15:12:20 - [TEST_STEP][PASSED] - verifyElementPresent(findTestObject("Staging Objects/Page_diagnostics/span_Test strip ejector"), 0): Object 'Object Repository/Staging Objects/Page_diagnostics/span_Test strip ejector' is present

2021-05-10 15:12:20 - [MESSAGE][WARNING] - Timeout '0' is invalid. Using default page load timeout: '30'

2021-05-10 15:12:20 - [MESSAGE][PASSED] - Object 'Object Repository/Staging Objects/Page_diagnostics/span_Test strip ejector' is present

2021-05-10 15:12:20 - [TEST_STEP][PASSED] - callTestCase(findTestCase("Custom Item Details/UTILITIES/CLOSE_BROWSER"), [:], STOP_ON_FAILURE): Call Test Case 'Test Cases/Custom Item Details/UTILITIES/CLOSE_BROWSER' successfully

2021-05-10 15:12:20 - [TEST_CASE][PASSED] - Test Cases/Custom Item Details/UTILITIES/CLOSE_BROWSER: Test Cases/Custom Item Details/UTILITIES/CLOSE_BROWSER

2021-05-10 15:12:20 - [TEST_STEP][PASSED] - closeBrowser(): Browser is closed

2021-05-10 15:12:21 - [MESSAGE][PASSED] - Browser is closed

2021-05-10 15:12:21 - [MESSAGE][PASSED] - Call Test Case 'Test Cases/Custom Item Details/UTILITIES/CLOSE_BROWSER' successfully]]></system-out>
         <system-err><![CDATA[]]></system-err>
      </testcase>
      <testcase name="Test Cases/Custom Item Details/TEST CASE/TC_DETAILS_UI_044" time="24.305" classname="Test Cases/Custom Item Details/TEST CASE/TC_DETAILS_UI_044" status="PASSED">
         <system-out><![CDATA[2021-05-10 15:12:21 - [TEST_CASE][PASSED] - Test Cases/Custom Item Details/TEST CASE/TC_DETAILS_UI_044: Test Cases/Custom Item Details/TEST CASE/TC_DETAILS_UI_044

2021-05-10 15:12:21 - [TEST_STEP][PASSED] - callTestCase(findTestCase("Custom Item Details/UTILITIES/OPEN_BROWSER"), [:], STOP_ON_FAILURE): Call Test Case 'Test Cases/Custom Item Details/UTILITIES/OPEN_BROWSER' successfully

2021-05-10 15:12:21 - [TEST_CASE][PASSED] - Test Cases/Custom Item Details/UTILITIES/OPEN_BROWSER: Test Cases/Custom Item Details/UTILITIES/OPEN_BROWSER

2021-05-10 15:12:21 - [TEST_STEP][PASSED] - openBrowser("https://diagnostics.staging.arcadier.io/"): Browser is opened with url: 'https://diagnostics.staging.arcadier.io/'

2021-05-10 15:12:21 - [MESSAGE][INFO] - Starting 'Chrome' driver

2021-05-10 15:12:21 - [MESSAGE][INFO] - Action delay is set to 0 milliseconds

2021-05-10 15:12:31 - [MESSAGE][PASSED] - Browser is opened with url: 'https://diagnostics.staging.arcadier.io/'

2021-05-10 15:12:31 - [TEST_STEP][PASSED] - maximizeWindow(): Current window maximized

2021-05-10 15:12:31 - [MESSAGE][PASSED] - Current window maximized

2021-05-10 15:12:31 - [TEST_STEP][PASSED] - click(findTestObject("Item Details Objects/Page_diagnostics/a_Accept Cookies")): Object: 'Object Repository/Item Details Objects/Page_diagnostics/a_Accept Cookies' is clicked on

2021-05-10 15:12:32 - [MESSAGE][PASSED] - Object: 'Object Repository/Item Details Objects/Page_diagnostics/a_Accept Cookies' is clicked on

2021-05-10 15:12:32 - [TEST_STEP][PASSED] - click(findTestObject("Staging Objects/Page_diagnostics/a_DIABETES DIAGNOSTICS"), STOP_ON_FAILURE): Object: 'Object Repository/Staging Objects/Page_diagnostics/a_DIABETES DIAGNOSTICS' is clicked on

2021-05-10 15:12:34 - [MESSAGE][PASSED] - Object: 'Object Repository/Staging Objects/Page_diagnostics/a_DIABETES DIAGNOSTICS' is clicked on

2021-05-10 15:12:34 - [TEST_STEP][PASSED] - mouseOver(findTestObject("Staging Objects/Page_diagnostics/a_CareSens N Eco Blood Glucose Meter")): Object: 'Object Repository/Staging Objects/Page_diagnostics/a_CareSens N Eco Blood Glucose Meter' is hovered

2021-05-10 15:12:37 - [MESSAGE][PASSED] - Object: 'Object Repository/Staging Objects/Page_diagnostics/a_CareSens N Eco Blood Glucose Meter' is hovered

2021-05-10 15:12:37 - [TEST_STEP][PASSED] - click(findTestObject("Staging Objects/Page_diagnostics/a_CareSens N Eco Blood Glucose Meter")): Object: 'Object Repository/Staging Objects/Page_diagnostics/a_CareSens N Eco Blood Glucose Meter' is clicked on

2021-05-10 15:12:43 - [MESSAGE][PASSED] - Object: 'Object Repository/Staging Objects/Page_diagnostics/a_CareSens N Eco Blood Glucose Meter' is clicked on

2021-05-10 15:12:43 - [MESSAGE][PASSED] - Call Test Case 'Test Cases/Custom Item Details/UTILITIES/OPEN_BROWSER' successfully

2021-05-10 15:12:43 - [TEST_STEP][PASSED] - waitForElementVisible(findTestObject("Staging Objects/Page_diagnostics/span_Transportation"), 0): Object 'Object Repository/Staging Objects/Page_diagnostics/span_Transportation' is visible

2021-05-10 15:12:44 - [MESSAGE][WARNING] - Timeout '0' is invalid. Using default page load timeout: '30'

2021-05-10 15:12:44 - [MESSAGE][PASSED] - Object 'Object Repository/Staging Objects/Page_diagnostics/span_Transportation' is visible

2021-05-10 15:12:44 - [TEST_STEP][PASSED] - verifyElementPresent(findTestObject("Staging Objects/Page_diagnostics/span_Transportation"), 0): Object 'Object Repository/Staging Objects/Page_diagnostics/span_Transportation' is present

2021-05-10 15:12:44 - [MESSAGE][WARNING] - Timeout '0' is invalid. Using default page load timeout: '30'

2021-05-10 15:12:45 - [MESSAGE][PASSED] - Object 'Object Repository/Staging Objects/Page_diagnostics/span_Transportation' is present

2021-05-10 15:12:45 - [TEST_STEP][PASSED] - callTestCase(findTestCase("Custom Item Details/UTILITIES/CLOSE_BROWSER"), [:], STOP_ON_FAILURE): Call Test Case 'Test Cases/Custom Item Details/UTILITIES/CLOSE_BROWSER' successfully

2021-05-10 15:12:45 - [TEST_CASE][PASSED] - Test Cases/Custom Item Details/UTILITIES/CLOSE_BROWSER: Test Cases/Custom Item Details/UTILITIES/CLOSE_BROWSER

2021-05-10 15:12:45 - [TEST_STEP][PASSED] - closeBrowser(): Browser is closed

2021-05-10 15:12:45 - [MESSAGE][PASSED] - Browser is closed

2021-05-10 15:12:45 - [MESSAGE][PASSED] - Call Test Case 'Test Cases/Custom Item Details/UTILITIES/CLOSE_BROWSER' successfully]]></system-out>
         <system-err><![CDATA[]]></system-err>
      </testcase>
      <testcase name="Test Cases/Custom Item Details/TEST CASE/TC_DETAILS_UI_045" time="25.601" classname="Test Cases/Custom Item Details/TEST CASE/TC_DETAILS_UI_045" status="PASSED">
         <system-out><![CDATA[2021-05-10 15:12:45 - [TEST_CASE][PASSED] - Test Cases/Custom Item Details/TEST CASE/TC_DETAILS_UI_045: Test Cases/Custom Item Details/TEST CASE/TC_DETAILS_UI_045

2021-05-10 15:12:45 - [TEST_STEP][PASSED] - callTestCase(findTestCase("Custom Item Details/UTILITIES/OPEN_BROWSER"), [:], STOP_ON_FAILURE): Call Test Case 'Test Cases/Custom Item Details/UTILITIES/OPEN_BROWSER' successfully

2021-05-10 15:12:45 - [TEST_CASE][PASSED] - Test Cases/Custom Item Details/UTILITIES/OPEN_BROWSER: Test Cases/Custom Item Details/UTILITIES/OPEN_BROWSER

2021-05-10 15:12:45 - [TEST_STEP][PASSED] - openBrowser("https://diagnostics.staging.arcadier.io/"): Browser is opened with url: 'https://diagnostics.staging.arcadier.io/'

2021-05-10 15:12:45 - [MESSAGE][INFO] - Starting 'Chrome' driver

2021-05-10 15:12:45 - [MESSAGE][INFO] - Action delay is set to 0 milliseconds

2021-05-10 15:12:58 - [MESSAGE][PASSED] - Browser is opened with url: 'https://diagnostics.staging.arcadier.io/'

2021-05-10 15:12:58 - [TEST_STEP][PASSED] - maximizeWindow(): Current window maximized

2021-05-10 15:12:58 - [MESSAGE][PASSED] - Current window maximized

2021-05-10 15:12:58 - [TEST_STEP][PASSED] - click(findTestObject("Item Details Objects/Page_diagnostics/a_Accept Cookies")): Object: 'Object Repository/Item Details Objects/Page_diagnostics/a_Accept Cookies' is clicked on

2021-05-10 15:12:58 - [MESSAGE][PASSED] - Object: 'Object Repository/Item Details Objects/Page_diagnostics/a_Accept Cookies' is clicked on

2021-05-10 15:12:58 - [TEST_STEP][PASSED] - click(findTestObject("Staging Objects/Page_diagnostics/a_DIABETES DIAGNOSTICS"), STOP_ON_FAILURE): Object: 'Object Repository/Staging Objects/Page_diagnostics/a_DIABETES DIAGNOSTICS' is clicked on

2021-05-10 15:13:00 - [MESSAGE][PASSED] - Object: 'Object Repository/Staging Objects/Page_diagnostics/a_DIABETES DIAGNOSTICS' is clicked on

2021-05-10 15:13:00 - [TEST_STEP][PASSED] - mouseOver(findTestObject("Staging Objects/Page_diagnostics/a_CareSens N Eco Blood Glucose Meter")): Object: 'Object Repository/Staging Objects/Page_diagnostics/a_CareSens N Eco Blood Glucose Meter' is hovered

2021-05-10 15:13:05 - [MESSAGE][PASSED] - Object: 'Object Repository/Staging Objects/Page_diagnostics/a_CareSens N Eco Blood Glucose Meter' is hovered

2021-05-10 15:13:05 - [TEST_STEP][PASSED] - click(findTestObject("Staging Objects/Page_diagnostics/a_CareSens N Eco Blood Glucose Meter")): Object: 'Object Repository/Staging Objects/Page_diagnostics/a_CareSens N Eco Blood Glucose Meter' is clicked on

2021-05-10 15:13:08 - [MESSAGE][PASSED] - Object: 'Object Repository/Staging Objects/Page_diagnostics/a_CareSens N Eco Blood Glucose Meter' is clicked on

2021-05-10 15:13:08 - [MESSAGE][PASSED] - Call Test Case 'Test Cases/Custom Item Details/UTILITIES/OPEN_BROWSER' successfully

2021-05-10 15:13:08 - [TEST_STEP][PASSED] - waitForElementVisible(findTestObject("Staging Objects/Page_diagnostics/span_Unit of measure"), 0): Object 'Object Repository/Staging Objects/Page_diagnostics/span_Unit of measure' is visible

2021-05-10 15:13:09 - [MESSAGE][WARNING] - Timeout '0' is invalid. Using default page load timeout: '30'

2021-05-10 15:13:10 - [MESSAGE][PASSED] - Object 'Object Repository/Staging Objects/Page_diagnostics/span_Unit of measure' is visible

2021-05-10 15:13:10 - [TEST_STEP][PASSED] - verifyElementPresent(findTestObject("Staging Objects/Page_diagnostics/span_Unit of measure"), 0): Object 'Object Repository/Staging Objects/Page_diagnostics/span_Unit of measure' is present

2021-05-10 15:13:10 - [MESSAGE][WARNING] - Timeout '0' is invalid. Using default page load timeout: '30'

2021-05-10 15:13:10 - [MESSAGE][PASSED] - Object 'Object Repository/Staging Objects/Page_diagnostics/span_Unit of measure' is present

2021-05-10 15:13:10 - [TEST_STEP][PASSED] - callTestCase(findTestCase("Custom Item Details/UTILITIES/CLOSE_BROWSER"), [:], STOP_ON_FAILURE): Call Test Case 'Test Cases/Custom Item Details/UTILITIES/CLOSE_BROWSER' successfully

2021-05-10 15:13:10 - [TEST_CASE][PASSED] - Test Cases/Custom Item Details/UTILITIES/CLOSE_BROWSER: Test Cases/Custom Item Details/UTILITIES/CLOSE_BROWSER

2021-05-10 15:13:10 - [TEST_STEP][PASSED] - closeBrowser(): Browser is closed

2021-05-10 15:13:11 - [MESSAGE][PASSED] - Browser is closed

2021-05-10 15:13:11 - [MESSAGE][PASSED] - Call Test Case 'Test Cases/Custom Item Details/UTILITIES/CLOSE_BROWSER' successfully]]></system-out>
         <system-err><![CDATA[]]></system-err>
      </testcase>
      <testcase name="Test Cases/Custom Item Details/TEST CASE/TC_DETAILS_UI_046" time="25.022" classname="Test Cases/Custom Item Details/TEST CASE/TC_DETAILS_UI_046" status="PASSED">
         <system-out><![CDATA[2021-05-10 15:13:11 - [TEST_CASE][PASSED] - Test Cases/Custom Item Details/TEST CASE/TC_DETAILS_UI_046: Test Cases/Custom Item Details/TEST CASE/TC_DETAILS_UI_046

2021-05-10 15:13:11 - [TEST_STEP][PASSED] - callTestCase(findTestCase("Custom Item Details/UTILITIES/OPEN_BROWSER"), [:], STOP_ON_FAILURE): Call Test Case 'Test Cases/Custom Item Details/UTILITIES/OPEN_BROWSER' successfully

2021-05-10 15:13:11 - [TEST_CASE][PASSED] - Test Cases/Custom Item Details/UTILITIES/OPEN_BROWSER: Test Cases/Custom Item Details/UTILITIES/OPEN_BROWSER

2021-05-10 15:13:11 - [TEST_STEP][PASSED] - openBrowser("https://diagnostics.staging.arcadier.io/"): Browser is opened with url: 'https://diagnostics.staging.arcadier.io/'

2021-05-10 15:13:11 - [MESSAGE][INFO] - Starting 'Chrome' driver

2021-05-10 15:13:11 - [MESSAGE][INFO] - Action delay is set to 0 milliseconds

2021-05-10 15:13:23 - [MESSAGE][PASSED] - Browser is opened with url: 'https://diagnostics.staging.arcadier.io/'

2021-05-10 15:13:23 - [TEST_STEP][PASSED] - maximizeWindow(): Current window maximized

2021-05-10 15:13:23 - [MESSAGE][PASSED] - Current window maximized

2021-05-10 15:13:23 - [TEST_STEP][PASSED] - click(findTestObject("Item Details Objects/Page_diagnostics/a_Accept Cookies")): Object: 'Object Repository/Item Details Objects/Page_diagnostics/a_Accept Cookies' is clicked on

2021-05-10 15:13:24 - [MESSAGE][PASSED] - Object: 'Object Repository/Item Details Objects/Page_diagnostics/a_Accept Cookies' is clicked on

2021-05-10 15:13:24 - [TEST_STEP][PASSED] - click(findTestObject("Staging Objects/Page_diagnostics/a_DIABETES DIAGNOSTICS"), STOP_ON_FAILURE): Object: 'Object Repository/Staging Objects/Page_diagnostics/a_DIABETES DIAGNOSTICS' is clicked on

2021-05-10 15:13:26 - [MESSAGE][PASSED] - Object: 'Object Repository/Staging Objects/Page_diagnostics/a_DIABETES DIAGNOSTICS' is clicked on

2021-05-10 15:13:26 - [TEST_STEP][PASSED] - mouseOver(findTestObject("Staging Objects/Page_diagnostics/a_CareSens N Eco Blood Glucose Meter")): Object: 'Object Repository/Staging Objects/Page_diagnostics/a_CareSens N Eco Blood Glucose Meter' is hovered

2021-05-10 15:13:29 - [MESSAGE][PASSED] - Object: 'Object Repository/Staging Objects/Page_diagnostics/a_CareSens N Eco Blood Glucose Meter' is hovered

2021-05-10 15:13:29 - [TEST_STEP][PASSED] - click(findTestObject("Staging Objects/Page_diagnostics/a_CareSens N Eco Blood Glucose Meter")): Object: 'Object Repository/Staging Objects/Page_diagnostics/a_CareSens N Eco Blood Glucose Meter' is clicked on

2021-05-10 15:13:34 - [MESSAGE][PASSED] - Object: 'Object Repository/Staging Objects/Page_diagnostics/a_CareSens N Eco Blood Glucose Meter' is clicked on

2021-05-10 15:13:34 - [MESSAGE][PASSED] - Call Test Case 'Test Cases/Custom Item Details/UTILITIES/OPEN_BROWSER' successfully

2021-05-10 15:13:34 - [TEST_STEP][PASSED] - waitForElementVisible(findTestObject("Staging Objects/Page_diagnostics/span_Volume pricing"), 0): Object 'Object Repository/Staging Objects/Page_diagnostics/span_Volume pricing' is visible

2021-05-10 15:13:34 - [MESSAGE][WARNING] - Timeout '0' is invalid. Using default page load timeout: '30'

2021-05-10 15:13:35 - [MESSAGE][PASSED] - Object 'Object Repository/Staging Objects/Page_diagnostics/span_Volume pricing' is visible

2021-05-10 15:13:35 - [TEST_STEP][PASSED] - verifyElementPresent(findTestObject("Staging Objects/Page_diagnostics/span_Volume pricing"), 0): Object 'Object Repository/Staging Objects/Page_diagnostics/span_Volume pricing' is present

2021-05-10 15:13:35 - [MESSAGE][WARNING] - Timeout '0' is invalid. Using default page load timeout: '30'

2021-05-10 15:13:35 - [MESSAGE][PASSED] - Object 'Object Repository/Staging Objects/Page_diagnostics/span_Volume pricing' is present

2021-05-10 15:13:35 - [TEST_STEP][PASSED] - callTestCase(findTestCase("Custom Item Details/UTILITIES/CLOSE_BROWSER"), [:], STOP_ON_FAILURE): Call Test Case 'Test Cases/Custom Item Details/UTILITIES/CLOSE_BROWSER' successfully

2021-05-10 15:13:35 - [TEST_CASE][PASSED] - Test Cases/Custom Item Details/UTILITIES/CLOSE_BROWSER: Test Cases/Custom Item Details/UTILITIES/CLOSE_BROWSER

2021-05-10 15:13:35 - [TEST_STEP][PASSED] - closeBrowser(): Browser is closed

2021-05-10 15:13:36 - [MESSAGE][PASSED] - Browser is closed

2021-05-10 15:13:36 - [MESSAGE][PASSED] - Call Test Case 'Test Cases/Custom Item Details/UTILITIES/CLOSE_BROWSER' successfully]]></system-out>
         <system-err><![CDATA[]]></system-err>
      </testcase>
      <testcase name="Test Cases/Custom Item Details/TEST CASE/TC_DETAILS_UI_047" time="25.507" classname="Test Cases/Custom Item Details/TEST CASE/TC_DETAILS_UI_047" status="PASSED">
         <system-out><![CDATA[2021-05-10 15:13:36 - [TEST_CASE][PASSED] - Test Cases/Custom Item Details/TEST CASE/TC_DETAILS_UI_047: Test Cases/Custom Item Details/TEST CASE/TC_DETAILS_UI_047

2021-05-10 15:13:36 - [TEST_STEP][PASSED] - callTestCase(findTestCase("Custom Item Details/UTILITIES/OPEN_BROWSER"), [:], STOP_ON_FAILURE): Call Test Case 'Test Cases/Custom Item Details/UTILITIES/OPEN_BROWSER' successfully

2021-05-10 15:13:36 - [TEST_CASE][PASSED] - Test Cases/Custom Item Details/UTILITIES/OPEN_BROWSER: Test Cases/Custom Item Details/UTILITIES/OPEN_BROWSER

2021-05-10 15:13:36 - [TEST_STEP][PASSED] - openBrowser("https://diagnostics.staging.arcadier.io/"): Browser is opened with url: 'https://diagnostics.staging.arcadier.io/'

2021-05-10 15:13:36 - [MESSAGE][INFO] - Starting 'Chrome' driver

2021-05-10 15:13:36 - [MESSAGE][INFO] - Action delay is set to 0 milliseconds

2021-05-10 15:13:48 - [MESSAGE][PASSED] - Browser is opened with url: 'https://diagnostics.staging.arcadier.io/'

2021-05-10 15:13:48 - [TEST_STEP][PASSED] - maximizeWindow(): Current window maximized

2021-05-10 15:13:48 - [MESSAGE][PASSED] - Current window maximized

2021-05-10 15:13:48 - [TEST_STEP][PASSED] - click(findTestObject("Item Details Objects/Page_diagnostics/a_Accept Cookies")): Object: 'Object Repository/Item Details Objects/Page_diagnostics/a_Accept Cookies' is clicked on

2021-05-10 15:13:49 - [MESSAGE][PASSED] - Object: 'Object Repository/Item Details Objects/Page_diagnostics/a_Accept Cookies' is clicked on

2021-05-10 15:13:49 - [TEST_STEP][PASSED] - click(findTestObject("Staging Objects/Page_diagnostics/a_DIABETES DIAGNOSTICS"), STOP_ON_FAILURE): Object: 'Object Repository/Staging Objects/Page_diagnostics/a_DIABETES DIAGNOSTICS' is clicked on

2021-05-10 15:13:50 - [MESSAGE][PASSED] - Object: 'Object Repository/Staging Objects/Page_diagnostics/a_DIABETES DIAGNOSTICS' is clicked on

2021-05-10 15:13:50 - [TEST_STEP][PASSED] - mouseOver(findTestObject("Staging Objects/Page_diagnostics/a_CareSens N Eco Blood Glucose Meter")): Object: 'Object Repository/Staging Objects/Page_diagnostics/a_CareSens N Eco Blood Glucose Meter' is hovered

2021-05-10 15:13:54 - [MESSAGE][PASSED] - Object: 'Object Repository/Staging Objects/Page_diagnostics/a_CareSens N Eco Blood Glucose Meter' is hovered

2021-05-10 15:13:54 - [TEST_STEP][PASSED] - click(findTestObject("Staging Objects/Page_diagnostics/a_CareSens N Eco Blood Glucose Meter")): Object: 'Object Repository/Staging Objects/Page_diagnostics/a_CareSens N Eco Blood Glucose Meter' is clicked on

2021-05-10 15:14:00 - [MESSAGE][PASSED] - Object: 'Object Repository/Staging Objects/Page_diagnostics/a_CareSens N Eco Blood Glucose Meter' is clicked on

2021-05-10 15:14:00 - [MESSAGE][PASSED] - Call Test Case 'Test Cases/Custom Item Details/UTILITIES/OPEN_BROWSER' successfully

2021-05-10 15:14:00 - [TEST_STEP][PASSED] - waitForElementVisible(findTestObject("Staging Objects/Page_diagnostics/span_User care"), 0): Object 'Object Repository/Staging Objects/Page_diagnostics/span_User care' is visible

2021-05-10 15:14:00 - [MESSAGE][WARNING] - Timeout '0' is invalid. Using default page load timeout: '30'

2021-05-10 15:14:00 - [MESSAGE][PASSED] - Object 'Object Repository/Staging Objects/Page_diagnostics/span_User care' is visible

2021-05-10 15:14:00 - [TEST_STEP][PASSED] - verifyElementPresent(findTestObject("Staging Objects/Page_diagnostics/span_User care"), 0): Object 'Object Repository/Staging Objects/Page_diagnostics/span_User care' is present

2021-05-10 15:14:00 - [MESSAGE][WARNING] - Timeout '0' is invalid. Using default page load timeout: '30'

2021-05-10 15:14:01 - [MESSAGE][PASSED] - Object 'Object Repository/Staging Objects/Page_diagnostics/span_User care' is present

2021-05-10 15:14:01 - [TEST_STEP][PASSED] - callTestCase(findTestCase("Custom Item Details/UTILITIES/CLOSE_BROWSER"), [:], STOP_ON_FAILURE): Call Test Case 'Test Cases/Custom Item Details/UTILITIES/CLOSE_BROWSER' successfully

2021-05-10 15:14:01 - [TEST_CASE][PASSED] - Test Cases/Custom Item Details/UTILITIES/CLOSE_BROWSER: Test Cases/Custom Item Details/UTILITIES/CLOSE_BROWSER

2021-05-10 15:14:01 - [TEST_STEP][PASSED] - closeBrowser(): Browser is closed

2021-05-10 15:14:01 - [MESSAGE][PASSED] - Browser is closed

2021-05-10 15:14:01 - [MESSAGE][PASSED] - Call Test Case 'Test Cases/Custom Item Details/UTILITIES/CLOSE_BROWSER' successfully]]></system-out>
         <system-err><![CDATA[]]></system-err>
      </testcase>
      <testcase name="Test Cases/Custom Item Details/TEST CASE/TC_DETAILS_UI_048" time="26.833" classname="Test Cases/Custom Item Details/TEST CASE/TC_DETAILS_UI_048" status="PASSED">
         <system-out><![CDATA[2021-05-10 15:14:01 - [TEST_CASE][PASSED] - Test Cases/Custom Item Details/TEST CASE/TC_DETAILS_UI_048: Test Cases/Custom Item Details/TEST CASE/TC_DETAILS_UI_048

2021-05-10 15:14:01 - [TEST_STEP][PASSED] - callTestCase(findTestCase("Custom Item Details/UTILITIES/OPEN_BROWSER"), [:], STOP_ON_FAILURE): Call Test Case 'Test Cases/Custom Item Details/UTILITIES/OPEN_BROWSER' successfully

2021-05-10 15:14:02 - [TEST_CASE][PASSED] - Test Cases/Custom Item Details/UTILITIES/OPEN_BROWSER: Test Cases/Custom Item Details/UTILITIES/OPEN_BROWSER

2021-05-10 15:14:02 - [TEST_STEP][PASSED] - openBrowser("https://diagnostics.staging.arcadier.io/"): Browser is opened with url: 'https://diagnostics.staging.arcadier.io/'

2021-05-10 15:14:02 - [MESSAGE][INFO] - Starting 'Chrome' driver

2021-05-10 15:14:02 - [MESSAGE][INFO] - Action delay is set to 0 milliseconds

2021-05-10 15:14:13 - [MESSAGE][PASSED] - Browser is opened with url: 'https://diagnostics.staging.arcadier.io/'

2021-05-10 15:14:13 - [TEST_STEP][PASSED] - maximizeWindow(): Current window maximized

2021-05-10 15:14:13 - [MESSAGE][PASSED] - Current window maximized

2021-05-10 15:14:13 - [TEST_STEP][PASSED] - click(findTestObject("Item Details Objects/Page_diagnostics/a_Accept Cookies")): Object: 'Object Repository/Item Details Objects/Page_diagnostics/a_Accept Cookies' is clicked on

2021-05-10 15:14:13 - [MESSAGE][PASSED] - Object: 'Object Repository/Item Details Objects/Page_diagnostics/a_Accept Cookies' is clicked on

2021-05-10 15:14:13 - [TEST_STEP][PASSED] - click(findTestObject("Staging Objects/Page_diagnostics/a_DIABETES DIAGNOSTICS"), STOP_ON_FAILURE): Object: 'Object Repository/Staging Objects/Page_diagnostics/a_DIABETES DIAGNOSTICS' is clicked on

2021-05-10 15:14:15 - [MESSAGE][PASSED] - Object: 'Object Repository/Staging Objects/Page_diagnostics/a_DIABETES DIAGNOSTICS' is clicked on

2021-05-10 15:14:15 - [TEST_STEP][PASSED] - mouseOver(findTestObject("Staging Objects/Page_diagnostics/a_CareSens N Eco Blood Glucose Meter")): Object: 'Object Repository/Staging Objects/Page_diagnostics/a_CareSens N Eco Blood Glucose Meter' is hovered

2021-05-10 15:14:19 - [MESSAGE][PASSED] - Object: 'Object Repository/Staging Objects/Page_diagnostics/a_CareSens N Eco Blood Glucose Meter' is hovered

2021-05-10 15:14:19 - [TEST_STEP][PASSED] - click(findTestObject("Staging Objects/Page_diagnostics/a_CareSens N Eco Blood Glucose Meter")): Object: 'Object Repository/Staging Objects/Page_diagnostics/a_CareSens N Eco Blood Glucose Meter' is clicked on

2021-05-10 15:14:25 - [MESSAGE][PASSED] - Object: 'Object Repository/Staging Objects/Page_diagnostics/a_CareSens N Eco Blood Glucose Meter' is clicked on

2021-05-10 15:14:25 - [MESSAGE][PASSED] - Call Test Case 'Test Cases/Custom Item Details/UTILITIES/OPEN_BROWSER' successfully

2021-05-10 15:14:25 - [TEST_STEP][PASSED] - verifyElementPresent(findTestObject("Item Details Objects/Page_diagnostics/div_Price_Box"), 0): Object 'Object Repository/Item Details Objects/Page_diagnostics/div_Price_Box' is present

2021-05-10 15:14:25 - [MESSAGE][WARNING] - Timeout '0' is invalid. Using default page load timeout: '30'

2021-05-10 15:14:26 - [MESSAGE][PASSED] - Object 'Object Repository/Item Details Objects/Page_diagnostics/div_Price_Box' is present

2021-05-10 15:14:26 - [TEST_STEP][PASSED] - verifyElementNotVisible(findTestObject("Item Details Objects/Page_diagnostics/div_Price_Box"), STOP_ON_FAILURE): Object 'Object Repository/Item Details Objects/Page_diagnostics/div_Price_Box' is NOT visible

2021-05-10 15:14:26 - [MESSAGE][PASSED] - Object 'Object Repository/Item Details Objects/Page_diagnostics/div_Price_Box' is NOT visible

2021-05-10 15:14:26 - [TEST_STEP][PASSED] - callTestCase(findTestCase("Custom Item Details/UTILITIES/CLOSE_BROWSER"), [:], STOP_ON_FAILURE): Call Test Case 'Test Cases/Custom Item Details/UTILITIES/CLOSE_BROWSER' successfully

2021-05-10 15:14:26 - [TEST_CASE][PASSED] - Test Cases/Custom Item Details/UTILITIES/CLOSE_BROWSER: Test Cases/Custom Item Details/UTILITIES/CLOSE_BROWSER

2021-05-10 15:14:26 - [TEST_STEP][PASSED] - closeBrowser(): Browser is closed

2021-05-10 15:14:28 - [MESSAGE][PASSED] - Browser is closed

2021-05-10 15:14:28 - [MESSAGE][PASSED] - Call Test Case 'Test Cases/Custom Item Details/UTILITIES/CLOSE_BROWSER' successfully]]></system-out>
         <system-err><![CDATA[]]></system-err>
      </testcase>
      <testcase name="Test Cases/Custom Item Details/TEST CASE/TC_DETAILS_UI_049" time="54.026" classname="Test Cases/Custom Item Details/TEST CASE/TC_DETAILS_UI_049" status="PASSED">
         <system-out><![CDATA[2021-05-10 15:14:28 - [TEST_CASE][PASSED] - Test Cases/Custom Item Details/TEST CASE/TC_DETAILS_UI_049: Test Cases/Custom Item Details/TEST CASE/TC_DETAILS_UI_049

2021-05-10 15:14:28 - [TEST_STEP][PASSED] - callTestCase(findTestCase("Custom Item Details/UTILITIES/OPEN_BROWSER"), [:], STOP_ON_FAILURE): Call Test Case 'Test Cases/Custom Item Details/UTILITIES/OPEN_BROWSER' successfully

2021-05-10 15:14:28 - [TEST_CASE][PASSED] - Test Cases/Custom Item Details/UTILITIES/OPEN_BROWSER: Test Cases/Custom Item Details/UTILITIES/OPEN_BROWSER

2021-05-10 15:14:28 - [TEST_STEP][PASSED] - openBrowser("https://diagnostics.staging.arcadier.io/"): Browser is opened with url: 'https://diagnostics.staging.arcadier.io/'

2021-05-10 15:14:28 - [MESSAGE][INFO] - Starting 'Chrome' driver

2021-05-10 15:14:28 - [MESSAGE][INFO] - Action delay is set to 0 milliseconds

2021-05-10 15:14:41 - [MESSAGE][PASSED] - Browser is opened with url: 'https://diagnostics.staging.arcadier.io/'

2021-05-10 15:14:41 - [TEST_STEP][PASSED] - maximizeWindow(): Current window maximized

2021-05-10 15:14:41 - [MESSAGE][PASSED] - Current window maximized

2021-05-10 15:14:41 - [TEST_STEP][PASSED] - click(findTestObject("Item Details Objects/Page_diagnostics/a_Accept Cookies")): Object: 'Object Repository/Item Details Objects/Page_diagnostics/a_Accept Cookies' is clicked on

2021-05-10 15:14:42 - [MESSAGE][PASSED] - Object: 'Object Repository/Item Details Objects/Page_diagnostics/a_Accept Cookies' is clicked on

2021-05-10 15:14:42 - [TEST_STEP][PASSED] - click(findTestObject("Staging Objects/Page_diagnostics/a_DIABETES DIAGNOSTICS"), STOP_ON_FAILURE): Object: 'Object Repository/Staging Objects/Page_diagnostics/a_DIABETES DIAGNOSTICS' is clicked on

2021-05-10 15:14:44 - [MESSAGE][PASSED] - Object: 'Object Repository/Staging Objects/Page_diagnostics/a_DIABETES DIAGNOSTICS' is clicked on

2021-05-10 15:14:44 - [TEST_STEP][PASSED] - mouseOver(findTestObject("Staging Objects/Page_diagnostics/a_CareSens N Eco Blood Glucose Meter")): Object: 'Object Repository/Staging Objects/Page_diagnostics/a_CareSens N Eco Blood Glucose Meter' is hovered

2021-05-10 15:14:47 - [MESSAGE][PASSED] - Object: 'Object Repository/Staging Objects/Page_diagnostics/a_CareSens N Eco Blood Glucose Meter' is hovered

2021-05-10 15:14:47 - [TEST_STEP][PASSED] - click(findTestObject("Staging Objects/Page_diagnostics/a_CareSens N Eco Blood Glucose Meter")): Object: 'Object Repository/Staging Objects/Page_diagnostics/a_CareSens N Eco Blood Glucose Meter' is clicked on

2021-05-10 15:14:55 - [MESSAGE][PASSED] - Object: 'Object Repository/Staging Objects/Page_diagnostics/a_CareSens N Eco Blood Glucose Meter' is clicked on

2021-05-10 15:14:55 - [MESSAGE][PASSED] - Call Test Case 'Test Cases/Custom Item Details/UTILITIES/OPEN_BROWSER' successfully

2021-05-10 15:14:55 - [TEST_STEP][PASSED] - waitForElementVisible(findTestObject("Staging Objects/Page_diagnostics/a_REQUEST FOR QUOTATION"), 0): Object 'Object Repository/Staging Objects/Page_diagnostics/a_REQUEST FOR QUOTATION' is visible

2021-05-10 15:14:55 - [MESSAGE][WARNING] - Timeout '0' is invalid. Using default page load timeout: '30'

2021-05-10 15:14:56 - [MESSAGE][PASSED] - Object 'Object Repository/Staging Objects/Page_diagnostics/a_REQUEST FOR QUOTATION' is visible

2021-05-10 15:14:56 - [TEST_STEP][PASSED] - click(findTestObject("Staging Objects/Page_diagnostics/a_REQUEST FOR QUOTATION")): Object: 'Object Repository/Staging Objects/Page_diagnostics/a_REQUEST FOR QUOTATION' is clicked on

2021-05-10 15:14:57 - [MESSAGE][PASSED] - Object: 'Object Repository/Staging Objects/Page_diagnostics/a_REQUEST FOR QUOTATION' is clicked on

2021-05-10 15:14:57 - [TEST_STEP][PASSED] - callTestCase(findTestCase("Custom Item Details/UTILITIES/LOGIN"), [:], STOP_ON_FAILURE): Call Test Case 'Test Cases/Custom Item Details/UTILITIES/LOGIN' successfully

2021-05-10 15:14:57 - [TEST_CASE][PASSED] - Test Cases/Custom Item Details/UTILITIES/LOGIN: Test Cases/Custom Item Details/UTILITIES/LOGIN

2021-05-10 15:14:57 - [TEST_STEP][PASSED] - click(findTestObject("Login Page/Page_diagnostics/a_Sign_In_as_ Buyer")): Object: 'Object Repository/Login Page/Page_diagnostics/a_Sign_In_as_ Buyer' is clicked on

2021-05-10 15:14:57 - [MESSAGE][PASSED] - Object: 'Object Repository/Login Page/Page_diagnostics/a_Sign_In_as_ Buyer' is clicked on

2021-05-10 15:14:57 - [TEST_STEP][PASSED] - setText(findTestObject("Login Page/Page_diagnostics/input_EmailUsername"), "admin"): Text 'admin' is set on object 'Object Repository/Login Page/Page_diagnostics/input_EmailUsername'

2021-05-10 15:14:58 - [MESSAGE][PASSED] - Text 'admin' is set on object 'Object Repository/Login Page/Page_diagnostics/input_EmailUsername'

2021-05-10 15:14:58 - [TEST_STEP][PASSED] - setText(findTestObject("Login Page/Page_diagnostics/input_Password"), "Diagnostics123!"): Text 'Diagnostics123!' is set on object 'Object Repository/Login Page/Page_diagnostics/input_Password'

2021-05-10 15:14:59 - [MESSAGE][PASSED] - Text 'Diagnostics123!' is set on object 'Object Repository/Login Page/Page_diagnostics/input_Password'

2021-05-10 15:14:59 - [TEST_STEP][PASSED] - click(findTestObject("Login Page/Page_diagnostics/input_Login-Submit")): Object: 'Object Repository/Login Page/Page_diagnostics/input_Login-Submit' is clicked on

2021-05-10 15:15:12 - [MESSAGE][PASSED] - Object: 'Object Repository/Login Page/Page_diagnostics/input_Login-Submit' is clicked on

2021-05-10 15:15:12 - [MESSAGE][PASSED] - Call Test Case 'Test Cases/Custom Item Details/UTILITIES/LOGIN' successfully

2021-05-10 15:15:12 - [TEST_STEP][PASSED] - callTestCase(findTestCase("Custom Item Details/UTILITIES/ITEM_DETAIL_PAGE"), [:], STOP_ON_FAILURE): Call Test Case 'Test Cases/Custom Item Details/UTILITIES/ITEM_DETAIL_PAGE' successfully

2021-05-10 15:15:12 - [TEST_CASE][PASSED] - Test Cases/Custom Item Details/UTILITIES/ITEM_DETAIL_PAGE: Test Cases/Custom Item Details/UTILITIES/ITEM_DETAIL_PAGE

2021-05-10 15:15:12 - [TEST_STEP][PASSED] - click(findTestObject("Staging Objects/Page_diagnostics/a_DIABETES DIAGNOSTICS"), STOP_ON_FAILURE): Object: 'Object Repository/Staging Objects/Page_diagnostics/a_DIABETES DIAGNOSTICS' is clicked on

2021-05-10 15:15:14 - [MESSAGE][PASSED] - Object: 'Object Repository/Staging Objects/Page_diagnostics/a_DIABETES DIAGNOSTICS' is clicked on

2021-05-10 15:15:14 - [TEST_STEP][PASSED] - mouseOver(findTestObject("Staging Objects/Page_diagnostics/a_CareSens N Eco Blood Glucose Meter")): Object: 'Object Repository/Staging Objects/Page_diagnostics/a_CareSens N Eco Blood Glucose Meter' is hovered

2021-05-10 15:15:18 - [MESSAGE][PASSED] - Object: 'Object Repository/Staging Objects/Page_diagnostics/a_CareSens N Eco Blood Glucose Meter' is hovered

2021-05-10 15:15:18 - [TEST_STEP][PASSED] - click(findTestObject("Staging Objects/Page_diagnostics/a_CareSens N Eco Blood Glucose Meter")): Object: 'Object Repository/Staging Objects/Page_diagnostics/a_CareSens N Eco Blood Glucose Meter' is clicked on

2021-05-10 15:15:20 - [MESSAGE][PASSED] - Object: 'Object Repository/Staging Objects/Page_diagnostics/a_CareSens N Eco Blood Glucose Meter' is clicked on

2021-05-10 15:15:20 - [MESSAGE][PASSED] - Call Test Case 'Test Cases/Custom Item Details/UTILITIES/ITEM_DETAIL_PAGE' successfully

2021-05-10 15:15:20 - [TEST_STEP][PASSED] - verifyElementPresent(findTestObject("Item Details Objects/Page_diagnostics/div_Price_Box"), 0): Object 'Object Repository/Item Details Objects/Page_diagnostics/div_Price_Box' is present

2021-05-10 15:15:20 - [MESSAGE][WARNING] - Timeout '0' is invalid. Using default page load timeout: '30'

2021-05-10 15:15:21 - [MESSAGE][PASSED] - Object 'Object Repository/Item Details Objects/Page_diagnostics/div_Price_Box' is present

2021-05-10 15:15:21 - [TEST_STEP][PASSED] - verifyElementNotVisible(findTestObject("Item Details Objects/Page_diagnostics/div_Price_Box"), STOP_ON_FAILURE): Object 'Object Repository/Item Details Objects/Page_diagnostics/div_Price_Box' is NOT visible

2021-05-10 15:15:21 - [MESSAGE][PASSED] - Object 'Object Repository/Item Details Objects/Page_diagnostics/div_Price_Box' is NOT visible

2021-05-10 15:15:21 - [TEST_STEP][PASSED] - callTestCase(findTestCase("Custom Item Details/UTILITIES/CLOSE_BROWSER"), [:], STOP_ON_FAILURE): Call Test Case 'Test Cases/Custom Item Details/UTILITIES/CLOSE_BROWSER' successfully

2021-05-10 15:15:22 - [TEST_CASE][PASSED] - Test Cases/Custom Item Details/UTILITIES/CLOSE_BROWSER: Test Cases/Custom Item Details/UTILITIES/CLOSE_BROWSER

2021-05-10 15:15:22 - [TEST_STEP][PASSED] - closeBrowser(): Browser is closed

2021-05-10 15:15:22 - [MESSAGE][PASSED] - Browser is closed

2021-05-10 15:15:22 - [MESSAGE][PASSED] - Call Test Case 'Test Cases/Custom Item Details/UTILITIES/CLOSE_BROWSER' successfully]]></system-out>
         <system-err><![CDATA[]]></system-err>
      </testcase>
      <system-out><![CDATA[2021-05-10 14:52:44 - [TEST_SUITE][PASSED] - Item detail test: Test Cases/Custom Item Details/TEST CASE/TC_DETAILS_UI_049]]></system-out>
      <system-err><![CDATA[]]></system-err>
   </testsuite>
</testsuites>
